[19.546s] Invoking command in '/home/adam/Sensor-Fusion-And-Autonomous-Racing-Cars/ros_ws/src/arc_startup': PYTHONPATH=/home/adam/Sensor-Fusion-And-Autonomous-Racing-Cars/ros_ws/build/arc_startup/prefix_override:/home/adam/Sensor-Fusion-And-Autonomous-Racing-Cars/ros_ws/install/arc_startup/lib/python3.8/site-packages:${PYTHONPATH} /usr/bin/python3 setup.py egg_info --egg-base ../../build/arc_startup build --build-base /home/adam/Sensor-Fusion-And-Autonomous-Racing-Cars/ros_ws/build/arc_startup/build install --record /home/adam/Sensor-Fusion-And-Autonomous-Racing-Cars/ros_ws/build/arc_startup/install.log --install-scripts $base/lib/arc_startup --single-version-externally-managed
[24.348s] running egg_info
[24.367s] creating ../../build/arc_startup/arc_startup.egg-info
[24.371s] writing ../../build/arc_startup/arc_startup.egg-info/PKG-INFO
[24.377s] writing dependency_links to ../../build/arc_startup/arc_startup.egg-info/dependency_links.txt
[24.382s] writing entry points to ../../build/arc_startup/arc_startup.egg-info/entry_points.txt
[24.388s] writing requirements to ../../build/arc_startup/arc_startup.egg-info/requires.txt
[24.391s] writing top-level names to ../../build/arc_startup/arc_startup.egg-info/top_level.txt
[24.416s] writing manifest file '../../build/arc_startup/arc_startup.egg-info/SOURCES.txt'
[24.938s] reading manifest file '../../build/arc_startup/arc_startup.egg-info/SOURCES.txt'
[24.960s] writing manifest file '../../build/arc_startup/arc_startup.egg-info/SOURCES.txt'
[24.968s] running build
[24.970s] running build_py
[24.983s] creating /home/adam/Sensor-Fusion-And-Autonomous-Racing-Cars/ros_ws/build/arc_startup/build
[24.985s] creating /home/adam/Sensor-Fusion-And-Autonomous-Racing-Cars/ros_ws/build/arc_startup/build/lib
[24.987s] creating /home/adam/Sensor-Fusion-And-Autonomous-Racing-Cars/ros_ws/build/arc_startup/build/lib/arc_startup
[24.988s] copying arc_startup/__init__.py -> /home/adam/Sensor-Fusion-And-Autonomous-Racing-Cars/ros_ws/build/arc_startup/build/lib/arc_startup
[24.990s] running install
[25.000s] running install_lib
[25.015s] creating /home/adam/Sensor-Fusion-And-Autonomous-Racing-Cars/ros_ws/install/arc_startup/lib/python3.8/site-packages/arc_startup
[25.019s] copying /home/adam/Sensor-Fusion-And-Autonomous-Racing-Cars/ros_ws/build/arc_startup/build/lib/arc_startup/__init__.py -> /home/adam/Sensor-Fusion-And-Autonomous-Racing-Cars/ros_ws/install/arc_startup/lib/python3.8/site-packages/arc_startup
[25.028s] byte-compiling /home/adam/Sensor-Fusion-And-Autonomous-Racing-Cars/ros_ws/install/arc_startup/lib/python3.8/site-packages/arc_startup/__init__.py to __init__.cpython-38.pyc
[25.045s] running install_data
[25.054s] creating /home/adam/Sensor-Fusion-And-Autonomous-Racing-Cars/ros_ws/install/arc_startup/share/ament_index
[25.056s] creating /home/adam/Sensor-Fusion-And-Autonomous-Racing-Cars/ros_ws/install/arc_startup/share/ament_index/resource_index
[25.059s] creating /home/adam/Sensor-Fusion-And-Autonomous-Racing-Cars/ros_ws/install/arc_startup/share/ament_index/resource_index/packages
[25.062s] copying resource/arc_startup -> /home/adam/Sensor-Fusion-And-Autonomous-Racing-Cars/ros_ws/install/arc_startup/share/ament_index/resource_index/packages
[25.067s] copying package.xml -> /home/adam/Sensor-Fusion-And-Autonomous-Racing-Cars/ros_ws/install/arc_startup/share/arc_startup
[25.071s] creating /home/adam/Sensor-Fusion-And-Autonomous-Racing-Cars/ros_ws/install/arc_startup/share/arc_startup/config
[25.075s] copying config/v4l2_camera.yaml -> /home/adam/Sensor-Fusion-And-Autonomous-Racing-Cars/ros_ws/install/arc_startup/share/arc_startup/config
[25.084s] creating /home/adam/Sensor-Fusion-And-Autonomous-Racing-Cars/ros_ws/install/arc_startup/share/arc_startup/launch
[25.090s] copying launch/picam.launch.py -> /home/adam/Sensor-Fusion-And-Autonomous-Racing-Cars/ros_ws/install/arc_startup/share/arc_startup/launch
[25.093s] copying launch/ld06.launch.py -> /home/adam/Sensor-Fusion-And-Autonomous-Racing-Cars/ros_ws/install/arc_startup/share/arc_startup/launch
[25.097s] copying launch/startup.launch.py -> /home/adam/Sensor-Fusion-And-Autonomous-Racing-Cars/ros_ws/install/arc_startup/share/arc_startup/launch
[25.111s] copying launch/motor.launch.py -> /home/adam/Sensor-Fusion-And-Autonomous-Racing-Cars/ros_ws/install/arc_startup/share/arc_startup/launch
[25.115s] copying launch/servo.launch.py -> /home/adam/Sensor-Fusion-And-Autonomous-Racing-Cars/ros_ws/install/arc_startup/share/arc_startup/launch
[25.117s] running install_egg_info
[25.153s] Copying ../../build/arc_startup/arc_startup.egg-info to /home/adam/Sensor-Fusion-And-Autonomous-Racing-Cars/ros_ws/install/arc_startup/lib/python3.8/site-packages/arc_startup-0.0.0-py3.8.egg-info
[25.175s] running install_scripts
[25.401s] writing list of installed files to '/home/adam/Sensor-Fusion-And-Autonomous-Racing-Cars/ros_ws/build/arc_startup/install.log'
[25.657s] Invoked command in '/home/adam/Sensor-Fusion-And-Autonomous-Racing-Cars/ros_ws/src/arc_startup' returned '0': PYTHONPATH=/home/adam/Sensor-Fusion-And-Autonomous-Racing-Cars/ros_ws/build/arc_startup/prefix_override:/home/adam/Sensor-Fusion-And-Autonomous-Racing-Cars/ros_ws/install/arc_startup/lib/python3.8/site-packages:${PYTHONPATH} /usr/bin/python3 setup.py egg_info --egg-base ../../build/arc_startup build --build-base /home/adam/Sensor-Fusion-And-Autonomous-Racing-Cars/ros_ws/build/arc_startup/build install --record /home/adam/Sensor-Fusion-And-Autonomous-Racing-Cars/ros_ws/build/arc_startup/install.log --install-scripts $base/lib/arc_startup --single-version-externally-managed
