[18.350s] Invoking command in '/home/adam/Sensor-Fusion-And-Autonomous-Racing-Cars/ros_ws/src/camera_sensor': PYTHONPATH=/home/adam/Sensor-Fusion-And-Autonomous-Racing-Cars/ros_ws/build/camera_sensor/prefix_override:/home/adam/Sensor-Fusion-And-Autonomous-Racing-Cars/ros_ws/install/camera_sensor/lib/python3.8/site-packages:${PYTHONPATH} /usr/bin/python3 setup.py egg_info --egg-base ../../build/camera_sensor build --build-base /home/adam/Sensor-Fusion-And-Autonomous-Racing-Cars/ros_ws/build/camera_sensor/build install --record /home/adam/Sensor-Fusion-And-Autonomous-Racing-Cars/ros_ws/build/camera_sensor/install.log --install-scripts $base/lib/camera_sensor --single-version-externally-managed
[22.920s] running egg_info
[22.926s] creating ../../build/camera_sensor/camera_sensor.egg-info
[22.936s] writing ../../build/camera_sensor/camera_sensor.egg-info/PKG-INFO
[22.937s] writing dependency_links to ../../build/camera_sensor/camera_sensor.egg-info/dependency_links.txt
[22.938s] writing entry points to ../../build/camera_sensor/camera_sensor.egg-info/entry_points.txt
[22.940s] writing requirements to ../../build/camera_sensor/camera_sensor.egg-info/requires.txt
[22.941s] writing top-level names to ../../build/camera_sensor/camera_sensor.egg-info/top_level.txt
[22.951s] writing manifest file '../../build/camera_sensor/camera_sensor.egg-info/SOURCES.txt'
[23.442s] reading manifest file '../../build/camera_sensor/camera_sensor.egg-info/SOURCES.txt'
[23.454s] writing manifest file '../../build/camera_sensor/camera_sensor.egg-info/SOURCES.txt'
[23.455s] running build
[23.457s] running build_py
[23.459s] creating /home/adam/Sensor-Fusion-And-Autonomous-Racing-Cars/ros_ws/build/camera_sensor/build
[23.460s] creating /home/adam/Sensor-Fusion-And-Autonomous-Racing-Cars/ros_ws/build/camera_sensor/build/lib
[23.461s] creating /home/adam/Sensor-Fusion-And-Autonomous-Racing-Cars/ros_ws/build/camera_sensor/build/lib/camera_sensor
[23.463s] copying camera_sensor/camera_node.py -> /home/adam/Sensor-Fusion-And-Autonomous-Racing-Cars/ros_ws/build/camera_sensor/build/lib/camera_sensor
[23.469s] copying camera_sensor/__init__.py -> /home/adam/Sensor-Fusion-And-Autonomous-Racing-Cars/ros_ws/build/camera_sensor/build/lib/camera_sensor
[23.471s] running install
[23.484s] running install_lib
[23.502s] creating /home/adam/Sensor-Fusion-And-Autonomous-Racing-Cars/ros_ws/install/camera_sensor/lib/python3.8/site-packages/camera_sensor
[23.512s] copying /home/adam/Sensor-Fusion-And-Autonomous-Racing-Cars/ros_ws/build/camera_sensor/build/lib/camera_sensor/camera_node.py -> /home/adam/Sensor-Fusion-And-Autonomous-Racing-Cars/ros_ws/install/camera_sensor/lib/python3.8/site-packages/camera_sensor
[23.517s] copying /home/adam/Sensor-Fusion-And-Autonomous-Racing-Cars/ros_ws/build/camera_sensor/build/lib/camera_sensor/__init__.py -> /home/adam/Sensor-Fusion-And-Autonomous-Racing-Cars/ros_ws/install/camera_sensor/lib/python3.8/site-packages/camera_sensor
[23.527s] byte-compiling /home/adam/Sensor-Fusion-And-Autonomous-Racing-Cars/ros_ws/install/camera_sensor/lib/python3.8/site-packages/camera_sensor/camera_node.py to camera_node.cpython-38.pyc
[23.546s] byte-compiling /home/adam/Sensor-Fusion-And-Autonomous-Racing-Cars/ros_ws/install/camera_sensor/lib/python3.8/site-packages/camera_sensor/__init__.py to __init__.cpython-38.pyc
[23.551s] running install_data
[23.559s] creating /home/adam/Sensor-Fusion-And-Autonomous-Racing-Cars/ros_ws/install/camera_sensor/share/ament_index
[23.563s] creating /home/adam/Sensor-Fusion-And-Autonomous-Racing-Cars/ros_ws/install/camera_sensor/share/ament_index/resource_index
[23.564s] creating /home/adam/Sensor-Fusion-And-Autonomous-Racing-Cars/ros_ws/install/camera_sensor/share/ament_index/resource_index/packages
[23.566s] copying resource/camera_sensor -> /home/adam/Sensor-Fusion-And-Autonomous-Racing-Cars/ros_ws/install/camera_sensor/share/ament_index/resource_index/packages
[23.570s] copying package.xml -> /home/adam/Sensor-Fusion-And-Autonomous-Racing-Cars/ros_ws/install/camera_sensor/share/camera_sensor
[23.573s] running install_egg_info
[23.600s] Copying ../../build/camera_sensor/camera_sensor.egg-info to /home/adam/Sensor-Fusion-And-Autonomous-Racing-Cars/ros_ws/install/camera_sensor/lib/python3.8/site-packages/camera_sensor-0.0.0-py3.8.egg-info
[23.620s] running install_scripts
[23.864s] Installing camera_node script to /home/adam/Sensor-Fusion-And-Autonomous-Racing-Cars/ros_ws/install/camera_sensor/lib/camera_sensor
[23.871s] writing list of installed files to '/home/adam/Sensor-Fusion-And-Autonomous-Racing-Cars/ros_ws/build/camera_sensor/install.log'
[24.119s] Invoked command in '/home/adam/Sensor-Fusion-And-Autonomous-Racing-Cars/ros_ws/src/camera_sensor' returned '0': PYTHONPATH=/home/adam/Sensor-Fusion-And-Autonomous-Racing-Cars/ros_ws/build/camera_sensor/prefix_override:/home/adam/Sensor-Fusion-And-Autonomous-Racing-Cars/ros_ws/install/camera_sensor/lib/python3.8/site-packages:${PYTHONPATH} /usr/bin/python3 setup.py egg_info --egg-base ../../build/camera_sensor build --build-base /home/adam/Sensor-Fusion-And-Autonomous-Racing-Cars/ros_ws/build/camera_sensor/build install --record /home/adam/Sensor-Fusion-And-Autonomous-Racing-Cars/ros_ws/build/camera_sensor/install.log --install-scripts $base/lib/camera_sensor --single-version-externally-managed
