[28.450s] Invoking command in '/home/adam/Sensor-Fusion-And-Autonomous-Racing-Cars/ros_ws/src/arc_startup': PYTHONPATH=/home/adam/Sensor-Fusion-And-Autonomous-Racing-Cars/ros_ws/build/arc_startup/prefix_override:/home/adam/Sensor-Fusion-And-Autonomous-Racing-Cars/ros_ws/install/arc_startup/lib/python3.8/site-packages:${PYTHONPATH} /usr/bin/python3 setup.py egg_info --egg-base ../../build/arc_startup build --build-base /home/adam/Sensor-Fusion-And-Autonomous-Racing-Cars/ros_ws/build/arc_startup/build install --record /home/adam/Sensor-Fusion-And-Autonomous-Racing-Cars/ros_ws/build/arc_startup/install.log --install-scripts $base/lib/arc_startup --single-version-externally-managed
[31.448s] running egg_info
[31.455s] writing ../../build/arc_startup/arc_startup.egg-info/PKG-INFO
[31.460s] writing dependency_links to ../../build/arc_startup/arc_startup.egg-info/dependency_links.txt
[31.467s] writing entry points to ../../build/arc_startup/arc_startup.egg-info/entry_points.txt
[31.473s] writing requirements to ../../build/arc_startup/arc_startup.egg-info/requires.txt
[31.476s] writing top-level names to ../../build/arc_startup/arc_startup.egg-info/top_level.txt
[31.844s] reading manifest file '../../build/arc_startup/arc_startup.egg-info/SOURCES.txt'
[31.856s] writing manifest file '../../build/arc_startup/arc_startup.egg-info/SOURCES.txt'
[31.860s] running build
[31.865s] running build_py
[31.869s] running install
[31.875s] running install_lib
[31.885s] running install_data
[31.894s] running install_egg_info
[31.914s] removing '/home/adam/Sensor-Fusion-And-Autonomous-Racing-Cars/ros_ws/install/arc_startup/lib/python3.8/site-packages/arc_startup-0.0.0-py3.8.egg-info' (and everything under it)
[31.922s] Copying ../../build/arc_startup/arc_startup.egg-info to /home/adam/Sensor-Fusion-And-Autonomous-Racing-Cars/ros_ws/install/arc_startup/lib/python3.8/site-packages/arc_startup-0.0.0-py3.8.egg-info
[31.934s] running install_scripts
[32.105s] writing list of installed files to '/home/adam/Sensor-Fusion-And-Autonomous-Racing-Cars/ros_ws/build/arc_startup/install.log'
[38.315s] Invoked command in '/home/adam/Sensor-Fusion-And-Autonomous-Racing-Cars/ros_ws/src/arc_startup' returned '0': PYTHONPATH=/home/adam/Sensor-Fusion-And-Autonomous-Racing-Cars/ros_ws/build/arc_startup/prefix_override:/home/adam/Sensor-Fusion-And-Autonomous-Racing-Cars/ros_ws/install/arc_startup/lib/python3.8/site-packages:${PYTHONPATH} /usr/bin/python3 setup.py egg_info --egg-base ../../build/arc_startup build --build-base /home/adam/Sensor-Fusion-And-Autonomous-Racing-Cars/ros_ws/build/arc_startup/build install --record /home/adam/Sensor-Fusion-And-Autonomous-Racing-Cars/ros_ws/build/arc_startup/install.log --install-scripts $base/lib/arc_startup --single-version-externally-managed
