[2.804s] Invoking command in '/home/adam/adam-arc/arc/ros_ws/src/camera_sensor': PYTHONPATH=/home/adam/adam-arc/arc/ros_ws/build/camera_sensor/prefix_override:/home/adam/adam-arc/arc/ros_ws/install/camera_sensor/lib/python3.8/site-packages:${PYTHONPATH} /usr/bin/python3 setup.py egg_info --egg-base ../../build/camera_sensor build --build-base /home/adam/adam-arc/arc/ros_ws/build/camera_sensor/build install --record /home/adam/adam-arc/arc/ros_ws/build/camera_sensor/install.log --install-scripts $base/lib/camera_sensor --single-version-externally-managed
[3.241s] running egg_info
[3.244s] writing ../../build/camera_sensor/camera_sensor.egg-info/PKG-INFO
[3.247s] writing dependency_links to ../../build/camera_sensor/camera_sensor.egg-info/dependency_links.txt
[3.249s] writing entry points to ../../build/camera_sensor/camera_sensor.egg-info/entry_points.txt
[3.251s] writing requirements to ../../build/camera_sensor/camera_sensor.egg-info/requires.txt
[3.253s] writing top-level names to ../../build/camera_sensor/camera_sensor.egg-info/top_level.txt
[3.323s] reading manifest file '../../build/camera_sensor/camera_sensor.egg-info/SOURCES.txt'
[3.326s] writing manifest file '../../build/camera_sensor/camera_sensor.egg-info/SOURCES.txt'
[3.327s] running build
[3.327s] running build_py
[3.329s] running install
[3.332s] running install_lib
[3.336s] running install_data
[3.338s] running install_egg_info
[3.344s] removing '/home/adam/adam-arc/arc/ros_ws/install/camera_sensor/lib/python3.8/site-packages/camera_sensor-0.0.0-py3.8.egg-info' (and everything under it)
[3.347s] Copying ../../build/camera_sensor/camera_sensor.egg-info to /home/adam/adam-arc/arc/ros_ws/install/camera_sensor/lib/python3.8/site-packages/camera_sensor-0.0.0-py3.8.egg-info
[3.352s] running install_scripts
[3.394s] Installing camera_node script to /home/adam/adam-arc/arc/ros_ws/install/camera_sensor/lib/camera_sensor
[3.395s] writing list of installed files to '/home/adam/adam-arc/arc/ros_ws/build/camera_sensor/install.log'
[3.451s] Invoked command in '/home/adam/adam-arc/arc/ros_ws/src/camera_sensor' returned '0': PYTHONPATH=/home/adam/adam-arc/arc/ros_ws/build/camera_sensor/prefix_override:/home/adam/adam-arc/arc/ros_ws/install/camera_sensor/lib/python3.8/site-packages:${PYTHONPATH} /usr/bin/python3 setup.py egg_info --egg-base ../../build/camera_sensor build --build-base /home/adam/adam-arc/arc/ros_ws/build/camera_sensor/build install --record /home/adam/adam-arc/arc/ros_ws/build/camera_sensor/install.log --install-scripts $base/lib/camera_sensor --single-version-externally-managed
