[2.840s] Invoking command in '/home/adam/Sensor-Fusion-And-Autonomous-Racing-Cars/ros_ws/build/theora_image_transport': CMAKE_PREFIX_PATH=${CMAKE_PREFIX_PATH}:/home/adam/Sensor-Fusion-And-Autonomous-Racing-Cars/ros_ws/install/servo_controller:/home/adam/Sensor-Fusion-And-Autonomous-Racing-Cars/ros_ws/install/opencv_tests:/home/adam/Sensor-Fusion-And-Autonomous-Racing-Cars/ros_ws/install/motor_controller:/home/adam/Sensor-Fusion-And-Autonomous-Racing-Cars/ros_ws/install/camera_sensor:/home/adam/Sensor-Fusion-And-Autonomous-Racing-Cars/ros_ws/install/arc_startup:/opt/ros/foxy /usr/bin/cmake --build /home/adam/Sensor-Fusion-And-Autonomous-Racing-Cars/ros_ws/build/theora_image_transport -- -j4 -l4
[5.783s] [  2%] Built target theora_image_transport__cpp
[5.783s] [ 10%] Built target theora_image_transport__rosidl_generator_c
[5.784s] [ 18%] Built target theora_image_transport__rosidl_typesupport_introspection_cpp
[5.784s] [ 27%] Built target theora_image_transport__rosidl_typesupport_cpp
[5.785s] [ 35%] Built target theora_image_transport__rosidl_typesupport_introspection_c
[5.785s] [ 43%] Built target theora_image_transport__rosidl_typesupport_fastrtps_cpp
[5.785s] [ 51%] Built target theora_image_transport__rosidl_typesupport_c
[5.786s] [ 59%] Built target theora_image_transport__rosidl_typesupport_fastrtps_c
[5.786s] [ 59%] Built target theora_image_transport
[5.786s] [ 62%] Built target theora_image_transport__py
[5.787s] [ 67%] Built target ogg_saver
[5.787s] [ 78%] Built target theora_image_transport_component
[5.787s] [ 83%] Built target theora_image_transport__python
[5.787s] [ 89%] Built target theora_image_transport__rosidl_typesupport_introspection_c__pyext
[5.788s] [ 94%] Built target theora_image_transport__rosidl_typesupport_c__pyext
[5.788s] [100%] Built target theora_image_transport__rosidl_typesupport_fastrtps_c__pyext
[5.793s] Invoked command in '/home/adam/Sensor-Fusion-And-Autonomous-Racing-Cars/ros_ws/build/theora_image_transport' returned '0': CMAKE_PREFIX_PATH=${CMAKE_PREFIX_PATH}:/home/adam/Sensor-Fusion-And-Autonomous-Racing-Cars/ros_ws/install/servo_controller:/home/adam/Sensor-Fusion-And-Autonomous-Racing-Cars/ros_ws/install/opencv_tests:/home/adam/Sensor-Fusion-And-Autonomous-Racing-Cars/ros_ws/install/motor_controller:/home/adam/Sensor-Fusion-And-Autonomous-Racing-Cars/ros_ws/install/camera_sensor:/home/adam/Sensor-Fusion-And-Autonomous-Racing-Cars/ros_ws/install/arc_startup:/opt/ros/foxy /usr/bin/cmake --build /home/adam/Sensor-Fusion-And-Autonomous-Racing-Cars/ros_ws/build/theora_image_transport -- -j4 -l4
[8.471s] Invoking command in '/home/adam/Sensor-Fusion-And-Autonomous-Racing-Cars/ros_ws/build/theora_image_transport': CMAKE_PREFIX_PATH=${CMAKE_PREFIX_PATH}:/home/adam/Sensor-Fusion-And-Autonomous-Racing-Cars/ros_ws/install/servo_controller:/home/adam/Sensor-Fusion-And-Autonomous-Racing-Cars/ros_ws/install/opencv_tests:/home/adam/Sensor-Fusion-And-Autonomous-Racing-Cars/ros_ws/install/motor_controller:/home/adam/Sensor-Fusion-And-Autonomous-Racing-Cars/ros_ws/install/camera_sensor:/home/adam/Sensor-Fusion-And-Autonomous-Racing-Cars/ros_ws/install/arc_startup:/opt/ros/foxy /usr/bin/cmake --install /home/adam/Sensor-Fusion-And-Autonomous-Racing-Cars/ros_ws/build/theora_image_transport
[8.547s] -- Install configuration: ""
[8.547s] -- Up-to-date: /home/adam/Sensor-Fusion-And-Autonomous-Racing-Cars/ros_ws/install/theora_image_transport/share/ament_index/resource_index/rosidl_interfaces/theora_image_transport
[8.548s] -- Up-to-date: /home/adam/Sensor-Fusion-And-Autonomous-Racing-Cars/ros_ws/install/theora_image_transport/include/theora_image_transport
[8.549s] -- Up-to-date: /home/adam/Sensor-Fusion-And-Autonomous-Racing-Cars/ros_ws/install/theora_image_transport/include/theora_image_transport/msg
[8.551s] -- Up-to-date: /home/adam/Sensor-Fusion-And-Autonomous-Racing-Cars/ros_ws/install/theora_image_transport/include/theora_image_transport/msg/packet.h
[8.551s] -- Up-to-date: /home/adam/Sensor-Fusion-And-Autonomous-Racing-Cars/ros_ws/install/theora_image_transport/include/theora_image_transport/msg/detail
[8.552s] -- Up-to-date: /home/adam/Sensor-Fusion-And-Autonomous-Racing-Cars/ros_ws/install/theora_image_transport/include/theora_image_transport/msg/detail/packet__functions.c
[8.553s] -- Up-to-date: /home/adam/Sensor-Fusion-And-Autonomous-Racing-Cars/ros_ws/install/theora_image_transport/include/theora_image_transport/msg/detail/packet__type_support.h
[8.558s] -- Up-to-date: /home/adam/Sensor-Fusion-And-Autonomous-Racing-Cars/ros_ws/install/theora_image_transport/include/theora_image_transport/msg/detail/packet__struct.h
[8.560s] -- Up-to-date: /home/adam/Sensor-Fusion-And-Autonomous-Racing-Cars/ros_ws/install/theora_image_transport/include/theora_image_transport/msg/detail/packet__functions.h
[8.561s] -- Up-to-date: /home/adam/Sensor-Fusion-And-Autonomous-Racing-Cars/ros_ws/install/theora_image_transport/include/theora_image_transport/msg/rosidl_generator_c__visibility_control.h
[8.562s] -- Up-to-date: /home/adam/Sensor-Fusion-And-Autonomous-Racing-Cars/ros_ws/install/theora_image_transport/share/theora_image_transport/environment/library_path.sh
[8.563s] -- Up-to-date: /home/adam/Sensor-Fusion-And-Autonomous-Racing-Cars/ros_ws/install/theora_image_transport/share/theora_image_transport/environment/library_path.dsv
[8.564s] -- Up-to-date: /home/adam/Sensor-Fusion-And-Autonomous-Racing-Cars/ros_ws/install/theora_image_transport/lib/libtheora_image_transport__rosidl_generator_c.so
[8.564s] -- Up-to-date: /home/adam/Sensor-Fusion-And-Autonomous-Racing-Cars/ros_ws/install/theora_image_transport/include/theora_image_transport
[8.565s] -- Up-to-date: /home/adam/Sensor-Fusion-And-Autonomous-Racing-Cars/ros_ws/install/theora_image_transport/include/theora_image_transport/msg
[8.565s] -- Up-to-date: /home/adam/Sensor-Fusion-And-Autonomous-Racing-Cars/ros_ws/install/theora_image_transport/include/theora_image_transport/msg/rosidl_typesupport_fastrtps_c__visibility_control.h
[8.566s] -- Up-to-date: /home/adam/Sensor-Fusion-And-Autonomous-Racing-Cars/ros_ws/install/theora_image_transport/include/theora_image_transport/msg/detail
[8.577s] -- Up-to-date: /home/adam/Sensor-Fusion-And-Autonomous-Racing-Cars/ros_ws/install/theora_image_transport/include/theora_image_transport/msg/detail/packet__rosidl_typesupport_fastrtps_c.h
[8.578s] -- Up-to-date: /home/adam/Sensor-Fusion-And-Autonomous-Racing-Cars/ros_ws/install/theora_image_transport/lib/libtheora_image_transport__rosidl_typesupport_fastrtps_c.so
[8.578s] -- Up-to-date: /home/adam/Sensor-Fusion-And-Autonomous-Racing-Cars/ros_ws/install/theora_image_transport/include/theora_image_transport
[8.580s] -- Up-to-date: /home/adam/Sensor-Fusion-And-Autonomous-Racing-Cars/ros_ws/install/theora_image_transport/include/theora_image_transport/msg
[8.581s] -- Up-to-date: /home/adam/Sensor-Fusion-And-Autonomous-Racing-Cars/ros_ws/install/theora_image_transport/include/theora_image_transport/msg/rosidl_typesupport_fastrtps_cpp__visibility_control.h
[8.581s] -- Up-to-date: /home/adam/Sensor-Fusion-And-Autonomous-Racing-Cars/ros_ws/install/theora_image_transport/include/theora_image_transport/msg/detail
[8.582s] -- Up-to-date: /home/adam/Sensor-Fusion-And-Autonomous-Racing-Cars/ros_ws/install/theora_image_transport/include/theora_image_transport/msg/detail/dds_fastrtps
[8.582s] -- Up-to-date: /home/adam/Sensor-Fusion-And-Autonomous-Racing-Cars/ros_ws/install/theora_image_transport/include/theora_image_transport/msg/detail/packet__rosidl_typesupport_fastrtps_cpp.hpp
[8.583s] -- Up-to-date: /home/adam/Sensor-Fusion-And-Autonomous-Racing-Cars/ros_ws/install/theora_image_transport/lib/libtheora_image_transport__rosidl_typesupport_fastrtps_cpp.so
[8.592s] -- Up-to-date: /home/adam/Sensor-Fusion-And-Autonomous-Racing-Cars/ros_ws/install/theora_image_transport/include/theora_image_transport
[8.593s] -- Up-to-date: /home/adam/Sensor-Fusion-And-Autonomous-Racing-Cars/ros_ws/install/theora_image_transport/include/theora_image_transport/msg
[8.593s] -- Up-to-date: /home/adam/Sensor-Fusion-And-Autonomous-Racing-Cars/ros_ws/install/theora_image_transport/include/theora_image_transport/msg/detail
[8.594s] -- Up-to-date: /home/adam/Sensor-Fusion-And-Autonomous-Racing-Cars/ros_ws/install/theora_image_transport/include/theora_image_transport/msg/detail/packet__type_support.c
[8.595s] -- Up-to-date: /home/adam/Sensor-Fusion-And-Autonomous-Racing-Cars/ros_ws/install/theora_image_transport/include/theora_image_transport/msg/detail/packet__rosidl_typesupport_introspection_c.h
[8.596s] -- Up-to-date: /home/adam/Sensor-Fusion-And-Autonomous-Racing-Cars/ros_ws/install/theora_image_transport/include/theora_image_transport/msg/rosidl_typesupport_introspection_c__visibility_control.h
[8.597s] -- Up-to-date: /home/adam/Sensor-Fusion-And-Autonomous-Racing-Cars/ros_ws/install/theora_image_transport/lib/libtheora_image_transport__rosidl_typesupport_introspection_c.so
[8.597s] -- Up-to-date: /home/adam/Sensor-Fusion-And-Autonomous-Racing-Cars/ros_ws/install/theora_image_transport/lib/libtheora_image_transport__rosidl_typesupport_c.so
[8.598s] -- Up-to-date: /home/adam/Sensor-Fusion-And-Autonomous-Racing-Cars/ros_ws/install/theora_image_transport/include/theora_image_transport
[8.598s] -- Up-to-date: /home/adam/Sensor-Fusion-And-Autonomous-Racing-Cars/ros_ws/install/theora_image_transport/include/theora_image_transport/msg
[8.599s] -- Up-to-date: /home/adam/Sensor-Fusion-And-Autonomous-Racing-Cars/ros_ws/install/theora_image_transport/include/theora_image_transport/msg/packet.hpp
[8.600s] -- Up-to-date: /home/adam/Sensor-Fusion-And-Autonomous-Racing-Cars/ros_ws/install/theora_image_transport/include/theora_image_transport/msg/detail
[8.600s] -- Up-to-date: /home/adam/Sensor-Fusion-And-Autonomous-Racing-Cars/ros_ws/install/theora_image_transport/include/theora_image_transport/msg/detail/packet__builder.hpp
[8.601s] -- Up-to-date: /home/adam/Sensor-Fusion-And-Autonomous-Racing-Cars/ros_ws/install/theora_image_transport/include/theora_image_transport/msg/detail/packet__type_support.hpp
[8.602s] -- Up-to-date: /home/adam/Sensor-Fusion-And-Autonomous-Racing-Cars/ros_ws/install/theora_image_transport/include/theora_image_transport/msg/detail/packet__traits.hpp
[8.602s] -- Up-to-date: /home/adam/Sensor-Fusion-And-Autonomous-Racing-Cars/ros_ws/install/theora_image_transport/include/theora_image_transport/msg/detail/packet__struct.hpp
[8.603s] -- Up-to-date: /home/adam/Sensor-Fusion-And-Autonomous-Racing-Cars/ros_ws/install/theora_image_transport/include/theora_image_transport/msg/rosidl_generator_cpp__visibility_control.hpp
[8.603s] -- Up-to-date: /home/adam/Sensor-Fusion-And-Autonomous-Racing-Cars/ros_ws/install/theora_image_transport/include/theora_image_transport
[8.604s] -- Up-to-date: /home/adam/Sensor-Fusion-And-Autonomous-Racing-Cars/ros_ws/install/theora_image_transport/include/theora_image_transport/msg
[8.604s] -- Up-to-date: /home/adam/Sensor-Fusion-And-Autonomous-Racing-Cars/ros_ws/install/theora_image_transport/include/theora_image_transport/msg/detail
[8.605s] -- Up-to-date: /home/adam/Sensor-Fusion-And-Autonomous-Racing-Cars/ros_ws/install/theora_image_transport/include/theora_image_transport/msg/detail/packet__rosidl_typesupport_introspection_cpp.hpp
[8.606s] -- Up-to-date: /home/adam/Sensor-Fusion-And-Autonomous-Racing-Cars/ros_ws/install/theora_image_transport/include/theora_image_transport/msg/detail/packet__type_support.cpp
[8.606s] -- Up-to-date: /home/adam/Sensor-Fusion-And-Autonomous-Racing-Cars/ros_ws/install/theora_image_transport/lib/libtheora_image_transport__rosidl_typesupport_introspection_cpp.so
[8.607s] -- Up-to-date: /home/adam/Sensor-Fusion-And-Autonomous-Racing-Cars/ros_ws/install/theora_image_transport/lib/libtheora_image_transport__rosidl_typesupport_cpp.so
[8.607s] -- Up-to-date: /home/adam/Sensor-Fusion-And-Autonomous-Racing-Cars/ros_ws/install/theora_image_transport/share/theora_image_transport/environment/pythonpath.sh
[8.620s] -- Up-to-date: /home/adam/Sensor-Fusion-And-Autonomous-Racing-Cars/ros_ws/install/theora_image_transport/share/theora_image_transport/environment/pythonpath.dsv
[8.623s] -- Up-to-date: /home/adam/Sensor-Fusion-And-Autonomous-Racing-Cars/ros_ws/install/theora_image_transport/lib/python3.8/site-packages/theora_image_transport/__init__.py
[8.865s] -- Up-to-date: /home/adam/Sensor-Fusion-And-Autonomous-Racing-Cars/ros_ws/install/theora_image_transport/lib/python3.8/site-packages/theora_image_transport/msg
[8.874s] -- Up-to-date: /home/adam/Sensor-Fusion-And-Autonomous-Racing-Cars/ros_ws/install/theora_image_transport/lib/python3.8/site-packages/theora_image_transport/msg/_packet_s.c
[8.875s] -- Up-to-date: /home/adam/Sensor-Fusion-And-Autonomous-Racing-Cars/ros_ws/install/theora_image_transport/lib/python3.8/site-packages/theora_image_transport/msg/__init__.py
[8.875s] -- Up-to-date: /home/adam/Sensor-Fusion-And-Autonomous-Racing-Cars/ros_ws/install/theora_image_transport/lib/python3.8/site-packages/theora_image_transport/msg/_packet.py
[8.876s] -- Up-to-date: /home/adam/Sensor-Fusion-And-Autonomous-Racing-Cars/ros_ws/install/theora_image_transport/lib/python3.8/site-packages/theora_image_transport/theora_image_transport_s__rosidl_typesupport_fastrtps_c.cpython-38-aarch64-linux-gnu.so
[8.883s] -- Up-to-date: /home/adam/Sensor-Fusion-And-Autonomous-Racing-Cars/ros_ws/install/theora_image_transport/lib/python3.8/site-packages/theora_image_transport/theora_image_transport_s__rosidl_typesupport_introspection_c.cpython-38-aarch64-linux-gnu.so
[8.883s] -- Up-to-date: /home/adam/Sensor-Fusion-And-Autonomous-Racing-Cars/ros_ws/install/theora_image_transport/lib/python3.8/site-packages/theora_image_transport/theora_image_transport_s__rosidl_typesupport_c.cpython-38-aarch64-linux-gnu.so
[8.883s] -- Up-to-date: /home/adam/Sensor-Fusion-And-Autonomous-Racing-Cars/ros_ws/install/theora_image_transport/lib/libtheora_image_transport__python.so
[8.889s] -- Up-to-date: /home/adam/Sensor-Fusion-And-Autonomous-Racing-Cars/ros_ws/install/theora_image_transport/share/theora_image_transport/msg/Packet.idl
[8.889s] -- Up-to-date: /home/adam/Sensor-Fusion-And-Autonomous-Racing-Cars/ros_ws/install/theora_image_transport/share/theora_image_transport/msg/Packet.msg
[8.890s] -- Up-to-date: /home/adam/Sensor-Fusion-And-Autonomous-Racing-Cars/ros_ws/install/theora_image_transport/lib/theora_image_transport/libtheora_image_transport_component.so
[8.894s] -- Up-to-date: /home/adam/Sensor-Fusion-And-Autonomous-Racing-Cars/ros_ws/install/theora_image_transport/bin/ogg_saver
[8.900s] -- Up-to-date: /home/adam/Sensor-Fusion-And-Autonomous-Racing-Cars/ros_ws/install/theora_image_transport/include
[8.902s] -- Up-to-date: /home/adam/Sensor-Fusion-And-Autonomous-Racing-Cars/ros_ws/install/theora_image_transport/include/theora_image_transport
[8.903s] -- Up-to-date: /home/adam/Sensor-Fusion-And-Autonomous-Racing-Cars/ros_ws/install/theora_image_transport/include/theora_image_transport/theora_subscriber.h
[8.905s] -- Up-to-date: /home/adam/Sensor-Fusion-And-Autonomous-Racing-Cars/ros_ws/install/theora_image_transport/include/theora_image_transport/theora_publisher.h
[8.907s] -- Up-to-date: /home/adam/Sensor-Fusion-And-Autonomous-Racing-Cars/ros_ws/install/theora_image_transport/share/theora_image_transport/theora_plugins.xml
[8.909s] -- Up-to-date: /home/adam/Sensor-Fusion-And-Autonomous-Racing-Cars/ros_ws/install/theora_image_transport/share/ament_index/resource_index/package_run_dependencies/theora_image_transport
[8.912s] -- Up-to-date: /home/adam/Sensor-Fusion-And-Autonomous-Racing-Cars/ros_ws/install/theora_image_transport/share/ament_index/resource_index/parent_prefix_path/theora_image_transport
[8.913s] -- Up-to-date: /home/adam/Sensor-Fusion-And-Autonomous-Racing-Cars/ros_ws/install/theora_image_transport/share/theora_image_transport/environment/ament_prefix_path.sh
[8.915s] -- Up-to-date: /home/adam/Sensor-Fusion-And-Autonomous-Racing-Cars/ros_ws/install/theora_image_transport/share/theora_image_transport/environment/ament_prefix_path.dsv
[8.918s] -- Up-to-date: /home/adam/Sensor-Fusion-And-Autonomous-Racing-Cars/ros_ws/install/theora_image_transport/share/theora_image_transport/environment/path.sh
[8.927s] -- Up-to-date: /home/adam/Sensor-Fusion-And-Autonomous-Racing-Cars/ros_ws/install/theora_image_transport/share/theora_image_transport/environment/path.dsv
[8.936s] -- Up-to-date: /home/adam/Sensor-Fusion-And-Autonomous-Racing-Cars/ros_ws/install/theora_image_transport/share/theora_image_transport/local_setup.bash
[8.940s] -- Up-to-date: /home/adam/Sensor-Fusion-And-Autonomous-Racing-Cars/ros_ws/install/theora_image_transport/share/theora_image_transport/local_setup.sh
[8.944s] -- Up-to-date: /home/adam/Sensor-Fusion-And-Autonomous-Racing-Cars/ros_ws/install/theora_image_transport/share/theora_image_transport/local_setup.zsh
[8.952s] -- Up-to-date: /home/adam/Sensor-Fusion-And-Autonomous-Racing-Cars/ros_ws/install/theora_image_transport/share/theora_image_transport/local_setup.dsv
[8.954s] -- Up-to-date: /home/adam/Sensor-Fusion-And-Autonomous-Racing-Cars/ros_ws/install/theora_image_transport/share/theora_image_transport/package.dsv
[8.959s] -- Up-to-date: /home/adam/Sensor-Fusion-And-Autonomous-Racing-Cars/ros_ws/install/theora_image_transport/share/ament_index/resource_index/packages/theora_image_transport
[8.960s] -- Up-to-date: /home/adam/Sensor-Fusion-And-Autonomous-Racing-Cars/ros_ws/install/theora_image_transport/share/ament_index/resource_index/image_transport__pluginlib__plugin/theora_image_transport
[8.964s] -- Up-to-date: /home/adam/Sensor-Fusion-And-Autonomous-Racing-Cars/ros_ws/install/theora_image_transport/share/theora_image_transport/cmake/theora_image_transport__rosidl_generator_cExport.cmake
[8.969s] -- Up-to-date: /home/adam/Sensor-Fusion-And-Autonomous-Racing-Cars/ros_ws/install/theora_image_transport/share/theora_image_transport/cmake/theora_image_transport__rosidl_generator_cExport-noconfig.cmake
[8.970s] -- Up-to-date: /home/adam/Sensor-Fusion-And-Autonomous-Racing-Cars/ros_ws/install/theora_image_transport/share/theora_image_transport/cmake/theora_image_transport__rosidl_typesupport_introspection_cExport.cmake
[8.971s] -- Up-to-date: /home/adam/Sensor-Fusion-And-Autonomous-Racing-Cars/ros_ws/install/theora_image_transport/share/theora_image_transport/cmake/theora_image_transport__rosidl_typesupport_introspection_cExport-noconfig.cmake
[8.977s] -- Up-to-date: /home/adam/Sensor-Fusion-And-Autonomous-Racing-Cars/ros_ws/install/theora_image_transport/share/theora_image_transport/cmake/theora_image_transport__rosidl_typesupport_cExport.cmake
[8.978s] -- Up-to-date: /home/adam/Sensor-Fusion-And-Autonomous-Racing-Cars/ros_ws/install/theora_image_transport/share/theora_image_transport/cmake/theora_image_transport__rosidl_typesupport_cExport-noconfig.cmake
[8.979s] -- Up-to-date: /home/adam/Sensor-Fusion-And-Autonomous-Racing-Cars/ros_ws/install/theora_image_transport/share/theora_image_transport/cmake/theora_image_transport__rosidl_generator_cppExport.cmake
[8.980s] -- Up-to-date: /home/adam/Sensor-Fusion-And-Autonomous-Racing-Cars/ros_ws/install/theora_image_transport/share/theora_image_transport/cmake/theora_image_transport__rosidl_typesupport_introspection_cppExport.cmake
[8.981s] -- Up-to-date: /home/adam/Sensor-Fusion-And-Autonomous-Racing-Cars/ros_ws/install/theora_image_transport/share/theora_image_transport/cmake/theora_image_transport__rosidl_typesupport_introspection_cppExport-noconfig.cmake
[8.982s] -- Up-to-date: /home/adam/Sensor-Fusion-And-Autonomous-Racing-Cars/ros_ws/install/theora_image_transport/share/theora_image_transport/cmake/theora_image_transport__rosidl_typesupport_cppExport.cmake
[8.983s] -- Up-to-date: /home/adam/Sensor-Fusion-And-Autonomous-Racing-Cars/ros_ws/install/theora_image_transport/share/theora_image_transport/cmake/theora_image_transport__rosidl_typesupport_cppExport-noconfig.cmake
[8.983s] -- Up-to-date: /home/adam/Sensor-Fusion-And-Autonomous-Racing-Cars/ros_ws/install/theora_image_transport/share/theora_image_transport/cmake/rosidl_cmake-extras.cmake
[8.984s] -- Up-to-date: /home/adam/Sensor-Fusion-And-Autonomous-Racing-Cars/ros_ws/install/theora_image_transport/share/theora_image_transport/cmake/ament_cmake_export_dependencies-extras.cmake
[8.985s] -- Up-to-date: /home/adam/Sensor-Fusion-And-Autonomous-Racing-Cars/ros_ws/install/theora_image_transport/share/theora_image_transport/cmake/ament_cmake_export_libraries-extras.cmake
[8.986s] -- Up-to-date: /home/adam/Sensor-Fusion-And-Autonomous-Racing-Cars/ros_ws/install/theora_image_transport/share/theora_image_transport/cmake/ament_cmake_export_targets-extras.cmake
[8.986s] -- Up-to-date: /home/adam/Sensor-Fusion-And-Autonomous-Racing-Cars/ros_ws/install/theora_image_transport/share/theora_image_transport/cmake/ament_cmake_export_include_directories-extras.cmake
[8.987s] -- Up-to-date: /home/adam/Sensor-Fusion-And-Autonomous-Racing-Cars/ros_ws/install/theora_image_transport/share/theora_image_transport/cmake/rosidl_cmake_export_typesupport_libraries-extras.cmake
[9.001s] -- Up-to-date: /home/adam/Sensor-Fusion-And-Autonomous-Racing-Cars/ros_ws/install/theora_image_transport/share/theora_image_transport/cmake/rosidl_cmake_export_typesupport_targets-extras.cmake
[9.005s] -- Up-to-date: /home/adam/Sensor-Fusion-And-Autonomous-Racing-Cars/ros_ws/install/theora_image_transport/share/theora_image_transport/cmake/theora_image_transportConfig.cmake
[9.006s] -- Up-to-date: /home/adam/Sensor-Fusion-And-Autonomous-Racing-Cars/ros_ws/install/theora_image_transport/share/theora_image_transport/cmake/theora_image_transportConfig-version.cmake
[9.007s] -- Up-to-date: /home/adam/Sensor-Fusion-And-Autonomous-Racing-Cars/ros_ws/install/theora_image_transport/share/theora_image_transport/package.xml
