[13.309s] Invoking command in '/home/adam/Sensor-Fusion-And-Autonomous-Racing-Cars/ros_ws/src/motor_controller': PYTHONPATH=/home/adam/Sensor-Fusion-And-Autonomous-Racing-Cars/ros_ws/build/motor_controller/prefix_override:/home/adam/Sensor-Fusion-And-Autonomous-Racing-Cars/ros_ws/install/motor_controller/lib/python3.8/site-packages:${PYTHONPATH} /usr/bin/python3 setup.py egg_info --egg-base ../../build/motor_controller build --build-base /home/adam/Sensor-Fusion-And-Autonomous-Racing-Cars/ros_ws/build/motor_controller/build install --record /home/adam/Sensor-Fusion-And-Autonomous-Racing-Cars/ros_ws/build/motor_controller/install.log --install-scripts $base/lib/motor_controller --single-version-externally-managed
[16.285s] running egg_info
[16.291s] writing ../../build/motor_controller/motor_controller.egg-info/PKG-INFO
[16.294s] writing dependency_links to ../../build/motor_controller/motor_controller.egg-info/dependency_links.txt
[16.298s] writing entry points to ../../build/motor_controller/motor_controller.egg-info/entry_points.txt
[16.303s] writing requirements to ../../build/motor_controller/motor_controller.egg-info/requires.txt
[16.304s] writing top-level names to ../../build/motor_controller/motor_controller.egg-info/top_level.txt
[16.673s] reading manifest file '../../build/motor_controller/motor_controller.egg-info/SOURCES.txt'
[16.684s] writing manifest file '../../build/motor_controller/motor_controller.egg-info/SOURCES.txt'
[16.686s] running build
[16.687s] running build_py
[16.689s] copying motor_controller/motor_node.py -> /home/adam/Sensor-Fusion-And-Autonomous-Racing-Cars/ros_ws/build/motor_controller/build/lib/motor_controller
[16.692s] running install
[16.703s] running install_lib
[16.711s] copying /home/adam/Sensor-Fusion-And-Autonomous-Racing-Cars/ros_ws/build/motor_controller/build/lib/motor_controller/motor_node.py -> /home/adam/Sensor-Fusion-And-Autonomous-Racing-Cars/ros_ws/install/motor_controller/lib/python3.8/site-packages/motor_controller
[16.719s] byte-compiling /home/adam/Sensor-Fusion-And-Autonomous-Racing-Cars/ros_ws/install/motor_controller/lib/python3.8/site-packages/motor_controller/motor_node.py to motor_node.cpython-38.pyc
[16.738s] running install_data
[16.742s] running install_egg_info
[16.758s] removing '/home/adam/Sensor-Fusion-And-Autonomous-Racing-Cars/ros_ws/install/motor_controller/lib/python3.8/site-packages/motor_controller-0.0.0-py3.8.egg-info' (and everything under it)
[16.762s] Copying ../../build/motor_controller/motor_controller.egg-info to /home/adam/Sensor-Fusion-And-Autonomous-Racing-Cars/ros_ws/install/motor_controller/lib/python3.8/site-packages/motor_controller-0.0.0-py3.8.egg-info
[16.783s] running install_scripts
[16.959s] Installing motor_node script to /home/adam/Sensor-Fusion-And-Autonomous-Racing-Cars/ros_ws/install/motor_controller/lib/motor_controller
[16.962s] writing list of installed files to '/home/adam/Sensor-Fusion-And-Autonomous-Racing-Cars/ros_ws/build/motor_controller/install.log'
[17.159s] Invoked command in '/home/adam/Sensor-Fusion-And-Autonomous-Racing-Cars/ros_ws/src/motor_controller' returned '0': PYTHONPATH=/home/adam/Sensor-Fusion-And-Autonomous-Racing-Cars/ros_ws/build/motor_controller/prefix_override:/home/adam/Sensor-Fusion-And-Autonomous-Racing-Cars/ros_ws/install/motor_controller/lib/python3.8/site-packages:${PYTHONPATH} /usr/bin/python3 setup.py egg_info --egg-base ../../build/motor_controller build --build-base /home/adam/Sensor-Fusion-And-Autonomous-Racing-Cars/ros_ws/build/motor_controller/build install --record /home/adam/Sensor-Fusion-And-Autonomous-Racing-Cars/ros_ws/build/motor_controller/install.log --install-scripts $base/lib/motor_controller --single-version-externally-managed
