[9.982s] DEBUG:colcon:Command line arguments: ['/usr/bin/colcon', 'build']
[9.983s] DEBUG:colcon:Parsed command line arguments: Namespace(allow_overriding=[], ament_cmake_args=None, base_paths=['.'], build_base='build', catkin_cmake_args=None, catkin_skip_building_tests=False, cmake_args=None, cmake_clean_cache=False, cmake_clean_first=False, cmake_force_configure=False, cmake_target=None, cmake_target_skip_unavailable=False, continue_on_error=False, event_handlers=None, executor='parallel', ignore_user_meta=False, install_base='install', log_base=None, log_level=None, main=<bound method BuildVerb.main of <colcon_core.verb.build.BuildVerb object at 0xffffb047f790>>, merge_install=False, metas=['./colcon.meta'], packages_above=None, packages_above_and_dependencies=None, packages_above_depth=None, packages_end=None, packages_ignore=None, packages_ignore_regex=None, packages_select=None, packages_select_build_failed=False, packages_select_by_dep=None, packages_select_regex=None, packages_select_test_failures=False, packages_skip=None, packages_skip_build_finished=False, packages_skip_by_dep=None, packages_skip_regex=None, packages_skip_test_passed=False, packages_skip_up_to=None, packages_start=None, packages_up_to=None, packages_up_to_regex=None, parallel_workers=4, paths=None, symlink_install=False, test_result_base=None, verb_extension=<colcon_core.verb.build.BuildVerb object at 0xffffb047f790>, verb_name='build', verb_parser=<colcon_defaults.argument_parser.defaults.DefaultArgumentsDecorator object at 0xffffb048a790>)
[10.397s] Level 1:colcon.colcon_core.package_discovery:discover_packages(colcon_meta) check parameters
[10.397s] Level 1:colcon.colcon_core.package_discovery:discover_packages(recursive) check parameters
[10.397s] Level 1:colcon.colcon_core.package_discovery:discover_packages(ignore) check parameters
[10.397s] Level 1:colcon.colcon_core.package_discovery:discover_packages(path) check parameters
[10.398s] Level 1:colcon.colcon_core.package_discovery:discover_packages(colcon_meta) discover
[10.398s] Level 1:colcon.colcon_core.package_discovery:discover_packages(recursive) discover
[10.398s] INFO:colcon.colcon_core.package_discovery:Crawling recursively for packages in '/home/adam/Sensor-Fusion-And-Autonomous-Racing-Cars/ros_ws'
[10.398s] Level 1:colcon.colcon_core.package_identification:_identify(.) by extensions ['ignore', 'ignore_ament_install']
[10.399s] Level 1:colcon.colcon_core.package_identification:_identify(.) by extension 'ignore'
[10.399s] Level 1:colcon.colcon_core.package_identification:_identify(.) by extension 'ignore_ament_install'
[10.399s] Level 1:colcon.colcon_core.package_identification:_identify(.) by extensions ['colcon_pkg']
[10.399s] Level 1:colcon.colcon_core.package_identification:_identify(.) by extension 'colcon_pkg'
[10.400s] Level 1:colcon.colcon_core.package_identification:_identify(.) by extensions ['colcon_meta']
[10.400s] Level 1:colcon.colcon_core.package_identification:_identify(.) by extension 'colcon_meta'
[10.400s] Level 1:colcon.colcon_core.package_identification:_identify(.) by extensions ['ros']
[10.400s] Level 1:colcon.colcon_core.package_identification:_identify(.) by extension 'ros'
[10.444s] Level 1:colcon.colcon_core.package_identification:_identify(.) by extensions ['cmake', 'python']
[10.444s] Level 1:colcon.colcon_core.package_identification:_identify(.) by extension 'cmake'
[10.444s] Level 1:colcon.colcon_core.package_identification:_identify(.) by extension 'python'
[10.444s] Level 1:colcon.colcon_core.package_identification:_identify(.) by extensions ['python_setup_py']
[10.445s] Level 1:colcon.colcon_core.package_identification:_identify(.) by extension 'python_setup_py'
[10.445s] Level 1:colcon.colcon_core.package_identification:_identify(build) by extensions ['ignore', 'ignore_ament_install']
[10.445s] Level 1:colcon.colcon_core.package_identification:_identify(build) by extension 'ignore'
[10.446s] Level 1:colcon.colcon_core.package_identification:_identify(build) ignored
[10.446s] Level 1:colcon.colcon_core.package_identification:_identify(install) by extensions ['ignore', 'ignore_ament_install']
[10.447s] Level 1:colcon.colcon_core.package_identification:_identify(install) by extension 'ignore'
[10.447s] Level 1:colcon.colcon_core.package_identification:_identify(install) ignored
[10.447s] Level 1:colcon.colcon_core.package_identification:_identify(log) by extensions ['ignore', 'ignore_ament_install']
[10.448s] Level 1:colcon.colcon_core.package_identification:_identify(log) by extension 'ignore'
[10.448s] Level 1:colcon.colcon_core.package_identification:_identify(log) ignored
[10.448s] Level 1:colcon.colcon_core.package_identification:_identify(src) by extensions ['ignore', 'ignore_ament_install']
[10.449s] Level 1:colcon.colcon_core.package_identification:_identify(src) by extension 'ignore'
[10.449s] Level 1:colcon.colcon_core.package_identification:_identify(src) by extension 'ignore_ament_install'
[10.449s] Level 1:colcon.colcon_core.package_identification:_identify(src) by extensions ['colcon_pkg']
[10.449s] Level 1:colcon.colcon_core.package_identification:_identify(src) by extension 'colcon_pkg'
[10.450s] Level 1:colcon.colcon_core.package_identification:_identify(src) by extensions ['colcon_meta']
[10.450s] Level 1:colcon.colcon_core.package_identification:_identify(src) by extension 'colcon_meta'
[10.450s] Level 1:colcon.colcon_core.package_identification:_identify(src) by extensions ['ros']
[10.450s] Level 1:colcon.colcon_core.package_identification:_identify(src) by extension 'ros'
[10.450s] Level 1:colcon.colcon_core.package_identification:_identify(src) by extensions ['cmake', 'python']
[10.450s] Level 1:colcon.colcon_core.package_identification:_identify(src) by extension 'cmake'
[10.451s] Level 1:colcon.colcon_core.package_identification:_identify(src) by extension 'python'
[10.451s] Level 1:colcon.colcon_core.package_identification:_identify(src) by extensions ['python_setup_py']
[10.451s] Level 1:colcon.colcon_core.package_identification:_identify(src) by extension 'python_setup_py'
[10.451s] Level 1:colcon.colcon_core.package_identification:_identify(src/camera_sensor) by extensions ['ignore', 'ignore_ament_install']
[10.452s] Level 1:colcon.colcon_core.package_identification:_identify(src/camera_sensor) by extension 'ignore'
[10.452s] Level 1:colcon.colcon_core.package_identification:_identify(src/camera_sensor) by extension 'ignore_ament_install'
[10.452s] Level 1:colcon.colcon_core.package_identification:_identify(src/camera_sensor) by extensions ['colcon_pkg']
[10.452s] Level 1:colcon.colcon_core.package_identification:_identify(src/camera_sensor) by extension 'colcon_pkg'
[10.452s] Level 1:colcon.colcon_core.package_identification:_identify(src/camera_sensor) by extensions ['colcon_meta']
[10.453s] Level 1:colcon.colcon_core.package_identification:_identify(src/camera_sensor) by extension 'colcon_meta'
[10.453s] Level 1:colcon.colcon_core.package_identification:_identify(src/camera_sensor) by extensions ['ros']
[10.453s] Level 1:colcon.colcon_core.package_identification:_identify(src/camera_sensor) by extension 'ros'
[10.461s] DEBUG:colcon.colcon_core.package_identification:Package 'src/camera_sensor' with type 'ros.ament_python' and name 'camera_sensor'
[10.462s] Level 1:colcon.colcon_core.package_discovery:discover_packages(recursive) using defaults
[10.462s] Level 1:colcon.colcon_core.package_discovery:discover_packages(ignore) discover
[10.462s] Level 1:colcon.colcon_core.package_discovery:discover_packages(ignore) using defaults
[10.462s] Level 1:colcon.colcon_core.package_discovery:discover_packages(path) discover
[10.462s] Level 1:colcon.colcon_core.package_discovery:discover_packages(path) using defaults
[11.351s] Level 1:colcon.colcon_core.package_discovery:discover_packages(prefix_path) check parameters
[11.351s] Level 1:colcon.colcon_core.package_discovery:discover_packages(prefix_path) discover
[11.520s] WARNING:colcon.colcon_ros.prefix_path.ament:The path '/home/adam/Sensor-Fusion-And-Autonomous-Racing-Cars/ros_ws/install/camera_sensor' in the environment variable AMENT_PREFIX_PATH doesn't exist
[11.689s] DEBUG:colcon.colcon_installed_package_information.package_discovery:Found 0 installed packages in /home/adam/Sensor-Fusion-And-Autonomous-Racing-Cars/ros_ws/install
[11.883s] DEBUG:colcon.colcon_installed_package_information.package_discovery:Found 256 installed packages in /opt/ros/foxy
[11.891s] Level 1:colcon.colcon_core.package_discovery:discover_packages(prefix_path) using defaults
[12.645s] Level 5:colcon.colcon_core.verb:set package 'camera_sensor' build argument 'cmake_args' from command line to 'None'
[12.645s] Level 5:colcon.colcon_core.verb:set package 'camera_sensor' build argument 'cmake_target' from command line to 'None'
[12.645s] Level 5:colcon.colcon_core.verb:set package 'camera_sensor' build argument 'cmake_target_skip_unavailable' from command line to 'False'
[12.646s] Level 5:colcon.colcon_core.verb:set package 'camera_sensor' build argument 'cmake_clean_cache' from command line to 'False'
[12.646s] Level 5:colcon.colcon_core.verb:set package 'camera_sensor' build argument 'cmake_clean_first' from command line to 'False'
[12.646s] Level 5:colcon.colcon_core.verb:set package 'camera_sensor' build argument 'cmake_force_configure' from command line to 'False'
[12.646s] Level 5:colcon.colcon_core.verb:set package 'camera_sensor' build argument 'ament_cmake_args' from command line to 'None'
[12.646s] Level 5:colcon.colcon_core.verb:set package 'camera_sensor' build argument 'catkin_cmake_args' from command line to 'None'
[12.646s] Level 5:colcon.colcon_core.verb:set package 'camera_sensor' build argument 'catkin_skip_building_tests' from command line to 'False'
[12.646s] DEBUG:colcon.colcon_core.verb:Building package 'camera_sensor' with the following arguments: {'ament_cmake_args': None, 'build_base': '/home/adam/Sensor-Fusion-And-Autonomous-Racing-Cars/ros_ws/build/camera_sensor', 'catkin_cmake_args': None, 'catkin_skip_building_tests': False, 'cmake_args': None, 'cmake_clean_cache': False, 'cmake_clean_first': False, 'cmake_force_configure': False, 'cmake_target': None, 'cmake_target_skip_unavailable': False, 'install_base': '/home/adam/Sensor-Fusion-And-Autonomous-Racing-Cars/ros_ws/install/camera_sensor', 'merge_install': False, 'path': '/home/adam/Sensor-Fusion-And-Autonomous-Racing-Cars/ros_ws/src/camera_sensor', 'symlink_install': False, 'test_result_base': None}
[12.839s] INFO:colcon.colcon_core.executor:Executing jobs using 'parallel' executor
[13.011s] DEBUG:colcon.colcon_parallel_executor.executor.parallel:run_until_complete
[13.012s] INFO:colcon.colcon_ros.task.ament_python.build:Building ROS package in '/home/adam/Sensor-Fusion-And-Autonomous-Racing-Cars/ros_ws/src/camera_sensor' with build type 'ament_python'
[13.013s] Level 1:colcon.colcon_core.shell:create_environment_hook('camera_sensor', 'ament_prefix_path')
[13.287s] INFO:colcon.colcon_core.plugin_system:Skipping extension 'colcon_core.shell.bat': Not used on non-Windows systems
[13.289s] INFO:colcon.colcon_core.shell:Creating environment hook '/home/adam/Sensor-Fusion-And-Autonomous-Racing-Cars/ros_ws/install/camera_sensor/share/camera_sensor/hook/ament_prefix_path.ps1'
[13.293s] INFO:colcon.colcon_core.shell:Creating environment descriptor '/home/adam/Sensor-Fusion-And-Autonomous-Racing-Cars/ros_ws/install/camera_sensor/share/camera_sensor/hook/ament_prefix_path.dsv'
[13.296s] INFO:colcon.colcon_core.shell:Creating environment hook '/home/adam/Sensor-Fusion-And-Autonomous-Racing-Cars/ros_ws/install/camera_sensor/share/camera_sensor/hook/ament_prefix_path.sh'
[13.487s] INFO:colcon.colcon_core.shell:Skip shell extension 'powershell' for command environment: Not usable outside of PowerShell
[13.488s] DEBUG:colcon.colcon_core.shell:Skip shell extension 'dsv' for command environment
[15.089s] INFO:colcon.colcon_core.task.python.build:Building Python package in '/home/adam/Sensor-Fusion-And-Autonomous-Racing-Cars/ros_ws/src/camera_sensor'
[15.270s] INFO:colcon.colcon_core.shell:Skip shell extension 'powershell' for command environment: Not usable outside of PowerShell
[15.270s] DEBUG:colcon.colcon_core.shell:Skip shell extension 'dsv' for command environment
[17.461s] DEBUG:colcon.colcon_core.event_handler.log_command:Invoking command in '/home/adam/Sensor-Fusion-And-Autonomous-Racing-Cars/ros_ws/src/camera_sensor': PYTHONPATH=/home/adam/Sensor-Fusion-And-Autonomous-Racing-Cars/ros_ws/build/camera_sensor/prefix_override:/home/adam/Sensor-Fusion-And-Autonomous-Racing-Cars/ros_ws/install/camera_sensor/lib/python3.8/site-packages:${PYTHONPATH} /usr/bin/python3 setup.py egg_info --egg-base ../../build/camera_sensor build --build-base /home/adam/Sensor-Fusion-And-Autonomous-Racing-Cars/ros_ws/build/camera_sensor/build install --record /home/adam/Sensor-Fusion-And-Autonomous-Racing-Cars/ros_ws/build/camera_sensor/install.log --install-scripts $base/lib/camera_sensor --single-version-externally-managed
[18.782s] DEBUG:colcon.colcon_core.event_handler.log_command:Invoked command in '/home/adam/Sensor-Fusion-And-Autonomous-Racing-Cars/ros_ws/src/camera_sensor' returned '0': PYTHONPATH=/home/adam/Sensor-Fusion-And-Autonomous-Racing-Cars/ros_ws/build/camera_sensor/prefix_override:/home/adam/Sensor-Fusion-And-Autonomous-Racing-Cars/ros_ws/install/camera_sensor/lib/python3.8/site-packages:${PYTHONPATH} /usr/bin/python3 setup.py egg_info --egg-base ../../build/camera_sensor build --build-base /home/adam/Sensor-Fusion-And-Autonomous-Racing-Cars/ros_ws/build/camera_sensor/build install --record /home/adam/Sensor-Fusion-And-Autonomous-Racing-Cars/ros_ws/build/camera_sensor/install.log --install-scripts $base/lib/camera_sensor --single-version-externally-managed
[18.976s] Level 1:colcon.colcon_core.environment:checking '/home/adam/Sensor-Fusion-And-Autonomous-Racing-Cars/ros_ws/install/camera_sensor' for CMake module files
[18.978s] Level 1:colcon.colcon_core.environment:checking '/home/adam/Sensor-Fusion-And-Autonomous-Racing-Cars/ros_ws/install/camera_sensor' for CMake config files
[18.981s] Level 1:colcon.colcon_core.environment:checking '/home/adam/Sensor-Fusion-And-Autonomous-Racing-Cars/ros_ws/install/camera_sensor/lib'
[18.982s] Level 1:colcon.colcon_core.environment:checking '/home/adam/Sensor-Fusion-And-Autonomous-Racing-Cars/ros_ws/install/camera_sensor/bin'
[18.982s] Level 1:colcon.colcon_core.environment:checking '/home/adam/Sensor-Fusion-And-Autonomous-Racing-Cars/ros_ws/install/camera_sensor/lib/pkgconfig/camera_sensor.pc'
[18.983s] Level 1:colcon.colcon_core.environment:checking '/home/adam/Sensor-Fusion-And-Autonomous-Racing-Cars/ros_ws/install/camera_sensor/lib/python3.8/site-packages'
[18.983s] Level 1:colcon.colcon_core.shell:create_environment_hook('camera_sensor', 'pythonpath')
[19.167s] INFO:colcon.colcon_core.shell:Creating environment hook '/home/adam/Sensor-Fusion-And-Autonomous-Racing-Cars/ros_ws/install/camera_sensor/share/camera_sensor/hook/pythonpath.ps1'
[19.169s] INFO:colcon.colcon_core.shell:Creating environment descriptor '/home/adam/Sensor-Fusion-And-Autonomous-Racing-Cars/ros_ws/install/camera_sensor/share/camera_sensor/hook/pythonpath.dsv'
[19.170s] INFO:colcon.colcon_core.shell:Creating environment hook '/home/adam/Sensor-Fusion-And-Autonomous-Racing-Cars/ros_ws/install/camera_sensor/share/camera_sensor/hook/pythonpath.sh'
[19.172s] Level 1:colcon.colcon_core.environment:checking '/home/adam/Sensor-Fusion-And-Autonomous-Racing-Cars/ros_ws/install/camera_sensor/bin'
[19.172s] Level 1:colcon.colcon_core.environment:create_environment_scripts_only(camera_sensor)
[19.396s] INFO:colcon.colcon_core.shell:Creating package script '/home/adam/Sensor-Fusion-And-Autonomous-Racing-Cars/ros_ws/install/camera_sensor/share/camera_sensor/package.ps1'
[19.399s] INFO:colcon.colcon_core.shell:Creating package descriptor '/home/adam/Sensor-Fusion-And-Autonomous-Racing-Cars/ros_ws/install/camera_sensor/share/camera_sensor/package.dsv'
[19.401s] INFO:colcon.colcon_core.shell:Creating package script '/home/adam/Sensor-Fusion-And-Autonomous-Racing-Cars/ros_ws/install/camera_sensor/share/camera_sensor/package.sh'
[19.404s] INFO:colcon.colcon_core.shell:Creating package script '/home/adam/Sensor-Fusion-And-Autonomous-Racing-Cars/ros_ws/install/camera_sensor/share/camera_sensor/package.bash'
[19.407s] INFO:colcon.colcon_core.shell:Creating package script '/home/adam/Sensor-Fusion-And-Autonomous-Racing-Cars/ros_ws/install/camera_sensor/share/camera_sensor/package.zsh'
[19.410s] Level 1:colcon.colcon_core.environment:create_file_with_runtime_dependencies(/home/adam/Sensor-Fusion-And-Autonomous-Racing-Cars/ros_ws/install/camera_sensor/share/colcon-core/packages/camera_sensor)
[19.411s] DEBUG:colcon.colcon_parallel_executor.executor.parallel:closing loop
[19.412s] DEBUG:colcon.colcon_parallel_executor.executor.parallel:loop closed
[19.412s] DEBUG:colcon.colcon_parallel_executor.executor.parallel:run_until_complete finished with '0'
[19.413s] DEBUG:colcon.colcon_core.event_reactor:joining thread
[19.608s] INFO:colcon.colcon_core.plugin_system:Skipping extension 'colcon_notification.desktop_notification.terminal_notifier': Not used on non-Darwin systems
[19.609s] INFO:colcon.colcon_core.plugin_system:Skipping extension 'colcon_notification.desktop_notification.win32': Not used on non-Windows systems
[19.609s] INFO:colcon.colcon_notification.desktop_notification:Sending desktop notification using 'notify2'
[19.613s] DEBUG:colcon.colcon_notification.desktop_notification.notify2:Failed to initialize notify2: org.freedesktop.DBus.Error.ServiceUnknown: The name org.freedesktop.Notifications was not provided by any .service files
[19.613s] DEBUG:colcon.colcon_core.event_reactor:joined thread
[19.790s] INFO:colcon.colcon_core.shell:Creating prefix script '/home/adam/Sensor-Fusion-And-Autonomous-Racing-Cars/ros_ws/install/local_setup.ps1'
[19.793s] INFO:colcon.colcon_core.shell:Creating prefix util module '/home/adam/Sensor-Fusion-And-Autonomous-Racing-Cars/ros_ws/install/_local_setup_util_ps1.py'
[19.798s] INFO:colcon.colcon_core.shell:Creating prefix chain script '/home/adam/Sensor-Fusion-And-Autonomous-Racing-Cars/ros_ws/install/setup.ps1'
[19.974s] INFO:colcon.colcon_core.shell:Creating prefix script '/home/adam/Sensor-Fusion-And-Autonomous-Racing-Cars/ros_ws/install/local_setup.sh'
[19.977s] INFO:colcon.colcon_core.shell:Creating prefix util module '/home/adam/Sensor-Fusion-And-Autonomous-Racing-Cars/ros_ws/install/_local_setup_util_sh.py'
[19.979s] INFO:colcon.colcon_core.shell:Creating prefix chain script '/home/adam/Sensor-Fusion-And-Autonomous-Racing-Cars/ros_ws/install/setup.sh'
[20.158s] INFO:colcon.colcon_core.shell:Creating prefix script '/home/adam/Sensor-Fusion-And-Autonomous-Racing-Cars/ros_ws/install/local_setup.bash'
[20.160s] INFO:colcon.colcon_core.shell:Creating prefix chain script '/home/adam/Sensor-Fusion-And-Autonomous-Racing-Cars/ros_ws/install/setup.bash'
[20.337s] INFO:colcon.colcon_core.shell:Creating prefix script '/home/adam/Sensor-Fusion-And-Autonomous-Racing-Cars/ros_ws/install/local_setup.zsh'
[20.339s] INFO:colcon.colcon_core.shell:Creating prefix chain script '/home/adam/Sensor-Fusion-And-Autonomous-Racing-Cars/ros_ws/install/setup.zsh'
