[11.385s] Invoking command in '/home/adam/Sensor-Fusion-And-Autonomous-Racing-Cars/ros_ws/src/arc_startup': PYTHONPATH=/home/adam/Sensor-Fusion-And-Autonomous-Racing-Cars/ros_ws/build/arc_startup/prefix_override:/home/adam/Sensor-Fusion-And-Autonomous-Racing-Cars/ros_ws/install/arc_startup/lib/python3.8/site-packages:${PYTHONPATH} /usr/bin/python3 setup.py egg_info --egg-base ../../build/arc_startup build --build-base /home/adam/Sensor-Fusion-And-Autonomous-Racing-Cars/ros_ws/build/arc_startup/build install --record /home/adam/Sensor-Fusion-And-Autonomous-Racing-Cars/ros_ws/build/arc_startup/install.log --install-scripts $base/lib/arc_startup --single-version-externally-managed
[12.674s] running egg_info
[12.678s] writing ../../build/arc_startup/arc_startup.egg-info/PKG-INFO
[12.679s] writing dependency_links to ../../build/arc_startup/arc_startup.egg-info/dependency_links.txt
[12.681s] writing entry points to ../../build/arc_startup/arc_startup.egg-info/entry_points.txt
[12.687s] writing requirements to ../../build/arc_startup/arc_startup.egg-info/requires.txt
[12.694s] writing top-level names to ../../build/arc_startup/arc_startup.egg-info/top_level.txt
[12.825s] reading manifest file '../../build/arc_startup/arc_startup.egg-info/SOURCES.txt'
[12.834s] writing manifest file '../../build/arc_startup/arc_startup.egg-info/SOURCES.txt'
[12.836s] running build
[12.840s] running build_py
[12.842s] running install
[12.845s] running install_lib
[12.847s] running install_data
[12.850s] running install_egg_info
[12.855s] removing '/home/adam/Sensor-Fusion-And-Autonomous-Racing-Cars/ros_ws/install/arc_startup/lib/python3.8/site-packages/arc_startup-0.0.0-py3.8.egg-info' (and everything under it)
[12.858s] Copying ../../build/arc_startup/arc_startup.egg-info to /home/adam/Sensor-Fusion-And-Autonomous-Racing-Cars/ros_ws/install/arc_startup/lib/python3.8/site-packages/arc_startup-0.0.0-py3.8.egg-info
[12.863s] running install_scripts
[12.942s] writing list of installed files to '/home/adam/Sensor-Fusion-And-Autonomous-Racing-Cars/ros_ws/build/arc_startup/install.log'
[15.744s] Invoked command in '/home/adam/Sensor-Fusion-And-Autonomous-Racing-Cars/ros_ws/src/arc_startup' returned '0': PYTHONPATH=/home/adam/Sensor-Fusion-And-Autonomous-Racing-Cars/ros_ws/build/arc_startup/prefix_override:/home/adam/Sensor-Fusion-And-Autonomous-Racing-Cars/ros_ws/install/arc_startup/lib/python3.8/site-packages:${PYTHONPATH} /usr/bin/python3 setup.py egg_info --egg-base ../../build/arc_startup build --build-base /home/adam/Sensor-Fusion-And-Autonomous-Racing-Cars/ros_ws/build/arc_startup/build install --record /home/adam/Sensor-Fusion-And-Autonomous-Racing-Cars/ros_ws/build/arc_startup/install.log --install-scripts $base/lib/arc_startup --single-version-externally-managed
