[0.000000] (-) TimerEvent: {}
[0.001001] (-) JobUnselected: {'identifier': 'arc_keyboard_control'}
[0.001311] (-) JobUnselected: {'identifier': 'arc_startup'}
[0.001724] (-) JobUnselected: {'identifier': 'asio_cmake_module'}
[0.001909] (-) JobUnselected: {'identifier': 'autonomous_car_control'}
[0.002060] (-) JobUnselected: {'identifier': 'camera_sensor'}
[0.002165] (-) JobUnselected: {'identifier': 'compressed_depth_image_transport'}
[0.002279] (-) JobUnselected: {'identifier': 'compressed_image_transport'}
[0.002531] (-) JobUnselected: {'identifier': 'image_transport_plugins'}
[0.002774] (-) JobUnselected: {'identifier': 'io_context'}
[0.003207] (-) JobUnselected: {'identifier': 'ldlidar_ros2'}
[0.003351] (-) JobUnselected: {'identifier': 'motor_controller'}
[0.003429] (-) JobUnselected: {'identifier': 'serial_driver'}
[0.003502] (-) JobUnselected: {'identifier': 'servo_controller'}
[0.003575] (-) JobUnselected: {'identifier': 'theora_image_transport'}
[0.003647] (-) JobUnselected: {'identifier': 'udp_driver'}
[0.003718] (-) JobUnselected: {'identifier': 'v4l2_camera'}
[0.003789] (-) JobUnselected: {'identifier': 'vesc'}
[0.003861] (-) JobUnselected: {'identifier': 'vesc_ackermann'}
[0.003930] (-) JobUnselected: {'identifier': 'vesc_driver'}
[0.004006] (-) JobUnselected: {'identifier': 'vesc_msgs'}
[0.004078] (-) EventReactorShutdown: {}
