[2.782s] Invoking command in '/home/adam/Sensor-Fusion-And-Autonomous-Racing-Cars/ros_ws/build/image_transport': CMAKE_PREFIX_PATH=${CMAKE_PREFIX_PATH}:/home/adam/Sensor-Fusion-And-Autonomous-Racing-Cars/ros_ws/install/opencv_tests:/home/adam/Sensor-Fusion-And-Autonomous-Racing-Cars/ros_ws/install/arc_startup:/home/adam/Sensor-Fusion-And-Autonomous-Racing-Cars/ros_ws/install/servo_controller:/home/adam/Sensor-Fusion-And-Autonomous-Racing-Cars/ros_ws/install/motor_controller:/home/adam/Sensor-Fusion-And-Autonomous-Racing-Cars/ros_ws/install/camera_sensor:/opt/ros/foxy /usr/bin/cmake --build /home/adam/Sensor-Fusion-And-Autonomous-Racing-Cars/ros_ws/build/image_transport -- -j4 -l4
[3.433s] [  6%] Built target gtest_main
[3.566s] [ 13%] Built target gtest
[3.696s] [ 40%] Built target image_transport
[4.372s] [ 46%] Built target list_transports
[4.456s] [ 53%] Built target image_transport-remapping
[4.481s] [ 60%] Built target republish
[4.485s] [ 66%] Built target image_transport_plugins
[4.825s] [ 73%] Built target image_transport-camera_common
[4.933s] [ 80%] Built target image_transport-subscriber
[4.977s] [ 86%] Built target image_transport-publisher
[5.035s] [ 93%] Built target image_transport-message_passing
[5.195s] [100%] Built target image_transport-single_subscriber_publisher
[5.280s] Invoked command in '/home/adam/Sensor-Fusion-And-Autonomous-Racing-Cars/ros_ws/build/image_transport' returned '0': CMAKE_PREFIX_PATH=${CMAKE_PREFIX_PATH}:/home/adam/Sensor-Fusion-And-Autonomous-Racing-Cars/ros_ws/install/opencv_tests:/home/adam/Sensor-Fusion-And-Autonomous-Racing-Cars/ros_ws/install/arc_startup:/home/adam/Sensor-Fusion-And-Autonomous-Racing-Cars/ros_ws/install/servo_controller:/home/adam/Sensor-Fusion-And-Autonomous-Racing-Cars/ros_ws/install/motor_controller:/home/adam/Sensor-Fusion-And-Autonomous-Racing-Cars/ros_ws/install/camera_sensor:/opt/ros/foxy /usr/bin/cmake --build /home/adam/Sensor-Fusion-And-Autonomous-Racing-Cars/ros_ws/build/image_transport -- -j4 -l4
[9.000s] Invoking command in '/home/adam/Sensor-Fusion-And-Autonomous-Racing-Cars/ros_ws/build/image_transport': CMAKE_PREFIX_PATH=${CMAKE_PREFIX_PATH}:/home/adam/Sensor-Fusion-And-Autonomous-Racing-Cars/ros_ws/install/opencv_tests:/home/adam/Sensor-Fusion-And-Autonomous-Racing-Cars/ros_ws/install/arc_startup:/home/adam/Sensor-Fusion-And-Autonomous-Racing-Cars/ros_ws/install/servo_controller:/home/adam/Sensor-Fusion-And-Autonomous-Racing-Cars/ros_ws/install/motor_controller:/home/adam/Sensor-Fusion-And-Autonomous-Racing-Cars/ros_ws/install/camera_sensor:/opt/ros/foxy /usr/bin/cmake --install /home/adam/Sensor-Fusion-And-Autonomous-Racing-Cars/ros_ws/build/image_transport
[9.066s] -- Install configuration: ""
[9.069s] -- Up-to-date: /home/adam/Sensor-Fusion-And-Autonomous-Racing-Cars/ros_ws/install/image_transport/share/image_transport/default_plugins.xml
[9.070s] -- Up-to-date: /home/adam/Sensor-Fusion-And-Autonomous-Racing-Cars/ros_ws/install/image_transport/lib/libimage_transport.so
[9.070s] -- Up-to-date: /home/adam/Sensor-Fusion-And-Autonomous-Racing-Cars/ros_ws/install/image_transport/lib/libimage_transport_plugins.so
[9.076s] -- Up-to-date: /home/adam/Sensor-Fusion-And-Autonomous-Racing-Cars/ros_ws/install/image_transport/lib/image_transport/list_transports
[9.081s] -- Up-to-date: /home/adam/Sensor-Fusion-And-Autonomous-Racing-Cars/ros_ws/install/image_transport/lib/image_transport/republish
[9.081s] -- Up-to-date: /home/adam/Sensor-Fusion-And-Autonomous-Racing-Cars/ros_ws/install/image_transport/include
[9.082s] -- Up-to-date: /home/adam/Sensor-Fusion-And-Autonomous-Racing-Cars/ros_ws/install/image_transport/include/image_transport
[9.083s] -- Up-to-date: /home/adam/Sensor-Fusion-And-Autonomous-Racing-Cars/ros_ws/install/image_transport/include/image_transport/camera_subscriber.h
[9.085s] -- Up-to-date: /home/adam/Sensor-Fusion-And-Autonomous-Racing-Cars/ros_ws/install/image_transport/include/image_transport/simple_publisher_plugin.hpp
[9.086s] -- Up-to-date: /home/adam/Sensor-Fusion-And-Autonomous-Racing-Cars/ros_ws/install/image_transport/include/image_transport/simple_subscriber_plugin.hpp
[9.087s] -- Up-to-date: /home/adam/Sensor-Fusion-And-Autonomous-Racing-Cars/ros_ws/install/image_transport/include/image_transport/simple_subscriber_plugin.h
[9.089s] -- Up-to-date: /home/adam/Sensor-Fusion-And-Autonomous-Racing-Cars/ros_ws/install/image_transport/include/image_transport/single_subscriber_publisher.h
[9.090s] -- Up-to-date: /home/adam/Sensor-Fusion-And-Autonomous-Racing-Cars/ros_ws/install/image_transport/include/image_transport/subscriber_plugin.h
[9.092s] -- Up-to-date: /home/adam/Sensor-Fusion-And-Autonomous-Racing-Cars/ros_ws/install/image_transport/include/image_transport/publisher_plugin.h
[9.093s] -- Up-to-date: /home/adam/Sensor-Fusion-And-Autonomous-Racing-Cars/ros_ws/install/image_transport/include/image_transport/subscriber_filter.h
[9.094s] -- Up-to-date: /home/adam/Sensor-Fusion-And-Autonomous-Racing-Cars/ros_ws/install/image_transport/include/image_transport/publisher.hpp
[9.101s] -- Up-to-date: /home/adam/Sensor-Fusion-And-Autonomous-Racing-Cars/ros_ws/install/image_transport/include/image_transport/exception.h
[9.102s] -- Up-to-date: /home/adam/Sensor-Fusion-And-Autonomous-Racing-Cars/ros_ws/install/image_transport/include/image_transport/exception.hpp
[9.103s] -- Up-to-date: /home/adam/Sensor-Fusion-And-Autonomous-Racing-Cars/ros_ws/install/image_transport/include/image_transport/simple_publisher_plugin.h
[9.103s] -- Up-to-date: /home/adam/Sensor-Fusion-And-Autonomous-Racing-Cars/ros_ws/install/image_transport/include/image_transport/camera_subscriber.hpp
[9.104s] -- Up-to-date: /home/adam/Sensor-Fusion-And-Autonomous-Racing-Cars/ros_ws/install/image_transport/include/image_transport/subscriber.h
[9.104s] -- Up-to-date: /home/adam/Sensor-Fusion-And-Autonomous-Racing-Cars/ros_ws/install/image_transport/include/image_transport/loader_fwds.h
[9.105s] -- Up-to-date: /home/adam/Sensor-Fusion-And-Autonomous-Racing-Cars/ros_ws/install/image_transport/include/image_transport/camera_common.hpp
[9.106s] -- Up-to-date: /home/adam/Sensor-Fusion-And-Autonomous-Racing-Cars/ros_ws/install/image_transport/include/image_transport/publisher_plugin.hpp
[9.108s] -- Up-to-date: /home/adam/Sensor-Fusion-And-Autonomous-Racing-Cars/ros_ws/install/image_transport/include/image_transport/image_transport.h
[9.108s] -- Up-to-date: /home/adam/Sensor-Fusion-And-Autonomous-Racing-Cars/ros_ws/install/image_transport/include/image_transport/raw_subscriber.hpp
[9.109s] -- Up-to-date: /home/adam/Sensor-Fusion-And-Autonomous-Racing-Cars/ros_ws/install/image_transport/include/image_transport/camera_publisher.h
[9.109s] -- Up-to-date: /home/adam/Sensor-Fusion-And-Autonomous-Racing-Cars/ros_ws/install/image_transport/include/image_transport/visibility_control.hpp
[9.109s] -- Up-to-date: /home/adam/Sensor-Fusion-And-Autonomous-Racing-Cars/ros_ws/install/image_transport/include/image_transport/subscriber_filter.hpp
[9.110s] -- Up-to-date: /home/adam/Sensor-Fusion-And-Autonomous-Racing-Cars/ros_ws/install/image_transport/include/image_transport/raw_subscriber.h
[9.110s] -- Up-to-date: /home/adam/Sensor-Fusion-And-Autonomous-Racing-Cars/ros_ws/install/image_transport/include/image_transport/loader_fwds.hpp
[9.111s] -- Up-to-date: /home/adam/Sensor-Fusion-And-Autonomous-Racing-Cars/ros_ws/install/image_transport/include/image_transport/raw_publisher.hpp
[9.124s] -- Up-to-date: /home/adam/Sensor-Fusion-And-Autonomous-Racing-Cars/ros_ws/install/image_transport/include/image_transport/publisher.h
[9.124s] -- Up-to-date: /home/adam/Sensor-Fusion-And-Autonomous-Racing-Cars/ros_ws/install/image_transport/include/image_transport/transport_hints.h
[9.125s] -- Up-to-date: /home/adam/Sensor-Fusion-And-Autonomous-Racing-Cars/ros_ws/install/image_transport/include/image_transport/transport_hints.hpp
[9.125s] -- Up-to-date: /home/adam/Sensor-Fusion-And-Autonomous-Racing-Cars/ros_ws/install/image_transport/include/image_transport/single_subscriber_publisher.hpp
[9.125s] -- Up-to-date: /home/adam/Sensor-Fusion-And-Autonomous-Racing-Cars/ros_ws/install/image_transport/include/image_transport/image_transport.hpp
[9.126s] -- Up-to-date: /home/adam/Sensor-Fusion-And-Autonomous-Racing-Cars/ros_ws/install/image_transport/include/image_transport/raw_publisher.h
[9.126s] -- Up-to-date: /home/adam/Sensor-Fusion-And-Autonomous-Racing-Cars/ros_ws/install/image_transport/include/image_transport/subscriber.hpp
[9.127s] -- Up-to-date: /home/adam/Sensor-Fusion-And-Autonomous-Racing-Cars/ros_ws/install/image_transport/include/image_transport/camera_common.h
[9.127s] -- Up-to-date: /home/adam/Sensor-Fusion-And-Autonomous-Racing-Cars/ros_ws/install/image_transport/include/image_transport/subscriber_plugin.hpp
[9.127s] -- Up-to-date: /home/adam/Sensor-Fusion-And-Autonomous-Racing-Cars/ros_ws/install/image_transport/include/image_transport/camera_publisher.hpp
[9.128s] -- Up-to-date: /home/adam/Sensor-Fusion-And-Autonomous-Racing-Cars/ros_ws/install/image_transport/share/image_transport/environment/library_path.sh
[9.128s] -- Up-to-date: /home/adam/Sensor-Fusion-And-Autonomous-Racing-Cars/ros_ws/install/image_transport/share/image_transport/environment/library_path.dsv
[9.129s] -- Up-to-date: /home/adam/Sensor-Fusion-And-Autonomous-Racing-Cars/ros_ws/install/image_transport/share/ament_index/resource_index/package_run_dependencies/image_transport
[9.130s] -- Up-to-date: /home/adam/Sensor-Fusion-And-Autonomous-Racing-Cars/ros_ws/install/image_transport/share/ament_index/resource_index/parent_prefix_path/image_transport
[9.131s] -- Up-to-date: /home/adam/Sensor-Fusion-And-Autonomous-Racing-Cars/ros_ws/install/image_transport/share/image_transport/environment/ament_prefix_path.sh
[9.131s] -- Up-to-date: /home/adam/Sensor-Fusion-And-Autonomous-Racing-Cars/ros_ws/install/image_transport/share/image_transport/environment/ament_prefix_path.dsv
[9.132s] -- Up-to-date: /home/adam/Sensor-Fusion-And-Autonomous-Racing-Cars/ros_ws/install/image_transport/share/image_transport/environment/path.sh
[9.133s] -- Up-to-date: /home/adam/Sensor-Fusion-And-Autonomous-Racing-Cars/ros_ws/install/image_transport/share/image_transport/environment/path.dsv
[9.134s] -- Up-to-date: /home/adam/Sensor-Fusion-And-Autonomous-Racing-Cars/ros_ws/install/image_transport/share/image_transport/local_setup.bash
[9.156s] -- Up-to-date: /home/adam/Sensor-Fusion-And-Autonomous-Racing-Cars/ros_ws/install/image_transport/share/image_transport/local_setup.sh
[9.158s] -- Up-to-date: /home/adam/Sensor-Fusion-And-Autonomous-Racing-Cars/ros_ws/install/image_transport/share/image_transport/local_setup.zsh
[9.158s] -- Up-to-date: /home/adam/Sensor-Fusion-And-Autonomous-Racing-Cars/ros_ws/install/image_transport/share/image_transport/local_setup.dsv
[9.159s] -- Installing: /home/adam/Sensor-Fusion-And-Autonomous-Racing-Cars/ros_ws/install/image_transport/share/image_transport/package.dsv
[9.160s] -- Up-to-date: /home/adam/Sensor-Fusion-And-Autonomous-Racing-Cars/ros_ws/install/image_transport/share/ament_index/resource_index/packages/image_transport
[9.160s] -- Up-to-date: /home/adam/Sensor-Fusion-And-Autonomous-Racing-Cars/ros_ws/install/image_transport/share/ament_index/resource_index/image_transport__pluginlib__plugin/image_transport
[9.161s] -- Up-to-date: /home/adam/Sensor-Fusion-And-Autonomous-Racing-Cars/ros_ws/install/image_transport/share/image_transport/cmake/ament_cmake_export_include_directories-extras.cmake
[9.161s] -- Up-to-date: /home/adam/Sensor-Fusion-And-Autonomous-Racing-Cars/ros_ws/install/image_transport/share/image_transport/cmake/ament_cmake_export_libraries-extras.cmake
[9.162s] -- Up-to-date: /home/adam/Sensor-Fusion-And-Autonomous-Racing-Cars/ros_ws/install/image_transport/share/image_transport/cmake/ament_cmake_export_dependencies-extras.cmake
[9.162s] -- Up-to-date: /home/adam/Sensor-Fusion-And-Autonomous-Racing-Cars/ros_ws/install/image_transport/share/image_transport/cmake/image_transportConfig.cmake
[9.163s] -- Up-to-date: /home/adam/Sensor-Fusion-And-Autonomous-Racing-Cars/ros_ws/install/image_transport/share/image_transport/cmake/image_transportConfig-version.cmake
[9.164s] -- Up-to-date: /home/adam/Sensor-Fusion-And-Autonomous-Racing-Cars/ros_ws/install/image_transport/share/image_transport/package.xml
[13.589s] Invoked command in '/home/adam/Sensor-Fusion-And-Autonomous-Racing-Cars/ros_ws/build/image_transport' returned '0': CMAKE_PREFIX_PATH=${CMAKE_PREFIX_PATH}:/home/adam/Sensor-Fusion-And-Autonomous-Racing-Cars/ros_ws/install/opencv_tests:/home/adam/Sensor-Fusion-And-Autonomous-Racing-Cars/ros_ws/install/arc_startup:/home/adam/Sensor-Fusion-And-Autonomous-Racing-Cars/ros_ws/install/servo_controller:/home/adam/Sensor-Fusion-And-Autonomous-Racing-Cars/ros_ws/install/motor_controller:/home/adam/Sensor-Fusion-And-Autonomous-Racing-Cars/ros_ws/install/camera_sensor:/opt/ros/foxy /usr/bin/cmake --install /home/adam/Sensor-Fusion-And-Autonomous-Racing-Cars/ros_ws/build/image_transport
