[11.990s] Invoking command in '/home/adam/Sensor-Fusion-And-Autonomous-Racing-Cars/ros_ws/src/arc_keyboard_control': PYTHONPATH=/home/adam/Sensor-Fusion-And-Autonomous-Racing-Cars/ros_ws/build/arc_keyboard_control/prefix_override:/home/adam/Sensor-Fusion-And-Autonomous-Racing-Cars/ros_ws/install/arc_keyboard_control/lib/python3.8/site-packages:${PYTHONPATH} /usr/bin/python3 setup.py egg_info --egg-base ../../build/arc_keyboard_control build --build-base /home/adam/Sensor-Fusion-And-Autonomous-Racing-Cars/ros_ws/build/arc_keyboard_control/build install --record /home/adam/Sensor-Fusion-And-Autonomous-Racing-Cars/ros_ws/build/arc_keyboard_control/install.log --install-scripts $base/lib/arc_keyboard_control --single-version-externally-managed
[14.872s] running egg_info
[14.879s] writing ../../build/arc_keyboard_control/arc_keyboard_control.egg-info/PKG-INFO
[14.884s] writing dependency_links to ../../build/arc_keyboard_control/arc_keyboard_control.egg-info/dependency_links.txt
[14.889s] writing entry points to ../../build/arc_keyboard_control/arc_keyboard_control.egg-info/entry_points.txt
[14.891s] writing requirements to ../../build/arc_keyboard_control/arc_keyboard_control.egg-info/requires.txt
[14.892s] writing top-level names to ../../build/arc_keyboard_control/arc_keyboard_control.egg-info/top_level.txt
[15.268s] reading manifest file '../../build/arc_keyboard_control/arc_keyboard_control.egg-info/SOURCES.txt'
[15.282s] writing manifest file '../../build/arc_keyboard_control/arc_keyboard_control.egg-info/SOURCES.txt'
[15.286s] running build
[15.287s] running build_py
[15.289s] copying arc_keyboard_control/keyboard_control.py -> /home/adam/Sensor-Fusion-And-Autonomous-Racing-Cars/ros_ws/build/arc_keyboard_control/build/lib/arc_keyboard_control
[15.290s] running install
[15.296s] running install_lib
[15.305s] copying /home/adam/Sensor-Fusion-And-Autonomous-Racing-Cars/ros_ws/build/arc_keyboard_control/build/lib/arc_keyboard_control/keyboard_control.py -> /home/adam/Sensor-Fusion-And-Autonomous-Racing-Cars/ros_ws/install/arc_keyboard_control/lib/python3.8/site-packages/arc_keyboard_control
[15.312s] byte-compiling /home/adam/Sensor-Fusion-And-Autonomous-Racing-Cars/ros_ws/install/arc_keyboard_control/lib/python3.8/site-packages/arc_keyboard_control/keyboard_control.py to keyboard_control.cpython-38.pyc
[15.329s] running install_data
[15.335s] running install_egg_info
[15.351s] removing '/home/adam/Sensor-Fusion-And-Autonomous-Racing-Cars/ros_ws/install/arc_keyboard_control/lib/python3.8/site-packages/arc_keyboard_control-0.0.0-py3.8.egg-info' (and everything under it)
[15.355s] Copying ../../build/arc_keyboard_control/arc_keyboard_control.egg-info to /home/adam/Sensor-Fusion-And-Autonomous-Racing-Cars/ros_ws/install/arc_keyboard_control/lib/python3.8/site-packages/arc_keyboard_control-0.0.0-py3.8.egg-info
[15.373s] running install_scripts
[15.537s] Installing keyboard_control script to /home/adam/Sensor-Fusion-And-Autonomous-Racing-Cars/ros_ws/install/arc_keyboard_control/lib/arc_keyboard_control
[15.541s] writing list of installed files to '/home/adam/Sensor-Fusion-And-Autonomous-Racing-Cars/ros_ws/build/arc_keyboard_control/install.log'
[15.720s] Invoked command in '/home/adam/Sensor-Fusion-And-Autonomous-Racing-Cars/ros_ws/src/arc_keyboard_control' returned '0': PYTHONPATH=/home/adam/Sensor-Fusion-And-Autonomous-Racing-Cars/ros_ws/build/arc_keyboard_control/prefix_override:/home/adam/Sensor-Fusion-And-Autonomous-Racing-Cars/ros_ws/install/arc_keyboard_control/lib/python3.8/site-packages:${PYTHONPATH} /usr/bin/python3 setup.py egg_info --egg-base ../../build/arc_keyboard_control build --build-base /home/adam/Sensor-Fusion-And-Autonomous-Racing-Cars/ros_ws/build/arc_keyboard_control/build install --record /home/adam/Sensor-Fusion-And-Autonomous-Racing-Cars/ros_ws/build/arc_keyboard_control/install.log --install-scripts $base/lib/arc_keyboard_control --single-version-externally-managed
