[2.503s] Invoking command in '/home/adam/Sensor-Fusion-And-Autonomous-Racing-Cars/ros_ws/build/image_transport': CMAKE_PREFIX_PATH=${CMAKE_PREFIX_PATH}:/home/adam/Sensor-Fusion-And-Autonomous-Racing-Cars/ros_ws/install/servo_controller:/home/adam/Sensor-Fusion-And-Autonomous-Racing-Cars/ros_ws/install/opencv_tests:/home/adam/Sensor-Fusion-And-Autonomous-Racing-Cars/ros_ws/install/motor_controller:/home/adam/Sensor-Fusion-And-Autonomous-Racing-Cars/ros_ws/install/camera_sensor:/home/adam/Sensor-Fusion-And-Autonomous-Racing-Cars/ros_ws/install/arc_startup:/opt/ros/foxy /usr/bin/cmake --build /home/adam/Sensor-Fusion-And-Autonomous-Racing-Cars/ros_ws/build/image_transport -- -j4 -l4
[3.115s] [  6%] Built target gtest_main
[3.141s] [ 13%] Built target gtest
[3.312s] [ 40%] Built target image_transport
[3.825s] [ 46%] Built target image_transport_plugins
[3.914s] [ 53%] Built target republish
[3.986s] [ 60%] Built target image_transport-remapping
[4.012s] [ 66%] Built target list_transports
[4.180s] [ 73%] Built target image_transport-camera_common
[4.293s] [ 80%] Built target image_transport-subscriber
[4.332s] [ 86%] Built target image_transport-publisher
[4.358s] [ 93%] Built target image_transport-message_passing
[4.496s] [100%] Built target image_transport-single_subscriber_publisher
[4.625s] Invoked command in '/home/adam/Sensor-Fusion-And-Autonomous-Racing-Cars/ros_ws/build/image_transport' returned '0': CMAKE_PREFIX_PATH=${CMAKE_PREFIX_PATH}:/home/adam/Sensor-Fusion-And-Autonomous-Racing-Cars/ros_ws/install/servo_controller:/home/adam/Sensor-Fusion-And-Autonomous-Racing-Cars/ros_ws/install/opencv_tests:/home/adam/Sensor-Fusion-And-Autonomous-Racing-Cars/ros_ws/install/motor_controller:/home/adam/Sensor-Fusion-And-Autonomous-Racing-Cars/ros_ws/install/camera_sensor:/home/adam/Sensor-Fusion-And-Autonomous-Racing-Cars/ros_ws/install/arc_startup:/opt/ros/foxy /usr/bin/cmake --build /home/adam/Sensor-Fusion-And-Autonomous-Racing-Cars/ros_ws/build/image_transport -- -j4 -l4
[7.829s] Invoking command in '/home/adam/Sensor-Fusion-And-Autonomous-Racing-Cars/ros_ws/build/image_transport': CMAKE_PREFIX_PATH=${CMAKE_PREFIX_PATH}:/home/adam/Sensor-Fusion-And-Autonomous-Racing-Cars/ros_ws/install/servo_controller:/home/adam/Sensor-Fusion-And-Autonomous-Racing-Cars/ros_ws/install/opencv_tests:/home/adam/Sensor-Fusion-And-Autonomous-Racing-Cars/ros_ws/install/motor_controller:/home/adam/Sensor-Fusion-And-Autonomous-Racing-Cars/ros_ws/install/camera_sensor:/home/adam/Sensor-Fusion-And-Autonomous-Racing-Cars/ros_ws/install/arc_startup:/opt/ros/foxy /usr/bin/cmake --install /home/adam/Sensor-Fusion-And-Autonomous-Racing-Cars/ros_ws/build/image_transport
[7.887s] -- Install configuration: ""
[7.887s] -- Up-to-date: /home/adam/Sensor-Fusion-And-Autonomous-Racing-Cars/ros_ws/install/image_transport/share/image_transport/default_plugins.xml
[7.888s] -- Up-to-date: /home/adam/Sensor-Fusion-And-Autonomous-Racing-Cars/ros_ws/install/image_transport/lib/libimage_transport.so
[7.889s] -- Up-to-date: /home/adam/Sensor-Fusion-And-Autonomous-Racing-Cars/ros_ws/install/image_transport/lib/libimage_transport_plugins.so
[7.892s] -- Up-to-date: /home/adam/Sensor-Fusion-And-Autonomous-Racing-Cars/ros_ws/install/image_transport/lib/image_transport/list_transports
[7.896s] -- Up-to-date: /home/adam/Sensor-Fusion-And-Autonomous-Racing-Cars/ros_ws/install/image_transport/lib/image_transport/republish
[7.897s] -- Up-to-date: /home/adam/Sensor-Fusion-And-Autonomous-Racing-Cars/ros_ws/install/image_transport/include
[7.897s] -- Up-to-date: /home/adam/Sensor-Fusion-And-Autonomous-Racing-Cars/ros_ws/install/image_transport/include/image_transport
[7.898s] -- Up-to-date: /home/adam/Sensor-Fusion-And-Autonomous-Racing-Cars/ros_ws/install/image_transport/include/image_transport/camera_subscriber.h
[7.899s] -- Up-to-date: /home/adam/Sensor-Fusion-And-Autonomous-Racing-Cars/ros_ws/install/image_transport/include/image_transport/simple_publisher_plugin.hpp
[7.900s] -- Up-to-date: /home/adam/Sensor-Fusion-And-Autonomous-Racing-Cars/ros_ws/install/image_transport/include/image_transport/simple_subscriber_plugin.hpp
[7.907s] -- Up-to-date: /home/adam/Sensor-Fusion-And-Autonomous-Racing-Cars/ros_ws/install/image_transport/include/image_transport/simple_subscriber_plugin.h
[7.908s] -- Up-to-date: /home/adam/Sensor-Fusion-And-Autonomous-Racing-Cars/ros_ws/install/image_transport/include/image_transport/single_subscriber_publisher.h
[7.909s] -- Up-to-date: /home/adam/Sensor-Fusion-And-Autonomous-Racing-Cars/ros_ws/install/image_transport/include/image_transport/subscriber_plugin.h
[7.910s] -- Up-to-date: /home/adam/Sensor-Fusion-And-Autonomous-Racing-Cars/ros_ws/install/image_transport/include/image_transport/publisher_plugin.h
[7.911s] -- Up-to-date: /home/adam/Sensor-Fusion-And-Autonomous-Racing-Cars/ros_ws/install/image_transport/include/image_transport/subscriber_filter.h
[7.911s] -- Up-to-date: /home/adam/Sensor-Fusion-And-Autonomous-Racing-Cars/ros_ws/install/image_transport/include/image_transport/publisher.hpp
[7.912s] -- Up-to-date: /home/adam/Sensor-Fusion-And-Autonomous-Racing-Cars/ros_ws/install/image_transport/include/image_transport/exception.h
[7.912s] -- Up-to-date: /home/adam/Sensor-Fusion-And-Autonomous-Racing-Cars/ros_ws/install/image_transport/include/image_transport/exception.hpp
[7.913s] -- Up-to-date: /home/adam/Sensor-Fusion-And-Autonomous-Racing-Cars/ros_ws/install/image_transport/include/image_transport/simple_publisher_plugin.h
[7.924s] -- Up-to-date: /home/adam/Sensor-Fusion-And-Autonomous-Racing-Cars/ros_ws/install/image_transport/include/image_transport/camera_subscriber.hpp
[7.926s] -- Up-to-date: /home/adam/Sensor-Fusion-And-Autonomous-Racing-Cars/ros_ws/install/image_transport/include/image_transport/subscriber.h
[7.929s] -- Up-to-date: /home/adam/Sensor-Fusion-And-Autonomous-Racing-Cars/ros_ws/install/image_transport/include/image_transport/loader_fwds.h
[7.936s] -- Up-to-date: /home/adam/Sensor-Fusion-And-Autonomous-Racing-Cars/ros_ws/install/image_transport/include/image_transport/camera_common.hpp
[7.938s] -- Up-to-date: /home/adam/Sensor-Fusion-And-Autonomous-Racing-Cars/ros_ws/install/image_transport/include/image_transport/publisher_plugin.hpp
[7.939s] -- Up-to-date: /home/adam/Sensor-Fusion-And-Autonomous-Racing-Cars/ros_ws/install/image_transport/include/image_transport/image_transport.h
[7.942s] -- Up-to-date: /home/adam/Sensor-Fusion-And-Autonomous-Racing-Cars/ros_ws/install/image_transport/include/image_transport/raw_subscriber.hpp
[7.944s] -- Up-to-date: /home/adam/Sensor-Fusion-And-Autonomous-Racing-Cars/ros_ws/install/image_transport/include/image_transport/camera_publisher.h
[7.946s] -- Up-to-date: /home/adam/Sensor-Fusion-And-Autonomous-Racing-Cars/ros_ws/install/image_transport/include/image_transport/visibility_control.hpp
[7.948s] -- Up-to-date: /home/adam/Sensor-Fusion-And-Autonomous-Racing-Cars/ros_ws/install/image_transport/include/image_transport/subscriber_filter.hpp
[7.950s] -- Up-to-date: /home/adam/Sensor-Fusion-And-Autonomous-Racing-Cars/ros_ws/install/image_transport/include/image_transport/raw_subscriber.h
[7.954s] -- Up-to-date: /home/adam/Sensor-Fusion-And-Autonomous-Racing-Cars/ros_ws/install/image_transport/include/image_transport/loader_fwds.hpp
[7.956s] -- Up-to-date: /home/adam/Sensor-Fusion-And-Autonomous-Racing-Cars/ros_ws/install/image_transport/include/image_transport/raw_publisher.hpp
[7.958s] -- Up-to-date: /home/adam/Sensor-Fusion-And-Autonomous-Racing-Cars/ros_ws/install/image_transport/include/image_transport/publisher.h
[7.960s] -- Up-to-date: /home/adam/Sensor-Fusion-And-Autonomous-Racing-Cars/ros_ws/install/image_transport/include/image_transport/transport_hints.h
[7.962s] -- Up-to-date: /home/adam/Sensor-Fusion-And-Autonomous-Racing-Cars/ros_ws/install/image_transport/include/image_transport/transport_hints.hpp
[7.964s] -- Up-to-date: /home/adam/Sensor-Fusion-And-Autonomous-Racing-Cars/ros_ws/install/image_transport/include/image_transport/single_subscriber_publisher.hpp
[7.968s] -- Up-to-date: /home/adam/Sensor-Fusion-And-Autonomous-Racing-Cars/ros_ws/install/image_transport/include/image_transport/image_transport.hpp
[7.969s] -- Up-to-date: /home/adam/Sensor-Fusion-And-Autonomous-Racing-Cars/ros_ws/install/image_transport/include/image_transport/raw_publisher.h
[7.970s] -- Up-to-date: /home/adam/Sensor-Fusion-And-Autonomous-Racing-Cars/ros_ws/install/image_transport/include/image_transport/subscriber.hpp
[7.970s] -- Up-to-date: /home/adam/Sensor-Fusion-And-Autonomous-Racing-Cars/ros_ws/install/image_transport/include/image_transport/camera_common.h
[7.971s] -- Up-to-date: /home/adam/Sensor-Fusion-And-Autonomous-Racing-Cars/ros_ws/install/image_transport/include/image_transport/subscriber_plugin.hpp
[7.972s] -- Up-to-date: /home/adam/Sensor-Fusion-And-Autonomous-Racing-Cars/ros_ws/install/image_transport/include/image_transport/camera_publisher.hpp
[7.972s] -- Up-to-date: /home/adam/Sensor-Fusion-And-Autonomous-Racing-Cars/ros_ws/install/image_transport/share/image_transport/environment/library_path.sh
[7.973s] -- Up-to-date: /home/adam/Sensor-Fusion-And-Autonomous-Racing-Cars/ros_ws/install/image_transport/share/image_transport/environment/library_path.dsv
[7.973s] -- Up-to-date: /home/adam/Sensor-Fusion-And-Autonomous-Racing-Cars/ros_ws/install/image_transport/share/ament_index/resource_index/package_run_dependencies/image_transport
[7.974s] -- Up-to-date: /home/adam/Sensor-Fusion-And-Autonomous-Racing-Cars/ros_ws/install/image_transport/share/ament_index/resource_index/parent_prefix_path/image_transport
[7.974s] -- Up-to-date: /home/adam/Sensor-Fusion-And-Autonomous-Racing-Cars/ros_ws/install/image_transport/share/image_transport/environment/ament_prefix_path.sh
[7.975s] -- Up-to-date: /home/adam/Sensor-Fusion-And-Autonomous-Racing-Cars/ros_ws/install/image_transport/share/image_transport/environment/ament_prefix_path.dsv
[7.976s] -- Up-to-date: /home/adam/Sensor-Fusion-And-Autonomous-Racing-Cars/ros_ws/install/image_transport/share/image_transport/environment/path.sh
[7.976s] -- Up-to-date: /home/adam/Sensor-Fusion-And-Autonomous-Racing-Cars/ros_ws/install/image_transport/share/image_transport/environment/path.dsv
[7.977s] -- Up-to-date: /home/adam/Sensor-Fusion-And-Autonomous-Racing-Cars/ros_ws/install/image_transport/share/image_transport/local_setup.bash
[7.977s] -- Up-to-date: /home/adam/Sensor-Fusion-And-Autonomous-Racing-Cars/ros_ws/install/image_transport/share/image_transport/local_setup.sh
[7.978s] -- Up-to-date: /home/adam/Sensor-Fusion-And-Autonomous-Racing-Cars/ros_ws/install/image_transport/share/image_transport/local_setup.zsh
[7.979s] -- Up-to-date: /home/adam/Sensor-Fusion-And-Autonomous-Racing-Cars/ros_ws/install/image_transport/share/image_transport/local_setup.dsv
[7.981s] -- Installing: /home/adam/Sensor-Fusion-And-Autonomous-Racing-Cars/ros_ws/install/image_transport/share/image_transport/package.dsv
[7.983s] -- Up-to-date: /home/adam/Sensor-Fusion-And-Autonomous-Racing-Cars/ros_ws/install/image_transport/share/ament_index/resource_index/packages/image_transport
[7.986s] -- Up-to-date: /home/adam/Sensor-Fusion-And-Autonomous-Racing-Cars/ros_ws/install/image_transport/share/ament_index/resource_index/image_transport__pluginlib__plugin/image_transport
[7.987s] -- Up-to-date: /home/adam/Sensor-Fusion-And-Autonomous-Racing-Cars/ros_ws/install/image_transport/share/image_transport/cmake/ament_cmake_export_include_directories-extras.cmake
[7.991s] -- Up-to-date: /home/adam/Sensor-Fusion-And-Autonomous-Racing-Cars/ros_ws/install/image_transport/share/image_transport/cmake/ament_cmake_export_libraries-extras.cmake
[7.994s] -- Up-to-date: /home/adam/Sensor-Fusion-And-Autonomous-Racing-Cars/ros_ws/install/image_transport/share/image_transport/cmake/ament_cmake_export_dependencies-extras.cmake
[7.996s] -- Up-to-date: /home/adam/Sensor-Fusion-And-Autonomous-Racing-Cars/ros_ws/install/image_transport/share/image_transport/cmake/image_transportConfig.cmake
[7.998s] -- Up-to-date: /home/adam/Sensor-Fusion-And-Autonomous-Racing-Cars/ros_ws/install/image_transport/share/image_transport/cmake/image_transportConfig-version.cmake
[8.001s] -- Up-to-date: /home/adam/Sensor-Fusion-And-Autonomous-Racing-Cars/ros_ws/install/image_transport/share/image_transport/package.xml
[11.910s] Invoked command in '/home/adam/Sensor-Fusion-And-Autonomous-Racing-Cars/ros_ws/build/image_transport' returned '0': CMAKE_PREFIX_PATH=${CMAKE_PREFIX_PATH}:/home/adam/Sensor-Fusion-And-Autonomous-Racing-Cars/ros_ws/install/servo_controller:/home/adam/Sensor-Fusion-And-Autonomous-Racing-Cars/ros_ws/install/opencv_tests:/home/adam/Sensor-Fusion-And-Autonomous-Racing-Cars/ros_ws/install/motor_controller:/home/adam/Sensor-Fusion-And-Autonomous-Racing-Cars/ros_ws/install/camera_sensor:/home/adam/Sensor-Fusion-And-Autonomous-Racing-Cars/ros_ws/install/arc_startup:/opt/ros/foxy /usr/bin/cmake --install /home/adam/Sensor-Fusion-And-Autonomous-Racing-Cars/ros_ws/build/image_transport
