[29.928s] DEBUG:colcon:Command line arguments: ['/usr/bin/colcon', 'build', '--packages-select', 'motor_controller']
[29.929s] DEBUG:colcon:Parsed command line arguments: Namespace(allow_overriding=[], ament_cmake_args=None, base_paths=['.'], build_base='build', catkin_cmake_args=None, catkin_skip_building_tests=False, cmake_args=None, cmake_clean_cache=False, cmake_clean_first=False, cmake_force_configure=False, cmake_target=None, cmake_target_skip_unavailable=False, continue_on_error=False, event_handlers=None, executor='parallel', ignore_user_meta=False, install_base='install', log_base=None, log_level=None, main=<bound method BuildVerb.main of <colcon_core.verb.build.BuildVerb object at 0xffff86ce8a60>>, merge_install=False, metas=['./colcon.meta'], packages_above=None, packages_above_and_dependencies=None, packages_above_depth=None, packages_end=None, packages_ignore=None, packages_ignore_regex=None, packages_select=['motor_controller'], packages_select_build_failed=False, packages_select_by_dep=None, packages_select_regex=None, packages_select_test_failures=False, packages_skip=None, packages_skip_build_finished=False, packages_skip_by_dep=None, packages_skip_regex=None, packages_skip_test_passed=False, packages_skip_up_to=None, packages_start=None, packages_up_to=None, packages_up_to_regex=None, parallel_workers=4, paths=None, symlink_install=False, test_result_base=None, verb_extension=<colcon_core.verb.build.BuildVerb object at 0xffff86ce8a60>, verb_name='build', verb_parser=<colcon_defaults.argument_parser.defaults.DefaultArgumentsDecorator object at 0xffff86d28880>)
[31.218s] Level 1:colcon.colcon_core.package_discovery:discover_packages(colcon_meta) check parameters
[31.219s] Level 1:colcon.colcon_core.package_discovery:discover_packages(recursive) check parameters
[31.220s] Level 1:colcon.colcon_core.package_discovery:discover_packages(ignore) check parameters
[31.220s] Level 1:colcon.colcon_core.package_discovery:discover_packages(path) check parameters
[31.221s] Level 1:colcon.colcon_core.package_discovery:discover_packages(colcon_meta) discover
[31.221s] Level 1:colcon.colcon_core.package_discovery:discover_packages(recursive) discover
[31.222s] INFO:colcon.colcon_core.package_discovery:Crawling recursively for packages in '/home/adam/Sensor-Fusion-And-Autonomous-Racing-Cars/ros_ws'
[31.223s] Level 1:colcon.colcon_core.package_identification:_identify(.) by extensions ['ignore', 'ignore_ament_install']
[31.224s] Level 1:colcon.colcon_core.package_identification:_identify(.) by extension 'ignore'
[31.225s] Level 1:colcon.colcon_core.package_identification:_identify(.) by extension 'ignore_ament_install'
[31.225s] Level 1:colcon.colcon_core.package_identification:_identify(.) by extensions ['colcon_pkg']
[31.226s] Level 1:colcon.colcon_core.package_identification:_identify(.) by extension 'colcon_pkg'
[31.227s] Level 1:colcon.colcon_core.package_identification:_identify(.) by extensions ['colcon_meta']
[31.227s] Level 1:colcon.colcon_core.package_identification:_identify(.) by extension 'colcon_meta'
[31.227s] Level 1:colcon.colcon_core.package_identification:_identify(.) by extensions ['ros']
[31.228s] Level 1:colcon.colcon_core.package_identification:_identify(.) by extension 'ros'
[31.344s] Level 1:colcon.colcon_core.package_identification:_identify(.) by extensions ['cmake', 'python']
[31.345s] Level 1:colcon.colcon_core.package_identification:_identify(.) by extension 'cmake'
[31.345s] Level 1:colcon.colcon_core.package_identification:_identify(.) by extension 'python'
[31.346s] Level 1:colcon.colcon_core.package_identification:_identify(.) by extensions ['python_setup_py']
[31.346s] Level 1:colcon.colcon_core.package_identification:_identify(.) by extension 'python_setup_py'
[31.348s] Level 1:colcon.colcon_core.package_identification:_identify(build) by extensions ['ignore', 'ignore_ament_install']
[31.349s] Level 1:colcon.colcon_core.package_identification:_identify(build) by extension 'ignore'
[31.350s] Level 1:colcon.colcon_core.package_identification:_identify(build) ignored
[31.352s] Level 1:colcon.colcon_core.package_identification:_identify(install) by extensions ['ignore', 'ignore_ament_install']
[31.353s] Level 1:colcon.colcon_core.package_identification:_identify(install) by extension 'ignore'
[31.354s] Level 1:colcon.colcon_core.package_identification:_identify(install) ignored
[31.359s] Level 1:colcon.colcon_core.package_identification:_identify(log) by extensions ['ignore', 'ignore_ament_install']
[31.360s] Level 1:colcon.colcon_core.package_identification:_identify(log) by extension 'ignore'
[31.361s] Level 1:colcon.colcon_core.package_identification:_identify(log) ignored
[31.362s] Level 1:colcon.colcon_core.package_identification:_identify(src) by extensions ['ignore', 'ignore_ament_install']
[31.364s] Level 1:colcon.colcon_core.package_identification:_identify(src) by extension 'ignore'
[31.365s] Level 1:colcon.colcon_core.package_identification:_identify(src) by extension 'ignore_ament_install'
[31.365s] Level 1:colcon.colcon_core.package_identification:_identify(src) by extensions ['colcon_pkg']
[31.366s] Level 1:colcon.colcon_core.package_identification:_identify(src) by extension 'colcon_pkg'
[31.366s] Level 1:colcon.colcon_core.package_identification:_identify(src) by extensions ['colcon_meta']
[31.367s] Level 1:colcon.colcon_core.package_identification:_identify(src) by extension 'colcon_meta'
[31.368s] Level 1:colcon.colcon_core.package_identification:_identify(src) by extensions ['ros']
[31.368s] Level 1:colcon.colcon_core.package_identification:_identify(src) by extension 'ros'
[31.369s] Level 1:colcon.colcon_core.package_identification:_identify(src) by extensions ['cmake', 'python']
[31.369s] Level 1:colcon.colcon_core.package_identification:_identify(src) by extension 'cmake'
[31.370s] Level 1:colcon.colcon_core.package_identification:_identify(src) by extension 'python'
[31.370s] Level 1:colcon.colcon_core.package_identification:_identify(src) by extensions ['python_setup_py']
[31.371s] Level 1:colcon.colcon_core.package_identification:_identify(src) by extension 'python_setup_py'
[31.372s] Level 1:colcon.colcon_core.package_identification:_identify(src/arc_startup) by extensions ['ignore', 'ignore_ament_install']
[31.373s] Level 1:colcon.colcon_core.package_identification:_identify(src/arc_startup) by extension 'ignore'
[31.374s] Level 1:colcon.colcon_core.package_identification:_identify(src/arc_startup) by extension 'ignore_ament_install'
[31.375s] Level 1:colcon.colcon_core.package_identification:_identify(src/arc_startup) by extensions ['colcon_pkg']
[31.375s] Level 1:colcon.colcon_core.package_identification:_identify(src/arc_startup) by extension 'colcon_pkg'
[31.376s] Level 1:colcon.colcon_core.package_identification:_identify(src/arc_startup) by extensions ['colcon_meta']
[31.376s] Level 1:colcon.colcon_core.package_identification:_identify(src/arc_startup) by extension 'colcon_meta'
[31.377s] Level 1:colcon.colcon_core.package_identification:_identify(src/arc_startup) by extensions ['ros']
[31.377s] Level 1:colcon.colcon_core.package_identification:_identify(src/arc_startup) by extension 'ros'
[31.397s] DEBUG:colcon.colcon_core.package_identification:Package 'src/arc_startup' with type 'ros.ament_python' and name 'arc_startup'
[31.399s] Level 1:colcon.colcon_core.package_identification:_identify(src/camera_sensor) by extensions ['ignore', 'ignore_ament_install']
[31.400s] Level 1:colcon.colcon_core.package_identification:_identify(src/camera_sensor) by extension 'ignore'
[31.401s] Level 1:colcon.colcon_core.package_identification:_identify(src/camera_sensor) by extension 'ignore_ament_install'
[31.402s] Level 1:colcon.colcon_core.package_identification:_identify(src/camera_sensor) by extensions ['colcon_pkg']
[31.402s] Level 1:colcon.colcon_core.package_identification:_identify(src/camera_sensor) by extension 'colcon_pkg'
[31.403s] Level 1:colcon.colcon_core.package_identification:_identify(src/camera_sensor) by extensions ['colcon_meta']
[31.403s] Level 1:colcon.colcon_core.package_identification:_identify(src/camera_sensor) by extension 'colcon_meta'
[31.404s] Level 1:colcon.colcon_core.package_identification:_identify(src/camera_sensor) by extensions ['ros']
[31.404s] Level 1:colcon.colcon_core.package_identification:_identify(src/camera_sensor) by extension 'ros'
[31.409s] DEBUG:colcon.colcon_core.package_identification:Package 'src/camera_sensor' with type 'ros.ament_python' and name 'camera_sensor'
[31.411s] Level 1:colcon.colcon_core.package_identification:_identify(src/image_common) by extensions ['ignore', 'ignore_ament_install']
[31.412s] Level 1:colcon.colcon_core.package_identification:_identify(src/image_common) by extension 'ignore'
[31.412s] Level 1:colcon.colcon_core.package_identification:_identify(src/image_common) by extension 'ignore_ament_install'
[31.413s] Level 1:colcon.colcon_core.package_identification:_identify(src/image_common) by extensions ['colcon_pkg']
[31.414s] Level 1:colcon.colcon_core.package_identification:_identify(src/image_common) by extension 'colcon_pkg'
[31.414s] Level 1:colcon.colcon_core.package_identification:_identify(src/image_common) by extensions ['colcon_meta']
[31.414s] Level 1:colcon.colcon_core.package_identification:_identify(src/image_common) by extension 'colcon_meta'
[31.415s] Level 1:colcon.colcon_core.package_identification:_identify(src/image_common) by extensions ['ros']
[31.415s] Level 1:colcon.colcon_core.package_identification:_identify(src/image_common) by extension 'ros'
[31.416s] Level 1:colcon.colcon_core.package_identification:_identify(src/image_common) by extensions ['cmake', 'python']
[31.417s] Level 1:colcon.colcon_core.package_identification:_identify(src/image_common) by extension 'cmake'
[31.417s] Level 1:colcon.colcon_core.package_identification:_identify(src/image_common) by extension 'python'
[31.418s] Level 1:colcon.colcon_core.package_identification:_identify(src/image_common) by extensions ['python_setup_py']
[31.418s] Level 1:colcon.colcon_core.package_identification:_identify(src/image_common) by extension 'python_setup_py'
[31.420s] Level 1:colcon.colcon_core.package_identification:_identify(src/image_transport_plugins) by extensions ['ignore', 'ignore_ament_install']
[31.421s] Level 1:colcon.colcon_core.package_identification:_identify(src/image_transport_plugins) by extension 'ignore'
[31.421s] Level 1:colcon.colcon_core.package_identification:_identify(src/image_transport_plugins) by extension 'ignore_ament_install'
[31.422s] Level 1:colcon.colcon_core.package_identification:_identify(src/image_transport_plugins) by extensions ['colcon_pkg']
[31.423s] Level 1:colcon.colcon_core.package_identification:_identify(src/image_transport_plugins) by extension 'colcon_pkg'
[31.423s] Level 1:colcon.colcon_core.package_identification:_identify(src/image_transport_plugins) by extensions ['colcon_meta']
[31.424s] Level 1:colcon.colcon_core.package_identification:_identify(src/image_transport_plugins) by extension 'colcon_meta'
[31.424s] Level 1:colcon.colcon_core.package_identification:_identify(src/image_transport_plugins) by extensions ['ros']
[31.424s] Level 1:colcon.colcon_core.package_identification:_identify(src/image_transport_plugins) by extension 'ros'
[31.425s] Level 1:colcon.colcon_core.package_identification:_identify(src/image_transport_plugins) by extensions ['cmake', 'python']
[31.426s] Level 1:colcon.colcon_core.package_identification:_identify(src/image_transport_plugins) by extension 'cmake'
[31.426s] Level 1:colcon.colcon_core.package_identification:_identify(src/image_transport_plugins) by extension 'python'
[31.427s] Level 1:colcon.colcon_core.package_identification:_identify(src/image_transport_plugins) by extensions ['python_setup_py']
[31.427s] Level 1:colcon.colcon_core.package_identification:_identify(src/image_transport_plugins) by extension 'python_setup_py'
[31.429s] Level 1:colcon.colcon_core.package_identification:_identify(src/image_transport_plugins/compressed_depth_image_transport) by extensions ['ignore', 'ignore_ament_install']
[31.430s] Level 1:colcon.colcon_core.package_identification:_identify(src/image_transport_plugins/compressed_depth_image_transport) by extension 'ignore'
[31.431s] Level 1:colcon.colcon_core.package_identification:_identify(src/image_transport_plugins/compressed_depth_image_transport) by extension 'ignore_ament_install'
[31.432s] Level 1:colcon.colcon_core.package_identification:_identify(src/image_transport_plugins/compressed_depth_image_transport) by extensions ['colcon_pkg']
[31.432s] Level 1:colcon.colcon_core.package_identification:_identify(src/image_transport_plugins/compressed_depth_image_transport) by extension 'colcon_pkg'
[31.433s] Level 1:colcon.colcon_core.package_identification:_identify(src/image_transport_plugins/compressed_depth_image_transport) by extensions ['colcon_meta']
[31.433s] Level 1:colcon.colcon_core.package_identification:_identify(src/image_transport_plugins/compressed_depth_image_transport) by extension 'colcon_meta'
[31.434s] Level 1:colcon.colcon_core.package_identification:_identify(src/image_transport_plugins/compressed_depth_image_transport) by extensions ['ros']
[31.434s] Level 1:colcon.colcon_core.package_identification:_identify(src/image_transport_plugins/compressed_depth_image_transport) by extension 'ros'
[31.442s] DEBUG:colcon.colcon_core.package_identification:Package 'src/image_transport_plugins/compressed_depth_image_transport' with type 'ros.ament_cmake' and name 'compressed_depth_image_transport'
[31.444s] Level 1:colcon.colcon_core.package_identification:_identify(src/image_transport_plugins/compressed_image_transport) by extensions ['ignore', 'ignore_ament_install']
[31.445s] Level 1:colcon.colcon_core.package_identification:_identify(src/image_transport_plugins/compressed_image_transport) by extension 'ignore'
[31.446s] Level 1:colcon.colcon_core.package_identification:_identify(src/image_transport_plugins/compressed_image_transport) by extension 'ignore_ament_install'
[31.446s] Level 1:colcon.colcon_core.package_identification:_identify(src/image_transport_plugins/compressed_image_transport) by extensions ['colcon_pkg']
[31.447s] Level 1:colcon.colcon_core.package_identification:_identify(src/image_transport_plugins/compressed_image_transport) by extension 'colcon_pkg'
[31.447s] Level 1:colcon.colcon_core.package_identification:_identify(src/image_transport_plugins/compressed_image_transport) by extensions ['colcon_meta']
[31.448s] Level 1:colcon.colcon_core.package_identification:_identify(src/image_transport_plugins/compressed_image_transport) by extension 'colcon_meta'
[31.449s] Level 1:colcon.colcon_core.package_identification:_identify(src/image_transport_plugins/compressed_image_transport) by extensions ['ros']
[31.449s] Level 1:colcon.colcon_core.package_identification:_identify(src/image_transport_plugins/compressed_image_transport) by extension 'ros'
[31.456s] DEBUG:colcon.colcon_core.package_identification:Package 'src/image_transport_plugins/compressed_image_transport' with type 'ros.ament_cmake' and name 'compressed_image_transport'
[31.457s] Level 1:colcon.colcon_core.package_identification:_identify(src/image_transport_plugins/image_transport_plugins) by extensions ['ignore', 'ignore_ament_install']
[31.458s] Level 1:colcon.colcon_core.package_identification:_identify(src/image_transport_plugins/image_transport_plugins) by extension 'ignore'
[31.459s] Level 1:colcon.colcon_core.package_identification:_identify(src/image_transport_plugins/image_transport_plugins) by extension 'ignore_ament_install'
[31.460s] Level 1:colcon.colcon_core.package_identification:_identify(src/image_transport_plugins/image_transport_plugins) by extensions ['colcon_pkg']
[31.460s] Level 1:colcon.colcon_core.package_identification:_identify(src/image_transport_plugins/image_transport_plugins) by extension 'colcon_pkg'
[31.461s] Level 1:colcon.colcon_core.package_identification:_identify(src/image_transport_plugins/image_transport_plugins) by extensions ['colcon_meta']
[31.461s] Level 1:colcon.colcon_core.package_identification:_identify(src/image_transport_plugins/image_transport_plugins) by extension 'colcon_meta'
[31.462s] Level 1:colcon.colcon_core.package_identification:_identify(src/image_transport_plugins/image_transport_plugins) by extensions ['ros']
[31.463s] Level 1:colcon.colcon_core.package_identification:_identify(src/image_transport_plugins/image_transport_plugins) by extension 'ros'
[31.468s] DEBUG:colcon.colcon_core.package_identification:Package 'src/image_transport_plugins/image_transport_plugins' with type 'ros.ament_cmake' and name 'image_transport_plugins'
[31.470s] Level 1:colcon.colcon_core.package_identification:_identify(src/image_transport_plugins/theora_image_transport) by extensions ['ignore', 'ignore_ament_install']
[31.471s] Level 1:colcon.colcon_core.package_identification:_identify(src/image_transport_plugins/theora_image_transport) by extension 'ignore'
[31.472s] Level 1:colcon.colcon_core.package_identification:_identify(src/image_transport_plugins/theora_image_transport) by extension 'ignore_ament_install'
[31.473s] Level 1:colcon.colcon_core.package_identification:_identify(src/image_transport_plugins/theora_image_transport) by extensions ['colcon_pkg']
[31.473s] Level 1:colcon.colcon_core.package_identification:_identify(src/image_transport_plugins/theora_image_transport) by extension 'colcon_pkg'
[31.474s] Level 1:colcon.colcon_core.package_identification:_identify(src/image_transport_plugins/theora_image_transport) by extensions ['colcon_meta']
[31.474s] Level 1:colcon.colcon_core.package_identification:_identify(src/image_transport_plugins/theora_image_transport) by extension 'colcon_meta'
[31.475s] Level 1:colcon.colcon_core.package_identification:_identify(src/image_transport_plugins/theora_image_transport) by extensions ['ros']
[31.475s] Level 1:colcon.colcon_core.package_identification:_identify(src/image_transport_plugins/theora_image_transport) by extension 'ros'
[31.487s] DEBUG:colcon.colcon_core.package_identification:Package 'src/image_transport_plugins/theora_image_transport' with type 'ros.ament_cmake' and name 'theora_image_transport'
[31.489s] Level 1:colcon.colcon_core.package_identification:_identify(src/lidar_controller) by extensions ['ignore', 'ignore_ament_install']
[31.490s] Level 1:colcon.colcon_core.package_identification:_identify(src/lidar_controller) by extension 'ignore'
[31.490s] Level 1:colcon.colcon_core.package_identification:_identify(src/lidar_controller) by extension 'ignore_ament_install'
[31.491s] Level 1:colcon.colcon_core.package_identification:_identify(src/lidar_controller) by extensions ['colcon_pkg']
[31.492s] Level 1:colcon.colcon_core.package_identification:_identify(src/lidar_controller) by extension 'colcon_pkg'
[31.492s] Level 1:colcon.colcon_core.package_identification:_identify(src/lidar_controller) by extensions ['colcon_meta']
[31.493s] Level 1:colcon.colcon_core.package_identification:_identify(src/lidar_controller) by extension 'colcon_meta'
[31.493s] Level 1:colcon.colcon_core.package_identification:_identify(src/lidar_controller) by extensions ['ros']
[31.493s] Level 1:colcon.colcon_core.package_identification:_identify(src/lidar_controller) by extension 'ros'
[31.501s] DEBUG:colcon.colcon_core.package_identification:Package 'src/lidar_controller' with type 'ros.ament_cmake' and name 'ldlidar_ros2'
[31.503s] Level 1:colcon.colcon_core.package_identification:_identify(src/motor_controller) by extensions ['ignore', 'ignore_ament_install']
[31.504s] Level 1:colcon.colcon_core.package_identification:_identify(src/motor_controller) by extension 'ignore'
[31.505s] Level 1:colcon.colcon_core.package_identification:_identify(src/motor_controller) by extension 'ignore_ament_install'
[31.506s] Level 1:colcon.colcon_core.package_identification:_identify(src/motor_controller) by extensions ['colcon_pkg']
[31.506s] Level 1:colcon.colcon_core.package_identification:_identify(src/motor_controller) by extension 'colcon_pkg'
[31.507s] Level 1:colcon.colcon_core.package_identification:_identify(src/motor_controller) by extensions ['colcon_meta']
[31.507s] Level 1:colcon.colcon_core.package_identification:_identify(src/motor_controller) by extension 'colcon_meta'
[31.508s] Level 1:colcon.colcon_core.package_identification:_identify(src/motor_controller) by extensions ['ros']
[31.508s] Level 1:colcon.colcon_core.package_identification:_identify(src/motor_controller) by extension 'ros'
[31.514s] DEBUG:colcon.colcon_core.package_identification:Package 'src/motor_controller' with type 'ros.ament_python' and name 'motor_controller'
[31.516s] Level 1:colcon.colcon_core.package_identification:_identify(src/servo_controller) by extensions ['ignore', 'ignore_ament_install']
[31.517s] Level 1:colcon.colcon_core.package_identification:_identify(src/servo_controller) by extension 'ignore'
[31.518s] Level 1:colcon.colcon_core.package_identification:_identify(src/servo_controller) by extension 'ignore_ament_install'
[31.519s] Level 1:colcon.colcon_core.package_identification:_identify(src/servo_controller) by extensions ['colcon_pkg']
[31.519s] Level 1:colcon.colcon_core.package_identification:_identify(src/servo_controller) by extension 'colcon_pkg'
[31.520s] Level 1:colcon.colcon_core.package_identification:_identify(src/servo_controller) by extensions ['colcon_meta']
[31.520s] Level 1:colcon.colcon_core.package_identification:_identify(src/servo_controller) by extension 'colcon_meta'
[31.521s] Level 1:colcon.colcon_core.package_identification:_identify(src/servo_controller) by extensions ['ros']
[31.521s] Level 1:colcon.colcon_core.package_identification:_identify(src/servo_controller) by extension 'ros'
[31.527s] DEBUG:colcon.colcon_core.package_identification:Package 'src/servo_controller' with type 'ros.ament_python' and name 'servo_controller'
[31.529s] Level 1:colcon.colcon_core.package_identification:_identify(src/transport_drivers) by extensions ['ignore', 'ignore_ament_install']
[31.530s] Level 1:colcon.colcon_core.package_identification:_identify(src/transport_drivers) by extension 'ignore'
[31.531s] Level 1:colcon.colcon_core.package_identification:_identify(src/transport_drivers) by extension 'ignore_ament_install'
[31.531s] Level 1:colcon.colcon_core.package_identification:_identify(src/transport_drivers) by extensions ['colcon_pkg']
[31.532s] Level 1:colcon.colcon_core.package_identification:_identify(src/transport_drivers) by extension 'colcon_pkg'
[31.532s] Level 1:colcon.colcon_core.package_identification:_identify(src/transport_drivers) by extensions ['colcon_meta']
[31.533s] Level 1:colcon.colcon_core.package_identification:_identify(src/transport_drivers) by extension 'colcon_meta'
[31.533s] Level 1:colcon.colcon_core.package_identification:_identify(src/transport_drivers) by extensions ['ros']
[31.534s] Level 1:colcon.colcon_core.package_identification:_identify(src/transport_drivers) by extension 'ros'
[31.535s] Level 1:colcon.colcon_core.package_identification:_identify(src/transport_drivers) by extensions ['cmake', 'python']
[31.535s] Level 1:colcon.colcon_core.package_identification:_identify(src/transport_drivers) by extension 'cmake'
[31.536s] Level 1:colcon.colcon_core.package_identification:_identify(src/transport_drivers) by extension 'python'
[31.536s] Level 1:colcon.colcon_core.package_identification:_identify(src/transport_drivers) by extensions ['python_setup_py']
[31.537s] Level 1:colcon.colcon_core.package_identification:_identify(src/transport_drivers) by extension 'python_setup_py'
[31.538s] Level 1:colcon.colcon_core.package_identification:_identify(src/transport_drivers/asio_cmake_module) by extensions ['ignore', 'ignore_ament_install']
[31.539s] Level 1:colcon.colcon_core.package_identification:_identify(src/transport_drivers/asio_cmake_module) by extension 'ignore'
[31.540s] Level 1:colcon.colcon_core.package_identification:_identify(src/transport_drivers/asio_cmake_module) by extension 'ignore_ament_install'
[31.541s] Level 1:colcon.colcon_core.package_identification:_identify(src/transport_drivers/asio_cmake_module) by extensions ['colcon_pkg']
[31.541s] Level 1:colcon.colcon_core.package_identification:_identify(src/transport_drivers/asio_cmake_module) by extension 'colcon_pkg'
[31.541s] Level 1:colcon.colcon_core.package_identification:_identify(src/transport_drivers/asio_cmake_module) by extensions ['colcon_meta']
[31.542s] Level 1:colcon.colcon_core.package_identification:_identify(src/transport_drivers/asio_cmake_module) by extension 'colcon_meta'
[31.543s] Level 1:colcon.colcon_core.package_identification:_identify(src/transport_drivers/asio_cmake_module) by extensions ['ros']
[31.543s] Level 1:colcon.colcon_core.package_identification:_identify(src/transport_drivers/asio_cmake_module) by extension 'ros'
[31.548s] DEBUG:colcon.colcon_core.package_identification:Package 'src/transport_drivers/asio_cmake_module' with type 'ros.ament_cmake' and name 'asio_cmake_module'
[31.550s] Level 1:colcon.colcon_core.package_identification:_identify(src/transport_drivers/io_context) by extensions ['ignore', 'ignore_ament_install']
[31.551s] Level 1:colcon.colcon_core.package_identification:_identify(src/transport_drivers/io_context) by extension 'ignore'
[31.552s] Level 1:colcon.colcon_core.package_identification:_identify(src/transport_drivers/io_context) by extension 'ignore_ament_install'
[31.553s] Level 1:colcon.colcon_core.package_identification:_identify(src/transport_drivers/io_context) by extensions ['colcon_pkg']
[31.553s] Level 1:colcon.colcon_core.package_identification:_identify(src/transport_drivers/io_context) by extension 'colcon_pkg'
[31.554s] Level 1:colcon.colcon_core.package_identification:_identify(src/transport_drivers/io_context) by extensions ['colcon_meta']
[31.554s] Level 1:colcon.colcon_core.package_identification:_identify(src/transport_drivers/io_context) by extension 'colcon_meta'
[31.555s] Level 1:colcon.colcon_core.package_identification:_identify(src/transport_drivers/io_context) by extensions ['ros']
[31.555s] Level 1:colcon.colcon_core.package_identification:_identify(src/transport_drivers/io_context) by extension 'ros'
[31.564s] DEBUG:colcon.colcon_core.package_identification:Package 'src/transport_drivers/io_context' with type 'ros.ament_cmake' and name 'io_context'
[31.566s] Level 1:colcon.colcon_core.package_identification:_identify(src/transport_drivers/serial_driver) by extensions ['ignore', 'ignore_ament_install']
[31.567s] Level 1:colcon.colcon_core.package_identification:_identify(src/transport_drivers/serial_driver) by extension 'ignore'
[31.568s] Level 1:colcon.colcon_core.package_identification:_identify(src/transport_drivers/serial_driver) by extension 'ignore_ament_install'
[31.569s] Level 1:colcon.colcon_core.package_identification:_identify(src/transport_drivers/serial_driver) by extensions ['colcon_pkg']
[31.569s] Level 1:colcon.colcon_core.package_identification:_identify(src/transport_drivers/serial_driver) by extension 'colcon_pkg'
[31.570s] Level 1:colcon.colcon_core.package_identification:_identify(src/transport_drivers/serial_driver) by extensions ['colcon_meta']
[31.570s] Level 1:colcon.colcon_core.package_identification:_identify(src/transport_drivers/serial_driver) by extension 'colcon_meta'
[31.571s] Level 1:colcon.colcon_core.package_identification:_identify(src/transport_drivers/serial_driver) by extensions ['ros']
[31.571s] Level 1:colcon.colcon_core.package_identification:_identify(src/transport_drivers/serial_driver) by extension 'ros'
[31.582s] DEBUG:colcon.colcon_core.package_identification:Package 'src/transport_drivers/serial_driver' with type 'ros.ament_cmake' and name 'serial_driver'
[31.584s] Level 1:colcon.colcon_core.package_identification:_identify(src/transport_drivers/udp_driver) by extensions ['ignore', 'ignore_ament_install']
[31.585s] Level 1:colcon.colcon_core.package_identification:_identify(src/transport_drivers/udp_driver) by extension 'ignore'
[31.586s] Level 1:colcon.colcon_core.package_identification:_identify(src/transport_drivers/udp_driver) by extension 'ignore_ament_install'
[31.587s] Level 1:colcon.colcon_core.package_identification:_identify(src/transport_drivers/udp_driver) by extensions ['colcon_pkg']
[31.587s] Level 1:colcon.colcon_core.package_identification:_identify(src/transport_drivers/udp_driver) by extension 'colcon_pkg'
[31.588s] Level 1:colcon.colcon_core.package_identification:_identify(src/transport_drivers/udp_driver) by extensions ['colcon_meta']
[31.588s] Level 1:colcon.colcon_core.package_identification:_identify(src/transport_drivers/udp_driver) by extension 'colcon_meta'
[31.589s] Level 1:colcon.colcon_core.package_identification:_identify(src/transport_drivers/udp_driver) by extensions ['ros']
[31.589s] Level 1:colcon.colcon_core.package_identification:_identify(src/transport_drivers/udp_driver) by extension 'ros'
[31.601s] DEBUG:colcon.colcon_core.package_identification:Package 'src/transport_drivers/udp_driver' with type 'ros.ament_cmake' and name 'udp_driver'
[31.603s] Level 1:colcon.colcon_core.package_identification:_identify(src/v4l2_camera) by extensions ['ignore', 'ignore_ament_install']
[31.604s] Level 1:colcon.colcon_core.package_identification:_identify(src/v4l2_camera) by extension 'ignore'
[31.604s] Level 1:colcon.colcon_core.package_identification:_identify(src/v4l2_camera) by extension 'ignore_ament_install'
[31.605s] Level 1:colcon.colcon_core.package_identification:_identify(src/v4l2_camera) by extensions ['colcon_pkg']
[31.605s] Level 1:colcon.colcon_core.package_identification:_identify(src/v4l2_camera) by extension 'colcon_pkg'
[31.606s] Level 1:colcon.colcon_core.package_identification:_identify(src/v4l2_camera) by extensions ['colcon_meta']
[31.606s] Level 1:colcon.colcon_core.package_identification:_identify(src/v4l2_camera) by extension 'colcon_meta'
[31.607s] Level 1:colcon.colcon_core.package_identification:_identify(src/v4l2_camera) by extensions ['ros']
[31.607s] Level 1:colcon.colcon_core.package_identification:_identify(src/v4l2_camera) by extension 'ros'
[31.615s] DEBUG:colcon.colcon_core.package_identification:Package 'src/v4l2_camera' with type 'ros.ament_cmake' and name 'v4l2_camera'
[31.617s] Level 1:colcon.colcon_core.package_identification:_identify(src/vesc_driver) by extensions ['ignore', 'ignore_ament_install']
[31.618s] Level 1:colcon.colcon_core.package_identification:_identify(src/vesc_driver) by extension 'ignore'
[31.618s] Level 1:colcon.colcon_core.package_identification:_identify(src/vesc_driver) by extension 'ignore_ament_install'
[31.619s] Level 1:colcon.colcon_core.package_identification:_identify(src/vesc_driver) by extensions ['colcon_pkg']
[31.620s] Level 1:colcon.colcon_core.package_identification:_identify(src/vesc_driver) by extension 'colcon_pkg'
[31.620s] Level 1:colcon.colcon_core.package_identification:_identify(src/vesc_driver) by extensions ['colcon_meta']
[31.620s] Level 1:colcon.colcon_core.package_identification:_identify(src/vesc_driver) by extension 'colcon_meta'
[31.621s] Level 1:colcon.colcon_core.package_identification:_identify(src/vesc_driver) by extensions ['ros']
[31.621s] Level 1:colcon.colcon_core.package_identification:_identify(src/vesc_driver) by extension 'ros'
[31.622s] Level 1:colcon.colcon_core.package_identification:_identify(src/vesc_driver) by extensions ['cmake', 'python']
[31.623s] Level 1:colcon.colcon_core.package_identification:_identify(src/vesc_driver) by extension 'cmake'
[31.623s] Level 1:colcon.colcon_core.package_identification:_identify(src/vesc_driver) by extension 'python'
[31.624s] Level 1:colcon.colcon_core.package_identification:_identify(src/vesc_driver) by extensions ['python_setup_py']
[31.624s] Level 1:colcon.colcon_core.package_identification:_identify(src/vesc_driver) by extension 'python_setup_py'
[31.626s] Level 1:colcon.colcon_core.package_identification:_identify(src/vesc_driver/vesc) by extensions ['ignore', 'ignore_ament_install']
[31.627s] Level 1:colcon.colcon_core.package_identification:_identify(src/vesc_driver/vesc) by extension 'ignore'
[31.627s] Level 1:colcon.colcon_core.package_identification:_identify(src/vesc_driver/vesc) by extension 'ignore_ament_install'
[31.628s] Level 1:colcon.colcon_core.package_identification:_identify(src/vesc_driver/vesc) by extensions ['colcon_pkg']
[31.629s] Level 1:colcon.colcon_core.package_identification:_identify(src/vesc_driver/vesc) by extension 'colcon_pkg'
[31.629s] Level 1:colcon.colcon_core.package_identification:_identify(src/vesc_driver/vesc) by extensions ['colcon_meta']
[31.629s] Level 1:colcon.colcon_core.package_identification:_identify(src/vesc_driver/vesc) by extension 'colcon_meta'
[31.630s] Level 1:colcon.colcon_core.package_identification:_identify(src/vesc_driver/vesc) by extensions ['ros']
[31.631s] Level 1:colcon.colcon_core.package_identification:_identify(src/vesc_driver/vesc) by extension 'ros'
[31.636s] DEBUG:colcon.colcon_core.package_identification:Package 'src/vesc_driver/vesc' with type 'ros.ament_cmake' and name 'vesc'
[31.638s] Level 1:colcon.colcon_core.package_identification:_identify(src/vesc_driver/vesc_ackermann) by extensions ['ignore', 'ignore_ament_install']
[31.639s] Level 1:colcon.colcon_core.package_identification:_identify(src/vesc_driver/vesc_ackermann) by extension 'ignore'
[31.640s] Level 1:colcon.colcon_core.package_identification:_identify(src/vesc_driver/vesc_ackermann) by extension 'ignore_ament_install'
[31.641s] Level 1:colcon.colcon_core.package_identification:_identify(src/vesc_driver/vesc_ackermann) by extensions ['colcon_pkg']
[31.641s] Level 1:colcon.colcon_core.package_identification:_identify(src/vesc_driver/vesc_ackermann) by extension 'colcon_pkg'
[31.642s] Level 1:colcon.colcon_core.package_identification:_identify(src/vesc_driver/vesc_ackermann) by extensions ['colcon_meta']
[31.642s] Level 1:colcon.colcon_core.package_identification:_identify(src/vesc_driver/vesc_ackermann) by extension 'colcon_meta'
[31.643s] Level 1:colcon.colcon_core.package_identification:_identify(src/vesc_driver/vesc_ackermann) by extensions ['ros']
[31.643s] Level 1:colcon.colcon_core.package_identification:_identify(src/vesc_driver/vesc_ackermann) by extension 'ros'
[31.656s] DEBUG:colcon.colcon_core.package_identification:Package 'src/vesc_driver/vesc_ackermann' with type 'ros.ament_cmake' and name 'vesc_ackermann'
[31.658s] Level 1:colcon.colcon_core.package_identification:_identify(src/vesc_driver/vesc_driver) by extensions ['ignore', 'ignore_ament_install']
[31.659s] Level 1:colcon.colcon_core.package_identification:_identify(src/vesc_driver/vesc_driver) by extension 'ignore'
[31.660s] Level 1:colcon.colcon_core.package_identification:_identify(src/vesc_driver/vesc_driver) by extension 'ignore_ament_install'
[31.660s] Level 1:colcon.colcon_core.package_identification:_identify(src/vesc_driver/vesc_driver) by extensions ['colcon_pkg']
[31.661s] Level 1:colcon.colcon_core.package_identification:_identify(src/vesc_driver/vesc_driver) by extension 'colcon_pkg'
[31.661s] Level 1:colcon.colcon_core.package_identification:_identify(src/vesc_driver/vesc_driver) by extensions ['colcon_meta']
[31.662s] Level 1:colcon.colcon_core.package_identification:_identify(src/vesc_driver/vesc_driver) by extension 'colcon_meta'
[31.662s] Level 1:colcon.colcon_core.package_identification:_identify(src/vesc_driver/vesc_driver) by extensions ['ros']
[31.663s] Level 1:colcon.colcon_core.package_identification:_identify(src/vesc_driver/vesc_driver) by extension 'ros'
[31.674s] DEBUG:colcon.colcon_core.package_identification:Package 'src/vesc_driver/vesc_driver' with type 'ros.ament_cmake' and name 'vesc_driver'
[31.675s] Level 1:colcon.colcon_core.package_identification:_identify(src/vesc_driver/vesc_msgs) by extensions ['ignore', 'ignore_ament_install']
[31.677s] Level 1:colcon.colcon_core.package_identification:_identify(src/vesc_driver/vesc_msgs) by extension 'ignore'
[31.677s] Level 1:colcon.colcon_core.package_identification:_identify(src/vesc_driver/vesc_msgs) by extension 'ignore_ament_install'
[31.678s] Level 1:colcon.colcon_core.package_identification:_identify(src/vesc_driver/vesc_msgs) by extensions ['colcon_pkg']
[31.679s] Level 1:colcon.colcon_core.package_identification:_identify(src/vesc_driver/vesc_msgs) by extension 'colcon_pkg'
[31.679s] Level 1:colcon.colcon_core.package_identification:_identify(src/vesc_driver/vesc_msgs) by extensions ['colcon_meta']
[31.679s] Level 1:colcon.colcon_core.package_identification:_identify(src/vesc_driver/vesc_msgs) by extension 'colcon_meta'
[31.680s] Level 1:colcon.colcon_core.package_identification:_identify(src/vesc_driver/vesc_msgs) by extensions ['ros']
[31.681s] Level 1:colcon.colcon_core.package_identification:_identify(src/vesc_driver/vesc_msgs) by extension 'ros'
[31.689s] DEBUG:colcon.colcon_core.package_identification:Package 'src/vesc_driver/vesc_msgs' with type 'ros.ament_cmake' and name 'vesc_msgs'
[31.691s] Level 1:colcon.colcon_core.package_identification:_identify(src/vision_opencv) by extensions ['ignore', 'ignore_ament_install']
[31.692s] Level 1:colcon.colcon_core.package_identification:_identify(src/vision_opencv) by extension 'ignore'
[31.692s] Level 1:colcon.colcon_core.package_identification:_identify(src/vision_opencv) by extension 'ignore_ament_install'
[31.693s] Level 1:colcon.colcon_core.package_identification:_identify(src/vision_opencv) by extensions ['colcon_pkg']
[31.693s] Level 1:colcon.colcon_core.package_identification:_identify(src/vision_opencv) by extension 'colcon_pkg'
[31.694s] Level 1:colcon.colcon_core.package_identification:_identify(src/vision_opencv) by extensions ['colcon_meta']
[31.694s] Level 1:colcon.colcon_core.package_identification:_identify(src/vision_opencv) by extension 'colcon_meta'
[31.695s] Level 1:colcon.colcon_core.package_identification:_identify(src/vision_opencv) by extensions ['ros']
[31.695s] Level 1:colcon.colcon_core.package_identification:_identify(src/vision_opencv) by extension 'ros'
[31.696s] Level 1:colcon.colcon_core.package_identification:_identify(src/vision_opencv) by extensions ['cmake', 'python']
[31.697s] Level 1:colcon.colcon_core.package_identification:_identify(src/vision_opencv) by extension 'cmake'
[31.697s] Level 1:colcon.colcon_core.package_identification:_identify(src/vision_opencv) by extension 'python'
[31.698s] Level 1:colcon.colcon_core.package_identification:_identify(src/vision_opencv) by extensions ['python_setup_py']
[31.698s] Level 1:colcon.colcon_core.package_identification:_identify(src/vision_opencv) by extension 'python_setup_py'
[31.699s] Level 1:colcon.colcon_core.package_discovery:discover_packages(recursive) using defaults
[31.700s] Level 1:colcon.colcon_core.package_discovery:discover_packages(ignore) discover
[31.700s] Level 1:colcon.colcon_core.package_discovery:discover_packages(ignore) using defaults
[31.700s] Level 1:colcon.colcon_core.package_discovery:discover_packages(path) discover
[31.701s] Level 1:colcon.colcon_core.package_discovery:discover_packages(path) using defaults
[33.454s] INFO:colcon.colcon_core.package_selection:Skipping not selected package 'arc_startup' in 'src/arc_startup'
[33.455s] INFO:colcon.colcon_core.package_selection:Skipping not selected package 'asio_cmake_module' in 'src/transport_drivers/asio_cmake_module'
[33.455s] INFO:colcon.colcon_core.package_selection:Skipping not selected package 'camera_sensor' in 'src/camera_sensor'
[33.455s] INFO:colcon.colcon_core.package_selection:Skipping not selected package 'compressed_depth_image_transport' in 'src/image_transport_plugins/compressed_depth_image_transport'
[33.456s] INFO:colcon.colcon_core.package_selection:Skipping not selected package 'compressed_image_transport' in 'src/image_transport_plugins/compressed_image_transport'
[33.456s] INFO:colcon.colcon_core.package_selection:Skipping not selected package 'ldlidar_ros2' in 'src/lidar_controller'
[33.456s] INFO:colcon.colcon_core.package_selection:Skipping not selected package 'servo_controller' in 'src/servo_controller'
[33.457s] INFO:colcon.colcon_core.package_selection:Skipping not selected package 'theora_image_transport' in 'src/image_transport_plugins/theora_image_transport'
[33.457s] INFO:colcon.colcon_core.package_selection:Skipping not selected package 'v4l2_camera' in 'src/v4l2_camera'
[33.457s] INFO:colcon.colcon_core.package_selection:Skipping not selected package 'vesc_msgs' in 'src/vesc_driver/vesc_msgs'
[33.457s] INFO:colcon.colcon_core.package_selection:Skipping not selected package 'image_transport_plugins' in 'src/image_transport_plugins/image_transport_plugins'
[33.458s] INFO:colcon.colcon_core.package_selection:Skipping not selected package 'io_context' in 'src/transport_drivers/io_context'
[33.458s] INFO:colcon.colcon_core.package_selection:Skipping not selected package 'vesc_ackermann' in 'src/vesc_driver/vesc_ackermann'
[33.458s] INFO:colcon.colcon_core.package_selection:Skipping not selected package 'serial_driver' in 'src/transport_drivers/serial_driver'
[33.459s] INFO:colcon.colcon_core.package_selection:Skipping not selected package 'udp_driver' in 'src/transport_drivers/udp_driver'
[33.459s] INFO:colcon.colcon_core.package_selection:Skipping not selected package 'vesc_driver' in 'src/vesc_driver/vesc_driver'
[33.459s] INFO:colcon.colcon_core.package_selection:Skipping not selected package 'vesc' in 'src/vesc_driver/vesc'
[34.476s] Level 1:colcon.colcon_core.package_discovery:discover_packages(prefix_path) check parameters
[34.476s] Level 1:colcon.colcon_core.package_discovery:discover_packages(prefix_path) discover
[35.524s] DEBUG:colcon.colcon_installed_package_information.package_discovery:Found 18 installed packages in /home/adam/Sensor-Fusion-And-Autonomous-Racing-Cars/ros_ws/install
[36.133s] DEBUG:colcon.colcon_installed_package_information.package_discovery:Found 263 installed packages in /opt/ros/foxy
[36.155s] Level 1:colcon.colcon_core.package_discovery:discover_packages(prefix_path) using defaults
[38.032s] Level 5:colcon.colcon_core.verb:set package 'motor_controller' build argument 'cmake_args' from command line to 'None'
[38.032s] Level 5:colcon.colcon_core.verb:set package 'motor_controller' build argument 'cmake_target' from command line to 'None'
[38.033s] Level 5:colcon.colcon_core.verb:set package 'motor_controller' build argument 'cmake_target_skip_unavailable' from command line to 'False'
[38.033s] Level 5:colcon.colcon_core.verb:set package 'motor_controller' build argument 'cmake_clean_cache' from command line to 'False'
[38.033s] Level 5:colcon.colcon_core.verb:set package 'motor_controller' build argument 'cmake_clean_first' from command line to 'False'
[38.034s] Level 5:colcon.colcon_core.verb:set package 'motor_controller' build argument 'cmake_force_configure' from command line to 'False'
[38.034s] Level 5:colcon.colcon_core.verb:set package 'motor_controller' build argument 'ament_cmake_args' from command line to 'None'
[38.034s] Level 5:colcon.colcon_core.verb:set package 'motor_controller' build argument 'catkin_cmake_args' from command line to 'None'
[38.035s] Level 5:colcon.colcon_core.verb:set package 'motor_controller' build argument 'catkin_skip_building_tests' from command line to 'False'
[38.035s] DEBUG:colcon.colcon_core.verb:Building package 'motor_controller' with the following arguments: {'ament_cmake_args': None, 'build_base': '/home/adam/Sensor-Fusion-And-Autonomous-Racing-Cars/ros_ws/build/motor_controller', 'catkin_cmake_args': None, 'catkin_skip_building_tests': False, 'cmake_args': None, 'cmake_clean_cache': False, 'cmake_clean_first': False, 'cmake_force_configure': False, 'cmake_target': None, 'cmake_target_skip_unavailable': False, 'install_base': '/home/adam/Sensor-Fusion-And-Autonomous-Racing-Cars/ros_ws/install/motor_controller', 'merge_install': False, 'path': '/home/adam/Sensor-Fusion-And-Autonomous-Racing-Cars/ros_ws/src/motor_controller', 'symlink_install': False, 'test_result_base': None}
[38.550s] INFO:colcon.colcon_core.executor:Executing jobs using 'parallel' executor
[39.071s] DEBUG:colcon.colcon_parallel_executor.executor.parallel:run_until_complete
[39.074s] INFO:colcon.colcon_ros.task.ament_python.build:Building ROS package in '/home/adam/Sensor-Fusion-And-Autonomous-Racing-Cars/ros_ws/src/motor_controller' with build type 'ament_python'
[39.076s] Level 1:colcon.colcon_core.shell:create_environment_hook('motor_controller', 'ament_prefix_path')
[39.668s] INFO:colcon.colcon_core.plugin_system:Skipping extension 'colcon_core.shell.bat': Not used on non-Windows systems
[39.671s] INFO:colcon.colcon_core.shell:Creating environment hook '/home/adam/Sensor-Fusion-And-Autonomous-Racing-Cars/ros_ws/install/motor_controller/share/motor_controller/hook/ament_prefix_path.ps1'
[39.677s] INFO:colcon.colcon_core.shell:Creating environment descriptor '/home/adam/Sensor-Fusion-And-Autonomous-Racing-Cars/ros_ws/install/motor_controller/share/motor_controller/hook/ament_prefix_path.dsv'
[39.682s] INFO:colcon.colcon_core.shell:Creating environment hook '/home/adam/Sensor-Fusion-And-Autonomous-Racing-Cars/ros_ws/install/motor_controller/share/motor_controller/hook/ament_prefix_path.sh'
[40.296s] INFO:colcon.colcon_core.shell:Skip shell extension 'powershell' for command environment: Not usable outside of PowerShell
[40.297s] DEBUG:colcon.colcon_core.shell:Skip shell extension 'dsv' for command environment
[45.178s] INFO:colcon.colcon_core.task.python.build:Building Python package in '/home/adam/Sensor-Fusion-And-Autonomous-Racing-Cars/ros_ws/src/motor_controller'
[45.794s] INFO:colcon.colcon_core.shell:Skip shell extension 'powershell' for command environment: Not usable outside of PowerShell
[45.794s] DEBUG:colcon.colcon_core.shell:Skip shell extension 'dsv' for command environment
[52.392s] DEBUG:colcon.colcon_core.event_handler.log_command:Invoking command in '/home/adam/Sensor-Fusion-And-Autonomous-Racing-Cars/ros_ws/src/motor_controller': PYTHONPATH=/home/adam/Sensor-Fusion-And-Autonomous-Racing-Cars/ros_ws/build/motor_controller/prefix_override:/home/adam/Sensor-Fusion-And-Autonomous-Racing-Cars/ros_ws/install/motor_controller/lib/python3.8/site-packages:${PYTHONPATH} /usr/bin/python3 setup.py egg_info --egg-base ../../build/motor_controller build --build-base /home/adam/Sensor-Fusion-And-Autonomous-Racing-Cars/ros_ws/build/motor_controller/build install --record /home/adam/Sensor-Fusion-And-Autonomous-Racing-Cars/ros_ws/build/motor_controller/install.log --install-scripts $base/lib/motor_controller --single-version-externally-managed
[56.241s] DEBUG:colcon.colcon_core.event_handler.log_command:Invoked command in '/home/adam/Sensor-Fusion-And-Autonomous-Racing-Cars/ros_ws/src/motor_controller' returned '0': PYTHONPATH=/home/adam/Sensor-Fusion-And-Autonomous-Racing-Cars/ros_ws/build/motor_controller/prefix_override:/home/adam/Sensor-Fusion-And-Autonomous-Racing-Cars/ros_ws/install/motor_controller/lib/python3.8/site-packages:${PYTHONPATH} /usr/bin/python3 setup.py egg_info --egg-base ../../build/motor_controller build --build-base /home/adam/Sensor-Fusion-And-Autonomous-Racing-Cars/ros_ws/build/motor_controller/build install --record /home/adam/Sensor-Fusion-And-Autonomous-Racing-Cars/ros_ws/build/motor_controller/install.log --install-scripts $base/lib/motor_controller --single-version-externally-managed
[56.843s] Level 1:colcon.colcon_core.environment:checking '/home/adam/Sensor-Fusion-And-Autonomous-Racing-Cars/ros_ws/install/motor_controller' for CMake module files
[56.850s] Level 1:colcon.colcon_core.environment:checking '/home/adam/Sensor-Fusion-And-Autonomous-Racing-Cars/ros_ws/install/motor_controller' for CMake config files
[56.860s] Level 1:colcon.colcon_core.environment:checking '/home/adam/Sensor-Fusion-And-Autonomous-Racing-Cars/ros_ws/install/motor_controller/lib'
[56.862s] Level 1:colcon.colcon_core.environment:checking '/home/adam/Sensor-Fusion-And-Autonomous-Racing-Cars/ros_ws/install/motor_controller/bin'
[56.863s] Level 1:colcon.colcon_core.environment:checking '/home/adam/Sensor-Fusion-And-Autonomous-Racing-Cars/ros_ws/install/motor_controller/lib/pkgconfig/motor_controller.pc'
[56.865s] Level 1:colcon.colcon_core.environment:checking '/home/adam/Sensor-Fusion-And-Autonomous-Racing-Cars/ros_ws/install/motor_controller/lib/python3.8/site-packages'
[56.866s] Level 1:colcon.colcon_core.shell:create_environment_hook('motor_controller', 'pythonpath')
[57.426s] INFO:colcon.colcon_core.shell:Creating environment hook '/home/adam/Sensor-Fusion-And-Autonomous-Racing-Cars/ros_ws/install/motor_controller/share/motor_controller/hook/pythonpath.ps1'
[57.432s] INFO:colcon.colcon_core.shell:Creating environment descriptor '/home/adam/Sensor-Fusion-And-Autonomous-Racing-Cars/ros_ws/install/motor_controller/share/motor_controller/hook/pythonpath.dsv'
[57.437s] INFO:colcon.colcon_core.shell:Creating environment hook '/home/adam/Sensor-Fusion-And-Autonomous-Racing-Cars/ros_ws/install/motor_controller/share/motor_controller/hook/pythonpath.sh'
[57.444s] Level 1:colcon.colcon_core.environment:checking '/home/adam/Sensor-Fusion-And-Autonomous-Racing-Cars/ros_ws/install/motor_controller/bin'
[57.445s] Level 1:colcon.colcon_core.environment:create_environment_scripts_only(motor_controller)
[58.021s] INFO:colcon.colcon_core.shell:Creating package script '/home/adam/Sensor-Fusion-And-Autonomous-Racing-Cars/ros_ws/install/motor_controller/share/motor_controller/package.ps1'
[58.030s] INFO:colcon.colcon_core.shell:Creating package descriptor '/home/adam/Sensor-Fusion-And-Autonomous-Racing-Cars/ros_ws/install/motor_controller/share/motor_controller/package.dsv'
[58.037s] INFO:colcon.colcon_core.shell:Creating package script '/home/adam/Sensor-Fusion-And-Autonomous-Racing-Cars/ros_ws/install/motor_controller/share/motor_controller/package.sh'
[58.047s] INFO:colcon.colcon_core.shell:Creating package script '/home/adam/Sensor-Fusion-And-Autonomous-Racing-Cars/ros_ws/install/motor_controller/share/motor_controller/package.bash'
[58.056s] INFO:colcon.colcon_core.shell:Creating package script '/home/adam/Sensor-Fusion-And-Autonomous-Racing-Cars/ros_ws/install/motor_controller/share/motor_controller/package.zsh'
[58.064s] Level 1:colcon.colcon_core.environment:create_file_with_runtime_dependencies(/home/adam/Sensor-Fusion-And-Autonomous-Racing-Cars/ros_ws/install/motor_controller/share/colcon-core/packages/motor_controller)
[58.069s] DEBUG:colcon.colcon_parallel_executor.executor.parallel:closing loop
[58.074s] DEBUG:colcon.colcon_parallel_executor.executor.parallel:loop closed
[58.076s] DEBUG:colcon.colcon_parallel_executor.executor.parallel:run_until_complete finished with '0'
[58.076s] DEBUG:colcon.colcon_core.event_reactor:joining thread
[58.647s] INFO:colcon.colcon_core.plugin_system:Skipping extension 'colcon_notification.desktop_notification.terminal_notifier': Not used on non-Darwin systems
[58.648s] INFO:colcon.colcon_core.plugin_system:Skipping extension 'colcon_notification.desktop_notification.win32': Not used on non-Windows systems
[58.649s] INFO:colcon.colcon_notification.desktop_notification:Sending desktop notification using 'notify2'
[58.660s] DEBUG:colcon.colcon_notification.desktop_notification.notify2:Failed to initialize notify2: org.freedesktop.DBus.Error.ServiceUnknown: The name org.freedesktop.Notifications was not provided by any .service files
[58.661s] DEBUG:colcon.colcon_core.event_reactor:joined thread
[59.183s] INFO:colcon.colcon_core.shell:Creating prefix script '/home/adam/Sensor-Fusion-And-Autonomous-Racing-Cars/ros_ws/install/local_setup.ps1'
[59.192s] INFO:colcon.colcon_core.shell:Creating prefix util module '/home/adam/Sensor-Fusion-And-Autonomous-Racing-Cars/ros_ws/install/_local_setup_util_ps1.py'
[59.206s] INFO:colcon.colcon_core.shell:Creating prefix chain script '/home/adam/Sensor-Fusion-And-Autonomous-Racing-Cars/ros_ws/install/setup.ps1'
[59.746s] INFO:colcon.colcon_core.shell:Creating prefix script '/home/adam/Sensor-Fusion-And-Autonomous-Racing-Cars/ros_ws/install/local_setup.sh'
[59.752s] INFO:colcon.colcon_core.shell:Creating prefix util module '/home/adam/Sensor-Fusion-And-Autonomous-Racing-Cars/ros_ws/install/_local_setup_util_sh.py'
[59.758s] INFO:colcon.colcon_core.shell:Creating prefix chain script '/home/adam/Sensor-Fusion-And-Autonomous-Racing-Cars/ros_ws/install/setup.sh'
[60.347s] INFO:colcon.colcon_core.shell:Creating prefix script '/home/adam/Sensor-Fusion-And-Autonomous-Racing-Cars/ros_ws/install/local_setup.bash'
[60.353s] INFO:colcon.colcon_core.shell:Creating prefix chain script '/home/adam/Sensor-Fusion-And-Autonomous-Racing-Cars/ros_ws/install/setup.bash'
[60.898s] INFO:colcon.colcon_core.shell:Creating prefix script '/home/adam/Sensor-Fusion-And-Autonomous-Racing-Cars/ros_ws/install/local_setup.zsh'
[60.904s] INFO:colcon.colcon_core.shell:Creating prefix chain script '/home/adam/Sensor-Fusion-And-Autonomous-Racing-Cars/ros_ws/install/setup.zsh'
