-- Found ament_cmake: 0.9.12 (/opt/ros/foxy/share/ament_cmake/cmake)
-- Found PythonInterp: /usr/bin/python3 (found suitable version "3.8.10", minimum required is "3") 
-- Using PYTHON_EXECUTABLE: /usr/bin/python3
-- Found image_transport: 2.4.0 (/opt/ros/foxy/share/image_transport/cmake)
-- Using all available rosidl_typesupport_c: rosidl_typesupport_fastrtps_c;rosidl_typesupport_introspection_c
-- Found rosidl_adapter: 1.3.1 (/opt/ros/foxy/share/rosidl_adapter/cmake)
-- Using all available rosidl_typesupport_cpp: rosidl_typesupport_fastrtps_cpp;rosidl_typesupport_introspection_cpp
-- Found rmw_implementation_cmake: 1.0.4 (/opt/ros/foxy/share/rmw_implementation_cmake/cmake)
-- Using RMW implementation 'rmw_fastrtps_cpp' as default
-- Found cv_bridge: 3.0.7 (/opt/ros/foxy/share/cv_bridge/cmake)
-- Found rosidl_default_generators: 1.0.1 (/opt/ros/foxy/share/rosidl_default_generators/cmake)
-- Found PythonInterp: /usr/bin/python3 (found version "3.8.10") 
-- Found ament_cmake_cppcheck: 0.9.8 (/opt/ros/foxy/share/ament_cmake_cppcheck/cmake)
-- Found ament_cmake_cpplint: 0.9.8 (/opt/ros/foxy/share/ament_cmake_cpplint/cmake)
-- Found ament_cmake_uncrustify: 0.9.8 (/opt/ros/foxy/share/ament_cmake_uncrustify/cmake)
-- Found ament_cmake_ros: 0.9.2 (/opt/ros/foxy/share/ament_cmake_ros/cmake)
-- Using all available rosidl_typesupport_c: rosidl_typesupport_fastrtps_c;rosidl_typesupport_introspection_c
-- Using all available rosidl_typesupport_cpp: rosidl_typesupport_fastrtps_cpp;rosidl_typesupport_introspection_cpp
-- Found PythonInterp: /usr/bin/python3 (found suitable version "3.8.10", minimum required is "3.5") 
-- Found python_cmake_module: 0.8.1 (/opt/ros/foxy/share/python_cmake_module/cmake)
-- Using PYTHON_EXECUTABLE: /usr/bin/python3
-- Using PYTHON_INCLUDE_DIRS: /usr/include/python3.8
-- Using PYTHON_LIBRARIES: /usr/lib/aarch64-linux-gnu/libpython3.8.so
-- Found ament_cmake_flake8: 0.9.8 (/opt/ros/foxy/share/ament_cmake_flake8/cmake)
-- Found ament_cmake_pep257: 0.9.8 (/opt/ros/foxy/share/ament_cmake_pep257/cmake)
-- Configuring done
-- Generating done
-- Build files have been written to: /home/adam/Sensor-Fusion-And-Autonomous-Racing-Cars/ros_ws/build/theora_image_transport
[  2%] Built target theora_image_transport__cpp
[ 10%] Built target theora_image_transport__rosidl_generator_c
[ 18%] Built target theora_image_transport__rosidl_typesupport_introspection_cpp
[ 27%] Built target theora_image_transport__rosidl_typesupport_fastrtps_cpp
[ 35%] Built target theora_image_transport__rosidl_typesupport_introspection_c
[ 43%] Built target theora_image_transport__rosidl_typesupport_cpp
[ 51%] Built target theora_image_transport__rosidl_typesupport_c
[ 59%] Built target theora_image_transport__rosidl_typesupport_fastrtps_c
[ 59%] Built target theora_image_transport
[ 62%] Built target theora_image_transport__py
[ 72%] Built target theora_image_transport_component
[ 78%] Built target ogg_saver
[ 83%] Built target theora_image_transport__python
[ 89%] Built target theora_image_transport__rosidl_typesupport_c__pyext
[ 94%] Built target theora_image_transport__rosidl_typesupport_fastrtps_c__pyext
[100%] Built target theora_image_transport__rosidl_typesupport_introspection_c__pyext
-- Install configuration: ""
-- Up-to-date: /home/adam/Sensor-Fusion-And-Autonomous-Racing-Cars/ros_ws/install/theora_image_transport/share/ament_index/resource_index/rosidl_interfaces/theora_image_transport
-- Up-to-date: /home/adam/Sensor-Fusion-And-Autonomous-Racing-Cars/ros_ws/install/theora_image_transport/include/theora_image_transport
-- Up-to-date: /home/adam/Sensor-Fusion-And-Autonomous-Racing-Cars/ros_ws/install/theora_image_transport/include/theora_image_transport/msg
-- Up-to-date: /home/adam/Sensor-Fusion-And-Autonomous-Racing-Cars/ros_ws/install/theora_image_transport/include/theora_image_transport/msg/packet.h
-- Up-to-date: /home/adam/Sensor-Fusion-And-Autonomous-Racing-Cars/ros_ws/install/theora_image_transport/include/theora_image_transport/msg/detail
-- Up-to-date: /home/adam/Sensor-Fusion-And-Autonomous-Racing-Cars/ros_ws/install/theora_image_transport/include/theora_image_transport/msg/detail/packet__functions.c
-- Up-to-date: /home/adam/Sensor-Fusion-And-Autonomous-Racing-Cars/ros_ws/install/theora_image_transport/include/theora_image_transport/msg/detail/packet__type_support.h
-- Up-to-date: /home/adam/Sensor-Fusion-And-Autonomous-Racing-Cars/ros_ws/install/theora_image_transport/include/theora_image_transport/msg/detail/packet__struct.h
-- Up-to-date: /home/adam/Sensor-Fusion-And-Autonomous-Racing-Cars/ros_ws/install/theora_image_transport/include/theora_image_transport/msg/detail/packet__functions.h
-- Up-to-date: /home/adam/Sensor-Fusion-And-Autonomous-Racing-Cars/ros_ws/install/theora_image_transport/include/theora_image_transport/msg/rosidl_generator_c__visibility_control.h
-- Up-to-date: /home/adam/Sensor-Fusion-And-Autonomous-Racing-Cars/ros_ws/install/theora_image_transport/share/theora_image_transport/environment/library_path.sh
-- Installing: /home/adam/Sensor-Fusion-And-Autonomous-Racing-Cars/ros_ws/install/theora_image_transport/share/theora_image_transport/environment/library_path.dsv
-- Up-to-date: /home/adam/Sensor-Fusion-And-Autonomous-Racing-Cars/ros_ws/install/theora_image_transport/lib/libtheora_image_transport__rosidl_generator_c.so
-- Up-to-date: /home/adam/Sensor-Fusion-And-Autonomous-Racing-Cars/ros_ws/install/theora_image_transport/include/theora_image_transport
-- Up-to-date: /home/adam/Sensor-Fusion-And-Autonomous-Racing-Cars/ros_ws/install/theora_image_transport/include/theora_image_transport/msg
-- Up-to-date: /home/adam/Sensor-Fusion-And-Autonomous-Racing-Cars/ros_ws/install/theora_image_transport/include/theora_image_transport/msg/rosidl_typesupport_fastrtps_c__visibility_control.h
-- Up-to-date: /home/adam/Sensor-Fusion-And-Autonomous-Racing-Cars/ros_ws/install/theora_image_transport/include/theora_image_transport/msg/detail
-- Up-to-date: /home/adam/Sensor-Fusion-And-Autonomous-Racing-Cars/ros_ws/install/theora_image_transport/include/theora_image_transport/msg/detail/packet__rosidl_typesupport_fastrtps_c.h
-- Up-to-date: /home/adam/Sensor-Fusion-And-Autonomous-Racing-Cars/ros_ws/install/theora_image_transport/lib/libtheora_image_transport__rosidl_typesupport_fastrtps_c.so
-- Up-to-date: /home/adam/Sensor-Fusion-And-Autonomous-Racing-Cars/ros_ws/install/theora_image_transport/include/theora_image_transport
-- Up-to-date: /home/adam/Sensor-Fusion-And-Autonomous-Racing-Cars/ros_ws/install/theora_image_transport/include/theora_image_transport/msg
-- Up-to-date: /home/adam/Sensor-Fusion-And-Autonomous-Racing-Cars/ros_ws/install/theora_image_transport/include/theora_image_transport/msg/rosidl_typesupport_fastrtps_cpp__visibility_control.h
-- Up-to-date: /home/adam/Sensor-Fusion-And-Autonomous-Racing-Cars/ros_ws/install/theora_image_transport/include/theora_image_transport/msg/detail
-- Up-to-date: /home/adam/Sensor-Fusion-And-Autonomous-Racing-Cars/ros_ws/install/theora_image_transport/include/theora_image_transport/msg/detail/dds_fastrtps
-- Up-to-date: /home/adam/Sensor-Fusion-And-Autonomous-Racing-Cars/ros_ws/install/theora_image_transport/include/theora_image_transport/msg/detail/packet__rosidl_typesupport_fastrtps_cpp.hpp
-- Up-to-date: /home/adam/Sensor-Fusion-And-Autonomous-Racing-Cars/ros_ws/install/theora_image_transport/lib/libtheora_image_transport__rosidl_typesupport_fastrtps_cpp.so
-- Up-to-date: /home/adam/Sensor-Fusion-And-Autonomous-Racing-Cars/ros_ws/install/theora_image_transport/include/theora_image_transport
-- Up-to-date: /home/adam/Sensor-Fusion-And-Autonomous-Racing-Cars/ros_ws/install/theora_image_transport/include/theora_image_transport/msg
-- Up-to-date: /home/adam/Sensor-Fusion-And-Autonomous-Racing-Cars/ros_ws/install/theora_image_transport/include/theora_image_transport/msg/detail
-- Up-to-date: /home/adam/Sensor-Fusion-And-Autonomous-Racing-Cars/ros_ws/install/theora_image_transport/include/theora_image_transport/msg/detail/packet__type_support.c
-- Up-to-date: /home/adam/Sensor-Fusion-And-Autonomous-Racing-Cars/ros_ws/install/theora_image_transport/include/theora_image_transport/msg/detail/packet__rosidl_typesupport_introspection_c.h
-- Up-to-date: /home/adam/Sensor-Fusion-And-Autonomous-Racing-Cars/ros_ws/install/theora_image_transport/include/theora_image_transport/msg/rosidl_typesupport_introspection_c__visibility_control.h
-- Up-to-date: /home/adam/Sensor-Fusion-And-Autonomous-Racing-Cars/ros_ws/install/theora_image_transport/lib/libtheora_image_transport__rosidl_typesupport_introspection_c.so
-- Up-to-date: /home/adam/Sensor-Fusion-And-Autonomous-Racing-Cars/ros_ws/install/theora_image_transport/lib/libtheora_image_transport__rosidl_typesupport_c.so
-- Up-to-date: /home/adam/Sensor-Fusion-And-Autonomous-Racing-Cars/ros_ws/install/theora_image_transport/include/theora_image_transport
-- Up-to-date: /home/adam/Sensor-Fusion-And-Autonomous-Racing-Cars/ros_ws/install/theora_image_transport/include/theora_image_transport/msg
-- Up-to-date: /home/adam/Sensor-Fusion-And-Autonomous-Racing-Cars/ros_ws/install/theora_image_transport/include/theora_image_transport/msg/packet.hpp
-- Up-to-date: /home/adam/Sensor-Fusion-And-Autonomous-Racing-Cars/ros_ws/install/theora_image_transport/include/theora_image_transport/msg/detail
-- Up-to-date: /home/adam/Sensor-Fusion-And-Autonomous-Racing-Cars/ros_ws/install/theora_image_transport/include/theora_image_transport/msg/detail/packet__builder.hpp
-- Up-to-date: /home/adam/Sensor-Fusion-And-Autonomous-Racing-Cars/ros_ws/install/theora_image_transport/include/theora_image_transport/msg/detail/packet__type_support.hpp
-- Up-to-date: /home/adam/Sensor-Fusion-And-Autonomous-Racing-Cars/ros_ws/install/theora_image_transport/include/theora_image_transport/msg/detail/packet__traits.hpp
-- Up-to-date: /home/adam/Sensor-Fusion-And-Autonomous-Racing-Cars/ros_ws/install/theora_image_transport/include/theora_image_transport/msg/detail/packet__struct.hpp
-- Up-to-date: /home/adam/Sensor-Fusion-And-Autonomous-Racing-Cars/ros_ws/install/theora_image_transport/include/theora_image_transport/msg/rosidl_generator_cpp__visibility_control.hpp
-- Up-to-date: /home/adam/Sensor-Fusion-And-Autonomous-Racing-Cars/ros_ws/install/theora_image_transport/include/theora_image_transport
-- Up-to-date: /home/adam/Sensor-Fusion-And-Autonomous-Racing-Cars/ros_ws/install/theora_image_transport/include/theora_image_transport/msg
-- Up-to-date: /home/adam/Sensor-Fusion-And-Autonomous-Racing-Cars/ros_ws/install/theora_image_transport/include/theora_image_transport/msg/detail
-- Up-to-date: /home/adam/Sensor-Fusion-And-Autonomous-Racing-Cars/ros_ws/install/theora_image_transport/include/theora_image_transport/msg/detail/packet__rosidl_typesupport_introspection_cpp.hpp
-- Up-to-date: /home/adam/Sensor-Fusion-And-Autonomous-Racing-Cars/ros_ws/install/theora_image_transport/include/theora_image_transport/msg/detail/packet__type_support.cpp
-- Up-to-date: /home/adam/Sensor-Fusion-And-Autonomous-Racing-Cars/ros_ws/install/theora_image_transport/lib/libtheora_image_transport__rosidl_typesupport_introspection_cpp.so
-- Up-to-date: /home/adam/Sensor-Fusion-And-Autonomous-Racing-Cars/ros_ws/install/theora_image_transport/lib/libtheora_image_transport__rosidl_typesupport_cpp.so
-- Up-to-date: /home/adam/Sensor-Fusion-And-Autonomous-Racing-Cars/ros_ws/install/theora_image_transport/share/theora_image_transport/environment/pythonpath.sh
-- Installing: /home/adam/Sensor-Fusion-And-Autonomous-Racing-Cars/ros_ws/install/theora_image_transport/share/theora_image_transport/environment/pythonpath.dsv
-- Installing: /home/adam/Sensor-Fusion-And-Autonomous-Racing-Cars/ros_ws/install/theora_image_transport/lib/python3.8/site-packages/theora_image_transport/__init__.py
Compiling '/home/adam/Sensor-Fusion-And-Autonomous-Racing-Cars/ros_ws/install/theora_image_transport/lib/python3.8/site-packages/theora_image_transport/__init__.py'...
-- Up-to-date: /home/adam/Sensor-Fusion-And-Autonomous-Racing-Cars/ros_ws/install/theora_image_transport/lib/python3.8/site-packages/theora_image_transport/msg
-- Up-to-date: /home/adam/Sensor-Fusion-And-Autonomous-Racing-Cars/ros_ws/install/theora_image_transport/lib/python3.8/site-packages/theora_image_transport/msg/_packet_s.c
-- Up-to-date: /home/adam/Sensor-Fusion-And-Autonomous-Racing-Cars/ros_ws/install/theora_image_transport/lib/python3.8/site-packages/theora_image_transport/msg/__init__.py
-- Up-to-date: /home/adam/Sensor-Fusion-And-Autonomous-Racing-Cars/ros_ws/install/theora_image_transport/lib/python3.8/site-packages/theora_image_transport/msg/_packet.py
-- Up-to-date: /home/adam/Sensor-Fusion-And-Autonomous-Racing-Cars/ros_ws/install/theora_image_transport/lib/python3.8/site-packages/theora_image_transport/theora_image_transport_s__rosidl_typesupport_fastrtps_c.cpython-38-aarch64-linux-gnu.so
-- Up-to-date: /home/adam/Sensor-Fusion-And-Autonomous-Racing-Cars/ros_ws/install/theora_image_transport/lib/python3.8/site-packages/theora_image_transport/theora_image_transport_s__rosidl_typesupport_introspection_c.cpython-38-aarch64-linux-gnu.so
-- Up-to-date: /home/adam/Sensor-Fusion-And-Autonomous-Racing-Cars/ros_ws/install/theora_image_transport/lib/python3.8/site-packages/theora_image_transport/theora_image_transport_s__rosidl_typesupport_c.cpython-38-aarch64-linux-gnu.so
-- Up-to-date: /home/adam/Sensor-Fusion-And-Autonomous-Racing-Cars/ros_ws/install/theora_image_transport/lib/libtheora_image_transport__python.so
-- Up-to-date: /home/adam/Sensor-Fusion-And-Autonomous-Racing-Cars/ros_ws/install/theora_image_transport/share/theora_image_transport/msg/Packet.idl
-- Up-to-date: /home/adam/Sensor-Fusion-And-Autonomous-Racing-Cars/ros_ws/install/theora_image_transport/share/theora_image_transport/msg/Packet.msg
-- Up-to-date: /home/adam/Sensor-Fusion-And-Autonomous-Racing-Cars/ros_ws/install/theora_image_transport/lib/theora_image_transport/libtheora_image_transport_component.so
-- Up-to-date: /home/adam/Sensor-Fusion-And-Autonomous-Racing-Cars/ros_ws/install/theora_image_transport/bin/ogg_saver
-- Up-to-date: /home/adam/Sensor-Fusion-And-Autonomous-Racing-Cars/ros_ws/install/theora_image_transport/include
-- Up-to-date: /home/adam/Sensor-Fusion-And-Autonomous-Racing-Cars/ros_ws/install/theora_image_transport/include/theora_image_transport
-- Up-to-date: /home/adam/Sensor-Fusion-And-Autonomous-Racing-Cars/ros_ws/install/theora_image_transport/include/theora_image_transport/theora_subscriber.h
-- Up-to-date: /home/adam/Sensor-Fusion-And-Autonomous-Racing-Cars/ros_ws/install/theora_image_transport/include/theora_image_transport/theora_publisher.h
-- Up-to-date: /home/adam/Sensor-Fusion-And-Autonomous-Racing-Cars/ros_ws/install/theora_image_transport/share/theora_image_transport/theora_plugins.xml
-- Up-to-date: /home/adam/Sensor-Fusion-And-Autonomous-Racing-Cars/ros_ws/install/theora_image_transport/share/ament_index/resource_index/package_run_dependencies/theora_image_transport
-- Up-to-date: /home/adam/Sensor-Fusion-And-Autonomous-Racing-Cars/ros_ws/install/theora_image_transport/share/ament_index/resource_index/parent_prefix_path/theora_image_transport
-- Up-to-date: /home/adam/Sensor-Fusion-And-Autonomous-Racing-Cars/ros_ws/install/theora_image_transport/share/theora_image_transport/environment/ament_prefix_path.sh
-- Installing: /home/adam/Sensor-Fusion-And-Autonomous-Racing-Cars/ros_ws/install/theora_image_transport/share/theora_image_transport/environment/ament_prefix_path.dsv
-- Up-to-date: /home/adam/Sensor-Fusion-And-Autonomous-Racing-Cars/ros_ws/install/theora_image_transport/share/theora_image_transport/environment/path.sh
-- Installing: /home/adam/Sensor-Fusion-And-Autonomous-Racing-Cars/ros_ws/install/theora_image_transport/share/theora_image_transport/environment/path.dsv
-- Up-to-date: /home/adam/Sensor-Fusion-And-Autonomous-Racing-Cars/ros_ws/install/theora_image_transport/share/theora_image_transport/local_setup.bash
-- Up-to-date: /home/adam/Sensor-Fusion-And-Autonomous-Racing-Cars/ros_ws/install/theora_image_transport/share/theora_image_transport/local_setup.sh
-- Up-to-date: /home/adam/Sensor-Fusion-And-Autonomous-Racing-Cars/ros_ws/install/theora_image_transport/share/theora_image_transport/local_setup.zsh
-- Installing: /home/adam/Sensor-Fusion-And-Autonomous-Racing-Cars/ros_ws/install/theora_image_transport/share/theora_image_transport/local_setup.dsv
-- Installing: /home/adam/Sensor-Fusion-And-Autonomous-Racing-Cars/ros_ws/install/theora_image_transport/share/theora_image_transport/package.dsv
-- Up-to-date: /home/adam/Sensor-Fusion-And-Autonomous-Racing-Cars/ros_ws/install/theora_image_transport/share/ament_index/resource_index/packages/theora_image_transport
-- Up-to-date: /home/adam/Sensor-Fusion-And-Autonomous-Racing-Cars/ros_ws/install/theora_image_transport/share/ament_index/resource_index/image_transport__pluginlib__plugin/theora_image_transport
-- Up-to-date: /home/adam/Sensor-Fusion-And-Autonomous-Racing-Cars/ros_ws/install/theora_image_transport/share/theora_image_transport/cmake/theora_image_transport__rosidl_generator_cExport.cmake
-- Installing: /home/adam/Sensor-Fusion-And-Autonomous-Racing-Cars/ros_ws/install/theora_image_transport/share/theora_image_transport/cmake/theora_image_transport__rosidl_generator_cExport-noconfig.cmake
-- Up-to-date: /home/adam/Sensor-Fusion-And-Autonomous-Racing-Cars/ros_ws/install/theora_image_transport/share/theora_image_transport/cmake/theora_image_transport__rosidl_typesupport_introspection_cExport.cmake
-- Installing: /home/adam/Sensor-Fusion-And-Autonomous-Racing-Cars/ros_ws/install/theora_image_transport/share/theora_image_transport/cmake/theora_image_transport__rosidl_typesupport_introspection_cExport-noconfig.cmake
-- Up-to-date: /home/adam/Sensor-Fusion-And-Autonomous-Racing-Cars/ros_ws/install/theora_image_transport/share/theora_image_transport/cmake/theora_image_transport__rosidl_typesupport_cExport.cmake
-- Installing: /home/adam/Sensor-Fusion-And-Autonomous-Racing-Cars/ros_ws/install/theora_image_transport/share/theora_image_transport/cmake/theora_image_transport__rosidl_typesupport_cExport-noconfig.cmake
-- Up-to-date: /home/adam/Sensor-Fusion-And-Autonomous-Racing-Cars/ros_ws/install/theora_image_transport/share/theora_image_transport/cmake/theora_image_transport__rosidl_generator_cppExport.cmake
-- Up-to-date: /home/adam/Sensor-Fusion-And-Autonomous-Racing-Cars/ros_ws/install/theora_image_transport/share/theora_image_transport/cmake/theora_image_transport__rosidl_typesupport_introspection_cppExport.cmake
-- Installing: /home/adam/Sensor-Fusion-And-Autonomous-Racing-Cars/ros_ws/install/theora_image_transport/share/theora_image_transport/cmake/theora_image_transport__rosidl_typesupport_introspection_cppExport-noconfig.cmake
-- Up-to-date: /home/adam/Sensor-Fusion-And-Autonomous-Racing-Cars/ros_ws/install/theora_image_transport/share/theora_image_transport/cmake/theora_image_transport__rosidl_typesupport_cppExport.cmake
-- Installing: /home/adam/Sensor-Fusion-And-Autonomous-Racing-Cars/ros_ws/install/theora_image_transport/share/theora_image_transport/cmake/theora_image_transport__rosidl_typesupport_cppExport-noconfig.cmake
-- Up-to-date: /home/adam/Sensor-Fusion-And-Autonomous-Racing-Cars/ros_ws/install/theora_image_transport/share/theora_image_transport/cmake/rosidl_cmake-extras.cmake
-- Up-to-date: /home/adam/Sensor-Fusion-And-Autonomous-Racing-Cars/ros_ws/install/theora_image_transport/share/theora_image_transport/cmake/ament_cmake_export_dependencies-extras.cmake
-- Up-to-date: /home/adam/Sensor-Fusion-And-Autonomous-Racing-Cars/ros_ws/install/theora_image_transport/share/theora_image_transport/cmake/ament_cmake_export_libraries-extras.cmake
-- Up-to-date: /home/adam/Sensor-Fusion-And-Autonomous-Racing-Cars/ros_ws/install/theora_image_transport/share/theora_image_transport/cmake/ament_cmake_export_targets-extras.cmake
-- Up-to-date: /home/adam/Sensor-Fusion-And-Autonomous-Racing-Cars/ros_ws/install/theora_image_transport/share/theora_image_transport/cmake/ament_cmake_export_include_directories-extras.cmake
-- Up-to-date: /home/adam/Sensor-Fusion-And-Autonomous-Racing-Cars/ros_ws/install/theora_image_transport/share/theora_image_transport/cmake/rosidl_cmake_export_typesupport_libraries-extras.cmake
-- Up-to-date: /home/adam/Sensor-Fusion-And-Autonomous-Racing-Cars/ros_ws/install/theora_image_transport/share/theora_image_transport/cmake/rosidl_cmake_export_typesupport_targets-extras.cmake
-- Up-to-date: /home/adam/Sensor-Fusion-And-Autonomous-Racing-Cars/ros_ws/install/theora_image_transport/share/theora_image_transport/cmake/theora_image_transportConfig.cmake
-- Up-to-date: /home/adam/Sensor-Fusion-And-Autonomous-Racing-Cars/ros_ws/install/theora_image_transport/share/theora_image_transport/cmake/theora_image_transportConfig-version.cmake
-- Up-to-date: /home/adam/Sensor-Fusion-And-Autonomous-Racing-Cars/ros_ws/install/theora_image_transport/share/theora_image_transport/package.xml
