-- The C compiler identification is GNU 9.4.0
-- The CXX compiler identification is GNU 9.4.0
-- Check for working C compiler: /usr/bin/cc
-- Check for working C compiler: /usr/bin/cc -- works
-- Detecting C compiler ABI info
-- Detecting C compiler ABI info - done
-- Detecting C compile features
-- Detecting C compile features - done
-- Check for working CXX compiler: /usr/bin/c++
-- Check for working CXX compiler: /usr/bin/c++ -- works
-- Detecting CXX compiler ABI info
-- Detecting CXX compiler ABI info - done
-- Detecting CXX compile features
-- Detecting CXX compile features - done
-- Found ament_cmake_ros: 0.9.2 (/opt/ros/foxy/share/ament_cmake_ros/cmake)
-- Found PythonInterp: /usr/bin/python3 (found suitable version "3.8.10", minimum required is "3") 
-- Using PYTHON_EXECUTABLE: /usr/bin/python3
-- Found message_filters: 3.2.7 (/opt/ros/foxy/share/message_filters/cmake)
-- Found pluginlib: 2.5.4 (/opt/ros/foxy/share/pluginlib/cmake)
-- Found rclcpp: 2.4.3 (/opt/ros/foxy/share/rclcpp/cmake)
-- Using all available rosidl_typesupport_c: rosidl_typesupport_fastrtps_c;rosidl_typesupport_introspection_c
-- Found rosidl_adapter: 1.3.1 (/opt/ros/foxy/share/rosidl_adapter/cmake)
-- Found OpenSSL: /usr/lib/aarch64-linux-gnu/libcrypto.so (found version "1.1.1f")  
-- Found FastRTPS: /opt/ros/foxy/include  
-- Using all available rosidl_typesupport_cpp: rosidl_typesupport_fastrtps_cpp;rosidl_typesupport_introspection_cpp
-- Found rmw_implementation_cmake: 1.0.4 (/opt/ros/foxy/share/rmw_implementation_cmake/cmake)
-- Using RMW implementation 'rmw_fastrtps_cpp' as default
-- Looking for pthread.h
-- Looking for pthread.h - found
-- Performing Test CMAKE_HAVE_LIBC_PTHREAD
-- Performing Test CMAKE_HAVE_LIBC_PTHREAD - Failed
-- Looking for pthread_create in pthreads
-- Looking for pthread_create in pthreads - not found
-- Looking for pthread_create in pthread
-- Looking for pthread_create in pthread - found
-- Found Threads: TRUE  
-- Found sensor_msgs: 2.0.5 (/opt/ros/foxy/share/sensor_msgs/cmake)
-- Found gtest sources under '/opt/ros/foxy/src/gtest_vendor': C++ tests using 'Google Test' will be built
-- Check if compiler accepts -pthread
-- Check if compiler accepts -pthread - yes
-- Configuring done
-- Generating done
-- Build files have been written to: /home/adam/Sensor-Fusion-And-Autonomous-Racing-Cars/ros_ws/build/image_transport
[35m[1mScanning dependencies of target image_transport[0m
[35m[1mScanning dependencies of target gtest[0m
[35m[1mScanning dependencies of target gtest_main[0m
[  3%] [32mBuilding CXX object gtest/CMakeFiles/gtest_main.dir/src/gtest_main.cc.o[0m
[  6%] [32mBuilding CXX object gtest/CMakeFiles/gtest.dir/src/gtest-all.cc.o[0m
[ 10%] [32mBuilding CXX object CMakeFiles/image_transport.dir/src/camera_common.cpp.o[0m
[ 13%] [32mBuilding CXX object CMakeFiles/image_transport.dir/src/publisher.cpp.o[0m
[ 16%] [32mBuilding CXX object CMakeFiles/image_transport.dir/src/subscriber.cpp.o[0m
[ 20%] [32m[1mLinking CXX static library libgtest_main.a[0m
[ 20%] Built target gtest_main
[ 23%] [32mBuilding CXX object CMakeFiles/image_transport.dir/src/single_subscriber_publisher.cpp.o[0m
[ 26%] [32mBuilding CXX object CMakeFiles/image_transport.dir/src/camera_publisher.cpp.o[0m
[ 30%] [32m[1mLinking CXX static library libgtest.a[0m
[ 30%] Built target gtest
[ 33%] [32mBuilding CXX object CMakeFiles/image_transport.dir/src/image_transport.cpp.o[0m
[ 36%] [32mBuilding CXX object CMakeFiles/image_transport.dir/src/camera_subscriber.cpp.o[0m
[ 40%] [32m[1mLinking CXX shared library libimage_transport.so[0m
[ 40%] Built target image_transport
[35m[1mScanning dependencies of target image_transport-remapping[0m
[35m[1mScanning dependencies of target list_transports[0m
[ 43%] [32mBuilding CXX object CMakeFiles/list_transports.dir/src/list_transports.cpp.o[0m
[ 46%] [32mBuilding CXX object CMakeFiles/image_transport-remapping.dir/test/test_remapping.cpp.o[0m
[35m[1mScanning dependencies of target republish[0m
[ 50%] [32mBuilding CXX object CMakeFiles/republish.dir/src/republish.cpp.o[0m
[ 53%] [32m[1mLinking CXX executable image_transport-remapping[0m
[ 53%] Built target image_transport-remapping
[ 56%] [32m[1mLinking CXX executable list_transports[0m
[ 56%] Built target list_transports
[ 60%] [32m[1mLinking CXX executable republish[0m
[35m[1mScanning dependencies of target image_transport-subscriber[0m
[ 63%] [32mBuilding CXX object CMakeFiles/image_transport-subscriber.dir/test/test_subscriber.cpp.o[0m
[ 63%] Built target republish
[35m[1mScanning dependencies of target image_transport-camera_common[0m
[35m[1mScanning dependencies of target image_transport_plugins[0m
[ 66%] [32mBuilding CXX object CMakeFiles/image_transport-camera_common.dir/test/test_camera_common.cpp.o[0m
[ 70%] [32mBuilding CXX object CMakeFiles/image_transport_plugins.dir/src/manifest.cpp.o[0m
[35m[1mScanning dependencies of target image_transport-message_passing[0m
[ 73%] [32mBuilding CXX object CMakeFiles/image_transport-message_passing.dir/test/test_message_passing.cpp.o[0m
[ 76%] [32m[1mLinking CXX executable image_transport-camera_common[0m
[ 76%] Built target image_transport-camera_common
[35m[1mScanning dependencies of target image_transport-publisher[0m
[ 80%] [32mBuilding CXX object CMakeFiles/image_transport-publisher.dir/test/test_publisher.cpp.o[0m
[ 83%] [32m[1mLinking CXX executable image_transport-subscriber[0m
[ 83%] Built target image_transport-subscriber
[35m[1mScanning dependencies of target image_transport-single_subscriber_publisher[0m
[ 86%] [32mBuilding CXX object CMakeFiles/image_transport-single_subscriber_publisher.dir/test/test_single_subscriber_publisher.cpp.o[0m
[ 90%] [32m[1mLinking CXX executable image_transport-message_passing[0m
[ 90%] Built target image_transport-message_passing
[ 93%] [32m[1mLinking CXX executable image_transport-publisher[0m
[ 93%] Built target image_transport-publisher
[ 96%] [32m[1mLinking CXX shared library libimage_transport_plugins.so[0m
[ 96%] Built target image_transport_plugins
[100%] [32m[1mLinking CXX executable image_transport-single_subscriber_publisher[0m
[100%] Built target image_transport-single_subscriber_publisher
-- Install configuration: ""
-- Installing: /home/adam/Sensor-Fusion-And-Autonomous-Racing-Cars/ros_ws/install/image_transport/share/image_transport/default_plugins.xml
-- Installing: /home/adam/Sensor-Fusion-And-Autonomous-Racing-Cars/ros_ws/install/image_transport/lib/libimage_transport.so
-- Set runtime path of "/home/adam/Sensor-Fusion-And-Autonomous-Racing-Cars/ros_ws/install/image_transport/lib/libimage_transport.so" to ""
-- Installing: /home/adam/Sensor-Fusion-And-Autonomous-Racing-Cars/ros_ws/install/image_transport/lib/libimage_transport_plugins.so
-- Set runtime path of "/home/adam/Sensor-Fusion-And-Autonomous-Racing-Cars/ros_ws/install/image_transport/lib/libimage_transport_plugins.so" to ""
-- Installing: /home/adam/Sensor-Fusion-And-Autonomous-Racing-Cars/ros_ws/install/image_transport/lib/image_transport/list_transports
-- Set runtime path of "/home/adam/Sensor-Fusion-And-Autonomous-Racing-Cars/ros_ws/install/image_transport/lib/image_transport/list_transports" to ""
-- Installing: /home/adam/Sensor-Fusion-And-Autonomous-Racing-Cars/ros_ws/install/image_transport/lib/image_transport/republish
-- Set runtime path of "/home/adam/Sensor-Fusion-And-Autonomous-Racing-Cars/ros_ws/install/image_transport/lib/image_transport/republish" to ""
-- Installing: /home/adam/Sensor-Fusion-And-Autonomous-Racing-Cars/ros_ws/install/image_transport/include
-- Installing: /home/adam/Sensor-Fusion-And-Autonomous-Racing-Cars/ros_ws/install/image_transport/include/image_transport
-- Installing: /home/adam/Sensor-Fusion-And-Autonomous-Racing-Cars/ros_ws/install/image_transport/include/image_transport/camera_subscriber.h
-- Installing: /home/adam/Sensor-Fusion-And-Autonomous-Racing-Cars/ros_ws/install/image_transport/include/image_transport/simple_publisher_plugin.hpp
-- Installing: /home/adam/Sensor-Fusion-And-Autonomous-Racing-Cars/ros_ws/install/image_transport/include/image_transport/simple_subscriber_plugin.hpp
-- Installing: /home/adam/Sensor-Fusion-And-Autonomous-Racing-Cars/ros_ws/install/image_transport/include/image_transport/simple_subscriber_plugin.h
-- Installing: /home/adam/Sensor-Fusion-And-Autonomous-Racing-Cars/ros_ws/install/image_transport/include/image_transport/single_subscriber_publisher.h
-- Installing: /home/adam/Sensor-Fusion-And-Autonomous-Racing-Cars/ros_ws/install/image_transport/include/image_transport/subscriber_plugin.h
-- Installing: /home/adam/Sensor-Fusion-And-Autonomous-Racing-Cars/ros_ws/install/image_transport/include/image_transport/publisher_plugin.h
-- Installing: /home/adam/Sensor-Fusion-And-Autonomous-Racing-Cars/ros_ws/install/image_transport/include/image_transport/subscriber_filter.h
-- Installing: /home/adam/Sensor-Fusion-And-Autonomous-Racing-Cars/ros_ws/install/image_transport/include/image_transport/publisher.hpp
-- Installing: /home/adam/Sensor-Fusion-And-Autonomous-Racing-Cars/ros_ws/install/image_transport/include/image_transport/exception.h
-- Installing: /home/adam/Sensor-Fusion-And-Autonomous-Racing-Cars/ros_ws/install/image_transport/include/image_transport/exception.hpp
-- Installing: /home/adam/Sensor-Fusion-And-Autonomous-Racing-Cars/ros_ws/install/image_transport/include/image_transport/simple_publisher_plugin.h
-- Installing: /home/adam/Sensor-Fusion-And-Autonomous-Racing-Cars/ros_ws/install/image_transport/include/image_transport/camera_subscriber.hpp
-- Installing: /home/adam/Sensor-Fusion-And-Autonomous-Racing-Cars/ros_ws/install/image_transport/include/image_transport/subscriber.h
-- Installing: /home/adam/Sensor-Fusion-And-Autonomous-Racing-Cars/ros_ws/install/image_transport/include/image_transport/loader_fwds.h
-- Installing: /home/adam/Sensor-Fusion-And-Autonomous-Racing-Cars/ros_ws/install/image_transport/include/image_transport/camera_common.hpp
-- Installing: /home/adam/Sensor-Fusion-And-Autonomous-Racing-Cars/ros_ws/install/image_transport/include/image_transport/publisher_plugin.hpp
-- Installing: /home/adam/Sensor-Fusion-And-Autonomous-Racing-Cars/ros_ws/install/image_transport/include/image_transport/image_transport.h
-- Installing: /home/adam/Sensor-Fusion-And-Autonomous-Racing-Cars/ros_ws/install/image_transport/include/image_transport/raw_subscriber.hpp
-- Installing: /home/adam/Sensor-Fusion-And-Autonomous-Racing-Cars/ros_ws/install/image_transport/include/image_transport/camera_publisher.h
-- Installing: /home/adam/Sensor-Fusion-And-Autonomous-Racing-Cars/ros_ws/install/image_transport/include/image_transport/visibility_control.hpp
-- Installing: /home/adam/Sensor-Fusion-And-Autonomous-Racing-Cars/ros_ws/install/image_transport/include/image_transport/subscriber_filter.hpp
-- Installing: /home/adam/Sensor-Fusion-And-Autonomous-Racing-Cars/ros_ws/install/image_transport/include/image_transport/raw_subscriber.h
-- Installing: /home/adam/Sensor-Fusion-And-Autonomous-Racing-Cars/ros_ws/install/image_transport/include/image_transport/loader_fwds.hpp
-- Installing: /home/adam/Sensor-Fusion-And-Autonomous-Racing-Cars/ros_ws/install/image_transport/include/image_transport/raw_publisher.hpp
-- Installing: /home/adam/Sensor-Fusion-And-Autonomous-Racing-Cars/ros_ws/install/image_transport/include/image_transport/publisher.h
-- Installing: /home/adam/Sensor-Fusion-And-Autonomous-Racing-Cars/ros_ws/install/image_transport/include/image_transport/transport_hints.h
-- Installing: /home/adam/Sensor-Fusion-And-Autonomous-Racing-Cars/ros_ws/install/image_transport/include/image_transport/transport_hints.hpp
-- Installing: /home/adam/Sensor-Fusion-And-Autonomous-Racing-Cars/ros_ws/install/image_transport/include/image_transport/single_subscriber_publisher.hpp
-- Installing: /home/adam/Sensor-Fusion-And-Autonomous-Racing-Cars/ros_ws/install/image_transport/include/image_transport/image_transport.hpp
-- Installing: /home/adam/Sensor-Fusion-And-Autonomous-Racing-Cars/ros_ws/install/image_transport/include/image_transport/raw_publisher.h
-- Installing: /home/adam/Sensor-Fusion-And-Autonomous-Racing-Cars/ros_ws/install/image_transport/include/image_transport/subscriber.hpp
-- Installing: /home/adam/Sensor-Fusion-And-Autonomous-Racing-Cars/ros_ws/install/image_transport/include/image_transport/camera_common.h
-- Installing: /home/adam/Sensor-Fusion-And-Autonomous-Racing-Cars/ros_ws/install/image_transport/include/image_transport/subscriber_plugin.hpp
-- Installing: /home/adam/Sensor-Fusion-And-Autonomous-Racing-Cars/ros_ws/install/image_transport/include/image_transport/camera_publisher.hpp
-- Installing: /home/adam/Sensor-Fusion-And-Autonomous-Racing-Cars/ros_ws/install/image_transport/share/image_transport/environment/library_path.sh
-- Installing: /home/adam/Sensor-Fusion-And-Autonomous-Racing-Cars/ros_ws/install/image_transport/share/image_transport/environment/library_path.dsv
-- Installing: /home/adam/Sensor-Fusion-And-Autonomous-Racing-Cars/ros_ws/install/image_transport/share/ament_index/resource_index/package_run_dependencies/image_transport
-- Installing: /home/adam/Sensor-Fusion-And-Autonomous-Racing-Cars/ros_ws/install/image_transport/share/ament_index/resource_index/parent_prefix_path/image_transport
-- Installing: /home/adam/Sensor-Fusion-And-Autonomous-Racing-Cars/ros_ws/install/image_transport/share/image_transport/environment/ament_prefix_path.sh
-- Installing: /home/adam/Sensor-Fusion-And-Autonomous-Racing-Cars/ros_ws/install/image_transport/share/image_transport/environment/ament_prefix_path.dsv
-- Installing: /home/adam/Sensor-Fusion-And-Autonomous-Racing-Cars/ros_ws/install/image_transport/share/image_transport/environment/path.sh
-- Installing: /home/adam/Sensor-Fusion-And-Autonomous-Racing-Cars/ros_ws/install/image_transport/share/image_transport/environment/path.dsv
-- Installing: /home/adam/Sensor-Fusion-And-Autonomous-Racing-Cars/ros_ws/install/image_transport/share/image_transport/local_setup.bash
-- Installing: /home/adam/Sensor-Fusion-And-Autonomous-Racing-Cars/ros_ws/install/image_transport/share/image_transport/local_setup.sh
-- Installing: /home/adam/Sensor-Fusion-And-Autonomous-Racing-Cars/ros_ws/install/image_transport/share/image_transport/local_setup.zsh
-- Installing: /home/adam/Sensor-Fusion-And-Autonomous-Racing-Cars/ros_ws/install/image_transport/share/image_transport/local_setup.dsv
-- Installing: /home/adam/Sensor-Fusion-And-Autonomous-Racing-Cars/ros_ws/install/image_transport/share/image_transport/package.dsv
-- Installing: /home/adam/Sensor-Fusion-And-Autonomous-Racing-Cars/ros_ws/install/image_transport/share/ament_index/resource_index/packages/image_transport
-- Installing: /home/adam/Sensor-Fusion-And-Autonomous-Racing-Cars/ros_ws/install/image_transport/share/ament_index/resource_index/image_transport__pluginlib__plugin/image_transport
-- Installing: /home/adam/Sensor-Fusion-And-Autonomous-Racing-Cars/ros_ws/install/image_transport/share/image_transport/cmake/ament_cmake_export_include_directories-extras.cmake
-- Installing: /home/adam/Sensor-Fusion-And-Autonomous-Racing-Cars/ros_ws/install/image_transport/share/image_transport/cmake/ament_cmake_export_libraries-extras.cmake
-- Installing: /home/adam/Sensor-Fusion-And-Autonomous-Racing-Cars/ros_ws/install/image_transport/share/image_transport/cmake/ament_cmake_export_dependencies-extras.cmake
-- Installing: /home/adam/Sensor-Fusion-And-Autonomous-Racing-Cars/ros_ws/install/image_transport/share/image_transport/cmake/image_transportConfig.cmake
-- Installing: /home/adam/Sensor-Fusion-And-Autonomous-Racing-Cars/ros_ws/install/image_transport/share/image_transport/cmake/image_transportConfig-version.cmake
-- Installing: /home/adam/Sensor-Fusion-And-Autonomous-Racing-Cars/ros_ws/install/image_transport/share/image_transport/package.xml
