[10.761s] Invoking command in '/home/adam/Sensor-Fusion-And-Autonomous-Racing-Cars/ros_ws/src/camera_sensor': PYTHONPATH=/home/adam/Sensor-Fusion-And-Autonomous-Racing-Cars/ros_ws/build/camera_sensor/prefix_override:/home/adam/Sensor-Fusion-And-Autonomous-Racing-Cars/ros_ws/install/camera_sensor/lib/python3.8/site-packages:${PYTHONPATH} /usr/bin/python3 setup.py egg_info --egg-base ../../build/camera_sensor build --build-base /home/adam/Sensor-Fusion-And-Autonomous-Racing-Cars/ros_ws/build/camera_sensor/build install --record /home/adam/Sensor-Fusion-And-Autonomous-Racing-Cars/ros_ws/build/camera_sensor/install.log --install-scripts $base/lib/camera_sensor --single-version-externally-managed
[12.139s] running egg_info
[12.145s] writing ../../build/camera_sensor/camera_sensor.egg-info/PKG-INFO
[12.153s] writing dependency_links to ../../build/camera_sensor/camera_sensor.egg-info/dependency_links.txt
[12.154s] writing entry points to ../../build/camera_sensor/camera_sensor.egg-info/entry_points.txt
[12.162s] writing requirements to ../../build/camera_sensor/camera_sensor.egg-info/requires.txt
[12.172s] writing top-level names to ../../build/camera_sensor/camera_sensor.egg-info/top_level.txt
[12.314s] reading manifest file '../../build/camera_sensor/camera_sensor.egg-info/SOURCES.txt'
[12.319s] writing manifest file '../../build/camera_sensor/camera_sensor.egg-info/SOURCES.txt'
[12.333s] running build
[12.334s] running build_py
[12.340s] running install
[12.342s] running install_lib
[12.353s] running install_data
[12.354s] running install_egg_info
[12.357s] removing '/home/adam/Sensor-Fusion-And-Autonomous-Racing-Cars/ros_ws/install/camera_sensor/lib/python3.8/site-packages/camera_sensor-0.0.0-py3.8.egg-info' (and everything under it)
[12.358s] Copying ../../build/camera_sensor/camera_sensor.egg-info to /home/adam/Sensor-Fusion-And-Autonomous-Racing-Cars/ros_ws/install/camera_sensor/lib/python3.8/site-packages/camera_sensor-0.0.0-py3.8.egg-info
[12.363s] running install_scripts
[12.452s] Installing camera_node script to /home/adam/Sensor-Fusion-And-Autonomous-Racing-Cars/ros_ws/install/camera_sensor/lib/camera_sensor
[12.455s] writing list of installed files to '/home/adam/Sensor-Fusion-And-Autonomous-Racing-Cars/ros_ws/build/camera_sensor/install.log'
[13.339s] Invoked command in '/home/adam/Sensor-Fusion-And-Autonomous-Racing-Cars/ros_ws/src/camera_sensor' returned '0': PYTHONPATH=/home/adam/Sensor-Fusion-And-Autonomous-Racing-Cars/ros_ws/build/camera_sensor/prefix_override:/home/adam/Sensor-Fusion-And-Autonomous-Racing-Cars/ros_ws/install/camera_sensor/lib/python3.8/site-packages:${PYTHONPATH} /usr/bin/python3 setup.py egg_info --egg-base ../../build/camera_sensor build --build-base /home/adam/Sensor-Fusion-And-Autonomous-Racing-Cars/ros_ws/build/camera_sensor/build install --record /home/adam/Sensor-Fusion-And-Autonomous-Racing-Cars/ros_ws/build/camera_sensor/install.log --install-scripts $base/lib/camera_sensor --single-version-externally-managed
