[11.432s] Invoking command in '/home/adam/Sensor-Fusion-And-Autonomous-Racing-Cars/ros_ws/src/autonomous_car_control': PYTHONPATH=/home/adam/Sensor-Fusion-And-Autonomous-Racing-Cars/ros_ws/build/autonomous_car_control/prefix_override:/home/adam/Sensor-Fusion-And-Autonomous-Racing-Cars/ros_ws/install/autonomous_car_control/lib/python3.8/site-packages:${PYTHONPATH} /usr/bin/python3 setup.py egg_info --egg-base ../../build/autonomous_car_control build --build-base /home/adam/Sensor-Fusion-And-Autonomous-Racing-Cars/ros_ws/build/autonomous_car_control/build install --record /home/adam/Sensor-Fusion-And-Autonomous-Racing-Cars/ros_ws/build/autonomous_car_control/install.log --install-scripts $base/lib/autonomous_car_control --single-version-externally-managed
[14.219s] running egg_info
[14.225s] writing ../../build/autonomous_car_control/autonomous_car_control.egg-info/PKG-INFO
[14.227s] writing dependency_links to ../../build/autonomous_car_control/autonomous_car_control.egg-info/dependency_links.txt
[14.229s] writing entry points to ../../build/autonomous_car_control/autonomous_car_control.egg-info/entry_points.txt
[14.231s] writing requirements to ../../build/autonomous_car_control/autonomous_car_control.egg-info/requires.txt
[14.232s] writing top-level names to ../../build/autonomous_car_control/autonomous_car_control.egg-info/top_level.txt
[14.593s] reading manifest file '../../build/autonomous_car_control/autonomous_car_control.egg-info/SOURCES.txt'
[14.605s] writing manifest file '../../build/autonomous_car_control/autonomous_car_control.egg-info/SOURCES.txt'
[14.607s] running build
[14.608s] running build_py
[14.609s] copying autonomous_car_control/autonomous_control_node.py -> /home/adam/Sensor-Fusion-And-Autonomous-Racing-Cars/ros_ws/build/autonomous_car_control/build/lib/autonomous_car_control
[14.612s] running install
[14.619s] running install_lib
[14.629s] copying /home/adam/Sensor-Fusion-And-Autonomous-Racing-Cars/ros_ws/build/autonomous_car_control/build/lib/autonomous_car_control/autonomous_control_node.py -> /home/adam/Sensor-Fusion-And-Autonomous-Racing-Cars/ros_ws/install/autonomous_car_control/lib/python3.8/site-packages/autonomous_car_control
[14.636s] byte-compiling /home/adam/Sensor-Fusion-And-Autonomous-Racing-Cars/ros_ws/install/autonomous_car_control/lib/python3.8/site-packages/autonomous_car_control/autonomous_control_node.py to autonomous_control_node.cpython-38.pyc
[14.654s] running install_data
[14.659s] running install_egg_info
[14.673s] removing '/home/adam/Sensor-Fusion-And-Autonomous-Racing-Cars/ros_ws/install/autonomous_car_control/lib/python3.8/site-packages/autonomous_car_control-0.0.0-py3.8.egg-info' (and everything under it)
[14.677s] Copying ../../build/autonomous_car_control/autonomous_car_control.egg-info to /home/adam/Sensor-Fusion-And-Autonomous-Racing-Cars/ros_ws/install/autonomous_car_control/lib/python3.8/site-packages/autonomous_car_control-0.0.0-py3.8.egg-info
[14.691s] running install_scripts
[14.854s] writing list of installed files to '/home/adam/Sensor-Fusion-And-Autonomous-Racing-Cars/ros_ws/build/autonomous_car_control/install.log'
[15.025s] Invoked command in '/home/adam/Sensor-Fusion-And-Autonomous-Racing-Cars/ros_ws/src/autonomous_car_control' returned '0': PYTHONPATH=/home/adam/Sensor-Fusion-And-Autonomous-Racing-Cars/ros_ws/build/autonomous_car_control/prefix_override:/home/adam/Sensor-Fusion-And-Autonomous-Racing-Cars/ros_ws/install/autonomous_car_control/lib/python3.8/site-packages:${PYTHONPATH} /usr/bin/python3 setup.py egg_info --egg-base ../../build/autonomous_car_control build --build-base /home/adam/Sensor-Fusion-And-Autonomous-Racing-Cars/ros_ws/build/autonomous_car_control/build install --record /home/adam/Sensor-Fusion-And-Autonomous-Racing-Cars/ros_ws/build/autonomous_car_control/install.log --install-scripts $base/lib/autonomous_car_control --single-version-externally-managed
