[10.021s] Invoking command in '/home/adam/Sensor-Fusion-And-Autonomous-Racing-Cars/ros_ws/build/ldlidar_ros2': CMAKE_PREFIX_PATH=${CMAKE_PREFIX_PATH}:/home/adam/Sensor-Fusion-And-Autonomous-Racing-Cars/ros_ws/install/servo_controller:/home/adam/Sensor-Fusion-And-Autonomous-Racing-Cars/ros_ws/install/motor_controller:/home/adam/Sensor-Fusion-And-Autonomous-Racing-Cars/ros_ws/install/camera_sensor:/home/adam/Sensor-Fusion-And-Autonomous-Racing-Cars/ros_ws/install/arc_startup:/opt/ros/foxy /usr/bin/cmake --build /home/adam/Sensor-Fusion-And-Autonomous-Racing-Cars/ros_ws/build/ldlidar_ros2 -- -j4 -l4
[10.384s] -- Found ament_cmake: 0.9.12 (/opt/ros/foxy/share/ament_cmake/cmake)
[10.678s] -- Using PYTHON_EXECUTABLE: /usr/bin/python3
[13.393s] -- Found rclcpp: 2.4.3 (/opt/ros/foxy/share/rclcpp/cmake)
[13.985s] -- Using all available rosidl_typesupport_c: rosidl_typesupport_fastrtps_c;rosidl_typesupport_introspection_c
[14.027s] -- Found rosidl_adapter: 1.3.1 (/opt/ros/foxy/share/rosidl_adapter/cmake)
[17.139s] -- Using all available rosidl_typesupport_cpp: rosidl_typesupport_fastrtps_cpp;rosidl_typesupport_introspection_cpp
[17.765s] -- Found rmw_implementation_cmake: 1.0.4 (/opt/ros/foxy/share/rmw_implementation_cmake/cmake)
[17.792s] -- Using RMW implementation 'rmw_fastrtps_cpp' as default
[19.459s] -- Found sensor_msgs: 2.0.5 (/opt/ros/foxy/share/sensor_msgs/cmake)
[20.715s] -- Found ament_lint_auto: 0.9.8 (/opt/ros/foxy/share/ament_lint_auto/cmake)
[21.502s] CMake Error at CMakeLists.txt:41 (add_subdirectory):
[21.506s]   The source directory
[21.514s] 
[21.520s]     /home/adam/Sensor-Fusion-And-Autonomous-Racing-Cars/ros_ws/src/ldlidar_ros2/sdk
[21.524s] 
[21.542s]   does not contain a CMakeLists.txt file.
[21.548s] 
[21.555s] 
[21.561s] -- Added test 'copyright' to check source files copyright and LICENSE
[21.817s] -- Added test 'cppcheck' to perform static code analysis on C / C++ code
[21.821s] -- Configured cppcheck include dirs: /home/adam/Sensor-Fusion-And-Autonomous-Racing-Cars/ros_ws/src/ldlidar_ros2/include;/home/adam/Sensor-Fusion-And-Autonomous-Racing-Cars/ros_ws/src/ldlidar_ros2/sdk/include
[21.825s] -- Configured cppcheck exclude dirs and/or files: 
[22.093s] -- Added test 'cpplint' to check C / C++ code against the Google style
[22.101s] -- Configured cpplint exclude dirs and/or files: 
[22.131s] -- Added test 'flake8' to check Python code syntax and style conventions
[22.196s] -- Added test 'lint_cmake' to check CMake code style
[22.233s] -- Added test 'pep257' to check Python code against some of the style conventions in PEP 257
[22.497s] -- Added test 'uncrustify' to check C / C++ code style
[22.498s] -- Configured uncrustify additional arguments: 
[22.536s] -- Added test 'xmllint' to check XML markup files
[22.595s] -- Configuring incomplete, errors occurred!
[22.600s] See also "/home/adam/Sensor-Fusion-And-Autonomous-Racing-Cars/ros_ws/build/ldlidar_ros2/CMakeFiles/CMakeOutput.log".
[22.612s] See also "/home/adam/Sensor-Fusion-And-Autonomous-Racing-Cars/ros_ws/build/ldlidar_ros2/CMakeFiles/CMakeError.log".
[22.641s] make: *** [Makefile:280: cmake_check_build_system] Error 1
[24.627s] Invoked command in '/home/adam/Sensor-Fusion-And-Autonomous-Racing-Cars/ros_ws/build/ldlidar_ros2' returned '2': CMAKE_PREFIX_PATH=${CMAKE_PREFIX_PATH}:/home/adam/Sensor-Fusion-And-Autonomous-Racing-Cars/ros_ws/install/servo_controller:/home/adam/Sensor-Fusion-And-Autonomous-Racing-Cars/ros_ws/install/motor_controller:/home/adam/Sensor-Fusion-And-Autonomous-Racing-Cars/ros_ws/install/camera_sensor:/home/adam/Sensor-Fusion-And-Autonomous-Racing-Cars/ros_ws/install/arc_startup:/opt/ros/foxy /usr/bin/cmake --build /home/adam/Sensor-Fusion-And-Autonomous-Racing-Cars/ros_ws/build/ldlidar_ros2 -- -j4 -l4
