[8.838s] Invoking command in '/home/adam/Sensor-Fusion-And-Autonomous-Racing-Cars/ros_ws/build/asio_cmake_module': CMAKE_PREFIX_PATH=${CMAKE_PREFIX_PATH}:/home/adam/Sensor-Fusion-And-Autonomous-Racing-Cars/ros_ws/install/servo_controller:/home/adam/Sensor-Fusion-And-Autonomous-Racing-Cars/ros_ws/install/motor_controller:/home/adam/Sensor-Fusion-And-Autonomous-Racing-Cars/ros_ws/install/camera_sensor:/home/adam/Sensor-Fusion-And-Autonomous-Racing-Cars/ros_ws/install/arc_startup:/opt/ros/foxy /usr/bin/cmake --build /home/adam/Sensor-Fusion-And-Autonomous-Racing-Cars/ros_ws/build/asio_cmake_module -- -j4 -l4
[9.527s] Invoked command in '/home/adam/Sensor-Fusion-And-Autonomous-Racing-Cars/ros_ws/build/asio_cmake_module' returned '0': CMAKE_PREFIX_PATH=${CMAKE_PREFIX_PATH}:/home/adam/Sensor-Fusion-And-Autonomous-Racing-Cars/ros_ws/install/servo_controller:/home/adam/Sensor-Fusion-And-Autonomous-Racing-Cars/ros_ws/install/motor_controller:/home/adam/Sensor-Fusion-And-Autonomous-Racing-Cars/ros_ws/install/camera_sensor:/home/adam/Sensor-Fusion-And-Autonomous-Racing-Cars/ros_ws/install/arc_startup:/opt/ros/foxy /usr/bin/cmake --build /home/adam/Sensor-Fusion-And-Autonomous-Racing-Cars/ros_ws/build/asio_cmake_module -- -j4 -l4
[10.610s] Invoking command in '/home/adam/Sensor-Fusion-And-Autonomous-Racing-Cars/ros_ws/build/asio_cmake_module': CMAKE_PREFIX_PATH=${CMAKE_PREFIX_PATH}:/home/adam/Sensor-Fusion-And-Autonomous-Racing-Cars/ros_ws/install/servo_controller:/home/adam/Sensor-Fusion-And-Autonomous-Racing-Cars/ros_ws/install/motor_controller:/home/adam/Sensor-Fusion-And-Autonomous-Racing-Cars/ros_ws/install/camera_sensor:/home/adam/Sensor-Fusion-And-Autonomous-Racing-Cars/ros_ws/install/arc_startup:/opt/ros/foxy /usr/bin/cmake --install /home/adam/Sensor-Fusion-And-Autonomous-Racing-Cars/ros_ws/build/asio_cmake_module
[10.912s] -- Install configuration: ""
[10.917s] -- Up-to-date: /home/adam/Sensor-Fusion-And-Autonomous-Racing-Cars/ros_ws/install/asio_cmake_module/share/ament_index/resource_index/package_run_dependencies/asio_cmake_module
[10.922s] -- Up-to-date: /home/adam/Sensor-Fusion-And-Autonomous-Racing-Cars/ros_ws/install/asio_cmake_module/share/ament_index/resource_index/parent_prefix_path/asio_cmake_module
[10.926s] -- Up-to-date: /home/adam/Sensor-Fusion-And-Autonomous-Racing-Cars/ros_ws/install/asio_cmake_module/share/asio_cmake_module/environment/ament_prefix_path.sh
[10.930s] -- Up-to-date: /home/adam/Sensor-Fusion-And-Autonomous-Racing-Cars/ros_ws/install/asio_cmake_module/share/asio_cmake_module/environment/ament_prefix_path.dsv
[10.935s] -- Up-to-date: /home/adam/Sensor-Fusion-And-Autonomous-Racing-Cars/ros_ws/install/asio_cmake_module/share/asio_cmake_module/environment/path.sh
[10.938s] -- Up-to-date: /home/adam/Sensor-Fusion-And-Autonomous-Racing-Cars/ros_ws/install/asio_cmake_module/share/asio_cmake_module/environment/path.dsv
[10.939s] -- Up-to-date: /home/adam/Sensor-Fusion-And-Autonomous-Racing-Cars/ros_ws/install/asio_cmake_module/share/asio_cmake_module/local_setup.bash
[10.942s] -- Up-to-date: /home/adam/Sensor-Fusion-And-Autonomous-Racing-Cars/ros_ws/install/asio_cmake_module/share/asio_cmake_module/local_setup.sh
[10.943s] -- Up-to-date: /home/adam/Sensor-Fusion-And-Autonomous-Racing-Cars/ros_ws/install/asio_cmake_module/share/asio_cmake_module/local_setup.zsh
[10.945s] -- Up-to-date: /home/adam/Sensor-Fusion-And-Autonomous-Racing-Cars/ros_ws/install/asio_cmake_module/share/asio_cmake_module/local_setup.dsv
[10.946s] -- Installing: /home/adam/Sensor-Fusion-And-Autonomous-Racing-Cars/ros_ws/install/asio_cmake_module/share/asio_cmake_module/package.dsv
[10.959s] -- Up-to-date: /home/adam/Sensor-Fusion-And-Autonomous-Racing-Cars/ros_ws/install/asio_cmake_module/share/ament_index/resource_index/packages/asio_cmake_module
[10.961s] -- Up-to-date: /home/adam/Sensor-Fusion-And-Autonomous-Racing-Cars/ros_ws/install/asio_cmake_module/share/asio_cmake_module/cmake/asio_cmake_module-extras.cmake
[10.965s] -- Up-to-date: /home/adam/Sensor-Fusion-And-Autonomous-Racing-Cars/ros_ws/install/asio_cmake_module/share/asio_cmake_module/cmake/asio_cmake_moduleConfig.cmake
[10.968s] -- Up-to-date: /home/adam/Sensor-Fusion-And-Autonomous-Racing-Cars/ros_ws/install/asio_cmake_module/share/asio_cmake_module/cmake/asio_cmake_moduleConfig-version.cmake
[10.971s] -- Up-to-date: /home/adam/Sensor-Fusion-And-Autonomous-Racing-Cars/ros_ws/install/asio_cmake_module/share/asio_cmake_module/package.xml
[10.975s] -- Up-to-date: /home/adam/Sensor-Fusion-And-Autonomous-Racing-Cars/ros_ws/install/asio_cmake_module/share/asio_cmake_module/cmake
[10.979s] -- Up-to-date: /home/adam/Sensor-Fusion-And-Autonomous-Racing-Cars/ros_ws/install/asio_cmake_module/share/asio_cmake_module/cmake/Modules
[10.985s] -- Up-to-date: /home/adam/Sensor-Fusion-And-Autonomous-Racing-Cars/ros_ws/install/asio_cmake_module/share/asio_cmake_module/cmake/Modules/FindASIO.cmake
[11.005s] Invoked command in '/home/adam/Sensor-Fusion-And-Autonomous-Racing-Cars/ros_ws/build/asio_cmake_module' returned '0': CMAKE_PREFIX_PATH=${CMAKE_PREFIX_PATH}:/home/adam/Sensor-Fusion-And-Autonomous-Racing-Cars/ros_ws/install/servo_controller:/home/adam/Sensor-Fusion-And-Autonomous-Racing-Cars/ros_ws/install/motor_controller:/home/adam/Sensor-Fusion-And-Autonomous-Racing-Cars/ros_ws/install/camera_sensor:/home/adam/Sensor-Fusion-And-Autonomous-Racing-Cars/ros_ws/install/arc_startup:/opt/ros/foxy /usr/bin/cmake --install /home/adam/Sensor-Fusion-And-Autonomous-Racing-Cars/ros_ws/build/asio_cmake_module
