[1.463s] Invoking command in '/home/adam/Sensor-Fusion-And-Autonomous-Racing-Cars/ros_ws/build/theora_image_transport': CMAKE_PREFIX_PATH=${CMAKE_PREFIX_PATH}:/home/adam/Sensor-Fusion-And-Autonomous-Racing-Cars/ros_ws/install/theora_image_transport:/home/adam/Sensor-Fusion-And-Autonomous-Racing-Cars/ros_ws/install/servo_controller:/home/adam/Sensor-Fusion-And-Autonomous-Racing-Cars/ros_ws/install/opencv_tests:/home/adam/Sensor-Fusion-And-Autonomous-Racing-Cars/ros_ws/install/motor_controller:/home/adam/Sensor-Fusion-And-Autonomous-Racing-Cars/ros_ws/install/camera_sensor:/home/adam/Sensor-Fusion-And-Autonomous-Racing-Cars/ros_ws/install/arc_startup:/opt/ros/foxy /usr/bin/cmake /home/adam/Sensor-Fusion-And-Autonomous-Racing-Cars/ros_ws/src/image_transport_plugins/theora_image_transport -DCMAKE_INSTALL_PREFIX=/home/adam/Sensor-Fusion-And-Autonomous-Racing-Cars/ros_ws/install/theora_image_transport
[1.874s] -- The C compiler identification is GNU 9.4.0
[2.218s] -- The CXX compiler identification is GNU 9.4.0
[2.255s] -- Check for working C compiler: /usr/bin/cc
[2.760s] -- Check for working C compiler: /usr/bin/cc -- works
[2.767s] -- Detecting C compiler ABI info
[3.236s] -- Detecting C compiler ABI info - done
[3.295s] -- Detecting C compile features
[3.298s] -- Detecting C compile features - done
[3.312s] -- Check for working CXX compiler: /usr/bin/c++
[3.814s] -- Check for working CXX compiler: /usr/bin/c++ -- works
[3.818s] -- Detecting CXX compiler ABI info
[4.362s] -- Detecting CXX compiler ABI info - done
[4.416s] -- Detecting CXX compile features
[4.419s] -- Detecting CXX compile features - done
[4.447s] -- Found ament_cmake: 0.9.12 (/opt/ros/foxy/share/ament_cmake/cmake)
[4.651s] -- Found PythonInterp: /usr/bin/python3 (found suitable version "3.8.10", minimum required is "3") 
[4.653s] -- Using PYTHON_EXECUTABLE: /usr/bin/python3
[6.690s] -- Found image_transport: 2.4.0 (/opt/ros/foxy/share/image_transport/cmake)
[7.239s] -- Using all available rosidl_typesupport_c: rosidl_typesupport_fastrtps_c;rosidl_typesupport_introspection_c
[7.315s] -- Found rosidl_adapter: 1.3.1 (/opt/ros/foxy/share/rosidl_adapter/cmake)
[8.167s] -- Found OpenSSL: /usr/lib/aarch64-linux-gnu/libcrypto.so (found version "1.1.1f")  
[8.507s] -- Found FastRTPS: /opt/ros/foxy/include  
[9.264s] -- Using all available rosidl_typesupport_cpp: rosidl_typesupport_fastrtps_cpp;rosidl_typesupport_introspection_cpp
[9.708s] -- Found rmw_implementation_cmake: 1.0.4 (/opt/ros/foxy/share/rmw_implementation_cmake/cmake)
[9.729s] -- Using RMW implementation 'rmw_fastrtps_cpp' as default
[9.735s] -- Looking for pthread.h
[10.228s] -- Looking for pthread.h - found
[10.229s] -- Performing Test CMAKE_HAVE_LIBC_PTHREAD
[10.699s] -- Performing Test CMAKE_HAVE_LIBC_PTHREAD - Failed
[10.700s] -- Looking for pthread_create in pthreads
[11.102s] -- Looking for pthread_create in pthreads - not found
[11.103s] -- Looking for pthread_create in pthread
[11.723s] -- Looking for pthread_create in pthread - found
[11.729s] -- Found Threads: TRUE  
[13.759s] -- Found cv_bridge: 3.0.7 (/opt/ros/foxy/share/cv_bridge/cmake)
[13.899s] -- Found rosidl_default_generators: 1.0.1 (/opt/ros/foxy/share/rosidl_default_generators/cmake)
[14.008s] -- Found OpenCV: /usr/local (found version "4.8.0") found components: imgproc 
[14.032s] -- Found PkgConfig: /usr/bin/pkg-config (found version "0.29.1") 
[14.038s] -- Checking for module 'ogg'
[14.205s] --   Found ogg, version 1.3.4
[14.576s] -- Checking for module 'theora'
[14.718s] --   Found theora, version 1.1.1
[15.071s] -- Checking for module 'theoraenc'
[15.218s] --   Found theoraenc, version 1.1.1
[15.579s] -- Checking for module 'theoradec'
[15.716s] --   Found theoradec, version 1.1.1
[16.374s] -- Found PythonInterp: /usr/bin/python3 (found version "3.8.10") 
[17.955s] -- Found ament_cmake_cppcheck: 0.9.8 (/opt/ros/foxy/share/ament_cmake_cppcheck/cmake)
[17.982s] -- Found ament_cmake_cpplint: 0.9.8 (/opt/ros/foxy/share/ament_cmake_cpplint/cmake)
[18.010s] -- Found ament_cmake_uncrustify: 0.9.8 (/opt/ros/foxy/share/ament_cmake_uncrustify/cmake)
[18.038s] -- Found ament_cmake_ros: 0.9.2 (/opt/ros/foxy/share/ament_cmake_ros/cmake)
[20.569s] -- Using all available rosidl_typesupport_c: rosidl_typesupport_fastrtps_c;rosidl_typesupport_introspection_c
[21.607s] -- Using all available rosidl_typesupport_cpp: rosidl_typesupport_fastrtps_cpp;rosidl_typesupport_introspection_cpp
[21.848s] -- Found PythonInterp: /usr/bin/python3 (found suitable version "3.8.10", minimum required is "3.5") 
[21.873s] -- Found python_cmake_module: 0.8.1 (/opt/ros/foxy/share/python_cmake_module/cmake)
[22.097s] -- Found PythonLibs: /usr/lib/aarch64-linux-gnu/libpython3.8.so (found suitable version "3.8.10", minimum required is "3.5") 
[22.098s] -- Using PYTHON_EXECUTABLE: /usr/bin/python3
[22.099s] -- Using PYTHON_INCLUDE_DIRS: /usr/include/python3.8
[22.100s] -- Using PYTHON_LIBRARIES: /usr/lib/aarch64-linux-gnu/libpython3.8.so
[22.265s] -- Found PythonExtra: .so  
[23.022s] -- Found ament_cmake_flake8: 0.9.8 (/opt/ros/foxy/share/ament_cmake_flake8/cmake)
[23.054s] -- Found ament_cmake_pep257: 0.9.8 (/opt/ros/foxy/share/ament_cmake_pep257/cmake)
[23.180s] -- Configuring done
[23.821s] -- Generating done
[23.848s] -- Build files have been written to: /home/adam/Sensor-Fusion-And-Autonomous-Racing-Cars/ros_ws/build/theora_image_transport
[23.931s] Invoked command in '/home/adam/Sensor-Fusion-And-Autonomous-Racing-Cars/ros_ws/build/theora_image_transport' returned '0': CMAKE_PREFIX_PATH=${CMAKE_PREFIX_PATH}:/home/adam/Sensor-Fusion-And-Autonomous-Racing-Cars/ros_ws/install/theora_image_transport:/home/adam/Sensor-Fusion-And-Autonomous-Racing-Cars/ros_ws/install/servo_controller:/home/adam/Sensor-Fusion-And-Autonomous-Racing-Cars/ros_ws/install/opencv_tests:/home/adam/Sensor-Fusion-And-Autonomous-Racing-Cars/ros_ws/install/motor_controller:/home/adam/Sensor-Fusion-And-Autonomous-Racing-Cars/ros_ws/install/camera_sensor:/home/adam/Sensor-Fusion-And-Autonomous-Racing-Cars/ros_ws/install/arc_startup:/opt/ros/foxy /usr/bin/cmake /home/adam/Sensor-Fusion-And-Autonomous-Racing-Cars/ros_ws/src/image_transport_plugins/theora_image_transport -DCMAKE_INSTALL_PREFIX=/home/adam/Sensor-Fusion-And-Autonomous-Racing-Cars/ros_ws/install/theora_image_transport
[23.941s] Invoking command in '/home/adam/Sensor-Fusion-And-Autonomous-Racing-Cars/ros_ws/build/theora_image_transport': CMAKE_PREFIX_PATH=${CMAKE_PREFIX_PATH}:/home/adam/Sensor-Fusion-And-Autonomous-Racing-Cars/ros_ws/install/theora_image_transport:/home/adam/Sensor-Fusion-And-Autonomous-Racing-Cars/ros_ws/install/servo_controller:/home/adam/Sensor-Fusion-And-Autonomous-Racing-Cars/ros_ws/install/opencv_tests:/home/adam/Sensor-Fusion-And-Autonomous-Racing-Cars/ros_ws/install/motor_controller:/home/adam/Sensor-Fusion-And-Autonomous-Racing-Cars/ros_ws/install/camera_sensor:/home/adam/Sensor-Fusion-And-Autonomous-Racing-Cars/ros_ws/install/arc_startup:/opt/ros/foxy /usr/bin/cmake --build /home/adam/Sensor-Fusion-And-Autonomous-Racing-Cars/ros_ws/build/theora_image_transport -- -j4 -l4
[24.222s] [35m[1mScanning dependencies of target theora_image_transport__cpp[0m
[24.299s] [  2%] [34m[1mGenerating C++ code for ROS interfaces[0m
[26.163s] [  2%] Built target theora_image_transport__cpp
[26.241s] [  5%] [34m[1mGenerating C code for ROS interfaces[0m
[28.218s] [35m[1mScanning dependencies of target theora_image_transport__rosidl_generator_c[0m
[28.334s] [  8%] [32mBuilding C object CMakeFiles/theora_image_transport__rosidl_generator_c.dir/rosidl_generator_c/theora_image_transport/msg/detail/packet__functions.c.o[0m
[28.659s] [ 10%] [32m[1mLinking C shared library libtheora_image_transport__rosidl_generator_c.so[0m
[28.927s] [ 10%] Built target theora_image_transport__rosidl_generator_c
[29.006s] [ 13%] [34m[1mGenerating C++ type support for eProsima Fast-RTPS[0m
[30.768s] [35m[1mScanning dependencies of target theora_image_transport__rosidl_typesupport_fastrtps_cpp[0m
[30.919s] [ 16%] [32mBuilding CXX object CMakeFiles/theora_image_transport__rosidl_typesupport_fastrtps_cpp.dir/rosidl_typesupport_fastrtps_cpp/theora_image_transport/msg/detail/dds_fastrtps/packet__type_support.cpp.o[0m
[34.684s] [ 18%] [32m[1mLinking CXX shared library libtheora_image_transport__rosidl_typesupport_fastrtps_cpp.so[0m
[35.238s] [ 18%] Built target theora_image_transport__rosidl_typesupport_fastrtps_cpp
[35.328s] [ 21%] [34m[1mGenerating C introspection for ROS interfaces[0m
[36.888s] [35m[1mScanning dependencies of target theora_image_transport__rosidl_typesupport_introspection_c[0m
[36.986s] [ 24%] [32mBuilding C object CMakeFiles/theora_image_transport__rosidl_typesupport_introspection_c.dir/rosidl_typesupport_introspection_c/theora_image_transport/msg/detail/packet__type_support.c.o[0m
[37.200s] [ 27%] [32m[1mLinking C shared library libtheora_image_transport__rosidl_typesupport_introspection_c.so[0m
[37.398s] [ 27%] Built target theora_image_transport__rosidl_typesupport_introspection_c
[37.470s] [ 29%] [34m[1mGenerating C type support dispatch for ROS interfaces[0m
[38.927s] [35m[1mScanning dependencies of target theora_image_transport__rosidl_typesupport_c[0m
[39.015s] [ 32%] [32mBuilding CXX object CMakeFiles/theora_image_transport__rosidl_typesupport_c.dir/rosidl_typesupport_c/theora_image_transport/msg/packet__type_support.cpp.o[0m
[39.217s] [ 35%] [32m[1mLinking CXX shared library libtheora_image_transport__rosidl_typesupport_c.so[0m
[39.457s] [ 35%] Built target theora_image_transport__rosidl_typesupport_c
[39.549s] [ 37%] [34m[1mGenerating C type support for eProsima Fast-RTPS[0m
[41.160s] [35m[1mScanning dependencies of target theora_image_transport__rosidl_typesupport_fastrtps_c[0m
[41.298s] [ 40%] [32mBuilding CXX object CMakeFiles/theora_image_transport__rosidl_typesupport_fastrtps_c.dir/rosidl_typesupport_fastrtps_c/theora_image_transport/msg/detail/packet__type_support_c.cpp.o[0m
[43.972s] [ 43%] [32m[1mLinking CXX shared library libtheora_image_transport__rosidl_typesupport_fastrtps_c.so[0m
[44.506s] [ 43%] Built target theora_image_transport__rosidl_typesupport_fastrtps_c
[44.589s] [ 45%] [34m[1mGenerating C++ type support dispatch for ROS interfaces[0m
[46.041s] [35m[1mScanning dependencies of target theora_image_transport__rosidl_typesupport_cpp[0m
[46.119s] [ 48%] [32mBuilding CXX object CMakeFiles/theora_image_transport__rosidl_typesupport_cpp.dir/rosidl_typesupport_cpp/theora_image_transport/msg/packet__type_support.cpp.o[0m
[47.385s] [ 51%] [32m[1mLinking CXX shared library libtheora_image_transport__rosidl_typesupport_cpp.so[0m
[47.583s] [ 51%] Built target theora_image_transport__rosidl_typesupport_cpp
[47.642s] [ 54%] [34m[1mGenerating C++ introspection for ROS interfaces[0m
[48.879s] [35m[1mScanning dependencies of target theora_image_transport__rosidl_typesupport_introspection_cpp[0m
[48.959s] [ 56%] [32mBuilding CXX object CMakeFiles/theora_image_transport__rosidl_typesupport_introspection_cpp.dir/rosidl_typesupport_introspection_cpp/theora_image_transport/msg/detail/packet__type_support.cpp.o[0m
[50.455s] [ 59%] [32m[1mLinking CXX shared library libtheora_image_transport__rosidl_typesupport_introspection_cpp.so[0m
[50.776s] [ 59%] Built target theora_image_transport__rosidl_typesupport_introspection_cpp
[50.828s] [35m[1mScanning dependencies of target theora_image_transport[0m
[50.886s] [ 59%] Built target theora_image_transport
[50.939s] [35m[1mScanning dependencies of target theora_image_transport__py[0m
[50.999s] [ 62%] [34m[1mGenerating Python code for ROS interfaces[0m
[53.211s] [ 62%] Built target theora_image_transport__py
[53.267s] [35m[1mScanning dependencies of target ogg_saver[0m
[53.441s] [ 64%] [32mBuilding CXX object CMakeFiles/ogg_saver.dir/src/ogg_saver.cpp.o[0m
[69.506s] [ 67%] [32m[1mLinking CXX executable ogg_saver[0m
[70.733s] [ 67%] Built target ogg_saver
[70.790s] [35m[1mScanning dependencies of target theora_image_transport__python[0m
[70.790s] [35m[1mScanning dependencies of target theora_image_transport_component[0m
[70.887s] [ 70%] [32mBuilding C object CMakeFiles/theora_image_transport__python.dir/rosidl_generator_py/theora_image_transport/msg/_packet_s.c.o[0m
[71.055s] [ 72%] [32mBuilding CXX object CMakeFiles/theora_image_transport_component.dir/src/theora_publisher.cpp.o[0m
[71.063s] [ 75%] [32mBuilding CXX object CMakeFiles/theora_image_transport_component.dir/src/theora_subscriber.cpp.o[0m
[71.396s] [ 78%] [32m[1mLinking C shared library rosidl_generator_py/theora_image_transport/libtheora_image_transport__python.so[0m
[71.699s] [ 78%] Built target theora_image_transport__python
[71.763s] [35m[1mScanning dependencies of target theora_image_transport__rosidl_typesupport_c__pyext[0m
[71.874s] [ 81%] [32mBuilding C object CMakeFiles/theora_image_transport__rosidl_typesupport_c__pyext.dir/rosidl_generator_py/theora_image_transport/_theora_image_transport_s.ep.rosidl_typesupport_c.c.o[0m
[72.323s] [ 83%] [32m[1mLinking C shared library rosidl_generator_py/theora_image_transport/theora_image_transport_s__rosidl_typesupport_c.cpython-38-aarch64-linux-gnu.so[0m
[72.637s] [ 83%] Built target theora_image_transport__rosidl_typesupport_c__pyext
[72.703s] [35m[1mScanning dependencies of target theora_image_transport__rosidl_typesupport_introspection_c__pyext[0m
[72.821s] [ 86%] [32mBuilding C object CMakeFiles/theora_image_transport__rosidl_typesupport_introspection_c__pyext.dir/rosidl_generator_py/theora_image_transport/_theora_image_transport_s.ep.rosidl_typesupport_introspection_c.c.o[0m
[73.295s] [ 89%] [32m[1mLinking C shared library rosidl_generator_py/theora_image_transport/theora_image_transport_s__rosidl_typesupport_introspection_c.cpython-38-aarch64-linux-gnu.so[0m
[73.579s] [ 89%] Built target theora_image_transport__rosidl_typesupport_introspection_c__pyext
[73.647s] [35m[1mScanning dependencies of target theora_image_transport__rosidl_typesupport_fastrtps_c__pyext[0m
[73.783s] [ 91%] [32mBuilding C object CMakeFiles/theora_image_transport__rosidl_typesupport_fastrtps_c__pyext.dir/rosidl_generator_py/theora_image_transport/_theora_image_transport_s.ep.rosidl_typesupport_fastrtps_c.c.o[0m
[74.275s] [ 94%] [32m[1mLinking CXX shared library rosidl_generator_py/theora_image_transport/theora_image_transport_s__rosidl_typesupport_fastrtps_c.cpython-38-aarch64-linux-gnu.so[0m
[74.725s] [ 94%] Built target theora_image_transport__rosidl_typesupport_fastrtps_c__pyext
[85.833s] [ 97%] [32mBuilding CXX object CMakeFiles/theora_image_transport_component.dir/src/manifest.cpp.o[0m
[94.781s] [100%] [32m[1mLinking CXX shared library libtheora_image_transport_component.so[0m
[97.246s] [100%] Built target theora_image_transport_component
