[1.479s] Invoking command in '/home/adam/Sensor-Fusion-And-Autonomous-Racing-Cars/ros_ws/build/udp_driver': CMAKE_PREFIX_PATH=/home/adam/Sensor-Fusion-And-Autonomous-Racing-Cars/ros_ws/install/io_context:/home/adam/Sensor-Fusion-And-Autonomous-Racing-Cars/ros_ws/install/asio_cmake_module:/home/adam/Sensor-Fusion-And-Autonomous-Racing-Cars/ros_ws/install/vesc:/home/adam/Sensor-Fusion-And-Autonomous-Racing-Cars/ros_ws/install/vesc_driver:/home/adam/Sensor-Fusion-And-Autonomous-Racing-Cars/ros_ws/install/vesc_ackermann:/home/adam/Sensor-Fusion-And-Autonomous-Racing-Cars/ros_ws/install/vesc_msgs:/home/adam/Sensor-Fusion-And-Autonomous-Racing-Cars/ros_ws/install/v4l2_camera:/home/adam/Sensor-Fusion-And-Autonomous-Racing-Cars/ros_ws/install/udp_driver:/home/adam/Sensor-Fusion-And-Autonomous-Racing-Cars/ros_ws/install/image_transport_plugins:/home/adam/Sensor-Fusion-And-Autonomous-Racing-Cars/ros_ws/install/theora_image_transport:/home/adam/Sensor-Fusion-And-Autonomous-Racing-Cars/ros_ws/install/serial_driver:/home/adam/Sensor-Fusion-And-Autonomous-Racing-Cars/ros_ws/install/ldlidar_ros2:/home/adam/Sensor-Fusion-And-Autonomous-Racing-Cars/ros_ws/install/compressed_image_transport:/home/adam/Sensor-Fusion-And-Autonomous-Racing-Cars/ros_ws/install/compressed_depth_image_transport:/home/adam/Sensor-Fusion-And-Autonomous-Racing-Cars/ros_ws/install/servo_controller:/home/adam/Sensor-Fusion-And-Autonomous-Racing-Cars/ros_ws/install/motor_controller:/home/adam/Sensor-Fusion-And-Autonomous-Racing-Cars/ros_ws/install/camera_sensor:/home/adam/Sensor-Fusion-And-Autonomous-Racing-Cars/ros_ws/install/autonomous_car_control:/home/adam/Sensor-Fusion-And-Autonomous-Racing-Cars/ros_ws/install/arc_startup:/home/adam/Sensor-Fusion-And-Autonomous-Racing-Cars/ros_ws/install/arc_keyboard_control:/opt/ros/foxy LD_LIBRARY_PATH=/home/adam/Sensor-Fusion-And-Autonomous-Racing-Cars/ros_ws/install/io_context/lib:/home/adam/Sensor-Fusion-And-Autonomous-Racing-Cars/ros_ws/install/vesc_driver/lib:/home/adam/Sensor-Fusion-And-Autonomous-Racing-Cars/ros_ws/install/vesc_ackermann/lib:/home/adam/Sensor-Fusion-And-Autonomous-Racing-Cars/ros_ws/install/vesc_msgs/lib:/home/adam/Sensor-Fusion-And-Autonomous-Racing-Cars/ros_ws/install/v4l2_camera/lib:/home/adam/Sensor-Fusion-And-Autonomous-Racing-Cars/ros_ws/install/udp_driver/lib:/home/adam/Sensor-Fusion-And-Autonomous-Racing-Cars/ros_ws/install/theora_image_transport/lib:/home/adam/Sensor-Fusion-And-Autonomous-Racing-Cars/ros_ws/install/serial_driver/lib:/home/adam/Sensor-Fusion-And-Autonomous-Racing-Cars/ros_ws/install/compressed_image_transport/lib:/home/adam/Sensor-Fusion-And-Autonomous-Racing-Cars/ros_ws/install/compressed_depth_image_transport/lib:/opt/ros/foxy/opt/yaml_cpp_vendor/lib:/opt/ros/foxy/opt/rviz_ogre_vendor/lib:/opt/ros/foxy/lib/aarch64-linux-gnu:/opt/ros/foxy/lib /usr/bin/cmake /home/adam/Sensor-Fusion-And-Autonomous-Racing-Cars/ros_ws/src/transport_drivers/udp_driver -DCMAKE_INSTALL_PREFIX=/home/adam/Sensor-Fusion-And-Autonomous-Racing-Cars/ros_ws/install/udp_driver
[1.950s] -- The C compiler identification is GNU 9.4.0
[2.312s] -- The CXX compiler identification is GNU 9.4.0
[2.359s] -- Check for working C compiler: /usr/bin/cc
[2.913s] -- Check for working C compiler: /usr/bin/cc -- works
[2.918s] -- Detecting C compiler ABI info
[3.557s] -- Detecting C compiler ABI info - done
[3.637s] -- Detecting C compile features
[3.638s] -- Detecting C compile features - done
[3.663s] -- Check for working CXX compiler: /usr/bin/c++
[4.379s] -- Check for working CXX compiler: /usr/bin/c++ -- works
[4.385s] -- Detecting CXX compiler ABI info
[4.916s] -- Detecting CXX compiler ABI info - done
[4.983s] -- Detecting CXX compile features
[4.984s] -- Detecting CXX compile features - done
[5.010s] -- Found ament_cmake_auto: 0.9.12 (/opt/ros/foxy/share/ament_cmake_auto/cmake)
[5.250s] -- Found PythonInterp: /usr/bin/python3 (found suitable version "3.8.10", minimum required is "3") 
[5.252s] -- Using PYTHON_EXECUTABLE: /usr/bin/python3
[7.961s] -- Using all available rosidl_typesupport_c: rosidl_typesupport_fastrtps_c;rosidl_typesupport_introspection_c
[8.057s] -- Found rosidl_adapter: 1.3.1 (/opt/ros/foxy/share/rosidl_adapter/cmake)
[8.907s] -- Found OpenSSL: /usr/lib/aarch64-linux-gnu/libcrypto.so (found version "1.1.1f")  
[9.211s] -- Found FastRTPS: /opt/ros/foxy/include  
[9.959s] -- Using all available rosidl_typesupport_cpp: rosidl_typesupport_fastrtps_cpp;rosidl_typesupport_introspection_cpp
[11.118s] -- Found rmw_implementation_cmake: 1.0.4 (/opt/ros/foxy/share/rmw_implementation_cmake/cmake)
[11.131s] -- Using RMW implementation 'rmw_fastrtps_cpp' as default
[11.143s] -- Looking for pthread.h
[11.574s] -- Looking for pthread.h - found
[11.578s] -- Performing Test CMAKE_HAVE_LIBC_PTHREAD
[12.040s] -- Performing Test CMAKE_HAVE_LIBC_PTHREAD - Failed
[12.042s] -- Looking for pthread_create in pthreads
[12.442s] -- Looking for pthread_create in pthreads - not found
[12.443s] -- Looking for pthread_create in pthread
[12.896s] -- Looking for pthread_create in pthread - found
[12.903s] -- Found Threads: TRUE  
[14.606s] -- Found ASIO: /usr/include  
[14.959s] -- Found ament_lint_auto: 0.9.8 (/opt/ros/foxy/share/ament_lint_auto/cmake)
[15.307s] -- Found gtest sources under '/opt/ros/foxy/src/gtest_vendor': C++ tests using 'Google Test' will be built
[15.317s] -- Check if compiler accepts -pthread
[15.718s] -- Check if compiler accepts -pthread - yes
[15.857s] -- Added test 'copyright' to check source files copyright and LICENSE
[15.879s] -- Added test 'cppcheck' to perform static code analysis on C / C++ code
[15.883s] -- Configured cppcheck include dirs: /home/adam/Sensor-Fusion-And-Autonomous-Racing-Cars/ros_ws/src/transport_drivers/udp_driver/include
[15.884s] -- Configured cppcheck exclude dirs and/or files: 
[15.902s] -- Added test 'cpplint' to check C / C++ code against the Google style
[15.903s] -- Configured cpplint exclude dirs and/or files: 
[15.915s] -- Added test 'lint_cmake' to check CMake code style
[15.937s] -- Added test 'uncrustify' to check C / C++ code style
[15.938s] -- Configured uncrustify additional arguments: 
[15.945s] -- Added test 'xmllint' to check XML markup files
[16.004s] -- Configuring done
[16.670s] -- Generating done
[16.683s] -- Build files have been written to: /home/adam/Sensor-Fusion-And-Autonomous-Racing-Cars/ros_ws/build/udp_driver
[16.741s] Invoked command in '/home/adam/Sensor-Fusion-And-Autonomous-Racing-Cars/ros_ws/build/udp_driver' returned '0': CMAKE_PREFIX_PATH=/home/adam/Sensor-Fusion-And-Autonomous-Racing-Cars/ros_ws/install/io_context:/home/adam/Sensor-Fusion-And-Autonomous-Racing-Cars/ros_ws/install/asio_cmake_module:/home/adam/Sensor-Fusion-And-Autonomous-Racing-Cars/ros_ws/install/vesc:/home/adam/Sensor-Fusion-And-Autonomous-Racing-Cars/ros_ws/install/vesc_driver:/home/adam/Sensor-Fusion-And-Autonomous-Racing-Cars/ros_ws/install/vesc_ackermann:/home/adam/Sensor-Fusion-And-Autonomous-Racing-Cars/ros_ws/install/vesc_msgs:/home/adam/Sensor-Fusion-And-Autonomous-Racing-Cars/ros_ws/install/v4l2_camera:/home/adam/Sensor-Fusion-And-Autonomous-Racing-Cars/ros_ws/install/udp_driver:/home/adam/Sensor-Fusion-And-Autonomous-Racing-Cars/ros_ws/install/image_transport_plugins:/home/adam/Sensor-Fusion-And-Autonomous-Racing-Cars/ros_ws/install/theora_image_transport:/home/adam/Sensor-Fusion-And-Autonomous-Racing-Cars/ros_ws/install/serial_driver:/home/adam/Sensor-Fusion-And-Autonomous-Racing-Cars/ros_ws/install/ldlidar_ros2:/home/adam/Sensor-Fusion-And-Autonomous-Racing-Cars/ros_ws/install/compressed_image_transport:/home/adam/Sensor-Fusion-And-Autonomous-Racing-Cars/ros_ws/install/compressed_depth_image_transport:/home/adam/Sensor-Fusion-And-Autonomous-Racing-Cars/ros_ws/install/servo_controller:/home/adam/Sensor-Fusion-And-Autonomous-Racing-Cars/ros_ws/install/motor_controller:/home/adam/Sensor-Fusion-And-Autonomous-Racing-Cars/ros_ws/install/camera_sensor:/home/adam/Sensor-Fusion-And-Autonomous-Racing-Cars/ros_ws/install/autonomous_car_control:/home/adam/Sensor-Fusion-And-Autonomous-Racing-Cars/ros_ws/install/arc_startup:/home/adam/Sensor-Fusion-And-Autonomous-Racing-Cars/ros_ws/install/arc_keyboard_control:/opt/ros/foxy LD_LIBRARY_PATH=/home/adam/Sensor-Fusion-And-Autonomous-Racing-Cars/ros_ws/install/io_context/lib:/home/adam/Sensor-Fusion-And-Autonomous-Racing-Cars/ros_ws/install/vesc_driver/lib:/home/adam/Sensor-Fusion-And-Autonomous-Racing-Cars/ros_ws/install/vesc_ackermann/lib:/home/adam/Sensor-Fusion-And-Autonomous-Racing-Cars/ros_ws/install/vesc_msgs/lib:/home/adam/Sensor-Fusion-And-Autonomous-Racing-Cars/ros_ws/install/v4l2_camera/lib:/home/adam/Sensor-Fusion-And-Autonomous-Racing-Cars/ros_ws/install/udp_driver/lib:/home/adam/Sensor-Fusion-And-Autonomous-Racing-Cars/ros_ws/install/theora_image_transport/lib:/home/adam/Sensor-Fusion-And-Autonomous-Racing-Cars/ros_ws/install/serial_driver/lib:/home/adam/Sensor-Fusion-And-Autonomous-Racing-Cars/ros_ws/install/compressed_image_transport/lib:/home/adam/Sensor-Fusion-And-Autonomous-Racing-Cars/ros_ws/install/compressed_depth_image_transport/lib:/opt/ros/foxy/opt/yaml_cpp_vendor/lib:/opt/ros/foxy/opt/rviz_ogre_vendor/lib:/opt/ros/foxy/lib/aarch64-linux-gnu:/opt/ros/foxy/lib /usr/bin/cmake /home/adam/Sensor-Fusion-And-Autonomous-Racing-Cars/ros_ws/src/transport_drivers/udp_driver -DCMAKE_INSTALL_PREFIX=/home/adam/Sensor-Fusion-And-Autonomous-Racing-Cars/ros_ws/install/udp_driver
[16.750s] Invoking command in '/home/adam/Sensor-Fusion-And-Autonomous-Racing-Cars/ros_ws/build/udp_driver': CMAKE_PREFIX_PATH=/home/adam/Sensor-Fusion-And-Autonomous-Racing-Cars/ros_ws/install/io_context:/home/adam/Sensor-Fusion-And-Autonomous-Racing-Cars/ros_ws/install/asio_cmake_module:/home/adam/Sensor-Fusion-And-Autonomous-Racing-Cars/ros_ws/install/vesc:/home/adam/Sensor-Fusion-And-Autonomous-Racing-Cars/ros_ws/install/vesc_driver:/home/adam/Sensor-Fusion-And-Autonomous-Racing-Cars/ros_ws/install/vesc_ackermann:/home/adam/Sensor-Fusion-And-Autonomous-Racing-Cars/ros_ws/install/vesc_msgs:/home/adam/Sensor-Fusion-And-Autonomous-Racing-Cars/ros_ws/install/v4l2_camera:/home/adam/Sensor-Fusion-And-Autonomous-Racing-Cars/ros_ws/install/udp_driver:/home/adam/Sensor-Fusion-And-Autonomous-Racing-Cars/ros_ws/install/image_transport_plugins:/home/adam/Sensor-Fusion-And-Autonomous-Racing-Cars/ros_ws/install/theora_image_transport:/home/adam/Sensor-Fusion-And-Autonomous-Racing-Cars/ros_ws/install/serial_driver:/home/adam/Sensor-Fusion-And-Autonomous-Racing-Cars/ros_ws/install/ldlidar_ros2:/home/adam/Sensor-Fusion-And-Autonomous-Racing-Cars/ros_ws/install/compressed_image_transport:/home/adam/Sensor-Fusion-And-Autonomous-Racing-Cars/ros_ws/install/compressed_depth_image_transport:/home/adam/Sensor-Fusion-And-Autonomous-Racing-Cars/ros_ws/install/servo_controller:/home/adam/Sensor-Fusion-And-Autonomous-Racing-Cars/ros_ws/install/motor_controller:/home/adam/Sensor-Fusion-And-Autonomous-Racing-Cars/ros_ws/install/camera_sensor:/home/adam/Sensor-Fusion-And-Autonomous-Racing-Cars/ros_ws/install/autonomous_car_control:/home/adam/Sensor-Fusion-And-Autonomous-Racing-Cars/ros_ws/install/arc_startup:/home/adam/Sensor-Fusion-And-Autonomous-Racing-Cars/ros_ws/install/arc_keyboard_control:/opt/ros/foxy LD_LIBRARY_PATH=/home/adam/Sensor-Fusion-And-Autonomous-Racing-Cars/ros_ws/install/io_context/lib:/home/adam/Sensor-Fusion-And-Autonomous-Racing-Cars/ros_ws/install/vesc_driver/lib:/home/adam/Sensor-Fusion-And-Autonomous-Racing-Cars/ros_ws/install/vesc_ackermann/lib:/home/adam/Sensor-Fusion-And-Autonomous-Racing-Cars/ros_ws/install/vesc_msgs/lib:/home/adam/Sensor-Fusion-And-Autonomous-Racing-Cars/ros_ws/install/v4l2_camera/lib:/home/adam/Sensor-Fusion-And-Autonomous-Racing-Cars/ros_ws/install/udp_driver/lib:/home/adam/Sensor-Fusion-And-Autonomous-Racing-Cars/ros_ws/install/theora_image_transport/lib:/home/adam/Sensor-Fusion-And-Autonomous-Racing-Cars/ros_ws/install/serial_driver/lib:/home/adam/Sensor-Fusion-And-Autonomous-Racing-Cars/ros_ws/install/compressed_image_transport/lib:/home/adam/Sensor-Fusion-And-Autonomous-Racing-Cars/ros_ws/install/compressed_depth_image_transport/lib:/opt/ros/foxy/opt/yaml_cpp_vendor/lib:/opt/ros/foxy/opt/rviz_ogre_vendor/lib:/opt/ros/foxy/lib/aarch64-linux-gnu:/opt/ros/foxy/lib /usr/bin/cmake --build /home/adam/Sensor-Fusion-And-Autonomous-Racing-Cars/ros_ws/build/udp_driver -- -j4 -l4
[16.992s] [35m[1mScanning dependencies of target gtest[0m
[17.092s] [  4%] [32mBuilding CXX object gtest/CMakeFiles/gtest.dir/src/gtest-all.cc.o[0m
[33.230s] [  8%] [32m[1mLinking CXX static library libgtest.a[0m
[33.574s] [  8%] Built target gtest
[33.645s] [35m[1mScanning dependencies of target udp_receiver_node_exe[0m
[33.946s] [ 12%] [32mBuilding CXX object CMakeFiles/udp_receiver_node_exe.dir/rclcpp_components/node_main_udp_receiver_node_exe.cpp.o[0m
[45.936s] [ 16%] [32m[1mLinking CXX executable udp_receiver_node_exe[0m
[47.215s] [ 16%] Built target udp_receiver_node_exe
[47.390s] [35m[1mScanning dependencies of target gtest_main[0m
[47.413s] [35m[1mScanning dependencies of target udp_sender_node_exe[0m
[47.602s] [ 20%] [32mBuilding CXX object gtest/CMakeFiles/gtest_main.dir/src/gtest_main.cc.o[0m
[47.825s] [ 25%] [32mBuilding CXX object CMakeFiles/udp_sender_node_exe.dir/rclcpp_components/node_main_udp_sender_node_exe.cpp.o[0m
[54.663s] [ 29%] [32m[1mLinking CXX static library libgtest_main.a[0m
[55.157s] [ 29%] Built target gtest_main
[63.892s] [ 33%] [32m[1mLinking CXX executable udp_sender_node_exe[0m
[64.609s] [ 33%] Built target udp_sender_node_exe
[64.675s] [35m[1mScanning dependencies of target udp_driver[0m
[64.854s] [ 37%] [32mBuilding CXX object CMakeFiles/udp_driver.dir/src/udp_socket.cpp.o[0m
[74.317s] [ 41%] [32mBuilding CXX object CMakeFiles/udp_driver.dir/src/udp_driver.cpp.o[0m
[80.844s] [ 45%] [32m[1mLinking CXX shared library libudp_driver.so[0m
[81.777s] [ 45%] Built target udp_driver
[81.843s] [35m[1mScanning dependencies of target udp_driver_nodes[0m
[82.154s] [ 50%] [32mBuilding CXX object CMakeFiles/udp_driver_nodes.dir/src/udp_receiver_node.cpp.o[0m
[82.174s] [ 54%] [32mBuilding CXX object CMakeFiles/udp_driver_nodes.dir/src/udp_sender_node.cpp.o[0m
[110.482s] [ 58%] [32m[1mLinking CXX shared library libudp_driver_nodes.so[0m
[112.869s] [ 58%] Built target udp_driver_nodes
[112.936s] [35m[1mScanning dependencies of target test_udp_socket[0m
[112.937s] [35m[1mScanning dependencies of target test_udp_driver[0m
[112.942s] [35m[1mScanning dependencies of target udp_bridge_node_exe[0m
[113.065s] [ 62%] [32mBuilding CXX object CMakeFiles/test_udp_socket.dir/test/test_udp_socket.cpp.o[0m
[113.221s] [ 66%] [32mBuilding CXX object CMakeFiles/udp_bridge_node_exe.dir/src/udp_bridge_node.cpp.o[0m
[113.244s] [ 70%] [32mBuilding CXX object CMakeFiles/test_udp_driver.dir/test/test_udp_driver.cpp.o[0m
[114.283s] [35m[1mScanning dependencies of target test_udp_data[0m
[114.604s] [ 75%] [32mBuilding CXX object CMakeFiles/test_udp_data.dir/test/test_udp_data.cpp.o[0m
[124.214s] [ 79%] [32m[1mLinking CXX executable test_udp_socket[0m
[126.013s] [ 79%] Built target test_udp_socket
[126.126s] [35m[1mScanning dependencies of target test_udp_driver_nodes[0m
[126.719s] [ 83%] [32mBuilding CXX object CMakeFiles/test_udp_driver_nodes.dir/test/test_udp_driver_nodes.cpp.o[0m
[127.311s] [ 87%] [32m[1mLinking CXX executable test_udp_data[0m
[129.052s] [ 87%] Built target test_udp_data
[130.606s] [ 91%] [32m[1mLinking CXX executable udp_bridge_node_exe[0m
[132.680s] [ 91%] Built target udp_bridge_node_exe
[132.701s] [ 95%] [32m[1mLinking CXX executable test_udp_driver[0m
[133.918s] [ 95%] Built target test_udp_driver
[153.553s] [100%] [32m[1mLinking CXX executable test_udp_driver_nodes[0m
[156.040s] [100%] Built target test_udp_driver_nodes
[156.096s] Invoked command in '/home/adam/Sensor-Fusion-And-Autonomous-Racing-Cars/ros_ws/build/udp_driver' returned '0': CMAKE_PREFIX_PATH=/home/adam/Sensor-Fusion-And-Autonomous-Racing-Cars/ros_ws/install/io_context:/home/adam/Sensor-Fusion-And-Autonomous-Racing-Cars/ros_ws/install/asio_cmake_module:/home/adam/Sensor-Fusion-And-Autonomous-Racing-Cars/ros_ws/install/vesc:/home/adam/Sensor-Fusion-And-Autonomous-Racing-Cars/ros_ws/install/vesc_driver:/home/adam/Sensor-Fusion-And-Autonomous-Racing-Cars/ros_ws/install/vesc_ackermann:/home/adam/Sensor-Fusion-And-Autonomous-Racing-Cars/ros_ws/install/vesc_msgs:/home/adam/Sensor-Fusion-And-Autonomous-Racing-Cars/ros_ws/install/v4l2_camera:/home/adam/Sensor-Fusion-And-Autonomous-Racing-Cars/ros_ws/install/udp_driver:/home/adam/Sensor-Fusion-And-Autonomous-Racing-Cars/ros_ws/install/image_transport_plugins:/home/adam/Sensor-Fusion-And-Autonomous-Racing-Cars/ros_ws/install/theora_image_transport:/home/adam/Sensor-Fusion-And-Autonomous-Racing-Cars/ros_ws/install/serial_driver:/home/adam/Sensor-Fusion-And-Autonomous-Racing-Cars/ros_ws/install/ldlidar_ros2:/home/adam/Sensor-Fusion-And-Autonomous-Racing-Cars/ros_ws/install/compressed_image_transport:/home/adam/Sensor-Fusion-And-Autonomous-Racing-Cars/ros_ws/install/compressed_depth_image_transport:/home/adam/Sensor-Fusion-And-Autonomous-Racing-Cars/ros_ws/install/servo_controller:/home/adam/Sensor-Fusion-And-Autonomous-Racing-Cars/ros_ws/install/motor_controller:/home/adam/Sensor-Fusion-And-Autonomous-Racing-Cars/ros_ws/install/camera_sensor:/home/adam/Sensor-Fusion-And-Autonomous-Racing-Cars/ros_ws/install/autonomous_car_control:/home/adam/Sensor-Fusion-And-Autonomous-Racing-Cars/ros_ws/install/arc_startup:/home/adam/Sensor-Fusion-And-Autonomous-Racing-Cars/ros_ws/install/arc_keyboard_control:/opt/ros/foxy LD_LIBRARY_PATH=/home/adam/Sensor-Fusion-And-Autonomous-Racing-Cars/ros_ws/install/io_context/lib:/home/adam/Sensor-Fusion-And-Autonomous-Racing-Cars/ros_ws/install/vesc_driver/lib:/home/adam/Sensor-Fusion-And-Autonomous-Racing-Cars/ros_ws/install/vesc_ackermann/lib:/home/adam/Sensor-Fusion-And-Autonomous-Racing-Cars/ros_ws/install/vesc_msgs/lib:/home/adam/Sensor-Fusion-And-Autonomous-Racing-Cars/ros_ws/install/v4l2_camera/lib:/home/adam/Sensor-Fusion-And-Autonomous-Racing-Cars/ros_ws/install/udp_driver/lib:/home/adam/Sensor-Fusion-And-Autonomous-Racing-Cars/ros_ws/install/theora_image_transport/lib:/home/adam/Sensor-Fusion-And-Autonomous-Racing-Cars/ros_ws/install/serial_driver/lib:/home/adam/Sensor-Fusion-And-Autonomous-Racing-Cars/ros_ws/install/compressed_image_transport/lib:/home/adam/Sensor-Fusion-And-Autonomous-Racing-Cars/ros_ws/install/compressed_depth_image_transport/lib:/opt/ros/foxy/opt/yaml_cpp_vendor/lib:/opt/ros/foxy/opt/rviz_ogre_vendor/lib:/opt/ros/foxy/lib/aarch64-linux-gnu:/opt/ros/foxy/lib /usr/bin/cmake --build /home/adam/Sensor-Fusion-And-Autonomous-Racing-Cars/ros_ws/build/udp_driver -- -j4 -l4
[156.602s] Invoking command in '/home/adam/Sensor-Fusion-And-Autonomous-Racing-Cars/ros_ws/build/udp_driver': CMAKE_PREFIX_PATH=/home/adam/Sensor-Fusion-And-Autonomous-Racing-Cars/ros_ws/install/io_context:/home/adam/Sensor-Fusion-And-Autonomous-Racing-Cars/ros_ws/install/asio_cmake_module:/home/adam/Sensor-Fusion-And-Autonomous-Racing-Cars/ros_ws/install/vesc:/home/adam/Sensor-Fusion-And-Autonomous-Racing-Cars/ros_ws/install/vesc_driver:/home/adam/Sensor-Fusion-And-Autonomous-Racing-Cars/ros_ws/install/vesc_ackermann:/home/adam/Sensor-Fusion-And-Autonomous-Racing-Cars/ros_ws/install/vesc_msgs:/home/adam/Sensor-Fusion-And-Autonomous-Racing-Cars/ros_ws/install/v4l2_camera:/home/adam/Sensor-Fusion-And-Autonomous-Racing-Cars/ros_ws/install/udp_driver:/home/adam/Sensor-Fusion-And-Autonomous-Racing-Cars/ros_ws/install/image_transport_plugins:/home/adam/Sensor-Fusion-And-Autonomous-Racing-Cars/ros_ws/install/theora_image_transport:/home/adam/Sensor-Fusion-And-Autonomous-Racing-Cars/ros_ws/install/serial_driver:/home/adam/Sensor-Fusion-And-Autonomous-Racing-Cars/ros_ws/install/ldlidar_ros2:/home/adam/Sensor-Fusion-And-Autonomous-Racing-Cars/ros_ws/install/compressed_image_transport:/home/adam/Sensor-Fusion-And-Autonomous-Racing-Cars/ros_ws/install/compressed_depth_image_transport:/home/adam/Sensor-Fusion-And-Autonomous-Racing-Cars/ros_ws/install/servo_controller:/home/adam/Sensor-Fusion-And-Autonomous-Racing-Cars/ros_ws/install/motor_controller:/home/adam/Sensor-Fusion-And-Autonomous-Racing-Cars/ros_ws/install/camera_sensor:/home/adam/Sensor-Fusion-And-Autonomous-Racing-Cars/ros_ws/install/autonomous_car_control:/home/adam/Sensor-Fusion-And-Autonomous-Racing-Cars/ros_ws/install/arc_startup:/home/adam/Sensor-Fusion-And-Autonomous-Racing-Cars/ros_ws/install/arc_keyboard_control:/opt/ros/foxy LD_LIBRARY_PATH=/home/adam/Sensor-Fusion-And-Autonomous-Racing-Cars/ros_ws/install/io_context/lib:/home/adam/Sensor-Fusion-And-Autonomous-Racing-Cars/ros_ws/install/vesc_driver/lib:/home/adam/Sensor-Fusion-And-Autonomous-Racing-Cars/ros_ws/install/vesc_ackermann/lib:/home/adam/Sensor-Fusion-And-Autonomous-Racing-Cars/ros_ws/install/vesc_msgs/lib:/home/adam/Sensor-Fusion-And-Autonomous-Racing-Cars/ros_ws/install/v4l2_camera/lib:/home/adam/Sensor-Fusion-And-Autonomous-Racing-Cars/ros_ws/install/udp_driver/lib:/home/adam/Sensor-Fusion-And-Autonomous-Racing-Cars/ros_ws/install/theora_image_transport/lib:/home/adam/Sensor-Fusion-And-Autonomous-Racing-Cars/ros_ws/install/serial_driver/lib:/home/adam/Sensor-Fusion-And-Autonomous-Racing-Cars/ros_ws/install/compressed_image_transport/lib:/home/adam/Sensor-Fusion-And-Autonomous-Racing-Cars/ros_ws/install/compressed_depth_image_transport/lib:/opt/ros/foxy/opt/yaml_cpp_vendor/lib:/opt/ros/foxy/opt/rviz_ogre_vendor/lib:/opt/ros/foxy/lib/aarch64-linux-gnu:/opt/ros/foxy/lib /usr/bin/cmake --install /home/adam/Sensor-Fusion-And-Autonomous-Racing-Cars/ros_ws/build/udp_driver
[156.648s] -- Install configuration: ""
[156.649s] -- Installing: /home/adam/Sensor-Fusion-And-Autonomous-Racing-Cars/ros_ws/install/udp_driver/lib/udp_driver/udp_receiver_node_exe
[156.653s] -- Set runtime path of "/home/adam/Sensor-Fusion-And-Autonomous-Racing-Cars/ros_ws/install/udp_driver/lib/udp_driver/udp_receiver_node_exe" to ""
[156.654s] -- Installing: /home/adam/Sensor-Fusion-And-Autonomous-Racing-Cars/ros_ws/install/udp_driver/lib/udp_driver/udp_sender_node_exe
[156.657s] -- Set runtime path of "/home/adam/Sensor-Fusion-And-Autonomous-Racing-Cars/ros_ws/install/udp_driver/lib/udp_driver/udp_sender_node_exe" to ""
[156.658s] -- Installing: /home/adam/Sensor-Fusion-And-Autonomous-Racing-Cars/ros_ws/install/udp_driver/include
[156.658s] -- Installing: /home/adam/Sensor-Fusion-And-Autonomous-Racing-Cars/ros_ws/install/udp_driver/include/udp_driver
[156.658s] -- Installing: /home/adam/Sensor-Fusion-And-Autonomous-Racing-Cars/ros_ws/install/udp_driver/include/udp_driver/udp_sender_node.hpp
[156.659s] -- Installing: /home/adam/Sensor-Fusion-And-Autonomous-Racing-Cars/ros_ws/install/udp_driver/include/udp_driver/udp_socket.hpp
[156.660s] -- Installing: /home/adam/Sensor-Fusion-And-Autonomous-Racing-Cars/ros_ws/install/udp_driver/include/udp_driver/visibility_control.hpp
[156.662s] -- Installing: /home/adam/Sensor-Fusion-And-Autonomous-Racing-Cars/ros_ws/install/udp_driver/include/udp_driver/udp_receiver_node.hpp
[156.663s] -- Installing: /home/adam/Sensor-Fusion-And-Autonomous-Racing-Cars/ros_ws/install/udp_driver/include/udp_driver/udp_driver.hpp
[156.665s] -- Installing: /home/adam/Sensor-Fusion-And-Autonomous-Racing-Cars/ros_ws/install/udp_driver/share/udp_driver/environment/library_path.sh
[156.666s] -- Installing: /home/adam/Sensor-Fusion-And-Autonomous-Racing-Cars/ros_ws/install/udp_driver/share/udp_driver/environment/library_path.dsv
[156.667s] -- Installing: /home/adam/Sensor-Fusion-And-Autonomous-Racing-Cars/ros_ws/install/udp_driver/lib/libudp_driver.so
[156.672s] -- Set runtime path of "/home/adam/Sensor-Fusion-And-Autonomous-Racing-Cars/ros_ws/install/udp_driver/lib/libudp_driver.so" to ""
[156.673s] -- Installing: /home/adam/Sensor-Fusion-And-Autonomous-Racing-Cars/ros_ws/install/udp_driver/lib/libudp_driver_nodes.so
[156.695s] -- Set runtime path of "/home/adam/Sensor-Fusion-And-Autonomous-Racing-Cars/ros_ws/install/udp_driver/lib/libudp_driver_nodes.so" to ""
[156.695s] -- Installing: /home/adam/Sensor-Fusion-And-Autonomous-Racing-Cars/ros_ws/install/udp_driver/lib/udp_driver/udp_bridge_node_exe
[156.699s] -- Set runtime path of "/home/adam/Sensor-Fusion-And-Autonomous-Racing-Cars/ros_ws/install/udp_driver/lib/udp_driver/udp_bridge_node_exe" to ""
[156.699s] -- Installing: /home/adam/Sensor-Fusion-And-Autonomous-Racing-Cars/ros_ws/install/udp_driver/share/ament_index/resource_index/package_run_dependencies/udp_driver
[156.701s] -- Installing: /home/adam/Sensor-Fusion-And-Autonomous-Racing-Cars/ros_ws/install/udp_driver/share/ament_index/resource_index/parent_prefix_path/udp_driver
[156.702s] -- Installing: /home/adam/Sensor-Fusion-And-Autonomous-Racing-Cars/ros_ws/install/udp_driver/share/udp_driver/environment/ament_prefix_path.sh
[156.703s] -- Installing: /home/adam/Sensor-Fusion-And-Autonomous-Racing-Cars/ros_ws/install/udp_driver/share/udp_driver/environment/ament_prefix_path.dsv
[156.705s] -- Installing: /home/adam/Sensor-Fusion-And-Autonomous-Racing-Cars/ros_ws/install/udp_driver/share/udp_driver/environment/path.sh
[156.706s] -- Installing: /home/adam/Sensor-Fusion-And-Autonomous-Racing-Cars/ros_ws/install/udp_driver/share/udp_driver/environment/path.dsv
[156.707s] -- Installing: /home/adam/Sensor-Fusion-And-Autonomous-Racing-Cars/ros_ws/install/udp_driver/share/udp_driver/local_setup.bash
[156.708s] -- Installing: /home/adam/Sensor-Fusion-And-Autonomous-Racing-Cars/ros_ws/install/udp_driver/share/udp_driver/local_setup.sh
[156.709s] -- Installing: /home/adam/Sensor-Fusion-And-Autonomous-Racing-Cars/ros_ws/install/udp_driver/share/udp_driver/local_setup.zsh
[156.710s] -- Installing: /home/adam/Sensor-Fusion-And-Autonomous-Racing-Cars/ros_ws/install/udp_driver/share/udp_driver/local_setup.dsv
[156.711s] -- Installing: /home/adam/Sensor-Fusion-And-Autonomous-Racing-Cars/ros_ws/install/udp_driver/share/udp_driver/package.dsv
[156.713s] -- Installing: /home/adam/Sensor-Fusion-And-Autonomous-Racing-Cars/ros_ws/install/udp_driver/share/ament_index/resource_index/packages/udp_driver
[156.714s] -- Installing: /home/adam/Sensor-Fusion-And-Autonomous-Racing-Cars/ros_ws/install/udp_driver/share/ament_index/resource_index/rclcpp_components/udp_driver
[156.716s] -- Installing: /home/adam/Sensor-Fusion-And-Autonomous-Racing-Cars/ros_ws/install/udp_driver/share/udp_driver/cmake/ament_cmake_export_dependencies-extras.cmake
[156.717s] -- Installing: /home/adam/Sensor-Fusion-And-Autonomous-Racing-Cars/ros_ws/install/udp_driver/share/udp_driver/cmake/ament_cmake_export_include_directories-extras.cmake
[156.718s] -- Installing: /home/adam/Sensor-Fusion-And-Autonomous-Racing-Cars/ros_ws/install/udp_driver/share/udp_driver/cmake/ament_cmake_export_libraries-extras.cmake
[156.719s] -- Installing: /home/adam/Sensor-Fusion-And-Autonomous-Racing-Cars/ros_ws/install/udp_driver/share/udp_driver/cmake/udp_driverConfig.cmake
[156.720s] -- Installing: /home/adam/Sensor-Fusion-And-Autonomous-Racing-Cars/ros_ws/install/udp_driver/share/udp_driver/cmake/udp_driverConfig-version.cmake
[156.722s] -- Installing: /home/adam/Sensor-Fusion-And-Autonomous-Racing-Cars/ros_ws/install/udp_driver/share/udp_driver/package.xml
[156.728s] Invoked command in '/home/adam/Sensor-Fusion-And-Autonomous-Racing-Cars/ros_ws/build/udp_driver' returned '0': CMAKE_PREFIX_PATH=/home/adam/Sensor-Fusion-And-Autonomous-Racing-Cars/ros_ws/install/io_context:/home/adam/Sensor-Fusion-And-Autonomous-Racing-Cars/ros_ws/install/asio_cmake_module:/home/adam/Sensor-Fusion-And-Autonomous-Racing-Cars/ros_ws/install/vesc:/home/adam/Sensor-Fusion-And-Autonomous-Racing-Cars/ros_ws/install/vesc_driver:/home/adam/Sensor-Fusion-And-Autonomous-Racing-Cars/ros_ws/install/vesc_ackermann:/home/adam/Sensor-Fusion-And-Autonomous-Racing-Cars/ros_ws/install/vesc_msgs:/home/adam/Sensor-Fusion-And-Autonomous-Racing-Cars/ros_ws/install/v4l2_camera:/home/adam/Sensor-Fusion-And-Autonomous-Racing-Cars/ros_ws/install/udp_driver:/home/adam/Sensor-Fusion-And-Autonomous-Racing-Cars/ros_ws/install/image_transport_plugins:/home/adam/Sensor-Fusion-And-Autonomous-Racing-Cars/ros_ws/install/theora_image_transport:/home/adam/Sensor-Fusion-And-Autonomous-Racing-Cars/ros_ws/install/serial_driver:/home/adam/Sensor-Fusion-And-Autonomous-Racing-Cars/ros_ws/install/ldlidar_ros2:/home/adam/Sensor-Fusion-And-Autonomous-Racing-Cars/ros_ws/install/compressed_image_transport:/home/adam/Sensor-Fusion-And-Autonomous-Racing-Cars/ros_ws/install/compressed_depth_image_transport:/home/adam/Sensor-Fusion-And-Autonomous-Racing-Cars/ros_ws/install/servo_controller:/home/adam/Sensor-Fusion-And-Autonomous-Racing-Cars/ros_ws/install/motor_controller:/home/adam/Sensor-Fusion-And-Autonomous-Racing-Cars/ros_ws/install/camera_sensor:/home/adam/Sensor-Fusion-And-Autonomous-Racing-Cars/ros_ws/install/autonomous_car_control:/home/adam/Sensor-Fusion-And-Autonomous-Racing-Cars/ros_ws/install/arc_startup:/home/adam/Sensor-Fusion-And-Autonomous-Racing-Cars/ros_ws/install/arc_keyboard_control:/opt/ros/foxy LD_LIBRARY_PATH=/home/adam/Sensor-Fusion-And-Autonomous-Racing-Cars/ros_ws/install/io_context/lib:/home/adam/Sensor-Fusion-And-Autonomous-Racing-Cars/ros_ws/install/vesc_driver/lib:/home/adam/Sensor-Fusion-And-Autonomous-Racing-Cars/ros_ws/install/vesc_ackermann/lib:/home/adam/Sensor-Fusion-And-Autonomous-Racing-Cars/ros_ws/install/vesc_msgs/lib:/home/adam/Sensor-Fusion-And-Autonomous-Racing-Cars/ros_ws/install/v4l2_camera/lib:/home/adam/Sensor-Fusion-And-Autonomous-Racing-Cars/ros_ws/install/udp_driver/lib:/home/adam/Sensor-Fusion-And-Autonomous-Racing-Cars/ros_ws/install/theora_image_transport/lib:/home/adam/Sensor-Fusion-And-Autonomous-Racing-Cars/ros_ws/install/serial_driver/lib:/home/adam/Sensor-Fusion-And-Autonomous-Racing-Cars/ros_ws/install/compressed_image_transport/lib:/home/adam/Sensor-Fusion-And-Autonomous-Racing-Cars/ros_ws/install/compressed_depth_image_transport/lib:/opt/ros/foxy/opt/yaml_cpp_vendor/lib:/opt/ros/foxy/opt/rviz_ogre_vendor/lib:/opt/ros/foxy/lib/aarch64-linux-gnu:/opt/ros/foxy/lib /usr/bin/cmake --install /home/adam/Sensor-Fusion-And-Autonomous-Racing-Cars/ros_ws/build/udp_driver
