[24.477s] Invoking command in '/home/adam/Sensor-Fusion-And-Autonomous-Racing-Cars/ros_ws/src/motor_controller': PYTHONPATH=/home/adam/Sensor-Fusion-And-Autonomous-Racing-Cars/ros_ws/build/motor_controller/prefix_override:/home/adam/Sensor-Fusion-And-Autonomous-Racing-Cars/ros_ws/install/motor_controller/lib/python3.8/site-packages:${PYTHONPATH} /usr/bin/python3 setup.py egg_info --egg-base ../../build/motor_controller build --build-base /home/adam/Sensor-Fusion-And-Autonomous-Racing-Cars/ros_ws/build/motor_controller/build install --record /home/adam/Sensor-Fusion-And-Autonomous-Racing-Cars/ros_ws/build/motor_controller/install.log --install-scripts $base/lib/motor_controller --single-version-externally-managed
[30.212s] running egg_info
[30.213s] writing ../../build/motor_controller/motor_controller.egg-info/PKG-INFO
[30.214s] writing dependency_links to ../../build/motor_controller/motor_controller.egg-info/dependency_links.txt
[30.215s] writing entry points to ../../build/motor_controller/motor_controller.egg-info/entry_points.txt
[30.217s] writing requirements to ../../build/motor_controller/motor_controller.egg-info/requires.txt
[30.218s] writing top-level names to ../../build/motor_controller/motor_controller.egg-info/top_level.txt
[30.219s] reading manifest file '../../build/motor_controller/motor_controller.egg-info/SOURCES.txt'
[30.220s] writing manifest file '../../build/motor_controller/motor_controller.egg-info/SOURCES.txt'
[30.221s] running build
[30.222s] running build_py
[30.224s] running install
[30.225s] running install_lib
[30.226s] running install_data
[30.227s] running install_egg_info
[30.228s] removing '/home/adam/Sensor-Fusion-And-Autonomous-Racing-Cars/ros_ws/install/motor_controller/lib/python3.8/site-packages/motor_controller-0.0.0-py3.8.egg-info' (and everything under it)
[30.247s] Copying ../../build/motor_controller/motor_controller.egg-info to /home/adam/Sensor-Fusion-And-Autonomous-Racing-Cars/ros_ws/install/motor_controller/lib/python3.8/site-packages/motor_controller-0.0.0-py3.8.egg-info
[30.248s] running install_scripts
[30.252s] Installing motor_node script to /home/adam/Sensor-Fusion-And-Autonomous-Racing-Cars/ros_ws/install/motor_controller/lib/motor_controller
[30.254s] writing list of installed files to '/home/adam/Sensor-Fusion-And-Autonomous-Racing-Cars/ros_ws/build/motor_controller/install.log'
[30.303s] Invoked command in '/home/adam/Sensor-Fusion-And-Autonomous-Racing-Cars/ros_ws/src/motor_controller' returned '0': PYTHONPATH=/home/adam/Sensor-Fusion-And-Autonomous-Racing-Cars/ros_ws/build/motor_controller/prefix_override:/home/adam/Sensor-Fusion-And-Autonomous-Racing-Cars/ros_ws/install/motor_controller/lib/python3.8/site-packages:${PYTHONPATH} /usr/bin/python3 setup.py egg_info --egg-base ../../build/motor_controller build --build-base /home/adam/Sensor-Fusion-And-Autonomous-Racing-Cars/ros_ws/build/motor_controller/build install --record /home/adam/Sensor-Fusion-And-Autonomous-Racing-Cars/ros_ws/build/motor_controller/install.log --install-scripts $base/lib/motor_controller --single-version-externally-managed
