[25.609s] Invoking command in '/home/adam/Sensor-Fusion-And-Autonomous-Racing-Cars/ros_ws/src/motor_controller': PYTHONPATH=/home/adam/Sensor-Fusion-And-Autonomous-Racing-Cars/ros_ws/build/motor_controller/prefix_override:/home/adam/Sensor-Fusion-And-Autonomous-Racing-Cars/ros_ws/install/motor_controller/lib/python3.8/site-packages:${PYTHONPATH} /usr/bin/python3 setup.py egg_info --egg-base ../../build/motor_controller build --build-base /home/adam/Sensor-Fusion-And-Autonomous-Racing-Cars/ros_ws/build/motor_controller/build install --record /home/adam/Sensor-Fusion-And-Autonomous-Racing-Cars/ros_ws/build/motor_controller/install.log --install-scripts $base/lib/motor_controller --single-version-externally-managed
[29.016s] running egg_info
[29.017s] writing ../../build/motor_controller/motor_controller.egg-info/PKG-INFO
[29.018s] writing dependency_links to ../../build/motor_controller/motor_controller.egg-info/dependency_links.txt
[29.023s] writing entry points to ../../build/motor_controller/motor_controller.egg-info/entry_points.txt
[29.025s] writing requirements to ../../build/motor_controller/motor_controller.egg-info/requires.txt
[29.032s] writing top-level names to ../../build/motor_controller/motor_controller.egg-info/top_level.txt
[29.211s] reading manifest file '../../build/motor_controller/motor_controller.egg-info/SOURCES.txt'
[29.219s] writing manifest file '../../build/motor_controller/motor_controller.egg-info/SOURCES.txt'
[29.221s] running build
[29.222s] running build_py
[29.228s] running install
[29.237s] running install_lib
[29.259s] running install_data
[29.265s] running install_egg_info
[29.285s] removing '/home/adam/Sensor-Fusion-And-Autonomous-Racing-Cars/ros_ws/install/motor_controller/lib/python3.8/site-packages/motor_controller-0.0.0-py3.8.egg-info' (and everything under it)
[29.295s] Copying ../../build/motor_controller/motor_controller.egg-info to /home/adam/Sensor-Fusion-And-Autonomous-Racing-Cars/ros_ws/install/motor_controller/lib/python3.8/site-packages/motor_controller-0.0.0-py3.8.egg-info
[29.319s] running install_scripts
[29.544s] Installing motor_node script to /home/adam/Sensor-Fusion-And-Autonomous-Racing-Cars/ros_ws/install/motor_controller/lib/motor_controller
[29.556s] writing list of installed files to '/home/adam/Sensor-Fusion-And-Autonomous-Racing-Cars/ros_ws/build/motor_controller/install.log'
[35.436s] Invoked command in '/home/adam/Sensor-Fusion-And-Autonomous-Racing-Cars/ros_ws/src/motor_controller' returned '0': PYTHONPATH=/home/adam/Sensor-Fusion-And-Autonomous-Racing-Cars/ros_ws/build/motor_controller/prefix_override:/home/adam/Sensor-Fusion-And-Autonomous-Racing-Cars/ros_ws/install/motor_controller/lib/python3.8/site-packages:${PYTHONPATH} /usr/bin/python3 setup.py egg_info --egg-base ../../build/motor_controller build --build-base /home/adam/Sensor-Fusion-And-Autonomous-Racing-Cars/ros_ws/build/motor_controller/build install --record /home/adam/Sensor-Fusion-And-Autonomous-Racing-Cars/ros_ws/build/motor_controller/install.log --install-scripts $base/lib/motor_controller --single-version-externally-managed
