[4.516s] Invoking command in '/home/adam/Sensor-Fusion-And-Autonomous-Racing-Cars/ros_ws/src/autonomous_car_control': PYTHONPATH=/home/adam/Sensor-Fusion-And-Autonomous-Racing-Cars/ros_ws/build/autonomous_car_control/prefix_override:/home/adam/Sensor-Fusion-And-Autonomous-Racing-Cars/ros_ws/install/autonomous_car_control/lib/python3.8/site-packages:${PYTHONPATH} /usr/bin/python3 setup.py egg_info --egg-base ../../build/autonomous_car_control build --build-base /home/adam/Sensor-Fusion-And-Autonomous-Racing-Cars/ros_ws/build/autonomous_car_control/build install --record /home/adam/Sensor-Fusion-And-Autonomous-Racing-Cars/ros_ws/build/autonomous_car_control/install.log --install-scripts $base/lib/autonomous_car_control --single-version-externally-managed
[5.526s] running egg_info
[5.528s] writing ../../build/autonomous_car_control/autonomous_car_control.egg-info/PKG-INFO
[5.529s] writing dependency_links to ../../build/autonomous_car_control/autonomous_car_control.egg-info/dependency_links.txt
[5.530s] writing entry points to ../../build/autonomous_car_control/autonomous_car_control.egg-info/entry_points.txt
[5.530s] writing requirements to ../../build/autonomous_car_control/autonomous_car_control.egg-info/requires.txt
[5.531s] writing top-level names to ../../build/autonomous_car_control/autonomous_car_control.egg-info/top_level.txt
[5.660s] reading manifest file '../../build/autonomous_car_control/autonomous_car_control.egg-info/SOURCES.txt'
[5.664s] writing manifest file '../../build/autonomous_car_control/autonomous_car_control.egg-info/SOURCES.txt'
[5.665s] running build
[5.665s] running build_py
[5.666s] running install
[5.670s] running install_lib
[5.676s] running install_data
[5.678s] running install_egg_info
[5.685s] removing '/home/adam/Sensor-Fusion-And-Autonomous-Racing-Cars/ros_ws/install/autonomous_car_control/lib/python3.8/site-packages/autonomous_car_control-0.0.0-py3.8.egg-info' (and everything under it)
[5.687s] Copying ../../build/autonomous_car_control/autonomous_car_control.egg-info to /home/adam/Sensor-Fusion-And-Autonomous-Racing-Cars/ros_ws/install/autonomous_car_control/lib/python3.8/site-packages/autonomous_car_control-0.0.0-py3.8.egg-info
[5.695s] running install_scripts
[5.759s] writing list of installed files to '/home/adam/Sensor-Fusion-And-Autonomous-Racing-Cars/ros_ws/build/autonomous_car_control/install.log'
[5.854s] Invoked command in '/home/adam/Sensor-Fusion-And-Autonomous-Racing-Cars/ros_ws/src/autonomous_car_control' returned '0': PYTHONPATH=/home/adam/Sensor-Fusion-And-Autonomous-Racing-Cars/ros_ws/build/autonomous_car_control/prefix_override:/home/adam/Sensor-Fusion-And-Autonomous-Racing-Cars/ros_ws/install/autonomous_car_control/lib/python3.8/site-packages:${PYTHONPATH} /usr/bin/python3 setup.py egg_info --egg-base ../../build/autonomous_car_control build --build-base /home/adam/Sensor-Fusion-And-Autonomous-Racing-Cars/ros_ws/build/autonomous_car_control/build install --record /home/adam/Sensor-Fusion-And-Autonomous-Racing-Cars/ros_ws/build/autonomous_car_control/install.log --install-scripts $base/lib/autonomous_car_control --single-version-externally-managed
