[2.387s] Invoking command in '/home/adam/Sensor-Fusion-And-Autonomous-Racing-Cars/ros_ws/build/compressed_image_transport': AMENT_PREFIX_PATH=/home/adam/Sensor-Fusion-And-Autonomous-Racing-Cars/ros_ws/install/image_transport:/home/adam/Sensor-Fusion-And-Autonomous-Racing-Cars/ros_ws/install/cv_bridge:${AMENT_PREFIX_PATH} CMAKE_PREFIX_PATH=/home/adam/Sensor-Fusion-And-Autonomous-Racing-Cars/ros_ws/install/image_transport:/home/adam/Sensor-Fusion-And-Autonomous-Racing-Cars/ros_ws/install/cv_bridge:/home/adam/Sensor-Fusion-And-Autonomous-Racing-Cars/ros_ws/install/v4l2_camera:/home/adam/Sensor-Fusion-And-Autonomous-Racing-Cars/ros_ws/install/raspicam2:/home/adam/Sensor-Fusion-And-Autonomous-Racing-Cars/ros_ws/install/ldlidar_ros2:/home/adam/Sensor-Fusion-And-Autonomous-Racing-Cars/ros_ws/install/servo_controller:/home/adam/Sensor-Fusion-And-Autonomous-Racing-Cars/ros_ws/install/motor_controller:/home/adam/Sensor-Fusion-And-Autonomous-Racing-Cars/ros_ws/install/camera_sensor:/opt/ros/foxy LD_LIBRARY_PATH=/home/adam/Sensor-Fusion-And-Autonomous-Racing-Cars/ros_ws/install/image_transport/lib:/home/adam/Sensor-Fusion-And-Autonomous-Racing-Cars/ros_ws/install/cv_bridge/lib:${LD_LIBRARY_PATH} PYTHONPATH=/home/adam/Sensor-Fusion-And-Autonomous-Racing-Cars/ros_ws/install/cv_bridge/lib/python3.8/site-packages:${PYTHONPATH} /usr/bin/cmake /home/adam/Sensor-Fusion-And-Autonomous-Racing-Cars/ros_ws/src/image_transport_plugins/compressed_image_transport -DCMAKE_INSTALL_PREFIX=/home/adam/Sensor-Fusion-And-Autonomous-Racing-Cars/ros_ws/install/compressed_image_transport
[2.747s] -- The C compiler identification is GNU 9.4.0
[3.162s] -- The CXX compiler identification is GNU 9.4.0
[3.212s] -- Check for working C compiler: /usr/bin/cc
[3.673s] -- Check for working C compiler: /usr/bin/cc -- works
[3.680s] -- Detecting C compiler ABI info
[4.164s] -- Detecting C compiler ABI info - done
[4.235s] -- Detecting C compile features
[4.236s] -- Detecting C compile features - done
[4.252s] -- Check for working CXX compiler: /usr/bin/c++
[4.800s] -- Check for working CXX compiler: /usr/bin/c++ -- works
[4.817s] -- Detecting CXX compiler ABI info
[5.465s] -- Detecting CXX compiler ABI info - done
[5.509s] -- Detecting CXX compile features
[5.513s] -- Detecting CXX compile features - done
[5.541s] -- Found ament_cmake: 0.9.12 (/opt/ros/foxy/share/ament_cmake/cmake)
[5.772s] -- Found PythonInterp: /usr/bin/python3 (found suitable version "3.8.10", minimum required is "3") 
[5.773s] -- Using PYTHON_EXECUTABLE: /usr/bin/python3
[7.293s] -- Found image_transport: 2.4.0 (/home/adam/Sensor-Fusion-And-Autonomous-Racing-Cars/ros_ws/install/image_transport/share/image_transport/cmake)
[7.726s] -- Using all available rosidl_typesupport_c: rosidl_typesupport_fastrtps_c;rosidl_typesupport_introspection_c
[7.796s] -- Found rosidl_adapter: 1.3.1 (/opt/ros/foxy/share/rosidl_adapter/cmake)
[8.467s] -- Found OpenSSL: /usr/lib/aarch64-linux-gnu/libcrypto.so (found version "1.1.1f")  
[8.736s] -- Found FastRTPS: /opt/ros/foxy/include  
[9.377s] -- Using all available rosidl_typesupport_cpp: rosidl_typesupport_fastrtps_cpp;rosidl_typesupport_introspection_cpp
[9.696s] -- Found rmw_implementation_cmake: 1.0.4 (/opt/ros/foxy/share/rmw_implementation_cmake/cmake)
[9.705s] -- Using RMW implementation 'rmw_fastrtps_cpp' as default
[9.708s] -- Looking for pthread.h
[10.153s] -- Looking for pthread.h - found
[10.156s] -- Performing Test CMAKE_HAVE_LIBC_PTHREAD
[10.602s] -- Performing Test CMAKE_HAVE_LIBC_PTHREAD - Failed
[10.603s] -- Looking for pthread_create in pthreads
[10.958s] -- Looking for pthread_create in pthreads - not found
[10.960s] -- Looking for pthread_create in pthread
[11.428s] -- Looking for pthread_create in pthread - found
[11.429s] -- Found Threads: TRUE  
[12.963s] -- Found cv_bridge: 3.0.7 (/home/adam/Sensor-Fusion-And-Autonomous-Racing-Cars/ros_ws/install/cv_bridge/share/cv_bridge/cmake)
[13.057s] -- Found OpenCV: /usr/local (found version "4.8.0") 
[13.514s] -- Configuring done
[13.625s] -- Generating done
[13.634s] -- Build files have been written to: /home/adam/Sensor-Fusion-And-Autonomous-Racing-Cars/ros_ws/build/compressed_image_transport
