[9.858s] Invoking command in '/home/adam/Sensor-Fusion-And-Autonomous-Racing-Cars/ros_ws/src/motor_controller': PYTHONPATH=/home/adam/Sensor-Fusion-And-Autonomous-Racing-Cars/ros_ws/build/motor_controller/prefix_override:/home/adam/Sensor-Fusion-And-Autonomous-Racing-Cars/ros_ws/install/motor_controller/lib/python3.8/site-packages:${PYTHONPATH} /usr/bin/python3 setup.py egg_info --egg-base ../../build/motor_controller build --build-base /home/adam/Sensor-Fusion-And-Autonomous-Racing-Cars/ros_ws/build/motor_controller/build install --record /home/adam/Sensor-Fusion-And-Autonomous-Racing-Cars/ros_ws/build/motor_controller/install.log --install-scripts $base/lib/motor_controller --single-version-externally-managed
[11.279s] running egg_info
[11.286s] writing ../../build/motor_controller/motor_controller.egg-info/PKG-INFO
[11.288s] writing dependency_links to ../../build/motor_controller/motor_controller.egg-info/dependency_links.txt
[11.289s] writing entry points to ../../build/motor_controller/motor_controller.egg-info/entry_points.txt
[11.300s] writing requirements to ../../build/motor_controller/motor_controller.egg-info/requires.txt
[11.301s] writing top-level names to ../../build/motor_controller/motor_controller.egg-info/top_level.txt
[11.450s] reading manifest file '../../build/motor_controller/motor_controller.egg-info/SOURCES.txt'
[11.455s] writing manifest file '../../build/motor_controller/motor_controller.egg-info/SOURCES.txt'
[11.456s] running build
[11.457s] running build_py
[11.458s] running install
[11.460s] running install_lib
[11.468s] running install_data
[11.471s] running install_egg_info
[11.480s] removing '/home/adam/Sensor-Fusion-And-Autonomous-Racing-Cars/ros_ws/install/motor_controller/lib/python3.8/site-packages/motor_controller-0.0.0-py3.8.egg-info' (and everything under it)
[11.482s] Copying ../../build/motor_controller/motor_controller.egg-info to /home/adam/Sensor-Fusion-And-Autonomous-Racing-Cars/ros_ws/install/motor_controller/lib/python3.8/site-packages/motor_controller-0.0.0-py3.8.egg-info
[11.491s] running install_scripts
[11.589s] Installing motor_node script to /home/adam/Sensor-Fusion-And-Autonomous-Racing-Cars/ros_ws/install/motor_controller/lib/motor_controller
[11.605s] writing list of installed files to '/home/adam/Sensor-Fusion-And-Autonomous-Racing-Cars/ros_ws/build/motor_controller/install.log'
[12.460s] Invoked command in '/home/adam/Sensor-Fusion-And-Autonomous-Racing-Cars/ros_ws/src/motor_controller' returned '0': PYTHONPATH=/home/adam/Sensor-Fusion-And-Autonomous-Racing-Cars/ros_ws/build/motor_controller/prefix_override:/home/adam/Sensor-Fusion-And-Autonomous-Racing-Cars/ros_ws/install/motor_controller/lib/python3.8/site-packages:${PYTHONPATH} /usr/bin/python3 setup.py egg_info --egg-base ../../build/motor_controller build --build-base /home/adam/Sensor-Fusion-And-Autonomous-Racing-Cars/ros_ws/build/motor_controller/build install --record /home/adam/Sensor-Fusion-And-Autonomous-Racing-Cars/ros_ws/build/motor_controller/install.log --install-scripts $base/lib/motor_controller --single-version-externally-managed
