[4.619s] Invoking command in '/home/adam/Sensor-Fusion-And-Autonomous-Racing-Cars/ros_ws/build/compressed_depth_image_transport': CMAKE_PREFIX_PATH=${CMAKE_PREFIX_PATH}:/home/adam/Sensor-Fusion-And-Autonomous-Racing-Cars/ros_ws/install/servo_controller:/home/adam/Sensor-Fusion-And-Autonomous-Racing-Cars/ros_ws/install/motor_controller:/home/adam/Sensor-Fusion-And-Autonomous-Racing-Cars/ros_ws/install/camera_sensor:/home/adam/Sensor-Fusion-And-Autonomous-Racing-Cars/ros_ws/install/arc_startup:/opt/ros/foxy /usr/bin/cmake --build /home/adam/Sensor-Fusion-And-Autonomous-Racing-Cars/ros_ws/build/compressed_depth_image_transport -- -j4 -l4
[6.076s] [100%] Built target compressed_depth_image_transport
[6.391s] Invoked command in '/home/adam/Sensor-Fusion-And-Autonomous-Racing-Cars/ros_ws/build/compressed_depth_image_transport' returned '0': CMAKE_PREFIX_PATH=${CMAKE_PREFIX_PATH}:/home/adam/Sensor-Fusion-And-Autonomous-Racing-Cars/ros_ws/install/servo_controller:/home/adam/Sensor-Fusion-And-Autonomous-Racing-Cars/ros_ws/install/motor_controller:/home/adam/Sensor-Fusion-And-Autonomous-Racing-Cars/ros_ws/install/camera_sensor:/home/adam/Sensor-Fusion-And-Autonomous-Racing-Cars/ros_ws/install/arc_startup:/opt/ros/foxy /usr/bin/cmake --build /home/adam/Sensor-Fusion-And-Autonomous-Racing-Cars/ros_ws/build/compressed_depth_image_transport -- -j4 -l4
[8.727s] Invoking command in '/home/adam/Sensor-Fusion-And-Autonomous-Racing-Cars/ros_ws/build/compressed_depth_image_transport': CMAKE_PREFIX_PATH=${CMAKE_PREFIX_PATH}:/home/adam/Sensor-Fusion-And-Autonomous-Racing-Cars/ros_ws/install/servo_controller:/home/adam/Sensor-Fusion-And-Autonomous-Racing-Cars/ros_ws/install/motor_controller:/home/adam/Sensor-Fusion-And-Autonomous-Racing-Cars/ros_ws/install/camera_sensor:/home/adam/Sensor-Fusion-And-Autonomous-Racing-Cars/ros_ws/install/arc_startup:/opt/ros/foxy /usr/bin/cmake --install /home/adam/Sensor-Fusion-And-Autonomous-Racing-Cars/ros_ws/build/compressed_depth_image_transport
[8.885s] -- Install configuration: ""
[8.892s] -- Up-to-date: /home/adam/Sensor-Fusion-And-Autonomous-Racing-Cars/ros_ws/install/compressed_depth_image_transport/lib/libcompressed_depth_image_transport.so
[8.903s] -- Up-to-date: /home/adam/Sensor-Fusion-And-Autonomous-Racing-Cars/ros_ws/install/compressed_depth_image_transport/include
[8.911s] -- Up-to-date: /home/adam/Sensor-Fusion-And-Autonomous-Racing-Cars/ros_ws/install/compressed_depth_image_transport/include/compressed_depth_image_transport
[8.919s] -- Up-to-date: /home/adam/Sensor-Fusion-And-Autonomous-Racing-Cars/ros_ws/install/compressed_depth_image_transport/include/compressed_depth_image_transport/codec.h
[8.925s] -- Up-to-date: /home/adam/Sensor-Fusion-And-Autonomous-Racing-Cars/ros_ws/install/compressed_depth_image_transport/include/compressed_depth_image_transport/compression_common.h
[8.926s] -- Up-to-date: /home/adam/Sensor-Fusion-And-Autonomous-Racing-Cars/ros_ws/install/compressed_depth_image_transport/include/compressed_depth_image_transport/compressed_depth_publisher.h
[8.928s] -- Up-to-date: /home/adam/Sensor-Fusion-And-Autonomous-Racing-Cars/ros_ws/install/compressed_depth_image_transport/include/compressed_depth_image_transport/compressed_depth_subscriber.h
[8.934s] -- Up-to-date: /home/adam/Sensor-Fusion-And-Autonomous-Racing-Cars/ros_ws/install/compressed_depth_image_transport/share/compressed_depth_image_transport/compressed_depth_plugins.xml
[8.937s] -- Up-to-date: /home/adam/Sensor-Fusion-And-Autonomous-Racing-Cars/ros_ws/install/compressed_depth_image_transport/share/ament_index/resource_index/package_run_dependencies/compressed_depth_image_transport
[8.948s] -- Up-to-date: /home/adam/Sensor-Fusion-And-Autonomous-Racing-Cars/ros_ws/install/compressed_depth_image_transport/share/ament_index/resource_index/parent_prefix_path/compressed_depth_image_transport
[8.950s] -- Up-to-date: /home/adam/Sensor-Fusion-And-Autonomous-Racing-Cars/ros_ws/install/compressed_depth_image_transport/share/compressed_depth_image_transport/environment/ament_prefix_path.sh
[8.960s] -- Up-to-date: /home/adam/Sensor-Fusion-And-Autonomous-Racing-Cars/ros_ws/install/compressed_depth_image_transport/share/compressed_depth_image_transport/environment/ament_prefix_path.dsv
[8.969s] -- Up-to-date: /home/adam/Sensor-Fusion-And-Autonomous-Racing-Cars/ros_ws/install/compressed_depth_image_transport/share/compressed_depth_image_transport/environment/path.sh
[8.970s] -- Up-to-date: /home/adam/Sensor-Fusion-And-Autonomous-Racing-Cars/ros_ws/install/compressed_depth_image_transport/share/compressed_depth_image_transport/environment/path.dsv
[8.972s] -- Up-to-date: /home/adam/Sensor-Fusion-And-Autonomous-Racing-Cars/ros_ws/install/compressed_depth_image_transport/share/compressed_depth_image_transport/local_setup.bash
[8.973s] -- Up-to-date: /home/adam/Sensor-Fusion-And-Autonomous-Racing-Cars/ros_ws/install/compressed_depth_image_transport/share/compressed_depth_image_transport/local_setup.sh
[8.974s] -- Up-to-date: /home/adam/Sensor-Fusion-And-Autonomous-Racing-Cars/ros_ws/install/compressed_depth_image_transport/share/compressed_depth_image_transport/local_setup.zsh
[8.975s] -- Up-to-date: /home/adam/Sensor-Fusion-And-Autonomous-Racing-Cars/ros_ws/install/compressed_depth_image_transport/share/compressed_depth_image_transport/local_setup.dsv
[8.985s] -- Installing: /home/adam/Sensor-Fusion-And-Autonomous-Racing-Cars/ros_ws/install/compressed_depth_image_transport/share/compressed_depth_image_transport/package.dsv
[8.997s] -- Up-to-date: /home/adam/Sensor-Fusion-And-Autonomous-Racing-Cars/ros_ws/install/compressed_depth_image_transport/share/ament_index/resource_index/packages/compressed_depth_image_transport
[8.999s] -- Up-to-date: /home/adam/Sensor-Fusion-And-Autonomous-Racing-Cars/ros_ws/install/compressed_depth_image_transport/share/ament_index/resource_index/image_transport__pluginlib__plugin/compressed_depth_image_transport
[9.001s] -- Up-to-date: /home/adam/Sensor-Fusion-And-Autonomous-Racing-Cars/ros_ws/install/compressed_depth_image_transport/share/compressed_depth_image_transport/cmake/compressed_depth_image_transportConfig.cmake
[9.002s] -- Up-to-date: /home/adam/Sensor-Fusion-And-Autonomous-Racing-Cars/ros_ws/install/compressed_depth_image_transport/share/compressed_depth_image_transport/cmake/compressed_depth_image_transportConfig-version.cmake
[9.010s] -- Up-to-date: /home/adam/Sensor-Fusion-And-Autonomous-Racing-Cars/ros_ws/install/compressed_depth_image_transport/share/compressed_depth_image_transport/package.xml
[9.050s] Invoked command in '/home/adam/Sensor-Fusion-And-Autonomous-Racing-Cars/ros_ws/build/compressed_depth_image_transport' returned '0': CMAKE_PREFIX_PATH=${CMAKE_PREFIX_PATH}:/home/adam/Sensor-Fusion-And-Autonomous-Racing-Cars/ros_ws/install/servo_controller:/home/adam/Sensor-Fusion-And-Autonomous-Racing-Cars/ros_ws/install/motor_controller:/home/adam/Sensor-Fusion-And-Autonomous-Racing-Cars/ros_ws/install/camera_sensor:/home/adam/Sensor-Fusion-And-Autonomous-Racing-Cars/ros_ws/install/arc_startup:/opt/ros/foxy /usr/bin/cmake --install /home/adam/Sensor-Fusion-And-Autonomous-Racing-Cars/ros_ws/build/compressed_depth_image_transport
