[13.123s] Invoking command in '/home/adam/Sensor-Fusion-And-Autonomous-Racing-Cars/ros_ws/src/servo_controller': PYTHONPATH=/home/adam/Sensor-Fusion-And-Autonomous-Racing-Cars/ros_ws/build/servo_controller/prefix_override:/home/adam/Sensor-Fusion-And-Autonomous-Racing-Cars/ros_ws/install/servo_controller/lib/python3.8/site-packages:${PYTHONPATH} /usr/bin/python3 setup.py egg_info --egg-base ../../build/servo_controller build --build-base /home/adam/Sensor-Fusion-And-Autonomous-Racing-Cars/ros_ws/build/servo_controller/build install --record /home/adam/Sensor-Fusion-And-Autonomous-Racing-Cars/ros_ws/build/servo_controller/install.log --install-scripts $base/lib/servo_controller --single-version-externally-managed
[16.012s] running egg_info
[16.018s] writing ../../build/servo_controller/servo_controller.egg-info/PKG-INFO
[16.024s] writing dependency_links to ../../build/servo_controller/servo_controller.egg-info/dependency_links.txt
[16.029s] writing entry points to ../../build/servo_controller/servo_controller.egg-info/entry_points.txt
[16.031s] writing requirements to ../../build/servo_controller/servo_controller.egg-info/requires.txt
[16.032s] writing top-level names to ../../build/servo_controller/servo_controller.egg-info/top_level.txt
[16.421s] reading manifest file '../../build/servo_controller/servo_controller.egg-info/SOURCES.txt'
[16.432s] writing manifest file '../../build/servo_controller/servo_controller.egg-info/SOURCES.txt'
[16.434s] running build
[16.436s] running build_py
[16.437s] copying servo_controller/servo_node.py -> /home/adam/Sensor-Fusion-And-Autonomous-Racing-Cars/ros_ws/build/servo_controller/build/lib/servo_controller
[16.439s] running install
[16.447s] running install_lib
[16.457s] copying /home/adam/Sensor-Fusion-And-Autonomous-Racing-Cars/ros_ws/build/servo_controller/build/lib/servo_controller/servo_node.py -> /home/adam/Sensor-Fusion-And-Autonomous-Racing-Cars/ros_ws/install/servo_controller/lib/python3.8/site-packages/servo_controller
[16.465s] byte-compiling /home/adam/Sensor-Fusion-And-Autonomous-Racing-Cars/ros_ws/install/servo_controller/lib/python3.8/site-packages/servo_controller/servo_node.py to servo_node.cpython-38.pyc
[16.482s] running install_data
[16.489s] running install_egg_info
[16.504s] removing '/home/adam/Sensor-Fusion-And-Autonomous-Racing-Cars/ros_ws/install/servo_controller/lib/python3.8/site-packages/servo_controller-0.0.0-py3.8.egg-info' (and everything under it)
[16.509s] Copying ../../build/servo_controller/servo_controller.egg-info to /home/adam/Sensor-Fusion-And-Autonomous-Racing-Cars/ros_ws/install/servo_controller/lib/python3.8/site-packages/servo_controller-0.0.0-py3.8.egg-info
[16.528s] running install_scripts
[16.696s] Installing servo_node script to /home/adam/Sensor-Fusion-And-Autonomous-Racing-Cars/ros_ws/install/servo_controller/lib/servo_controller
[16.700s] writing list of installed files to '/home/adam/Sensor-Fusion-And-Autonomous-Racing-Cars/ros_ws/build/servo_controller/install.log'
[16.901s] Invoked command in '/home/adam/Sensor-Fusion-And-Autonomous-Racing-Cars/ros_ws/src/servo_controller' returned '0': PYTHONPATH=/home/adam/Sensor-Fusion-And-Autonomous-Racing-Cars/ros_ws/build/servo_controller/prefix_override:/home/adam/Sensor-Fusion-And-Autonomous-Racing-Cars/ros_ws/install/servo_controller/lib/python3.8/site-packages:${PYTHONPATH} /usr/bin/python3 setup.py egg_info --egg-base ../../build/servo_controller build --build-base /home/adam/Sensor-Fusion-And-Autonomous-Racing-Cars/ros_ws/build/servo_controller/build install --record /home/adam/Sensor-Fusion-And-Autonomous-Racing-Cars/ros_ws/build/servo_controller/install.log --install-scripts $base/lib/servo_controller --single-version-externally-managed
