[1.032s] Invoking command in '/home/adam/Sensor-Fusion-And-Autonomous-Racing-Cars/ros_ws/build/compressed_image_transport': CMAKE_PREFIX_PATH=${CMAKE_PREFIX_PATH}:/home/adam/Sensor-Fusion-And-Autonomous-Racing-Cars/ros_ws/install/theora_image_transport:/home/adam/Sensor-Fusion-And-Autonomous-Racing-Cars/ros_ws/install/servo_controller:/home/adam/Sensor-Fusion-And-Autonomous-Racing-Cars/ros_ws/install/opencv_tests:/home/adam/Sensor-Fusion-And-Autonomous-Racing-Cars/ros_ws/install/motor_controller:/home/adam/Sensor-Fusion-And-Autonomous-Racing-Cars/ros_ws/install/camera_sensor:/home/adam/Sensor-Fusion-And-Autonomous-Racing-Cars/ros_ws/install/arc_startup:/opt/ros/foxy /usr/bin/cmake /home/adam/Sensor-Fusion-And-Autonomous-Racing-Cars/ros_ws/src/image_transport_plugins/compressed_image_transport -DCMAKE_INSTALL_PREFIX=/home/adam/Sensor-Fusion-And-Autonomous-Racing-Cars/ros_ws/install/compressed_image_transport
[2.396s] -- The C compiler identification is GNU 9.4.0
[3.460s] -- The CXX compiler identification is GNU 9.4.0
[3.545s] -- Check for working C compiler: /usr/bin/cc
[4.165s] -- Check for working C compiler: /usr/bin/cc -- works
[4.176s] -- Detecting C compiler ABI info
[4.751s] -- Detecting C compiler ABI info - done
[4.847s] -- Detecting C compile features
[4.848s] -- Detecting C compile features - done
[4.866s] -- Check for working CXX compiler: /usr/bin/c++
[5.538s] -- Check for working CXX compiler: /usr/bin/c++ -- works
[5.541s] -- Detecting CXX compiler ABI info
[6.080s] -- Detecting CXX compiler ABI info - done
[6.146s] -- Detecting CXX compile features
[6.151s] -- Detecting CXX compile features - done
[6.220s] -- Found ament_cmake: 0.9.12 (/opt/ros/foxy/share/ament_cmake/cmake)
[6.441s] -- Found PythonInterp: /usr/bin/python3 (found suitable version "3.8.10", minimum required is "3") 
[6.445s] -- Using PYTHON_EXECUTABLE: /usr/bin/python3
[8.614s] -- Found image_transport: 2.4.0 (/opt/ros/foxy/share/image_transport/cmake)
[9.240s] -- Using all available rosidl_typesupport_c: rosidl_typesupport_fastrtps_c;rosidl_typesupport_introspection_c
[9.376s] -- Found rosidl_adapter: 1.3.1 (/opt/ros/foxy/share/rosidl_adapter/cmake)
[10.427s] -- Found OpenSSL: /usr/lib/aarch64-linux-gnu/libcrypto.so (found version "1.1.1f")  
[10.770s] -- Found FastRTPS: /opt/ros/foxy/include  
[11.603s] -- Using all available rosidl_typesupport_cpp: rosidl_typesupport_fastrtps_cpp;rosidl_typesupport_introspection_cpp
[12.090s] -- Found rmw_implementation_cmake: 1.0.4 (/opt/ros/foxy/share/rmw_implementation_cmake/cmake)
[12.112s] -- Using RMW implementation 'rmw_fastrtps_cpp' as default
[12.129s] -- Looking for pthread.h
[12.819s] -- Looking for pthread.h - found
[12.820s] -- Performing Test CMAKE_HAVE_LIBC_PTHREAD
[13.496s] -- Performing Test CMAKE_HAVE_LIBC_PTHREAD - Failed
[13.497s] -- Looking for pthread_create in pthreads
[13.976s] -- Looking for pthread_create in pthreads - not found
[13.976s] -- Looking for pthread_create in pthread
[14.648s] -- Looking for pthread_create in pthread - found
[14.656s] -- Found Threads: TRUE  
[16.736s] -- Found cv_bridge: 3.0.7 (/opt/ros/foxy/share/cv_bridge/cmake)
[16.861s] -- Found OpenCV: /usr/local (found version "4.8.0") 
[17.514s] -- Configuring done
[17.716s] -- Generating done
[17.728s] -- Build files have been written to: /home/adam/Sensor-Fusion-And-Autonomous-Racing-Cars/ros_ws/build/compressed_image_transport
[17.798s] Invoked command in '/home/adam/Sensor-Fusion-And-Autonomous-Racing-Cars/ros_ws/build/compressed_image_transport' returned '0': CMAKE_PREFIX_PATH=${CMAKE_PREFIX_PATH}:/home/adam/Sensor-Fusion-And-Autonomous-Racing-Cars/ros_ws/install/theora_image_transport:/home/adam/Sensor-Fusion-And-Autonomous-Racing-Cars/ros_ws/install/servo_controller:/home/adam/Sensor-Fusion-And-Autonomous-Racing-Cars/ros_ws/install/opencv_tests:/home/adam/Sensor-Fusion-And-Autonomous-Racing-Cars/ros_ws/install/motor_controller:/home/adam/Sensor-Fusion-And-Autonomous-Racing-Cars/ros_ws/install/camera_sensor:/home/adam/Sensor-Fusion-And-Autonomous-Racing-Cars/ros_ws/install/arc_startup:/opt/ros/foxy /usr/bin/cmake /home/adam/Sensor-Fusion-And-Autonomous-Racing-Cars/ros_ws/src/image_transport_plugins/compressed_image_transport -DCMAKE_INSTALL_PREFIX=/home/adam/Sensor-Fusion-And-Autonomous-Racing-Cars/ros_ws/install/compressed_image_transport
[17.815s] Invoking command in '/home/adam/Sensor-Fusion-And-Autonomous-Racing-Cars/ros_ws/build/compressed_image_transport': CMAKE_PREFIX_PATH=${CMAKE_PREFIX_PATH}:/home/adam/Sensor-Fusion-And-Autonomous-Racing-Cars/ros_ws/install/theora_image_transport:/home/adam/Sensor-Fusion-And-Autonomous-Racing-Cars/ros_ws/install/servo_controller:/home/adam/Sensor-Fusion-And-Autonomous-Racing-Cars/ros_ws/install/opencv_tests:/home/adam/Sensor-Fusion-And-Autonomous-Racing-Cars/ros_ws/install/motor_controller:/home/adam/Sensor-Fusion-And-Autonomous-Racing-Cars/ros_ws/install/camera_sensor:/home/adam/Sensor-Fusion-And-Autonomous-Racing-Cars/ros_ws/install/arc_startup:/opt/ros/foxy /usr/bin/cmake --build /home/adam/Sensor-Fusion-And-Autonomous-Racing-Cars/ros_ws/build/compressed_image_transport -- -j4 -l4
[18.095s] [35m[1mScanning dependencies of target compressed_image_transport[0m
[18.990s] [ 25%] [32mBuilding CXX object CMakeFiles/compressed_image_transport.dir/src/compressed_subscriber.cpp.o[0m
[19.035s] [ 50%] [32mBuilding CXX object CMakeFiles/compressed_image_transport.dir/src/compressed_publisher.cpp.o[0m
[19.100s] [ 75%] [32mBuilding CXX object CMakeFiles/compressed_image_transport.dir/src/manifest.cpp.o[0m
[81.718s] [100%] [32m[1mLinking CXX shared library libcompressed_image_transport.so[0m
[84.728s] [100%] Built target compressed_image_transport
[85.110s] Invoked command in '/home/adam/Sensor-Fusion-And-Autonomous-Racing-Cars/ros_ws/build/compressed_image_transport' returned '0': CMAKE_PREFIX_PATH=${CMAKE_PREFIX_PATH}:/home/adam/Sensor-Fusion-And-Autonomous-Racing-Cars/ros_ws/install/theora_image_transport:/home/adam/Sensor-Fusion-And-Autonomous-Racing-Cars/ros_ws/install/servo_controller:/home/adam/Sensor-Fusion-And-Autonomous-Racing-Cars/ros_ws/install/opencv_tests:/home/adam/Sensor-Fusion-And-Autonomous-Racing-Cars/ros_ws/install/motor_controller:/home/adam/Sensor-Fusion-And-Autonomous-Racing-Cars/ros_ws/install/camera_sensor:/home/adam/Sensor-Fusion-And-Autonomous-Racing-Cars/ros_ws/install/arc_startup:/opt/ros/foxy /usr/bin/cmake --build /home/adam/Sensor-Fusion-And-Autonomous-Racing-Cars/ros_ws/build/compressed_image_transport -- -j4 -l4
[87.160s] Invoking command in '/home/adam/Sensor-Fusion-And-Autonomous-Racing-Cars/ros_ws/build/compressed_image_transport': CMAKE_PREFIX_PATH=${CMAKE_PREFIX_PATH}:/home/adam/Sensor-Fusion-And-Autonomous-Racing-Cars/ros_ws/install/theora_image_transport:/home/adam/Sensor-Fusion-And-Autonomous-Racing-Cars/ros_ws/install/servo_controller:/home/adam/Sensor-Fusion-And-Autonomous-Racing-Cars/ros_ws/install/opencv_tests:/home/adam/Sensor-Fusion-And-Autonomous-Racing-Cars/ros_ws/install/motor_controller:/home/adam/Sensor-Fusion-And-Autonomous-Racing-Cars/ros_ws/install/camera_sensor:/home/adam/Sensor-Fusion-And-Autonomous-Racing-Cars/ros_ws/install/arc_startup:/opt/ros/foxy /usr/bin/cmake --install /home/adam/Sensor-Fusion-And-Autonomous-Racing-Cars/ros_ws/build/compressed_image_transport
[88.517s] -- Install configuration: ""
[88.518s] -- Installing: /home/adam/Sensor-Fusion-And-Autonomous-Racing-Cars/ros_ws/install/compressed_image_transport/lib/libcompressed_image_transport.so
[88.519s] -- Set runtime path of "/home/adam/Sensor-Fusion-And-Autonomous-Racing-Cars/ros_ws/install/compressed_image_transport/lib/libcompressed_image_transport.so" to ""
[88.520s] -- Installing: /home/adam/Sensor-Fusion-And-Autonomous-Racing-Cars/ros_ws/install/compressed_image_transport/include
[88.521s] -- Installing: /home/adam/Sensor-Fusion-And-Autonomous-Racing-Cars/ros_ws/install/compressed_image_transport/include/compressed_image_transport
[88.527s] -- Installing: /home/adam/Sensor-Fusion-And-Autonomous-Racing-Cars/ros_ws/install/compressed_image_transport/include/compressed_image_transport/compressed_publisher.h
[88.530s] -- Installing: /home/adam/Sensor-Fusion-And-Autonomous-Racing-Cars/ros_ws/install/compressed_image_transport/include/compressed_image_transport/compressed_subscriber.h
[88.531s] -- Installing: /home/adam/Sensor-Fusion-And-Autonomous-Racing-Cars/ros_ws/install/compressed_image_transport/include/compressed_image_transport/compression_common.h
[88.532s] -- Installing: /home/adam/Sensor-Fusion-And-Autonomous-Racing-Cars/ros_ws/install/compressed_image_transport/share/compressed_image_transport/compressed_plugins.xml
[88.533s] -- Installing: /home/adam/Sensor-Fusion-And-Autonomous-Racing-Cars/ros_ws/install/compressed_image_transport/share/ament_index/resource_index/package_run_dependencies/compressed_image_transport
[88.534s] -- Installing: /home/adam/Sensor-Fusion-And-Autonomous-Racing-Cars/ros_ws/install/compressed_image_transport/share/ament_index/resource_index/parent_prefix_path/compressed_image_transport
[88.535s] -- Installing: /home/adam/Sensor-Fusion-And-Autonomous-Racing-Cars/ros_ws/install/compressed_image_transport/share/compressed_image_transport/environment/ament_prefix_path.sh
[88.535s] -- Installing: /home/adam/Sensor-Fusion-And-Autonomous-Racing-Cars/ros_ws/install/compressed_image_transport/share/compressed_image_transport/environment/ament_prefix_path.dsv
[88.536s] -- Installing: /home/adam/Sensor-Fusion-And-Autonomous-Racing-Cars/ros_ws/install/compressed_image_transport/share/compressed_image_transport/environment/path.sh
[88.537s] -- Installing: /home/adam/Sensor-Fusion-And-Autonomous-Racing-Cars/ros_ws/install/compressed_image_transport/share/compressed_image_transport/environment/path.dsv
[88.538s] -- Installing: /home/adam/Sensor-Fusion-And-Autonomous-Racing-Cars/ros_ws/install/compressed_image_transport/share/compressed_image_transport/local_setup.bash
[88.539s] -- Installing: /home/adam/Sensor-Fusion-And-Autonomous-Racing-Cars/ros_ws/install/compressed_image_transport/share/compressed_image_transport/local_setup.sh
[88.540s] -- Installing: /home/adam/Sensor-Fusion-And-Autonomous-Racing-Cars/ros_ws/install/compressed_image_transport/share/compressed_image_transport/local_setup.zsh
[88.541s] -- Installing: /home/adam/Sensor-Fusion-And-Autonomous-Racing-Cars/ros_ws/install/compressed_image_transport/share/compressed_image_transport/local_setup.dsv
[88.542s] -- Installing: /home/adam/Sensor-Fusion-And-Autonomous-Racing-Cars/ros_ws/install/compressed_image_transport/share/compressed_image_transport/package.dsv
[88.543s] -- Installing: /home/adam/Sensor-Fusion-And-Autonomous-Racing-Cars/ros_ws/install/compressed_image_transport/share/ament_index/resource_index/packages/compressed_image_transport
[88.544s] -- Installing: /home/adam/Sensor-Fusion-And-Autonomous-Racing-Cars/ros_ws/install/compressed_image_transport/share/ament_index/resource_index/image_transport__pluginlib__plugin/compressed_image_transport
[88.544s] -- Installing: /home/adam/Sensor-Fusion-And-Autonomous-Racing-Cars/ros_ws/install/compressed_image_transport/share/compressed_image_transport/cmake/compressed_image_transportConfig.cmake
[88.545s] -- Installing: /home/adam/Sensor-Fusion-And-Autonomous-Racing-Cars/ros_ws/install/compressed_image_transport/share/compressed_image_transport/cmake/compressed_image_transportConfig-version.cmake
[88.546s] -- Installing: /home/adam/Sensor-Fusion-And-Autonomous-Racing-Cars/ros_ws/install/compressed_image_transport/share/compressed_image_transport/package.xml
[88.547s] Invoked command in '/home/adam/Sensor-Fusion-And-Autonomous-Racing-Cars/ros_ws/build/compressed_image_transport' returned '0': CMAKE_PREFIX_PATH=${CMAKE_PREFIX_PATH}:/home/adam/Sensor-Fusion-And-Autonomous-Racing-Cars/ros_ws/install/theora_image_transport:/home/adam/Sensor-Fusion-And-Autonomous-Racing-Cars/ros_ws/install/servo_controller:/home/adam/Sensor-Fusion-And-Autonomous-Racing-Cars/ros_ws/install/opencv_tests:/home/adam/Sensor-Fusion-And-Autonomous-Racing-Cars/ros_ws/install/motor_controller:/home/adam/Sensor-Fusion-And-Autonomous-Racing-Cars/ros_ws/install/camera_sensor:/home/adam/Sensor-Fusion-And-Autonomous-Racing-Cars/ros_ws/install/arc_startup:/opt/ros/foxy /usr/bin/cmake --install /home/adam/Sensor-Fusion-And-Autonomous-Racing-Cars/ros_ws/build/compressed_image_transport
