[10.174s] Invoking command in '/home/adam/Sensor-Fusion-And-Autonomous-Racing-Cars/ros_ws/src/servo_controller': PYTHONPATH=/home/adam/Sensor-Fusion-And-Autonomous-Racing-Cars/ros_ws/build/servo_controller/prefix_override:/home/adam/Sensor-Fusion-And-Autonomous-Racing-Cars/ros_ws/install/servo_controller/lib/python3.8/site-packages:${PYTHONPATH} /usr/bin/python3 setup.py egg_info --egg-base ../../build/servo_controller build --build-base /home/adam/Sensor-Fusion-And-Autonomous-Racing-Cars/ros_ws/build/servo_controller/build install --record /home/adam/Sensor-Fusion-And-Autonomous-Racing-Cars/ros_ws/build/servo_controller/install.log --install-scripts $base/lib/servo_controller --single-version-externally-managed
[12.538s] running egg_info
[12.541s] creating ../../build/servo_controller/servo_controller.egg-info
[12.545s] writing ../../build/servo_controller/servo_controller.egg-info/PKG-INFO
[12.550s] writing dependency_links to ../../build/servo_controller/servo_controller.egg-info/dependency_links.txt
[12.553s] writing entry points to ../../build/servo_controller/servo_controller.egg-info/entry_points.txt
[12.556s] writing requirements to ../../build/servo_controller/servo_controller.egg-info/requires.txt
[12.559s] writing top-level names to ../../build/servo_controller/servo_controller.egg-info/top_level.txt
[12.571s] writing manifest file '../../build/servo_controller/servo_controller.egg-info/SOURCES.txt'
[12.779s] reading manifest file '../../build/servo_controller/servo_controller.egg-info/SOURCES.txt'
[12.786s] writing manifest file '../../build/servo_controller/servo_controller.egg-info/SOURCES.txt'
[12.789s] running build
[12.790s] running build_py
[12.793s] creating /home/adam/Sensor-Fusion-And-Autonomous-Racing-Cars/ros_ws/build/servo_controller/build
[12.799s] creating /home/adam/Sensor-Fusion-And-Autonomous-Racing-Cars/ros_ws/build/servo_controller/build/lib
[12.799s] creating /home/adam/Sensor-Fusion-And-Autonomous-Racing-Cars/ros_ws/build/servo_controller/build/lib/servo_controller
[12.800s] copying servo_controller/servo_node.py -> /home/adam/Sensor-Fusion-And-Autonomous-Racing-Cars/ros_ws/build/servo_controller/build/lib/servo_controller
[12.804s] copying servo_controller/__init__.py -> /home/adam/Sensor-Fusion-And-Autonomous-Racing-Cars/ros_ws/build/servo_controller/build/lib/servo_controller
[12.808s] running install
[12.815s] running install_lib
[12.823s] creating /home/adam/Sensor-Fusion-And-Autonomous-Racing-Cars/ros_ws/install/servo_controller/lib/python3.8/site-packages/servo_controller
[12.825s] copying /home/adam/Sensor-Fusion-And-Autonomous-Racing-Cars/ros_ws/build/servo_controller/build/lib/servo_controller/servo_node.py -> /home/adam/Sensor-Fusion-And-Autonomous-Racing-Cars/ros_ws/install/servo_controller/lib/python3.8/site-packages/servo_controller
[12.830s] copying /home/adam/Sensor-Fusion-And-Autonomous-Racing-Cars/ros_ws/build/servo_controller/build/lib/servo_controller/__init__.py -> /home/adam/Sensor-Fusion-And-Autonomous-Racing-Cars/ros_ws/install/servo_controller/lib/python3.8/site-packages/servo_controller
[12.837s] byte-compiling /home/adam/Sensor-Fusion-And-Autonomous-Racing-Cars/ros_ws/install/servo_controller/lib/python3.8/site-packages/servo_controller/servo_node.py to servo_node.cpython-38.pyc
[12.850s] byte-compiling /home/adam/Sensor-Fusion-And-Autonomous-Racing-Cars/ros_ws/install/servo_controller/lib/python3.8/site-packages/servo_controller/__init__.py to __init__.cpython-38.pyc
[12.856s] running install_data
[12.861s] creating /home/adam/Sensor-Fusion-And-Autonomous-Racing-Cars/ros_ws/install/servo_controller/share/ament_index
[12.862s] creating /home/adam/Sensor-Fusion-And-Autonomous-Racing-Cars/ros_ws/install/servo_controller/share/ament_index/resource_index
[12.864s] creating /home/adam/Sensor-Fusion-And-Autonomous-Racing-Cars/ros_ws/install/servo_controller/share/ament_index/resource_index/packages
[12.867s] copying resource/servo_controller -> /home/adam/Sensor-Fusion-And-Autonomous-Racing-Cars/ros_ws/install/servo_controller/share/ament_index/resource_index/packages
[12.869s] copying package.xml -> /home/adam/Sensor-Fusion-And-Autonomous-Racing-Cars/ros_ws/install/servo_controller/share/servo_controller
[12.871s] running install_egg_info
[12.883s] Copying ../../build/servo_controller/servo_controller.egg-info to /home/adam/Sensor-Fusion-And-Autonomous-Racing-Cars/ros_ws/install/servo_controller/lib/python3.8/site-packages/servo_controller-0.0.0-py3.8.egg-info
[12.919s] running install_scripts
[13.032s] Installing servo_node script to /home/adam/Sensor-Fusion-And-Autonomous-Racing-Cars/ros_ws/install/servo_controller/lib/servo_controller
[13.039s] writing list of installed files to '/home/adam/Sensor-Fusion-And-Autonomous-Racing-Cars/ros_ws/build/servo_controller/install.log'
[13.209s] Invoked command in '/home/adam/Sensor-Fusion-And-Autonomous-Racing-Cars/ros_ws/src/servo_controller' returned '0': PYTHONPATH=/home/adam/Sensor-Fusion-And-Autonomous-Racing-Cars/ros_ws/build/servo_controller/prefix_override:/home/adam/Sensor-Fusion-And-Autonomous-Racing-Cars/ros_ws/install/servo_controller/lib/python3.8/site-packages:${PYTHONPATH} /usr/bin/python3 setup.py egg_info --egg-base ../../build/servo_controller build --build-base /home/adam/Sensor-Fusion-And-Autonomous-Racing-Cars/ros_ws/build/servo_controller/build install --record /home/adam/Sensor-Fusion-And-Autonomous-Racing-Cars/ros_ws/build/servo_controller/install.log --install-scripts $base/lib/servo_controller --single-version-externally-managed
