[4.666s] Invoking command in '/home/adam/Sensor-Fusion-And-Autonomous-Racing-Cars/ros_ws/src/arc_keyboard_control': PYTHONPATH=/home/adam/Sensor-Fusion-And-Autonomous-Racing-Cars/ros_ws/build/arc_keyboard_control/prefix_override:/home/adam/Sensor-Fusion-And-Autonomous-Racing-Cars/ros_ws/install/arc_keyboard_control/lib/python3.8/site-packages:${PYTHONPATH} /usr/bin/python3 setup.py egg_info --egg-base ../../build/arc_keyboard_control build --build-base /home/adam/Sensor-Fusion-And-Autonomous-Racing-Cars/ros_ws/build/arc_keyboard_control/build install --record /home/adam/Sensor-Fusion-And-Autonomous-Racing-Cars/ros_ws/build/arc_keyboard_control/install.log --install-scripts $base/lib/arc_keyboard_control --single-version-externally-managed
[5.700s] running egg_info
[5.702s] writing ../../build/arc_keyboard_control/arc_keyboard_control.egg-info/PKG-INFO
[5.703s] writing dependency_links to ../../build/arc_keyboard_control/arc_keyboard_control.egg-info/dependency_links.txt
[5.704s] writing entry points to ../../build/arc_keyboard_control/arc_keyboard_control.egg-info/entry_points.txt
[5.705s] writing requirements to ../../build/arc_keyboard_control/arc_keyboard_control.egg-info/requires.txt
[5.706s] writing top-level names to ../../build/arc_keyboard_control/arc_keyboard_control.egg-info/top_level.txt
[5.835s] reading manifest file '../../build/arc_keyboard_control/arc_keyboard_control.egg-info/SOURCES.txt'
[5.839s] writing manifest file '../../build/arc_keyboard_control/arc_keyboard_control.egg-info/SOURCES.txt'
[5.839s] running build
[5.840s] running build_py
[5.840s] copying arc_keyboard_control/keyboard_control.py -> /home/adam/Sensor-Fusion-And-Autonomous-Racing-Cars/ros_ws/build/arc_keyboard_control/build/lib/arc_keyboard_control
[5.841s] running install
[5.845s] running install_lib
[5.849s] copying /home/adam/Sensor-Fusion-And-Autonomous-Racing-Cars/ros_ws/build/arc_keyboard_control/build/lib/arc_keyboard_control/keyboard_control.py -> /home/adam/Sensor-Fusion-And-Autonomous-Racing-Cars/ros_ws/install/arc_keyboard_control/lib/python3.8/site-packages/arc_keyboard_control
[5.852s] byte-compiling /home/adam/Sensor-Fusion-And-Autonomous-Racing-Cars/ros_ws/install/arc_keyboard_control/lib/python3.8/site-packages/arc_keyboard_control/keyboard_control.py to keyboard_control.cpython-38.pyc
[5.858s] running install_data
[5.860s] running install_egg_info
[5.867s] removing '/home/adam/Sensor-Fusion-And-Autonomous-Racing-Cars/ros_ws/install/arc_keyboard_control/lib/python3.8/site-packages/arc_keyboard_control-0.0.0-py3.8.egg-info' (and everything under it)
[5.869s] Copying ../../build/arc_keyboard_control/arc_keyboard_control.egg-info to /home/adam/Sensor-Fusion-And-Autonomous-Racing-Cars/ros_ws/install/arc_keyboard_control/lib/python3.8/site-packages/arc_keyboard_control-0.0.0-py3.8.egg-info
[5.876s] running install_scripts
[5.942s] Installing keyboard_control script to /home/adam/Sensor-Fusion-And-Autonomous-Racing-Cars/ros_ws/install/arc_keyboard_control/lib/arc_keyboard_control
[5.943s] writing list of installed files to '/home/adam/Sensor-Fusion-And-Autonomous-Racing-Cars/ros_ws/build/arc_keyboard_control/install.log'
[6.050s] Invoked command in '/home/adam/Sensor-Fusion-And-Autonomous-Racing-Cars/ros_ws/src/arc_keyboard_control' returned '0': PYTHONPATH=/home/adam/Sensor-Fusion-And-Autonomous-Racing-Cars/ros_ws/build/arc_keyboard_control/prefix_override:/home/adam/Sensor-Fusion-And-Autonomous-Racing-Cars/ros_ws/install/arc_keyboard_control/lib/python3.8/site-packages:${PYTHONPATH} /usr/bin/python3 setup.py egg_info --egg-base ../../build/arc_keyboard_control build --build-base /home/adam/Sensor-Fusion-And-Autonomous-Racing-Cars/ros_ws/build/arc_keyboard_control/build install --record /home/adam/Sensor-Fusion-And-Autonomous-Racing-Cars/ros_ws/build/arc_keyboard_control/install.log --install-scripts $base/lib/arc_keyboard_control --single-version-externally-managed
