[4.214s] Invoking command in '/home/adam/Sensor-Fusion-And-Autonomous-Racing-Cars/ros_ws/src/camera_sensor': PYTHONPATH=/home/adam/Sensor-Fusion-And-Autonomous-Racing-Cars/ros_ws/build/camera_sensor/prefix_override:/home/adam/Sensor-Fusion-And-Autonomous-Racing-Cars/ros_ws/install/camera_sensor/lib/python3.8/site-packages:${PYTHONPATH} /usr/bin/python3 setup.py egg_info --egg-base ../../build/camera_sensor build --build-base /home/adam/Sensor-Fusion-And-Autonomous-Racing-Cars/ros_ws/build/camera_sensor/build install --record /home/adam/Sensor-Fusion-And-Autonomous-Racing-Cars/ros_ws/build/camera_sensor/install.log --install-scripts $base/lib/camera_sensor --single-version-externally-managed
[5.226s] running egg_info
[5.228s] writing ../../build/camera_sensor/camera_sensor.egg-info/PKG-INFO
[5.229s] writing dependency_links to ../../build/camera_sensor/camera_sensor.egg-info/dependency_links.txt
[5.230s] writing entry points to ../../build/camera_sensor/camera_sensor.egg-info/entry_points.txt
[5.231s] writing requirements to ../../build/camera_sensor/camera_sensor.egg-info/requires.txt
[5.232s] writing top-level names to ../../build/camera_sensor/camera_sensor.egg-info/top_level.txt
[5.377s] reading manifest file '../../build/camera_sensor/camera_sensor.egg-info/SOURCES.txt'
[5.381s] writing manifest file '../../build/camera_sensor/camera_sensor.egg-info/SOURCES.txt'
[5.381s] running build
[5.382s] running build_py
[5.383s] copying camera_sensor/camera_node.py -> /home/adam/Sensor-Fusion-And-Autonomous-Racing-Cars/ros_ws/build/camera_sensor/build/lib/camera_sensor
[5.384s] running install
[5.387s] running install_lib
[5.391s] copying /home/adam/Sensor-Fusion-And-Autonomous-Racing-Cars/ros_ws/build/camera_sensor/build/lib/camera_sensor/camera_node.py -> /home/adam/Sensor-Fusion-And-Autonomous-Racing-Cars/ros_ws/install/camera_sensor/lib/python3.8/site-packages/camera_sensor
[5.394s] byte-compiling /home/adam/Sensor-Fusion-And-Autonomous-Racing-Cars/ros_ws/install/camera_sensor/lib/python3.8/site-packages/camera_sensor/camera_node.py to camera_node.cpython-38.pyc
[5.400s] running install_data
[5.404s] running install_egg_info
[5.413s] removing '/home/adam/Sensor-Fusion-And-Autonomous-Racing-Cars/ros_ws/install/camera_sensor/lib/python3.8/site-packages/camera_sensor-0.0.0-py3.8.egg-info' (and everything under it)
[5.415s] Copying ../../build/camera_sensor/camera_sensor.egg-info to /home/adam/Sensor-Fusion-And-Autonomous-Racing-Cars/ros_ws/install/camera_sensor/lib/python3.8/site-packages/camera_sensor-0.0.0-py3.8.egg-info
[5.425s] running install_scripts
[5.499s] Installing camera_node script to /home/adam/Sensor-Fusion-And-Autonomous-Racing-Cars/ros_ws/install/camera_sensor/lib/camera_sensor
[5.501s] writing list of installed files to '/home/adam/Sensor-Fusion-And-Autonomous-Racing-Cars/ros_ws/build/camera_sensor/install.log'
[5.599s] Invoked command in '/home/adam/Sensor-Fusion-And-Autonomous-Racing-Cars/ros_ws/src/camera_sensor' returned '0': PYTHONPATH=/home/adam/Sensor-Fusion-And-Autonomous-Racing-Cars/ros_ws/build/camera_sensor/prefix_override:/home/adam/Sensor-Fusion-And-Autonomous-Racing-Cars/ros_ws/install/camera_sensor/lib/python3.8/site-packages:${PYTHONPATH} /usr/bin/python3 setup.py egg_info --egg-base ../../build/camera_sensor build --build-base /home/adam/Sensor-Fusion-And-Autonomous-Racing-Cars/ros_ws/build/camera_sensor/build install --record /home/adam/Sensor-Fusion-And-Autonomous-Racing-Cars/ros_ws/build/camera_sensor/install.log --install-scripts $base/lib/camera_sensor --single-version-externally-managed
