[30.157s] Invoking command in '/home/adam/Sensor-Fusion-And-Autonomous-Racing-Cars/ros_ws/src/arc_startup': PYTHONPATH=/home/adam/Sensor-Fusion-And-Autonomous-Racing-Cars/ros_ws/build/arc_startup/prefix_override:/home/adam/Sensor-Fusion-And-Autonomous-Racing-Cars/ros_ws/install/arc_startup/lib/python3.8/site-packages:${PYTHONPATH} /usr/bin/python3 setup.py egg_info --egg-base ../../build/arc_startup build --build-base /home/adam/Sensor-Fusion-And-Autonomous-Racing-Cars/ros_ws/build/arc_startup/build install --record /home/adam/Sensor-Fusion-And-Autonomous-Racing-Cars/ros_ws/build/arc_startup/install.log --install-scripts $base/lib/arc_startup --single-version-externally-managed
[33.530s] running egg_info
[33.534s] writing ../../build/arc_startup/arc_startup.egg-info/PKG-INFO
[33.537s] writing dependency_links to ../../build/arc_startup/arc_startup.egg-info/dependency_links.txt
[33.539s] writing entry points to ../../build/arc_startup/arc_startup.egg-info/entry_points.txt
[33.540s] writing requirements to ../../build/arc_startup/arc_startup.egg-info/requires.txt
[33.541s] writing top-level names to ../../build/arc_startup/arc_startup.egg-info/top_level.txt
[33.936s] reading manifest file '../../build/arc_startup/arc_startup.egg-info/SOURCES.txt'
[33.961s] writing manifest file '../../build/arc_startup/arc_startup.egg-info/SOURCES.txt'
[33.962s] running build
[33.963s] running build_py
[33.964s] running install
[33.965s] running install_lib
[33.967s] running install_data
[33.968s] copying launch/startup.launch.py -> /home/adam/Sensor-Fusion-And-Autonomous-Racing-Cars/ros_ws/install/arc_startup/share/arc_startup/launch
[33.970s] running install_egg_info
[33.988s] removing '/home/adam/Sensor-Fusion-And-Autonomous-Racing-Cars/ros_ws/install/arc_startup/lib/python3.8/site-packages/arc_startup-0.0.0-py3.8.egg-info' (and everything under it)
[33.994s] Copying ../../build/arc_startup/arc_startup.egg-info to /home/adam/Sensor-Fusion-And-Autonomous-Racing-Cars/ros_ws/install/arc_startup/lib/python3.8/site-packages/arc_startup-0.0.0-py3.8.egg-info
[34.016s] running install_scripts
[34.184s] writing list of installed files to '/home/adam/Sensor-Fusion-And-Autonomous-Racing-Cars/ros_ws/build/arc_startup/install.log'
[38.679s] Invoked command in '/home/adam/Sensor-Fusion-And-Autonomous-Racing-Cars/ros_ws/src/arc_startup' returned '0': PYTHONPATH=/home/adam/Sensor-Fusion-And-Autonomous-Racing-Cars/ros_ws/build/arc_startup/prefix_override:/home/adam/Sensor-Fusion-And-Autonomous-Racing-Cars/ros_ws/install/arc_startup/lib/python3.8/site-packages:${PYTHONPATH} /usr/bin/python3 setup.py egg_info --egg-base ../../build/arc_startup build --build-base /home/adam/Sensor-Fusion-And-Autonomous-Racing-Cars/ros_ws/build/arc_startup/build install --record /home/adam/Sensor-Fusion-And-Autonomous-Racing-Cars/ros_ws/build/arc_startup/install.log --install-scripts $base/lib/arc_startup --single-version-externally-managed
