[1.101s] Invoking command in '/home/adam/Sensor-Fusion-And-Autonomous-Racing-Cars/ros_ws/build/io_context': AMENT_PREFIX_PATH=/home/adam/Sensor-Fusion-And-Autonomous-Racing-Cars/ros_ws/install/asio_cmake_module:${AMENT_PREFIX_PATH} CMAKE_PREFIX_PATH=/home/adam/Sensor-Fusion-And-Autonomous-Racing-Cars/ros_ws/install/asio_cmake_module:/home/adam/Sensor-Fusion-And-Autonomous-Racing-Cars/ros_ws/install/vision_opencv:/home/adam/Sensor-Fusion-And-Autonomous-Racing-Cars/ros_ws/install/v4l2_camera:/home/adam/Sensor-Fusion-And-Autonomous-Racing-Cars/ros_ws/install/image_transport_plugins:/home/adam/Sensor-Fusion-And-Autonomous-Racing-Cars/ros_ws/install/theora_image_transport:/home/adam/Sensor-Fusion-And-Autonomous-Racing-Cars/ros_ws/install/raspicam2:/home/adam/Sensor-Fusion-And-Autonomous-Racing-Cars/ros_ws/install/ldlidar_ros2:/home/adam/Sensor-Fusion-And-Autonomous-Racing-Cars/ros_ws/install/image_common:/home/adam/Sensor-Fusion-And-Autonomous-Racing-Cars/ros_ws/install/compressed_image_transport:/home/adam/Sensor-Fusion-And-Autonomous-Racing-Cars/ros_ws/install/compressed_depth_image_transport:/home/adam/Sensor-Fusion-And-Autonomous-Racing-Cars/ros_ws/install/image_transport:/home/adam/Sensor-Fusion-And-Autonomous-Racing-Cars/ros_ws/install/image_geometry:/home/adam/Sensor-Fusion-And-Autonomous-Racing-Cars/ros_ws/install/cv_bridge:/home/adam/Sensor-Fusion-And-Autonomous-Racing-Cars/ros_ws/install/camera_info_manager:/home/adam/Sensor-Fusion-And-Autonomous-Racing-Cars/ros_ws/install/camera_calibration_parsers:/home/adam/Sensor-Fusion-And-Autonomous-Racing-Cars/ros_ws/install/servo_controller:/home/adam/Sensor-Fusion-And-Autonomous-Racing-Cars/ros_ws/install/opencv_tests:/home/adam/Sensor-Fusion-And-Autonomous-Racing-Cars/ros_ws/install/motor_controller:/home/adam/Sensor-Fusion-And-Autonomous-Racing-Cars/ros_ws/install/camera_sensor:/home/adam/Sensor-Fusion-And-Autonomous-Racing-Cars/ros_ws/install/arc_startup:/opt/ros/foxy /usr/bin/cmake /home/adam/Sensor-Fusion-And-Autonomous-Racing-Cars/ros_ws/src/transport_drivers/io_context -DCMAKE_INSTALL_PREFIX=/home/adam/Sensor-Fusion-And-Autonomous-Racing-Cars/ros_ws/install/io_context
[1.634s] -- The C compiler identification is GNU 9.4.0
[2.271s] -- The CXX compiler identification is GNU 9.4.0
[2.294s] -- Check for working C compiler: /usr/bin/cc
[3.228s] -- Check for working C compiler: /usr/bin/cc -- works
[3.229s] -- Detecting C compiler ABI info
[4.004s] -- Detecting C compiler ABI info - done
[4.073s] -- Detecting C compile features
[4.077s] -- Detecting C compile features - done
[4.097s] -- Check for working CXX compiler: /usr/bin/c++
[4.699s] -- Check for working CXX compiler: /usr/bin/c++ -- works
[4.714s] -- Detecting CXX compiler ABI info
[5.633s] -- Detecting CXX compiler ABI info - done
[5.707s] -- Detecting CXX compile features
[5.710s] -- Detecting CXX compile features - done
[5.778s] -- Found ament_cmake_auto: 0.9.12 (/opt/ros/foxy/share/ament_cmake_auto/cmake)
[6.225s] -- Found PythonInterp: /usr/bin/python3 (found suitable version "3.8.10", minimum required is "3") 
[6.225s] -- Using PYTHON_EXECUTABLE: /usr/bin/python3
[11.143s] -- Using all available rosidl_typesupport_c: rosidl_typesupport_fastrtps_c;rosidl_typesupport_introspection_c
[11.370s] -- Found rosidl_adapter: 1.3.1 (/opt/ros/foxy/share/rosidl_adapter/cmake)
[13.467s] -- Found OpenSSL: /usr/lib/aarch64-linux-gnu/libcrypto.so (found version "1.1.1f")  
[13.978s] -- Found FastRTPS: /opt/ros/foxy/include  
[15.495s] -- Using all available rosidl_typesupport_cpp: rosidl_typesupport_fastrtps_cpp;rosidl_typesupport_introspection_cpp
[18.091s] -- Found rmw_implementation_cmake: 1.0.4 (/opt/ros/foxy/share/rmw_implementation_cmake/cmake)
[18.135s] -- Using RMW implementation 'rmw_fastrtps_cpp' as default
[18.143s] -- Looking for pthread.h
[19.280s] -- Looking for pthread.h - found
[19.282s] -- Performing Test CMAKE_HAVE_LIBC_PTHREAD
[20.620s] -- Performing Test CMAKE_HAVE_LIBC_PTHREAD - Failed
[20.621s] -- Looking for pthread_create in pthreads
[21.669s] -- Looking for pthread_create in pthreads - not found
[21.669s] -- Looking for pthread_create in pthread
[23.170s] -- Looking for pthread_create in pthread - found
[23.187s] -- Found Threads: TRUE  
[25.007s] CMake Error at /usr/share/cmake-3.16/Modules/FindPackageHandleStandardArgs.cmake:146 (message):
[25.008s]   Could NOT find ASIO (missing: ASIO_INCLUDE_DIRS)
[25.008s] Call Stack (most recent call first):
[25.009s]   /usr/share/cmake-3.16/Modules/FindPackageHandleStandardArgs.cmake:393 (_FPHSA_FAILURE_MESSAGE)
[25.010s]   /home/adam/Sensor-Fusion-And-Autonomous-Racing-Cars/ros_ws/install/asio_cmake_module/share/asio_cmake_module/cmake/Modules/FindASIO.cmake:19 (find_package_handle_standard_args)
[25.010s]   CMakeLists.txt:34 (find_package)
[25.011s] 
[25.011s] 
[25.023s] -- Configuring incomplete, errors occurred!
[25.024s] See also "/home/adam/Sensor-Fusion-And-Autonomous-Racing-Cars/ros_ws/build/io_context/CMakeFiles/CMakeOutput.log".
[25.025s] See also "/home/adam/Sensor-Fusion-And-Autonomous-Racing-Cars/ros_ws/build/io_context/CMakeFiles/CMakeError.log".
