[28.278s] Invoking command in '/home/adam/Sensor-Fusion-And-Autonomous-Racing-Cars/ros_ws/src/camera_sensor': PYTHONPATH=/home/adam/Sensor-Fusion-And-Autonomous-Racing-Cars/ros_ws/build/camera_sensor/prefix_override:/home/adam/Sensor-Fusion-And-Autonomous-Racing-Cars/ros_ws/install/camera_sensor/lib/python3.8/site-packages:${PYTHONPATH} /usr/bin/python3 setup.py egg_info --egg-base ../../build/camera_sensor build --build-base /home/adam/Sensor-Fusion-And-Autonomous-Racing-Cars/ros_ws/build/camera_sensor/build install --record /home/adam/Sensor-Fusion-And-Autonomous-Racing-Cars/ros_ws/build/camera_sensor/install.log --install-scripts $base/lib/camera_sensor --single-version-externally-managed
[32.000s] running egg_info
[32.005s] writing ../../build/camera_sensor/camera_sensor.egg-info/PKG-INFO
[32.007s] writing dependency_links to ../../build/camera_sensor/camera_sensor.egg-info/dependency_links.txt
[32.009s] writing entry points to ../../build/camera_sensor/camera_sensor.egg-info/entry_points.txt
[32.011s] writing requirements to ../../build/camera_sensor/camera_sensor.egg-info/requires.txt
[32.013s] writing top-level names to ../../build/camera_sensor/camera_sensor.egg-info/top_level.txt
[32.434s] reading manifest file '../../build/camera_sensor/camera_sensor.egg-info/SOURCES.txt'
[32.445s] writing manifest file '../../build/camera_sensor/camera_sensor.egg-info/SOURCES.txt'
[32.446s] running build
[32.448s] running build_py
[32.453s] running install
[32.461s] running install_lib
[32.478s] running install_data
[32.480s] running install_egg_info
[32.502s] removing '/home/adam/Sensor-Fusion-And-Autonomous-Racing-Cars/ros_ws/install/camera_sensor/lib/python3.8/site-packages/camera_sensor-0.0.0-py3.8.egg-info' (and everything under it)
[32.508s] Copying ../../build/camera_sensor/camera_sensor.egg-info to /home/adam/Sensor-Fusion-And-Autonomous-Racing-Cars/ros_ws/install/camera_sensor/lib/python3.8/site-packages/camera_sensor-0.0.0-py3.8.egg-info
[32.525s] running install_scripts
[32.740s] Installing camera_node script to /home/adam/Sensor-Fusion-And-Autonomous-Racing-Cars/ros_ws/install/camera_sensor/lib/camera_sensor
[32.747s] writing list of installed files to '/home/adam/Sensor-Fusion-And-Autonomous-Racing-Cars/ros_ws/build/camera_sensor/install.log'
[37.333s] Invoked command in '/home/adam/Sensor-Fusion-And-Autonomous-Racing-Cars/ros_ws/src/camera_sensor' returned '0': PYTHONPATH=/home/adam/Sensor-Fusion-And-Autonomous-Racing-Cars/ros_ws/build/camera_sensor/prefix_override:/home/adam/Sensor-Fusion-And-Autonomous-Racing-Cars/ros_ws/install/camera_sensor/lib/python3.8/site-packages:${PYTHONPATH} /usr/bin/python3 setup.py egg_info --egg-base ../../build/camera_sensor build --build-base /home/adam/Sensor-Fusion-And-Autonomous-Racing-Cars/ros_ws/build/camera_sensor/build install --record /home/adam/Sensor-Fusion-And-Autonomous-Racing-Cars/ros_ws/build/camera_sensor/install.log --install-scripts $base/lib/camera_sensor --single-version-externally-managed
