[4.655s] Invoking command in '/home/adam/Sensor-Fusion-And-Autonomous-Racing-Cars/ros_ws/src/arc_keyboard_control': PYTHONPATH=/home/adam/Sensor-Fusion-And-Autonomous-Racing-Cars/ros_ws/build/arc_keyboard_control/prefix_override:/home/adam/Sensor-Fusion-And-Autonomous-Racing-Cars/ros_ws/install/arc_keyboard_control/lib/python3.8/site-packages:${PYTHONPATH} /usr/bin/python3 setup.py egg_info --egg-base ../../build/arc_keyboard_control build --build-base /home/adam/Sensor-Fusion-And-Autonomous-Racing-Cars/ros_ws/build/arc_keyboard_control/build install --record /home/adam/Sensor-Fusion-And-Autonomous-Racing-Cars/ros_ws/build/arc_keyboard_control/install.log --install-scripts $base/lib/arc_keyboard_control --single-version-externally-managed
[5.709s] running egg_info
[5.711s] writing ../../build/arc_keyboard_control/arc_keyboard_control.egg-info/PKG-INFO
[5.713s] writing dependency_links to ../../build/arc_keyboard_control/arc_keyboard_control.egg-info/dependency_links.txt
[5.713s] writing entry points to ../../build/arc_keyboard_control/arc_keyboard_control.egg-info/entry_points.txt
[5.714s] writing requirements to ../../build/arc_keyboard_control/arc_keyboard_control.egg-info/requires.txt
[5.715s] writing top-level names to ../../build/arc_keyboard_control/arc_keyboard_control.egg-info/top_level.txt
[5.846s] reading manifest file '../../build/arc_keyboard_control/arc_keyboard_control.egg-info/SOURCES.txt'
[5.850s] writing manifest file '../../build/arc_keyboard_control/arc_keyboard_control.egg-info/SOURCES.txt'
[5.851s] running build
[5.851s] running build_py
[5.852s] copying arc_keyboard_control/keyboard_control.py -> /home/adam/Sensor-Fusion-And-Autonomous-Racing-Cars/ros_ws/build/arc_keyboard_control/build/lib/arc_keyboard_control
[5.853s] running install
[5.857s] running install_lib
[5.861s] copying /home/adam/Sensor-Fusion-And-Autonomous-Racing-Cars/ros_ws/build/arc_keyboard_control/build/lib/arc_keyboard_control/keyboard_control.py -> /home/adam/Sensor-Fusion-And-Autonomous-Racing-Cars/ros_ws/install/arc_keyboard_control/lib/python3.8/site-packages/arc_keyboard_control
[5.864s] byte-compiling /home/adam/Sensor-Fusion-And-Autonomous-Racing-Cars/ros_ws/install/arc_keyboard_control/lib/python3.8/site-packages/arc_keyboard_control/keyboard_control.py to keyboard_control.cpython-38.pyc
[5.870s] running install_data
[5.873s] running install_egg_info
[5.879s] removing '/home/adam/Sensor-Fusion-And-Autonomous-Racing-Cars/ros_ws/install/arc_keyboard_control/lib/python3.8/site-packages/arc_keyboard_control-0.0.0-py3.8.egg-info' (and everything under it)
[5.881s] Copying ../../build/arc_keyboard_control/arc_keyboard_control.egg-info to /home/adam/Sensor-Fusion-And-Autonomous-Racing-Cars/ros_ws/install/arc_keyboard_control/lib/python3.8/site-packages/arc_keyboard_control-0.0.0-py3.8.egg-info
[5.888s] running install_scripts
[5.955s] Installing keyboard_control script to /home/adam/Sensor-Fusion-And-Autonomous-Racing-Cars/ros_ws/install/arc_keyboard_control/lib/arc_keyboard_control
[5.956s] writing list of installed files to '/home/adam/Sensor-Fusion-And-Autonomous-Racing-Cars/ros_ws/build/arc_keyboard_control/install.log'
[6.066s] Invoked command in '/home/adam/Sensor-Fusion-And-Autonomous-Racing-Cars/ros_ws/src/arc_keyboard_control' returned '0': PYTHONPATH=/home/adam/Sensor-Fusion-And-Autonomous-Racing-Cars/ros_ws/build/arc_keyboard_control/prefix_override:/home/adam/Sensor-Fusion-And-Autonomous-Racing-Cars/ros_ws/install/arc_keyboard_control/lib/python3.8/site-packages:${PYTHONPATH} /usr/bin/python3 setup.py egg_info --egg-base ../../build/arc_keyboard_control build --build-base /home/adam/Sensor-Fusion-And-Autonomous-Racing-Cars/ros_ws/build/arc_keyboard_control/build install --record /home/adam/Sensor-Fusion-And-Autonomous-Racing-Cars/ros_ws/build/arc_keyboard_control/install.log --install-scripts $base/lib/arc_keyboard_control --single-version-externally-managed
