[10.935s] DEBUG:colcon:Command line arguments: ['/usr/bin/colcon', 'build', '--packages-select', 'vesc_ackermann']
[10.935s] DEBUG:colcon:Parsed command line arguments: Namespace(allow_overriding=[], ament_cmake_args=None, base_paths=['.'], build_base='build', catkin_cmake_args=None, catkin_skip_building_tests=False, cmake_args=None, cmake_clean_cache=False, cmake_clean_first=False, cmake_force_configure=False, cmake_target=None, cmake_target_skip_unavailable=False, continue_on_error=False, event_handlers=None, executor='parallel', ignore_user_meta=False, install_base='install', log_base=None, log_level=None, main=<bound method BuildVerb.main of <colcon_core.verb.build.BuildVerb object at 0xffffa05fa3a0>>, merge_install=False, metas=['./colcon.meta'], packages_above=None, packages_above_and_dependencies=None, packages_above_depth=None, packages_end=None, packages_ignore=None, packages_ignore_regex=None, packages_select=['vesc_ackermann'], packages_select_build_failed=False, packages_select_by_dep=None, packages_select_regex=None, packages_select_test_failures=False, packages_skip=None, packages_skip_build_finished=False, packages_skip_by_dep=None, packages_skip_regex=None, packages_skip_test_passed=False, packages_skip_up_to=None, packages_start=None, packages_up_to=None, packages_up_to_regex=None, parallel_workers=4, paths=None, symlink_install=False, test_result_base=None, verb_extension=<colcon_core.verb.build.BuildVerb object at 0xffffa05fa3a0>, verb_name='build', verb_parser=<colcon_defaults.argument_parser.defaults.DefaultArgumentsDecorator object at 0xffffa05fd850>)
[11.412s] Level 1:colcon.colcon_core.package_discovery:discover_packages(colcon_meta) check parameters
[11.413s] Level 1:colcon.colcon_core.package_discovery:discover_packages(recursive) check parameters
[11.413s] Level 1:colcon.colcon_core.package_discovery:discover_packages(ignore) check parameters
[11.413s] Level 1:colcon.colcon_core.package_discovery:discover_packages(path) check parameters
[11.413s] Level 1:colcon.colcon_core.package_discovery:discover_packages(colcon_meta) discover
[11.413s] Level 1:colcon.colcon_core.package_discovery:discover_packages(recursive) discover
[11.414s] INFO:colcon.colcon_core.package_discovery:Crawling recursively for packages in '/home/adam/Sensor-Fusion-And-Autonomous-Racing-Cars/ros_ws'
[11.414s] Level 1:colcon.colcon_core.package_identification:_identify(.) by extensions ['ignore', 'ignore_ament_install']
[11.414s] Level 1:colcon.colcon_core.package_identification:_identify(.) by extension 'ignore'
[11.415s] Level 1:colcon.colcon_core.package_identification:_identify(.) by extension 'ignore_ament_install'
[11.415s] Level 1:colcon.colcon_core.package_identification:_identify(.) by extensions ['colcon_pkg']
[11.415s] Level 1:colcon.colcon_core.package_identification:_identify(.) by extension 'colcon_pkg'
[11.415s] Level 1:colcon.colcon_core.package_identification:_identify(.) by extensions ['colcon_meta']
[11.415s] Level 1:colcon.colcon_core.package_identification:_identify(.) by extension 'colcon_meta'
[11.415s] Level 1:colcon.colcon_core.package_identification:_identify(.) by extensions ['ros']
[11.416s] Level 1:colcon.colcon_core.package_identification:_identify(.) by extension 'ros'
[11.458s] Level 1:colcon.colcon_core.package_identification:_identify(.) by extensions ['cmake', 'python']
[11.458s] Level 1:colcon.colcon_core.package_identification:_identify(.) by extension 'cmake'
[11.458s] Level 1:colcon.colcon_core.package_identification:_identify(.) by extension 'python'
[11.459s] Level 1:colcon.colcon_core.package_identification:_identify(.) by extensions ['python_setup_py']
[11.459s] Level 1:colcon.colcon_core.package_identification:_identify(.) by extension 'python_setup_py'
[11.459s] Level 1:colcon.colcon_core.package_identification:_identify(build) by extensions ['ignore', 'ignore_ament_install']
[11.460s] Level 1:colcon.colcon_core.package_identification:_identify(build) by extension 'ignore'
[11.460s] Level 1:colcon.colcon_core.package_identification:_identify(build) ignored
[11.461s] Level 1:colcon.colcon_core.package_identification:_identify(install) by extensions ['ignore', 'ignore_ament_install']
[11.461s] Level 1:colcon.colcon_core.package_identification:_identify(install) by extension 'ignore'
[11.462s] Level 1:colcon.colcon_core.package_identification:_identify(install) ignored
[11.465s] Level 1:colcon.colcon_core.package_identification:_identify(log) by extensions ['ignore', 'ignore_ament_install']
[11.465s] Level 1:colcon.colcon_core.package_identification:_identify(log) by extension 'ignore'
[11.466s] Level 1:colcon.colcon_core.package_identification:_identify(log) ignored
[11.466s] Level 1:colcon.colcon_core.package_identification:_identify(src) by extensions ['ignore', 'ignore_ament_install']
[11.467s] Level 1:colcon.colcon_core.package_identification:_identify(src) by extension 'ignore'
[11.467s] Level 1:colcon.colcon_core.package_identification:_identify(src) by extension 'ignore_ament_install'
[11.467s] Level 1:colcon.colcon_core.package_identification:_identify(src) by extensions ['colcon_pkg']
[11.467s] Level 1:colcon.colcon_core.package_identification:_identify(src) by extension 'colcon_pkg'
[11.467s] Level 1:colcon.colcon_core.package_identification:_identify(src) by extensions ['colcon_meta']
[11.467s] Level 1:colcon.colcon_core.package_identification:_identify(src) by extension 'colcon_meta'
[11.468s] Level 1:colcon.colcon_core.package_identification:_identify(src) by extensions ['ros']
[11.468s] Level 1:colcon.colcon_core.package_identification:_identify(src) by extension 'ros'
[11.468s] Level 1:colcon.colcon_core.package_identification:_identify(src) by extensions ['cmake', 'python']
[11.468s] Level 1:colcon.colcon_core.package_identification:_identify(src) by extension 'cmake'
[11.468s] Level 1:colcon.colcon_core.package_identification:_identify(src) by extension 'python'
[11.469s] Level 1:colcon.colcon_core.package_identification:_identify(src) by extensions ['python_setup_py']
[11.469s] Level 1:colcon.colcon_core.package_identification:_identify(src) by extension 'python_setup_py'
[11.470s] Level 1:colcon.colcon_core.package_identification:_identify(src/arc_autonomous_ctrl) by extensions ['ignore', 'ignore_ament_install']
[11.470s] Level 1:colcon.colcon_core.package_identification:_identify(src/arc_autonomous_ctrl) by extension 'ignore'
[11.470s] Level 1:colcon.colcon_core.package_identification:_identify(src/arc_autonomous_ctrl) by extension 'ignore_ament_install'
[11.471s] Level 1:colcon.colcon_core.package_identification:_identify(src/arc_autonomous_ctrl) by extensions ['colcon_pkg']
[11.471s] Level 1:colcon.colcon_core.package_identification:_identify(src/arc_autonomous_ctrl) by extension 'colcon_pkg'
[11.471s] Level 1:colcon.colcon_core.package_identification:_identify(src/arc_autonomous_ctrl) by extensions ['colcon_meta']
[11.471s] Level 1:colcon.colcon_core.package_identification:_identify(src/arc_autonomous_ctrl) by extension 'colcon_meta'
[11.471s] Level 1:colcon.colcon_core.package_identification:_identify(src/arc_autonomous_ctrl) by extensions ['ros']
[11.471s] Level 1:colcon.colcon_core.package_identification:_identify(src/arc_autonomous_ctrl) by extension 'ros'
[11.480s] DEBUG:colcon.colcon_core.package_identification:Package 'src/arc_autonomous_ctrl' with type 'ros.ament_python' and name 'arc_autonomous_ctrl'
[11.481s] Level 1:colcon.colcon_core.package_identification:_identify(src/arc_keyboard_control) by extensions ['ignore', 'ignore_ament_install']
[11.481s] Level 1:colcon.colcon_core.package_identification:_identify(src/arc_keyboard_control) by extension 'ignore'
[11.482s] Level 1:colcon.colcon_core.package_identification:_identify(src/arc_keyboard_control) by extension 'ignore_ament_install'
[11.482s] Level 1:colcon.colcon_core.package_identification:_identify(src/arc_keyboard_control) by extensions ['colcon_pkg']
[11.482s] Level 1:colcon.colcon_core.package_identification:_identify(src/arc_keyboard_control) by extension 'colcon_pkg'
[11.482s] Level 1:colcon.colcon_core.package_identification:_identify(src/arc_keyboard_control) by extensions ['colcon_meta']
[11.482s] Level 1:colcon.colcon_core.package_identification:_identify(src/arc_keyboard_control) by extension 'colcon_meta'
[11.483s] Level 1:colcon.colcon_core.package_identification:_identify(src/arc_keyboard_control) by extensions ['ros']
[11.483s] Level 1:colcon.colcon_core.package_identification:_identify(src/arc_keyboard_control) by extension 'ros'
[11.486s] DEBUG:colcon.colcon_core.package_identification:Package 'src/arc_keyboard_control' with type 'ros.ament_python' and name 'arc_keyboard_control'
[11.487s] Level 1:colcon.colcon_core.package_identification:_identify(src/arc_startup) by extensions ['ignore', 'ignore_ament_install']
[11.487s] Level 1:colcon.colcon_core.package_identification:_identify(src/arc_startup) by extension 'ignore'
[11.487s] Level 1:colcon.colcon_core.package_identification:_identify(src/arc_startup) by extension 'ignore_ament_install'
[11.487s] Level 1:colcon.colcon_core.package_identification:_identify(src/arc_startup) by extensions ['colcon_pkg']
[11.488s] Level 1:colcon.colcon_core.package_identification:_identify(src/arc_startup) by extension 'colcon_pkg'
[11.488s] Level 1:colcon.colcon_core.package_identification:_identify(src/arc_startup) by extensions ['colcon_meta']
[11.488s] Level 1:colcon.colcon_core.package_identification:_identify(src/arc_startup) by extension 'colcon_meta'
[11.488s] Level 1:colcon.colcon_core.package_identification:_identify(src/arc_startup) by extensions ['ros']
[11.488s] Level 1:colcon.colcon_core.package_identification:_identify(src/arc_startup) by extension 'ros'
[11.491s] DEBUG:colcon.colcon_core.package_identification:Package 'src/arc_startup' with type 'ros.ament_python' and name 'arc_startup'
[11.491s] Level 1:colcon.colcon_core.package_identification:_identify(src/camera_sensor) by extensions ['ignore', 'ignore_ament_install']
[11.492s] Level 1:colcon.colcon_core.package_identification:_identify(src/camera_sensor) by extension 'ignore'
[11.492s] Level 1:colcon.colcon_core.package_identification:_identify(src/camera_sensor) by extension 'ignore_ament_install'
[11.492s] Level 1:colcon.colcon_core.package_identification:_identify(src/camera_sensor) by extensions ['colcon_pkg']
[11.492s] Level 1:colcon.colcon_core.package_identification:_identify(src/camera_sensor) by extension 'colcon_pkg'
[11.492s] Level 1:colcon.colcon_core.package_identification:_identify(src/camera_sensor) by extensions ['colcon_meta']
[11.493s] Level 1:colcon.colcon_core.package_identification:_identify(src/camera_sensor) by extension 'colcon_meta'
[11.493s] Level 1:colcon.colcon_core.package_identification:_identify(src/camera_sensor) by extensions ['ros']
[11.493s] Level 1:colcon.colcon_core.package_identification:_identify(src/camera_sensor) by extension 'ros'
[11.495s] DEBUG:colcon.colcon_core.package_identification:Package 'src/camera_sensor' with type 'ros.ament_python' and name 'camera_sensor'
[11.495s] Level 1:colcon.colcon_core.package_identification:_identify(src/image_common) by extensions ['ignore', 'ignore_ament_install']
[11.496s] Level 1:colcon.colcon_core.package_identification:_identify(src/image_common) by extension 'ignore'
[11.496s] Level 1:colcon.colcon_core.package_identification:_identify(src/image_common) by extension 'ignore_ament_install'
[11.496s] Level 1:colcon.colcon_core.package_identification:_identify(src/image_common) by extensions ['colcon_pkg']
[11.496s] Level 1:colcon.colcon_core.package_identification:_identify(src/image_common) by extension 'colcon_pkg'
[11.496s] Level 1:colcon.colcon_core.package_identification:_identify(src/image_common) by extensions ['colcon_meta']
[11.497s] Level 1:colcon.colcon_core.package_identification:_identify(src/image_common) by extension 'colcon_meta'
[11.497s] Level 1:colcon.colcon_core.package_identification:_identify(src/image_common) by extensions ['ros']
[11.497s] Level 1:colcon.colcon_core.package_identification:_identify(src/image_common) by extension 'ros'
[11.497s] Level 1:colcon.colcon_core.package_identification:_identify(src/image_common) by extensions ['cmake', 'python']
[11.497s] Level 1:colcon.colcon_core.package_identification:_identify(src/image_common) by extension 'cmake'
[11.498s] Level 1:colcon.colcon_core.package_identification:_identify(src/image_common) by extension 'python'
[11.498s] Level 1:colcon.colcon_core.package_identification:_identify(src/image_common) by extensions ['python_setup_py']
[11.498s] Level 1:colcon.colcon_core.package_identification:_identify(src/image_common) by extension 'python_setup_py'
[11.498s] Level 1:colcon.colcon_core.package_identification:_identify(src/image_transport_plugins) by extensions ['ignore', 'ignore_ament_install']
[11.499s] Level 1:colcon.colcon_core.package_identification:_identify(src/image_transport_plugins) by extension 'ignore'
[11.499s] Level 1:colcon.colcon_core.package_identification:_identify(src/image_transport_plugins) by extension 'ignore_ament_install'
[11.499s] Level 1:colcon.colcon_core.package_identification:_identify(src/image_transport_plugins) by extensions ['colcon_pkg']
[11.499s] Level 1:colcon.colcon_core.package_identification:_identify(src/image_transport_plugins) by extension 'colcon_pkg'
[11.500s] Level 1:colcon.colcon_core.package_identification:_identify(src/image_transport_plugins) by extensions ['colcon_meta']
[11.500s] Level 1:colcon.colcon_core.package_identification:_identify(src/image_transport_plugins) by extension 'colcon_meta'
[11.500s] Level 1:colcon.colcon_core.package_identification:_identify(src/image_transport_plugins) by extensions ['ros']
[11.500s] Level 1:colcon.colcon_core.package_identification:_identify(src/image_transport_plugins) by extension 'ros'
[11.500s] Level 1:colcon.colcon_core.package_identification:_identify(src/image_transport_plugins) by extensions ['cmake', 'python']
[11.500s] Level 1:colcon.colcon_core.package_identification:_identify(src/image_transport_plugins) by extension 'cmake'
[11.501s] Level 1:colcon.colcon_core.package_identification:_identify(src/image_transport_plugins) by extension 'python'
[11.501s] Level 1:colcon.colcon_core.package_identification:_identify(src/image_transport_plugins) by extensions ['python_setup_py']
[11.501s] Level 1:colcon.colcon_core.package_identification:_identify(src/image_transport_plugins) by extension 'python_setup_py'
[11.501s] Level 1:colcon.colcon_core.package_identification:_identify(src/image_transport_plugins/compressed_depth_image_transport) by extensions ['ignore', 'ignore_ament_install']
[11.502s] Level 1:colcon.colcon_core.package_identification:_identify(src/image_transport_plugins/compressed_depth_image_transport) by extension 'ignore'
[11.502s] Level 1:colcon.colcon_core.package_identification:_identify(src/image_transport_plugins/compressed_depth_image_transport) by extension 'ignore_ament_install'
[11.502s] Level 1:colcon.colcon_core.package_identification:_identify(src/image_transport_plugins/compressed_depth_image_transport) by extensions ['colcon_pkg']
[11.502s] Level 1:colcon.colcon_core.package_identification:_identify(src/image_transport_plugins/compressed_depth_image_transport) by extension 'colcon_pkg'
[11.503s] Level 1:colcon.colcon_core.package_identification:_identify(src/image_transport_plugins/compressed_depth_image_transport) by extensions ['colcon_meta']
[11.503s] Level 1:colcon.colcon_core.package_identification:_identify(src/image_transport_plugins/compressed_depth_image_transport) by extension 'colcon_meta'
[11.503s] Level 1:colcon.colcon_core.package_identification:_identify(src/image_transport_plugins/compressed_depth_image_transport) by extensions ['ros']
[11.503s] Level 1:colcon.colcon_core.package_identification:_identify(src/image_transport_plugins/compressed_depth_image_transport) by extension 'ros'
[11.506s] DEBUG:colcon.colcon_core.package_identification:Package 'src/image_transport_plugins/compressed_depth_image_transport' with type 'ros.ament_cmake' and name 'compressed_depth_image_transport'
[11.507s] Level 1:colcon.colcon_core.package_identification:_identify(src/image_transport_plugins/compressed_image_transport) by extensions ['ignore', 'ignore_ament_install']
[11.507s] Level 1:colcon.colcon_core.package_identification:_identify(src/image_transport_plugins/compressed_image_transport) by extension 'ignore'
[11.507s] Level 1:colcon.colcon_core.package_identification:_identify(src/image_transport_plugins/compressed_image_transport) by extension 'ignore_ament_install'
[11.507s] Level 1:colcon.colcon_core.package_identification:_identify(src/image_transport_plugins/compressed_image_transport) by extensions ['colcon_pkg']
[11.508s] Level 1:colcon.colcon_core.package_identification:_identify(src/image_transport_plugins/compressed_image_transport) by extension 'colcon_pkg'
[11.508s] Level 1:colcon.colcon_core.package_identification:_identify(src/image_transport_plugins/compressed_image_transport) by extensions ['colcon_meta']
[11.508s] Level 1:colcon.colcon_core.package_identification:_identify(src/image_transport_plugins/compressed_image_transport) by extension 'colcon_meta'
[11.508s] Level 1:colcon.colcon_core.package_identification:_identify(src/image_transport_plugins/compressed_image_transport) by extensions ['ros']
[11.508s] Level 1:colcon.colcon_core.package_identification:_identify(src/image_transport_plugins/compressed_image_transport) by extension 'ros'
[11.511s] DEBUG:colcon.colcon_core.package_identification:Package 'src/image_transport_plugins/compressed_image_transport' with type 'ros.ament_cmake' and name 'compressed_image_transport'
[11.512s] Level 1:colcon.colcon_core.package_identification:_identify(src/image_transport_plugins/image_transport_plugins) by extensions ['ignore', 'ignore_ament_install']
[11.512s] Level 1:colcon.colcon_core.package_identification:_identify(src/image_transport_plugins/image_transport_plugins) by extension 'ignore'
[11.512s] Level 1:colcon.colcon_core.package_identification:_identify(src/image_transport_plugins/image_transport_plugins) by extension 'ignore_ament_install'
[11.512s] Level 1:colcon.colcon_core.package_identification:_identify(src/image_transport_plugins/image_transport_plugins) by extensions ['colcon_pkg']
[11.513s] Level 1:colcon.colcon_core.package_identification:_identify(src/image_transport_plugins/image_transport_plugins) by extension 'colcon_pkg'
[11.513s] Level 1:colcon.colcon_core.package_identification:_identify(src/image_transport_plugins/image_transport_plugins) by extensions ['colcon_meta']
[11.513s] Level 1:colcon.colcon_core.package_identification:_identify(src/image_transport_plugins/image_transport_plugins) by extension 'colcon_meta'
[11.513s] Level 1:colcon.colcon_core.package_identification:_identify(src/image_transport_plugins/image_transport_plugins) by extensions ['ros']
[11.513s] Level 1:colcon.colcon_core.package_identification:_identify(src/image_transport_plugins/image_transport_plugins) by extension 'ros'
[11.515s] DEBUG:colcon.colcon_core.package_identification:Package 'src/image_transport_plugins/image_transport_plugins' with type 'ros.ament_cmake' and name 'image_transport_plugins'
[11.516s] Level 1:colcon.colcon_core.package_identification:_identify(src/image_transport_plugins/theora_image_transport) by extensions ['ignore', 'ignore_ament_install']
[11.517s] Level 1:colcon.colcon_core.package_identification:_identify(src/image_transport_plugins/theora_image_transport) by extension 'ignore'
[11.517s] Level 1:colcon.colcon_core.package_identification:_identify(src/image_transport_plugins/theora_image_transport) by extension 'ignore_ament_install'
[11.517s] Level 1:colcon.colcon_core.package_identification:_identify(src/image_transport_plugins/theora_image_transport) by extensions ['colcon_pkg']
[11.517s] Level 1:colcon.colcon_core.package_identification:_identify(src/image_transport_plugins/theora_image_transport) by extension 'colcon_pkg'
[11.517s] Level 1:colcon.colcon_core.package_identification:_identify(src/image_transport_plugins/theora_image_transport) by extensions ['colcon_meta']
[11.518s] Level 1:colcon.colcon_core.package_identification:_identify(src/image_transport_plugins/theora_image_transport) by extension 'colcon_meta'
[11.518s] Level 1:colcon.colcon_core.package_identification:_identify(src/image_transport_plugins/theora_image_transport) by extensions ['ros']
[11.518s] Level 1:colcon.colcon_core.package_identification:_identify(src/image_transport_plugins/theora_image_transport) by extension 'ros'
[11.522s] DEBUG:colcon.colcon_core.package_identification:Package 'src/image_transport_plugins/theora_image_transport' with type 'ros.ament_cmake' and name 'theora_image_transport'
[11.523s] Level 1:colcon.colcon_core.package_identification:_identify(src/ldlidar_ros2) by extensions ['ignore', 'ignore_ament_install']
[11.524s] Level 1:colcon.colcon_core.package_identification:_identify(src/ldlidar_ros2) by extension 'ignore'
[11.524s] Level 1:colcon.colcon_core.package_identification:_identify(src/ldlidar_ros2) by extension 'ignore_ament_install'
[11.524s] Level 1:colcon.colcon_core.package_identification:_identify(src/ldlidar_ros2) by extensions ['colcon_pkg']
[11.524s] Level 1:colcon.colcon_core.package_identification:_identify(src/ldlidar_ros2) by extension 'colcon_pkg'
[11.525s] Level 1:colcon.colcon_core.package_identification:_identify(src/ldlidar_ros2) by extensions ['colcon_meta']
[11.525s] Level 1:colcon.colcon_core.package_identification:_identify(src/ldlidar_ros2) by extension 'colcon_meta'
[11.525s] Level 1:colcon.colcon_core.package_identification:_identify(src/ldlidar_ros2) by extensions ['ros']
[11.525s] Level 1:colcon.colcon_core.package_identification:_identify(src/ldlidar_ros2) by extension 'ros'
[11.528s] DEBUG:colcon.colcon_core.package_identification:Package 'src/ldlidar_ros2' with type 'ros.ament_cmake' and name 'ldlidar_ros2'
[11.528s] Level 1:colcon.colcon_core.package_identification:_identify(src/log) by extensions ['ignore', 'ignore_ament_install']
[11.529s] Level 1:colcon.colcon_core.package_identification:_identify(src/log) by extension 'ignore'
[11.529s] Level 1:colcon.colcon_core.package_identification:_identify(src/log) ignored
[11.530s] Level 1:colcon.colcon_core.package_identification:_identify(src/motor_controller) by extensions ['ignore', 'ignore_ament_install']
[11.530s] Level 1:colcon.colcon_core.package_identification:_identify(src/motor_controller) by extension 'ignore'
[11.530s] Level 1:colcon.colcon_core.package_identification:_identify(src/motor_controller) by extension 'ignore_ament_install'
[11.531s] Level 1:colcon.colcon_core.package_identification:_identify(src/motor_controller) by extensions ['colcon_pkg']
[11.531s] Level 1:colcon.colcon_core.package_identification:_identify(src/motor_controller) by extension 'colcon_pkg'
[11.531s] Level 1:colcon.colcon_core.package_identification:_identify(src/motor_controller) by extensions ['colcon_meta']
[11.531s] Level 1:colcon.colcon_core.package_identification:_identify(src/motor_controller) by extension 'colcon_meta'
[11.531s] Level 1:colcon.colcon_core.package_identification:_identify(src/motor_controller) by extensions ['ros']
[11.531s] Level 1:colcon.colcon_core.package_identification:_identify(src/motor_controller) by extension 'ros'
[11.534s] DEBUG:colcon.colcon_core.package_identification:Package 'src/motor_controller' with type 'ros.ament_python' and name 'motor_controller'
[11.534s] Level 1:colcon.colcon_core.package_identification:_identify(src/servo_controller) by extensions ['ignore', 'ignore_ament_install']
[11.535s] Level 1:colcon.colcon_core.package_identification:_identify(src/servo_controller) by extension 'ignore'
[11.535s] Level 1:colcon.colcon_core.package_identification:_identify(src/servo_controller) by extension 'ignore_ament_install'
[11.535s] Level 1:colcon.colcon_core.package_identification:_identify(src/servo_controller) by extensions ['colcon_pkg']
[11.535s] Level 1:colcon.colcon_core.package_identification:_identify(src/servo_controller) by extension 'colcon_pkg'
[11.535s] Level 1:colcon.colcon_core.package_identification:_identify(src/servo_controller) by extensions ['colcon_meta']
[11.536s] Level 1:colcon.colcon_core.package_identification:_identify(src/servo_controller) by extension 'colcon_meta'
[11.536s] Level 1:colcon.colcon_core.package_identification:_identify(src/servo_controller) by extensions ['ros']
[11.536s] Level 1:colcon.colcon_core.package_identification:_identify(src/servo_controller) by extension 'ros'
[11.538s] DEBUG:colcon.colcon_core.package_identification:Package 'src/servo_controller' with type 'ros.ament_python' and name 'servo_controller'
[11.539s] Level 1:colcon.colcon_core.package_identification:_identify(src/transport_drivers) by extensions ['ignore', 'ignore_ament_install']
[11.539s] Level 1:colcon.colcon_core.package_identification:_identify(src/transport_drivers) by extension 'ignore'
[11.540s] Level 1:colcon.colcon_core.package_identification:_identify(src/transport_drivers) by extension 'ignore_ament_install'
[11.540s] Level 1:colcon.colcon_core.package_identification:_identify(src/transport_drivers) by extensions ['colcon_pkg']
[11.540s] Level 1:colcon.colcon_core.package_identification:_identify(src/transport_drivers) by extension 'colcon_pkg'
[11.540s] Level 1:colcon.colcon_core.package_identification:_identify(src/transport_drivers) by extensions ['colcon_meta']
[11.540s] Level 1:colcon.colcon_core.package_identification:_identify(src/transport_drivers) by extension 'colcon_meta'
[11.540s] Level 1:colcon.colcon_core.package_identification:_identify(src/transport_drivers) by extensions ['ros']
[11.541s] Level 1:colcon.colcon_core.package_identification:_identify(src/transport_drivers) by extension 'ros'
[11.541s] Level 1:colcon.colcon_core.package_identification:_identify(src/transport_drivers) by extensions ['cmake', 'python']
[11.541s] Level 1:colcon.colcon_core.package_identification:_identify(src/transport_drivers) by extension 'cmake'
[11.541s] Level 1:colcon.colcon_core.package_identification:_identify(src/transport_drivers) by extension 'python'
[11.541s] Level 1:colcon.colcon_core.package_identification:_identify(src/transport_drivers) by extensions ['python_setup_py']
[11.542s] Level 1:colcon.colcon_core.package_identification:_identify(src/transport_drivers) by extension 'python_setup_py'
[11.542s] Level 1:colcon.colcon_core.package_identification:_identify(src/transport_drivers/asio_cmake_module) by extensions ['ignore', 'ignore_ament_install']
[11.542s] Level 1:colcon.colcon_core.package_identification:_identify(src/transport_drivers/asio_cmake_module) by extension 'ignore'
[11.543s] Level 1:colcon.colcon_core.package_identification:_identify(src/transport_drivers/asio_cmake_module) by extension 'ignore_ament_install'
[11.543s] Level 1:colcon.colcon_core.package_identification:_identify(src/transport_drivers/asio_cmake_module) by extensions ['colcon_pkg']
[11.543s] Level 1:colcon.colcon_core.package_identification:_identify(src/transport_drivers/asio_cmake_module) by extension 'colcon_pkg'
[11.544s] Level 1:colcon.colcon_core.package_identification:_identify(src/transport_drivers/asio_cmake_module) by extensions ['colcon_meta']
[11.544s] Level 1:colcon.colcon_core.package_identification:_identify(src/transport_drivers/asio_cmake_module) by extension 'colcon_meta'
[11.544s] Level 1:colcon.colcon_core.package_identification:_identify(src/transport_drivers/asio_cmake_module) by extensions ['ros']
[11.544s] Level 1:colcon.colcon_core.package_identification:_identify(src/transport_drivers/asio_cmake_module) by extension 'ros'
[11.546s] DEBUG:colcon.colcon_core.package_identification:Package 'src/transport_drivers/asio_cmake_module' with type 'ros.ament_cmake' and name 'asio_cmake_module'
[11.547s] Level 1:colcon.colcon_core.package_identification:_identify(src/transport_drivers/io_context) by extensions ['ignore', 'ignore_ament_install']
[11.547s] Level 1:colcon.colcon_core.package_identification:_identify(src/transport_drivers/io_context) by extension 'ignore'
[11.547s] Level 1:colcon.colcon_core.package_identification:_identify(src/transport_drivers/io_context) by extension 'ignore_ament_install'
[11.548s] Level 1:colcon.colcon_core.package_identification:_identify(src/transport_drivers/io_context) by extensions ['colcon_pkg']
[11.548s] Level 1:colcon.colcon_core.package_identification:_identify(src/transport_drivers/io_context) by extension 'colcon_pkg'
[11.548s] Level 1:colcon.colcon_core.package_identification:_identify(src/transport_drivers/io_context) by extensions ['colcon_meta']
[11.548s] Level 1:colcon.colcon_core.package_identification:_identify(src/transport_drivers/io_context) by extension 'colcon_meta'
[11.548s] Level 1:colcon.colcon_core.package_identification:_identify(src/transport_drivers/io_context) by extensions ['ros']
[11.549s] Level 1:colcon.colcon_core.package_identification:_identify(src/transport_drivers/io_context) by extension 'ros'
[11.552s] DEBUG:colcon.colcon_core.package_identification:Package 'src/transport_drivers/io_context' with type 'ros.ament_cmake' and name 'io_context'
[11.553s] Level 1:colcon.colcon_core.package_identification:_identify(src/transport_drivers/serial_driver) by extensions ['ignore', 'ignore_ament_install']
[11.554s] Level 1:colcon.colcon_core.package_identification:_identify(src/transport_drivers/serial_driver) by extension 'ignore'
[11.554s] Level 1:colcon.colcon_core.package_identification:_identify(src/transport_drivers/serial_driver) by extension 'ignore_ament_install'
[11.554s] Level 1:colcon.colcon_core.package_identification:_identify(src/transport_drivers/serial_driver) by extensions ['colcon_pkg']
[11.554s] Level 1:colcon.colcon_core.package_identification:_identify(src/transport_drivers/serial_driver) by extension 'colcon_pkg'
[11.554s] Level 1:colcon.colcon_core.package_identification:_identify(src/transport_drivers/serial_driver) by extensions ['colcon_meta']
[11.555s] Level 1:colcon.colcon_core.package_identification:_identify(src/transport_drivers/serial_driver) by extension 'colcon_meta'
[11.555s] Level 1:colcon.colcon_core.package_identification:_identify(src/transport_drivers/serial_driver) by extensions ['ros']
[11.555s] Level 1:colcon.colcon_core.package_identification:_identify(src/transport_drivers/serial_driver) by extension 'ros'
[11.558s] DEBUG:colcon.colcon_core.package_identification:Package 'src/transport_drivers/serial_driver' with type 'ros.ament_cmake' and name 'serial_driver'
[11.559s] Level 1:colcon.colcon_core.package_identification:_identify(src/transport_drivers/udp_driver) by extensions ['ignore', 'ignore_ament_install']
[11.560s] Level 1:colcon.colcon_core.package_identification:_identify(src/transport_drivers/udp_driver) by extension 'ignore'
[11.560s] Level 1:colcon.colcon_core.package_identification:_identify(src/transport_drivers/udp_driver) by extension 'ignore_ament_install'
[11.560s] Level 1:colcon.colcon_core.package_identification:_identify(src/transport_drivers/udp_driver) by extensions ['colcon_pkg']
[11.560s] Level 1:colcon.colcon_core.package_identification:_identify(src/transport_drivers/udp_driver) by extension 'colcon_pkg'
[11.560s] Level 1:colcon.colcon_core.package_identification:_identify(src/transport_drivers/udp_driver) by extensions ['colcon_meta']
[11.560s] Level 1:colcon.colcon_core.package_identification:_identify(src/transport_drivers/udp_driver) by extension 'colcon_meta'
[11.561s] Level 1:colcon.colcon_core.package_identification:_identify(src/transport_drivers/udp_driver) by extensions ['ros']
[11.561s] Level 1:colcon.colcon_core.package_identification:_identify(src/transport_drivers/udp_driver) by extension 'ros'
[11.565s] DEBUG:colcon.colcon_core.package_identification:Package 'src/transport_drivers/udp_driver' with type 'ros.ament_cmake' and name 'udp_driver'
[11.566s] Level 1:colcon.colcon_core.package_identification:_identify(src/v4l2_camera) by extensions ['ignore', 'ignore_ament_install']
[11.566s] Level 1:colcon.colcon_core.package_identification:_identify(src/v4l2_camera) by extension 'ignore'
[11.567s] Level 1:colcon.colcon_core.package_identification:_identify(src/v4l2_camera) by extension 'ignore_ament_install'
[11.567s] Level 1:colcon.colcon_core.package_identification:_identify(src/v4l2_camera) by extensions ['colcon_pkg']
[11.567s] Level 1:colcon.colcon_core.package_identification:_identify(src/v4l2_camera) by extension 'colcon_pkg'
[11.567s] Level 1:colcon.colcon_core.package_identification:_identify(src/v4l2_camera) by extensions ['colcon_meta']
[11.567s] Level 1:colcon.colcon_core.package_identification:_identify(src/v4l2_camera) by extension 'colcon_meta'
[11.568s] Level 1:colcon.colcon_core.package_identification:_identify(src/v4l2_camera) by extensions ['ros']
[11.568s] Level 1:colcon.colcon_core.package_identification:_identify(src/v4l2_camera) by extension 'ros'
[11.571s] DEBUG:colcon.colcon_core.package_identification:Package 'src/v4l2_camera' with type 'ros.ament_cmake' and name 'v4l2_camera'
[11.571s] Level 1:colcon.colcon_core.package_identification:_identify(src/vesc_driver) by extensions ['ignore', 'ignore_ament_install']
[11.572s] Level 1:colcon.colcon_core.package_identification:_identify(src/vesc_driver) by extension 'ignore'
[11.572s] Level 1:colcon.colcon_core.package_identification:_identify(src/vesc_driver) by extension 'ignore_ament_install'
[11.573s] Level 1:colcon.colcon_core.package_identification:_identify(src/vesc_driver) by extensions ['colcon_pkg']
[11.573s] Level 1:colcon.colcon_core.package_identification:_identify(src/vesc_driver) by extension 'colcon_pkg'
[11.573s] Level 1:colcon.colcon_core.package_identification:_identify(src/vesc_driver) by extensions ['colcon_meta']
[11.573s] Level 1:colcon.colcon_core.package_identification:_identify(src/vesc_driver) by extension 'colcon_meta'
[11.574s] Level 1:colcon.colcon_core.package_identification:_identify(src/vesc_driver) by extensions ['ros']
[11.574s] Level 1:colcon.colcon_core.package_identification:_identify(src/vesc_driver) by extension 'ros'
[11.575s] Level 1:colcon.colcon_core.package_identification:_identify(src/vesc_driver) by extensions ['cmake', 'python']
[11.575s] Level 1:colcon.colcon_core.package_identification:_identify(src/vesc_driver) by extension 'cmake'
[11.575s] Level 1:colcon.colcon_core.package_identification:_identify(src/vesc_driver) by extension 'python'
[11.575s] Level 1:colcon.colcon_core.package_identification:_identify(src/vesc_driver) by extensions ['python_setup_py']
[11.575s] Level 1:colcon.colcon_core.package_identification:_identify(src/vesc_driver) by extension 'python_setup_py'
[11.576s] Level 1:colcon.colcon_core.package_identification:_identify(src/vesc_driver/vesc) by extensions ['ignore', 'ignore_ament_install']
[11.576s] Level 1:colcon.colcon_core.package_identification:_identify(src/vesc_driver/vesc) by extension 'ignore'
[11.577s] Level 1:colcon.colcon_core.package_identification:_identify(src/vesc_driver/vesc) by extension 'ignore_ament_install'
[11.577s] Level 1:colcon.colcon_core.package_identification:_identify(src/vesc_driver/vesc) by extensions ['colcon_pkg']
[11.577s] Level 1:colcon.colcon_core.package_identification:_identify(src/vesc_driver/vesc) by extension 'colcon_pkg'
[11.577s] Level 1:colcon.colcon_core.package_identification:_identify(src/vesc_driver/vesc) by extensions ['colcon_meta']
[11.577s] Level 1:colcon.colcon_core.package_identification:_identify(src/vesc_driver/vesc) by extension 'colcon_meta'
[11.577s] Level 1:colcon.colcon_core.package_identification:_identify(src/vesc_driver/vesc) by extensions ['ros']
[11.578s] Level 1:colcon.colcon_core.package_identification:_identify(src/vesc_driver/vesc) by extension 'ros'
[11.580s] DEBUG:colcon.colcon_core.package_identification:Package 'src/vesc_driver/vesc' with type 'ros.ament_cmake' and name 'vesc'
[11.581s] Level 1:colcon.colcon_core.package_identification:_identify(src/vesc_driver/vesc_ackermann) by extensions ['ignore', 'ignore_ament_install']
[11.581s] Level 1:colcon.colcon_core.package_identification:_identify(src/vesc_driver/vesc_ackermann) by extension 'ignore'
[11.581s] Level 1:colcon.colcon_core.package_identification:_identify(src/vesc_driver/vesc_ackermann) by extension 'ignore_ament_install'
[11.582s] Level 1:colcon.colcon_core.package_identification:_identify(src/vesc_driver/vesc_ackermann) by extensions ['colcon_pkg']
[11.582s] Level 1:colcon.colcon_core.package_identification:_identify(src/vesc_driver/vesc_ackermann) by extension 'colcon_pkg'
[11.582s] Level 1:colcon.colcon_core.package_identification:_identify(src/vesc_driver/vesc_ackermann) by extensions ['colcon_meta']
[11.582s] Level 1:colcon.colcon_core.package_identification:_identify(src/vesc_driver/vesc_ackermann) by extension 'colcon_meta'
[11.582s] Level 1:colcon.colcon_core.package_identification:_identify(src/vesc_driver/vesc_ackermann) by extensions ['ros']
[11.583s] Level 1:colcon.colcon_core.package_identification:_identify(src/vesc_driver/vesc_ackermann) by extension 'ros'
[11.587s] DEBUG:colcon.colcon_core.package_identification:Package 'src/vesc_driver/vesc_ackermann' with type 'ros.ament_cmake' and name 'vesc_ackermann'
[11.587s] Level 1:colcon.colcon_core.package_identification:_identify(src/vesc_driver/vesc_driver) by extensions ['ignore', 'ignore_ament_install']
[11.588s] Level 1:colcon.colcon_core.package_identification:_identify(src/vesc_driver/vesc_driver) by extension 'ignore'
[11.588s] Level 1:colcon.colcon_core.package_identification:_identify(src/vesc_driver/vesc_driver) by extension 'ignore_ament_install'
[11.588s] Level 1:colcon.colcon_core.package_identification:_identify(src/vesc_driver/vesc_driver) by extensions ['colcon_pkg']
[11.589s] Level 1:colcon.colcon_core.package_identification:_identify(src/vesc_driver/vesc_driver) by extension 'colcon_pkg'
[11.589s] Level 1:colcon.colcon_core.package_identification:_identify(src/vesc_driver/vesc_driver) by extensions ['colcon_meta']
[11.589s] Level 1:colcon.colcon_core.package_identification:_identify(src/vesc_driver/vesc_driver) by extension 'colcon_meta'
[11.590s] Level 1:colcon.colcon_core.package_identification:_identify(src/vesc_driver/vesc_driver) by extensions ['ros']
[11.590s] Level 1:colcon.colcon_core.package_identification:_identify(src/vesc_driver/vesc_driver) by extension 'ros'
[11.594s] DEBUG:colcon.colcon_core.package_identification:Package 'src/vesc_driver/vesc_driver' with type 'ros.ament_cmake' and name 'vesc_driver'
[11.594s] Level 1:colcon.colcon_core.package_identification:_identify(src/vesc_driver/vesc_msgs) by extensions ['ignore', 'ignore_ament_install']
[11.595s] Level 1:colcon.colcon_core.package_identification:_identify(src/vesc_driver/vesc_msgs) by extension 'ignore'
[11.595s] Level 1:colcon.colcon_core.package_identification:_identify(src/vesc_driver/vesc_msgs) by extension 'ignore_ament_install'
[11.595s] Level 1:colcon.colcon_core.package_identification:_identify(src/vesc_driver/vesc_msgs) by extensions ['colcon_pkg']
[11.595s] Level 1:colcon.colcon_core.package_identification:_identify(src/vesc_driver/vesc_msgs) by extension 'colcon_pkg'
[11.595s] Level 1:colcon.colcon_core.package_identification:_identify(src/vesc_driver/vesc_msgs) by extensions ['colcon_meta']
[11.596s] Level 1:colcon.colcon_core.package_identification:_identify(src/vesc_driver/vesc_msgs) by extension 'colcon_meta'
[11.596s] Level 1:colcon.colcon_core.package_identification:_identify(src/vesc_driver/vesc_msgs) by extensions ['ros']
[11.596s] Level 1:colcon.colcon_core.package_identification:_identify(src/vesc_driver/vesc_msgs) by extension 'ros'
[11.599s] DEBUG:colcon.colcon_core.package_identification:Package 'src/vesc_driver/vesc_msgs' with type 'ros.ament_cmake' and name 'vesc_msgs'
[11.599s] Level 1:colcon.colcon_core.package_identification:_identify(src/vision_opencv) by extensions ['ignore', 'ignore_ament_install']
[11.600s] Level 1:colcon.colcon_core.package_identification:_identify(src/vision_opencv) by extension 'ignore'
[11.600s] Level 1:colcon.colcon_core.package_identification:_identify(src/vision_opencv) by extension 'ignore_ament_install'
[11.600s] Level 1:colcon.colcon_core.package_identification:_identify(src/vision_opencv) by extensions ['colcon_pkg']
[11.600s] Level 1:colcon.colcon_core.package_identification:_identify(src/vision_opencv) by extension 'colcon_pkg'
[11.601s] Level 1:colcon.colcon_core.package_identification:_identify(src/vision_opencv) by extensions ['colcon_meta']
[11.601s] Level 1:colcon.colcon_core.package_identification:_identify(src/vision_opencv) by extension 'colcon_meta'
[11.601s] Level 1:colcon.colcon_core.package_identification:_identify(src/vision_opencv) by extensions ['ros']
[11.601s] Level 1:colcon.colcon_core.package_identification:_identify(src/vision_opencv) by extension 'ros'
[11.602s] Level 1:colcon.colcon_core.package_identification:_identify(src/vision_opencv) by extensions ['cmake', 'python']
[11.602s] Level 1:colcon.colcon_core.package_identification:_identify(src/vision_opencv) by extension 'cmake'
[11.602s] Level 1:colcon.colcon_core.package_identification:_identify(src/vision_opencv) by extension 'python'
[11.602s] Level 1:colcon.colcon_core.package_identification:_identify(src/vision_opencv) by extensions ['python_setup_py']
[11.602s] Level 1:colcon.colcon_core.package_identification:_identify(src/vision_opencv) by extension 'python_setup_py'
[11.602s] Level 1:colcon.colcon_core.package_discovery:discover_packages(recursive) using defaults
[11.603s] Level 1:colcon.colcon_core.package_discovery:discover_packages(ignore) discover
[11.603s] Level 1:colcon.colcon_core.package_discovery:discover_packages(ignore) using defaults
[11.603s] Level 1:colcon.colcon_core.package_discovery:discover_packages(path) discover
[11.603s] Level 1:colcon.colcon_core.package_discovery:discover_packages(path) using defaults
[12.229s] INFO:colcon.colcon_core.package_selection:Skipping not selected package 'arc_autonomous_ctrl' in 'src/arc_autonomous_ctrl'
[12.229s] INFO:colcon.colcon_core.package_selection:Skipping not selected package 'arc_keyboard_control' in 'src/arc_keyboard_control'
[12.229s] INFO:colcon.colcon_core.package_selection:Skipping not selected package 'arc_startup' in 'src/arc_startup'
[12.229s] INFO:colcon.colcon_core.package_selection:Skipping not selected package 'asio_cmake_module' in 'src/transport_drivers/asio_cmake_module'
[12.230s] INFO:colcon.colcon_core.package_selection:Skipping not selected package 'camera_sensor' in 'src/camera_sensor'
[12.230s] INFO:colcon.colcon_core.package_selection:Skipping not selected package 'compressed_depth_image_transport' in 'src/image_transport_plugins/compressed_depth_image_transport'
[12.230s] INFO:colcon.colcon_core.package_selection:Skipping not selected package 'compressed_image_transport' in 'src/image_transport_plugins/compressed_image_transport'
[12.230s] INFO:colcon.colcon_core.package_selection:Skipping not selected package 'ldlidar_ros2' in 'src/ldlidar_ros2'
[12.230s] INFO:colcon.colcon_core.package_selection:Skipping not selected package 'motor_controller' in 'src/motor_controller'
[12.230s] INFO:colcon.colcon_core.package_selection:Skipping not selected package 'servo_controller' in 'src/servo_controller'
[12.230s] INFO:colcon.colcon_core.package_selection:Skipping not selected package 'theora_image_transport' in 'src/image_transport_plugins/theora_image_transport'
[12.230s] INFO:colcon.colcon_core.package_selection:Skipping not selected package 'v4l2_camera' in 'src/v4l2_camera'
[12.230s] INFO:colcon.colcon_core.package_selection:Skipping not selected package 'vesc_msgs' in 'src/vesc_driver/vesc_msgs'
[12.230s] INFO:colcon.colcon_core.package_selection:Skipping not selected package 'image_transport_plugins' in 'src/image_transport_plugins/image_transport_plugins'
[12.231s] INFO:colcon.colcon_core.package_selection:Skipping not selected package 'io_context' in 'src/transport_drivers/io_context'
[12.231s] INFO:colcon.colcon_core.package_selection:Skipping not selected package 'serial_driver' in 'src/transport_drivers/serial_driver'
[12.231s] INFO:colcon.colcon_core.package_selection:Skipping not selected package 'udp_driver' in 'src/transport_drivers/udp_driver'
[12.231s] INFO:colcon.colcon_core.package_selection:Skipping not selected package 'vesc_driver' in 'src/vesc_driver/vesc_driver'
[12.231s] INFO:colcon.colcon_core.package_selection:Skipping not selected package 'vesc' in 'src/vesc_driver/vesc'
[12.591s] Level 1:colcon.colcon_core.package_discovery:discover_packages(prefix_path) check parameters
[12.591s] Level 1:colcon.colcon_core.package_discovery:discover_packages(prefix_path) discover
[12.968s] DEBUG:colcon.colcon_installed_package_information.package_discovery:Found 20 installed packages in /home/adam/Sensor-Fusion-And-Autonomous-Racing-Cars/ros_ws/install
[13.158s] DEBUG:colcon.colcon_installed_package_information.package_discovery:Found 263 installed packages in /opt/ros/foxy
[13.166s] Level 1:colcon.colcon_core.package_discovery:discover_packages(prefix_path) using defaults
[13.696s] WARNING:colcon.colcon_core.package_selection:Some selected packages are already built in one or more underlay workspaces:
	'vesc_ackermann' is in: /home/adam/Sensor-Fusion-And-Autonomous-Racing-Cars/ros_ws/install/vesc_ackermann
If a package in a merged underlay workspace is overridden and it installs headers, then all packages in the overlay must sort their include directories by workspace order. Failure to do so may result in build failures or undefined behavior at run time.
If the overridden package is used by another package in any underlay, then the overriding package in the overlay must be API and ABI compatible or undefined behavior at run time may occur.

If you understand the risks and want to override a package anyways, add the following to the command line:
	--allow-overriding vesc_ackermann

This may be promoted to an error in a future release of colcon-override-check.
[13.886s] Level 5:colcon.colcon_core.verb:set package 'vesc_ackermann' build argument 'cmake_args' from command line to 'None'
[13.886s] Level 5:colcon.colcon_core.verb:set package 'vesc_ackermann' build argument 'cmake_target' from command line to 'None'
[13.886s] Level 5:colcon.colcon_core.verb:set package 'vesc_ackermann' build argument 'cmake_target_skip_unavailable' from command line to 'False'
[13.887s] Level 5:colcon.colcon_core.verb:set package 'vesc_ackermann' build argument 'cmake_clean_cache' from command line to 'False'
[13.887s] Level 5:colcon.colcon_core.verb:set package 'vesc_ackermann' build argument 'cmake_clean_first' from command line to 'False'
[13.887s] Level 5:colcon.colcon_core.verb:set package 'vesc_ackermann' build argument 'cmake_force_configure' from command line to 'False'
[13.887s] Level 5:colcon.colcon_core.verb:set package 'vesc_ackermann' build argument 'ament_cmake_args' from command line to 'None'
[13.887s] Level 5:colcon.colcon_core.verb:set package 'vesc_ackermann' build argument 'catkin_cmake_args' from command line to 'None'
[13.887s] Level 5:colcon.colcon_core.verb:set package 'vesc_ackermann' build argument 'catkin_skip_building_tests' from command line to 'False'
[13.887s] DEBUG:colcon.colcon_core.verb:Building package 'vesc_ackermann' with the following arguments: {'ament_cmake_args': None, 'build_base': '/home/adam/Sensor-Fusion-And-Autonomous-Racing-Cars/ros_ws/build/vesc_ackermann', 'catkin_cmake_args': None, 'catkin_skip_building_tests': False, 'cmake_args': None, 'cmake_clean_cache': False, 'cmake_clean_first': False, 'cmake_force_configure': False, 'cmake_target': None, 'cmake_target_skip_unavailable': False, 'install_base': '/home/adam/Sensor-Fusion-And-Autonomous-Racing-Cars/ros_ws/install/vesc_ackermann', 'merge_install': False, 'path': '/home/adam/Sensor-Fusion-And-Autonomous-Racing-Cars/ros_ws/src/vesc_driver/vesc_ackermann', 'symlink_install': False, 'test_result_base': None}
[14.072s] INFO:colcon.colcon_core.executor:Executing jobs using 'parallel' executor
[14.261s] DEBUG:colcon.colcon_parallel_executor.executor.parallel:run_until_complete
[14.262s] INFO:colcon.colcon_ros.task.ament_cmake.build:Building ROS package in '/home/adam/Sensor-Fusion-And-Autonomous-Racing-Cars/ros_ws/src/vesc_driver/vesc_ackermann' with build type 'ament_cmake'
[14.263s] INFO:colcon.colcon_cmake.task.cmake.build:Building CMake package in '/home/adam/Sensor-Fusion-And-Autonomous-Racing-Cars/ros_ws/src/vesc_driver/vesc_ackermann'
[14.467s] INFO:colcon.colcon_core.plugin_system:Skipping extension 'colcon_core.shell.bat': Not used on non-Windows systems
[14.468s] INFO:colcon.colcon_core.shell:Skip shell extension 'powershell' for command environment: Not usable outside of PowerShell
[14.468s] DEBUG:colcon.colcon_core.shell:Skip shell extension 'dsv' for command environment
[15.137s] DEBUG:colcon.colcon_core.event_handler.log_command:Invoking command in '/home/adam/Sensor-Fusion-And-Autonomous-Racing-Cars/ros_ws/build/vesc_ackermann': CMAKE_PREFIX_PATH=/home/adam/Sensor-Fusion-And-Autonomous-Racing-Cars/ros_ws/install/vesc_msgs:/home/adam/Sensor-Fusion-And-Autonomous-Racing-Cars/ros_ws/install/vesc:/home/adam/Sensor-Fusion-And-Autonomous-Racing-Cars/ros_ws/install/vesc_driver:/home/adam/Sensor-Fusion-And-Autonomous-Racing-Cars/ros_ws/install/vesc_ackermann:/home/adam/Sensor-Fusion-And-Autonomous-Racing-Cars/ros_ws/install/v4l2_camera:/home/adam/Sensor-Fusion-And-Autonomous-Racing-Cars/ros_ws/install/udp_driver:/home/adam/Sensor-Fusion-And-Autonomous-Racing-Cars/ros_ws/install/image_transport_plugins:/home/adam/Sensor-Fusion-And-Autonomous-Racing-Cars/ros_ws/install/theora_image_transport:/home/adam/Sensor-Fusion-And-Autonomous-Racing-Cars/ros_ws/install/serial_driver:/home/adam/Sensor-Fusion-And-Autonomous-Racing-Cars/ros_ws/install/ldlidar_ros2:/home/adam/Sensor-Fusion-And-Autonomous-Racing-Cars/ros_ws/install/io_context:/home/adam/Sensor-Fusion-And-Autonomous-Racing-Cars/ros_ws/install/compressed_image_transport:/home/adam/Sensor-Fusion-And-Autonomous-Racing-Cars/ros_ws/install/compressed_depth_image_transport:/home/adam/Sensor-Fusion-And-Autonomous-Racing-Cars/ros_ws/install/asio_cmake_module:/home/adam/Sensor-Fusion-And-Autonomous-Racing-Cars/ros_ws/install/servo_controller:/home/adam/Sensor-Fusion-And-Autonomous-Racing-Cars/ros_ws/install/motor_controller:/home/adam/Sensor-Fusion-And-Autonomous-Racing-Cars/ros_ws/install/camera_sensor:/home/adam/Sensor-Fusion-And-Autonomous-Racing-Cars/ros_ws/install/arc_startup:/home/adam/Sensor-Fusion-And-Autonomous-Racing-Cars/ros_ws/install/arc_keyboard_control:/home/adam/Sensor-Fusion-And-Autonomous-Racing-Cars/ros_ws/install/arc_autonomous_ctrl:/opt/ros/foxy LD_LIBRARY_PATH=/home/adam/Sensor-Fusion-And-Autonomous-Racing-Cars/ros_ws/install/vesc_msgs/lib:/home/adam/Sensor-Fusion-And-Autonomous-Racing-Cars/ros_ws/install/vesc_driver/lib:/home/adam/Sensor-Fusion-And-Autonomous-Racing-Cars/ros_ws/install/vesc_ackermann/lib:/home/adam/Sensor-Fusion-And-Autonomous-Racing-Cars/ros_ws/install/v4l2_camera/lib:/home/adam/Sensor-Fusion-And-Autonomous-Racing-Cars/ros_ws/install/udp_driver/lib:/home/adam/Sensor-Fusion-And-Autonomous-Racing-Cars/ros_ws/install/theora_image_transport/lib:/home/adam/Sensor-Fusion-And-Autonomous-Racing-Cars/ros_ws/install/serial_driver/lib:/home/adam/Sensor-Fusion-And-Autonomous-Racing-Cars/ros_ws/install/io_context/lib:/home/adam/Sensor-Fusion-And-Autonomous-Racing-Cars/ros_ws/install/compressed_image_transport/lib:/home/adam/Sensor-Fusion-And-Autonomous-Racing-Cars/ros_ws/install/compressed_depth_image_transport/lib:/opt/ros/foxy/opt/yaml_cpp_vendor/lib:/opt/ros/foxy/opt/rviz_ogre_vendor/lib:/opt/ros/foxy/lib/aarch64-linux-gnu:/opt/ros/foxy/lib /usr/bin/cmake --build /home/adam/Sensor-Fusion-And-Autonomous-Racing-Cars/ros_ws/build/vesc_ackermann -- -j4 -l4
[15.617s] DEBUG:colcon.colcon_core.event_handler.log_command:Invoked command in '/home/adam/Sensor-Fusion-And-Autonomous-Racing-Cars/ros_ws/build/vesc_ackermann' returned '0': CMAKE_PREFIX_PATH=/home/adam/Sensor-Fusion-And-Autonomous-Racing-Cars/ros_ws/install/vesc_msgs:/home/adam/Sensor-Fusion-And-Autonomous-Racing-Cars/ros_ws/install/vesc:/home/adam/Sensor-Fusion-And-Autonomous-Racing-Cars/ros_ws/install/vesc_driver:/home/adam/Sensor-Fusion-And-Autonomous-Racing-Cars/ros_ws/install/vesc_ackermann:/home/adam/Sensor-Fusion-And-Autonomous-Racing-Cars/ros_ws/install/v4l2_camera:/home/adam/Sensor-Fusion-And-Autonomous-Racing-Cars/ros_ws/install/udp_driver:/home/adam/Sensor-Fusion-And-Autonomous-Racing-Cars/ros_ws/install/image_transport_plugins:/home/adam/Sensor-Fusion-And-Autonomous-Racing-Cars/ros_ws/install/theora_image_transport:/home/adam/Sensor-Fusion-And-Autonomous-Racing-Cars/ros_ws/install/serial_driver:/home/adam/Sensor-Fusion-And-Autonomous-Racing-Cars/ros_ws/install/ldlidar_ros2:/home/adam/Sensor-Fusion-And-Autonomous-Racing-Cars/ros_ws/install/io_context:/home/adam/Sensor-Fusion-And-Autonomous-Racing-Cars/ros_ws/install/compressed_image_transport:/home/adam/Sensor-Fusion-And-Autonomous-Racing-Cars/ros_ws/install/compressed_depth_image_transport:/home/adam/Sensor-Fusion-And-Autonomous-Racing-Cars/ros_ws/install/asio_cmake_module:/home/adam/Sensor-Fusion-And-Autonomous-Racing-Cars/ros_ws/install/servo_controller:/home/adam/Sensor-Fusion-And-Autonomous-Racing-Cars/ros_ws/install/motor_controller:/home/adam/Sensor-Fusion-And-Autonomous-Racing-Cars/ros_ws/install/camera_sensor:/home/adam/Sensor-Fusion-And-Autonomous-Racing-Cars/ros_ws/install/arc_startup:/home/adam/Sensor-Fusion-And-Autonomous-Racing-Cars/ros_ws/install/arc_keyboard_control:/home/adam/Sensor-Fusion-And-Autonomous-Racing-Cars/ros_ws/install/arc_autonomous_ctrl:/opt/ros/foxy LD_LIBRARY_PATH=/home/adam/Sensor-Fusion-And-Autonomous-Racing-Cars/ros_ws/install/vesc_msgs/lib:/home/adam/Sensor-Fusion-And-Autonomous-Racing-Cars/ros_ws/install/vesc_driver/lib:/home/adam/Sensor-Fusion-And-Autonomous-Racing-Cars/ros_ws/install/vesc_ackermann/lib:/home/adam/Sensor-Fusion-And-Autonomous-Racing-Cars/ros_ws/install/v4l2_camera/lib:/home/adam/Sensor-Fusion-And-Autonomous-Racing-Cars/ros_ws/install/udp_driver/lib:/home/adam/Sensor-Fusion-And-Autonomous-Racing-Cars/ros_ws/install/theora_image_transport/lib:/home/adam/Sensor-Fusion-And-Autonomous-Racing-Cars/ros_ws/install/serial_driver/lib:/home/adam/Sensor-Fusion-And-Autonomous-Racing-Cars/ros_ws/install/io_context/lib:/home/adam/Sensor-Fusion-And-Autonomous-Racing-Cars/ros_ws/install/compressed_image_transport/lib:/home/adam/Sensor-Fusion-And-Autonomous-Racing-Cars/ros_ws/install/compressed_depth_image_transport/lib:/opt/ros/foxy/opt/yaml_cpp_vendor/lib:/opt/ros/foxy/opt/rviz_ogre_vendor/lib:/opt/ros/foxy/lib/aarch64-linux-gnu:/opt/ros/foxy/lib /usr/bin/cmake --build /home/adam/Sensor-Fusion-And-Autonomous-Racing-Cars/ros_ws/build/vesc_ackermann -- -j4 -l4
[15.952s] DEBUG:colcon.colcon_core.event_handler.log_command:Invoking command in '/home/adam/Sensor-Fusion-And-Autonomous-Racing-Cars/ros_ws/build/vesc_ackermann': CMAKE_PREFIX_PATH=/home/adam/Sensor-Fusion-And-Autonomous-Racing-Cars/ros_ws/install/vesc_msgs:/home/adam/Sensor-Fusion-And-Autonomous-Racing-Cars/ros_ws/install/vesc:/home/adam/Sensor-Fusion-And-Autonomous-Racing-Cars/ros_ws/install/vesc_driver:/home/adam/Sensor-Fusion-And-Autonomous-Racing-Cars/ros_ws/install/vesc_ackermann:/home/adam/Sensor-Fusion-And-Autonomous-Racing-Cars/ros_ws/install/v4l2_camera:/home/adam/Sensor-Fusion-And-Autonomous-Racing-Cars/ros_ws/install/udp_driver:/home/adam/Sensor-Fusion-And-Autonomous-Racing-Cars/ros_ws/install/image_transport_plugins:/home/adam/Sensor-Fusion-And-Autonomous-Racing-Cars/ros_ws/install/theora_image_transport:/home/adam/Sensor-Fusion-And-Autonomous-Racing-Cars/ros_ws/install/serial_driver:/home/adam/Sensor-Fusion-And-Autonomous-Racing-Cars/ros_ws/install/ldlidar_ros2:/home/adam/Sensor-Fusion-And-Autonomous-Racing-Cars/ros_ws/install/io_context:/home/adam/Sensor-Fusion-And-Autonomous-Racing-Cars/ros_ws/install/compressed_image_transport:/home/adam/Sensor-Fusion-And-Autonomous-Racing-Cars/ros_ws/install/compressed_depth_image_transport:/home/adam/Sensor-Fusion-And-Autonomous-Racing-Cars/ros_ws/install/asio_cmake_module:/home/adam/Sensor-Fusion-And-Autonomous-Racing-Cars/ros_ws/install/servo_controller:/home/adam/Sensor-Fusion-And-Autonomous-Racing-Cars/ros_ws/install/motor_controller:/home/adam/Sensor-Fusion-And-Autonomous-Racing-Cars/ros_ws/install/camera_sensor:/home/adam/Sensor-Fusion-And-Autonomous-Racing-Cars/ros_ws/install/arc_startup:/home/adam/Sensor-Fusion-And-Autonomous-Racing-Cars/ros_ws/install/arc_keyboard_control:/home/adam/Sensor-Fusion-And-Autonomous-Racing-Cars/ros_ws/install/arc_autonomous_ctrl:/opt/ros/foxy LD_LIBRARY_PATH=/home/adam/Sensor-Fusion-And-Autonomous-Racing-Cars/ros_ws/install/vesc_msgs/lib:/home/adam/Sensor-Fusion-And-Autonomous-Racing-Cars/ros_ws/install/vesc_driver/lib:/home/adam/Sensor-Fusion-And-Autonomous-Racing-Cars/ros_ws/install/vesc_ackermann/lib:/home/adam/Sensor-Fusion-And-Autonomous-Racing-Cars/ros_ws/install/v4l2_camera/lib:/home/adam/Sensor-Fusion-And-Autonomous-Racing-Cars/ros_ws/install/udp_driver/lib:/home/adam/Sensor-Fusion-And-Autonomous-Racing-Cars/ros_ws/install/theora_image_transport/lib:/home/adam/Sensor-Fusion-And-Autonomous-Racing-Cars/ros_ws/install/serial_driver/lib:/home/adam/Sensor-Fusion-And-Autonomous-Racing-Cars/ros_ws/install/io_context/lib:/home/adam/Sensor-Fusion-And-Autonomous-Racing-Cars/ros_ws/install/compressed_image_transport/lib:/home/adam/Sensor-Fusion-And-Autonomous-Racing-Cars/ros_ws/install/compressed_depth_image_transport/lib:/opt/ros/foxy/opt/yaml_cpp_vendor/lib:/opt/ros/foxy/opt/rviz_ogre_vendor/lib:/opt/ros/foxy/lib/aarch64-linux-gnu:/opt/ros/foxy/lib /usr/bin/cmake --install /home/adam/Sensor-Fusion-And-Autonomous-Racing-Cars/ros_ws/build/vesc_ackermann
[16.025s] Level 1:colcon.colcon_core.environment:create_environment_scripts_only(vesc_ackermann)
[16.027s] DEBUG:colcon.colcon_core.event_handler.log_command:Invoked command in '/home/adam/Sensor-Fusion-And-Autonomous-Racing-Cars/ros_ws/build/vesc_ackermann' returned '0': CMAKE_PREFIX_PATH=/home/adam/Sensor-Fusion-And-Autonomous-Racing-Cars/ros_ws/install/vesc_msgs:/home/adam/Sensor-Fusion-And-Autonomous-Racing-Cars/ros_ws/install/vesc:/home/adam/Sensor-Fusion-And-Autonomous-Racing-Cars/ros_ws/install/vesc_driver:/home/adam/Sensor-Fusion-And-Autonomous-Racing-Cars/ros_ws/install/vesc_ackermann:/home/adam/Sensor-Fusion-And-Autonomous-Racing-Cars/ros_ws/install/v4l2_camera:/home/adam/Sensor-Fusion-And-Autonomous-Racing-Cars/ros_ws/install/udp_driver:/home/adam/Sensor-Fusion-And-Autonomous-Racing-Cars/ros_ws/install/image_transport_plugins:/home/adam/Sensor-Fusion-And-Autonomous-Racing-Cars/ros_ws/install/theora_image_transport:/home/adam/Sensor-Fusion-And-Autonomous-Racing-Cars/ros_ws/install/serial_driver:/home/adam/Sensor-Fusion-And-Autonomous-Racing-Cars/ros_ws/install/ldlidar_ros2:/home/adam/Sensor-Fusion-And-Autonomous-Racing-Cars/ros_ws/install/io_context:/home/adam/Sensor-Fusion-And-Autonomous-Racing-Cars/ros_ws/install/compressed_image_transport:/home/adam/Sensor-Fusion-And-Autonomous-Racing-Cars/ros_ws/install/compressed_depth_image_transport:/home/adam/Sensor-Fusion-And-Autonomous-Racing-Cars/ros_ws/install/asio_cmake_module:/home/adam/Sensor-Fusion-And-Autonomous-Racing-Cars/ros_ws/install/servo_controller:/home/adam/Sensor-Fusion-And-Autonomous-Racing-Cars/ros_ws/install/motor_controller:/home/adam/Sensor-Fusion-And-Autonomous-Racing-Cars/ros_ws/install/camera_sensor:/home/adam/Sensor-Fusion-And-Autonomous-Racing-Cars/ros_ws/install/arc_startup:/home/adam/Sensor-Fusion-And-Autonomous-Racing-Cars/ros_ws/install/arc_keyboard_control:/home/adam/Sensor-Fusion-And-Autonomous-Racing-Cars/ros_ws/install/arc_autonomous_ctrl:/opt/ros/foxy LD_LIBRARY_PATH=/home/adam/Sensor-Fusion-And-Autonomous-Racing-Cars/ros_ws/install/vesc_msgs/lib:/home/adam/Sensor-Fusion-And-Autonomous-Racing-Cars/ros_ws/install/vesc_driver/lib:/home/adam/Sensor-Fusion-And-Autonomous-Racing-Cars/ros_ws/install/vesc_ackermann/lib:/home/adam/Sensor-Fusion-And-Autonomous-Racing-Cars/ros_ws/install/v4l2_camera/lib:/home/adam/Sensor-Fusion-And-Autonomous-Racing-Cars/ros_ws/install/udp_driver/lib:/home/adam/Sensor-Fusion-And-Autonomous-Racing-Cars/ros_ws/install/theora_image_transport/lib:/home/adam/Sensor-Fusion-And-Autonomous-Racing-Cars/ros_ws/install/serial_driver/lib:/home/adam/Sensor-Fusion-And-Autonomous-Racing-Cars/ros_ws/install/io_context/lib:/home/adam/Sensor-Fusion-And-Autonomous-Racing-Cars/ros_ws/install/compressed_image_transport/lib:/home/adam/Sensor-Fusion-And-Autonomous-Racing-Cars/ros_ws/install/compressed_depth_image_transport/lib:/opt/ros/foxy/opt/yaml_cpp_vendor/lib:/opt/ros/foxy/opt/rviz_ogre_vendor/lib:/opt/ros/foxy/lib/aarch64-linux-gnu:/opt/ros/foxy/lib /usr/bin/cmake --install /home/adam/Sensor-Fusion-And-Autonomous-Racing-Cars/ros_ws/build/vesc_ackermann
[16.241s] Level 1:colcon.colcon_core.environment:checking '/home/adam/Sensor-Fusion-And-Autonomous-Racing-Cars/ros_ws/install/vesc_ackermann' for CMake module files
[16.244s] Level 1:colcon.colcon_core.environment:checking '/home/adam/Sensor-Fusion-And-Autonomous-Racing-Cars/ros_ws/install/vesc_ackermann' for CMake config files
[16.247s] Level 1:colcon.colcon_core.shell:create_environment_hook('vesc_ackermann', 'cmake_prefix_path')
[16.452s] INFO:colcon.colcon_core.shell:Creating environment hook '/home/adam/Sensor-Fusion-And-Autonomous-Racing-Cars/ros_ws/install/vesc_ackermann/share/vesc_ackermann/hook/cmake_prefix_path.ps1'
[16.455s] INFO:colcon.colcon_core.shell:Creating environment descriptor '/home/adam/Sensor-Fusion-And-Autonomous-Racing-Cars/ros_ws/install/vesc_ackermann/share/vesc_ackermann/hook/cmake_prefix_path.dsv'
[16.457s] INFO:colcon.colcon_core.shell:Creating environment hook '/home/adam/Sensor-Fusion-And-Autonomous-Racing-Cars/ros_ws/install/vesc_ackermann/share/vesc_ackermann/hook/cmake_prefix_path.sh'
[16.461s] Level 1:colcon.colcon_core.environment:checking '/home/adam/Sensor-Fusion-And-Autonomous-Racing-Cars/ros_ws/install/vesc_ackermann/lib'
[16.462s] Level 1:colcon.colcon_core.shell:create_environment_hook('vesc_ackermann', 'ld_library_path_lib')
[16.661s] INFO:colcon.colcon_core.shell:Creating environment hook '/home/adam/Sensor-Fusion-And-Autonomous-Racing-Cars/ros_ws/install/vesc_ackermann/share/vesc_ackermann/hook/ld_library_path_lib.ps1'
[16.663s] INFO:colcon.colcon_core.shell:Creating environment descriptor '/home/adam/Sensor-Fusion-And-Autonomous-Racing-Cars/ros_ws/install/vesc_ackermann/share/vesc_ackermann/hook/ld_library_path_lib.dsv'
[16.665s] INFO:colcon.colcon_core.shell:Creating environment hook '/home/adam/Sensor-Fusion-And-Autonomous-Racing-Cars/ros_ws/install/vesc_ackermann/share/vesc_ackermann/hook/ld_library_path_lib.sh'
[16.667s] Level 1:colcon.colcon_core.environment:checking '/home/adam/Sensor-Fusion-And-Autonomous-Racing-Cars/ros_ws/install/vesc_ackermann/bin'
[16.667s] Level 1:colcon.colcon_core.environment:checking '/home/adam/Sensor-Fusion-And-Autonomous-Racing-Cars/ros_ws/install/vesc_ackermann/lib/pkgconfig/vesc_ackermann.pc'
[16.668s] Level 1:colcon.colcon_core.environment:checking '/home/adam/Sensor-Fusion-And-Autonomous-Racing-Cars/ros_ws/install/vesc_ackermann/lib/python3.8/site-packages'
[16.669s] Level 1:colcon.colcon_core.environment:checking '/home/adam/Sensor-Fusion-And-Autonomous-Racing-Cars/ros_ws/install/vesc_ackermann/bin'
[16.870s] INFO:colcon.colcon_core.shell:Creating package script '/home/adam/Sensor-Fusion-And-Autonomous-Racing-Cars/ros_ws/install/vesc_ackermann/share/vesc_ackermann/package.ps1'
[16.874s] INFO:colcon.colcon_core.shell:Creating package descriptor '/home/adam/Sensor-Fusion-And-Autonomous-Racing-Cars/ros_ws/install/vesc_ackermann/share/vesc_ackermann/package.dsv'
[16.876s] INFO:colcon.colcon_core.shell:Creating package script '/home/adam/Sensor-Fusion-And-Autonomous-Racing-Cars/ros_ws/install/vesc_ackermann/share/vesc_ackermann/package.sh'
[16.879s] INFO:colcon.colcon_core.shell:Creating package script '/home/adam/Sensor-Fusion-And-Autonomous-Racing-Cars/ros_ws/install/vesc_ackermann/share/vesc_ackermann/package.bash'
[16.882s] INFO:colcon.colcon_core.shell:Creating package script '/home/adam/Sensor-Fusion-And-Autonomous-Racing-Cars/ros_ws/install/vesc_ackermann/share/vesc_ackermann/package.zsh'
[16.885s] Level 1:colcon.colcon_core.environment:create_file_with_runtime_dependencies(/home/adam/Sensor-Fusion-And-Autonomous-Racing-Cars/ros_ws/install/vesc_ackermann/share/colcon-core/packages/vesc_ackermann)
[17.362s] Level 1:colcon.colcon_core.environment:create_environment_scripts_only(vesc_ackermann)
[17.597s] Level 1:colcon.colcon_core.environment:checking '/home/adam/Sensor-Fusion-And-Autonomous-Racing-Cars/ros_ws/install/vesc_ackermann' for CMake module files
[17.600s] Level 1:colcon.colcon_core.environment:checking '/home/adam/Sensor-Fusion-And-Autonomous-Racing-Cars/ros_ws/install/vesc_ackermann' for CMake config files
[17.603s] Level 1:colcon.colcon_core.shell:create_environment_hook('vesc_ackermann', 'cmake_prefix_path')
[17.795s] INFO:colcon.colcon_core.shell:Creating environment hook '/home/adam/Sensor-Fusion-And-Autonomous-Racing-Cars/ros_ws/install/vesc_ackermann/share/vesc_ackermann/hook/cmake_prefix_path.ps1'
[17.797s] INFO:colcon.colcon_core.shell:Creating environment descriptor '/home/adam/Sensor-Fusion-And-Autonomous-Racing-Cars/ros_ws/install/vesc_ackermann/share/vesc_ackermann/hook/cmake_prefix_path.dsv'
[17.798s] INFO:colcon.colcon_core.shell:Creating environment hook '/home/adam/Sensor-Fusion-And-Autonomous-Racing-Cars/ros_ws/install/vesc_ackermann/share/vesc_ackermann/hook/cmake_prefix_path.sh'
[17.801s] Level 1:colcon.colcon_core.environment:checking '/home/adam/Sensor-Fusion-And-Autonomous-Racing-Cars/ros_ws/install/vesc_ackermann/lib'
[17.801s] Level 1:colcon.colcon_core.shell:create_environment_hook('vesc_ackermann', 'ld_library_path_lib')
[18.010s] INFO:colcon.colcon_core.shell:Creating environment hook '/home/adam/Sensor-Fusion-And-Autonomous-Racing-Cars/ros_ws/install/vesc_ackermann/share/vesc_ackermann/hook/ld_library_path_lib.ps1'
[18.013s] INFO:colcon.colcon_core.shell:Creating environment descriptor '/home/adam/Sensor-Fusion-And-Autonomous-Racing-Cars/ros_ws/install/vesc_ackermann/share/vesc_ackermann/hook/ld_library_path_lib.dsv'
[18.015s] INFO:colcon.colcon_core.shell:Creating environment hook '/home/adam/Sensor-Fusion-And-Autonomous-Racing-Cars/ros_ws/install/vesc_ackermann/share/vesc_ackermann/hook/ld_library_path_lib.sh'
[18.016s] Level 1:colcon.colcon_core.environment:checking '/home/adam/Sensor-Fusion-And-Autonomous-Racing-Cars/ros_ws/install/vesc_ackermann/bin'
[18.017s] Level 1:colcon.colcon_core.environment:checking '/home/adam/Sensor-Fusion-And-Autonomous-Racing-Cars/ros_ws/install/vesc_ackermann/lib/pkgconfig/vesc_ackermann.pc'
[18.018s] Level 1:colcon.colcon_core.environment:checking '/home/adam/Sensor-Fusion-And-Autonomous-Racing-Cars/ros_ws/install/vesc_ackermann/lib/python3.8/site-packages'
[18.019s] Level 1:colcon.colcon_core.environment:checking '/home/adam/Sensor-Fusion-And-Autonomous-Racing-Cars/ros_ws/install/vesc_ackermann/bin'
[18.212s] INFO:colcon.colcon_core.shell:Creating package script '/home/adam/Sensor-Fusion-And-Autonomous-Racing-Cars/ros_ws/install/vesc_ackermann/share/vesc_ackermann/package.ps1'
[18.215s] INFO:colcon.colcon_core.shell:Creating package descriptor '/home/adam/Sensor-Fusion-And-Autonomous-Racing-Cars/ros_ws/install/vesc_ackermann/share/vesc_ackermann/package.dsv'
[18.218s] INFO:colcon.colcon_core.shell:Creating package script '/home/adam/Sensor-Fusion-And-Autonomous-Racing-Cars/ros_ws/install/vesc_ackermann/share/vesc_ackermann/package.sh'
[18.220s] INFO:colcon.colcon_core.shell:Creating package script '/home/adam/Sensor-Fusion-And-Autonomous-Racing-Cars/ros_ws/install/vesc_ackermann/share/vesc_ackermann/package.bash'
[18.223s] INFO:colcon.colcon_core.shell:Creating package script '/home/adam/Sensor-Fusion-And-Autonomous-Racing-Cars/ros_ws/install/vesc_ackermann/share/vesc_ackermann/package.zsh'
[18.225s] Level 1:colcon.colcon_core.environment:create_file_with_runtime_dependencies(/home/adam/Sensor-Fusion-And-Autonomous-Racing-Cars/ros_ws/install/vesc_ackermann/share/colcon-core/packages/vesc_ackermann)
[18.226s] DEBUG:colcon.colcon_parallel_executor.executor.parallel:closing loop
[18.227s] DEBUG:colcon.colcon_parallel_executor.executor.parallel:loop closed
[18.228s] DEBUG:colcon.colcon_parallel_executor.executor.parallel:run_until_complete finished with '0'
[18.228s] DEBUG:colcon.colcon_core.event_reactor:joining thread
[18.439s] INFO:colcon.colcon_core.plugin_system:Skipping extension 'colcon_notification.desktop_notification.terminal_notifier': Not used on non-Darwin systems
[18.439s] INFO:colcon.colcon_core.plugin_system:Skipping extension 'colcon_notification.desktop_notification.win32': Not used on non-Windows systems
[18.439s] INFO:colcon.colcon_notification.desktop_notification:Sending desktop notification using 'notify2'
[18.443s] DEBUG:colcon.colcon_notification.desktop_notification.notify2:Failed to initialize notify2: org.freedesktop.DBus.Error.ServiceUnknown: The name org.freedesktop.Notifications was not provided by any .service files
[18.444s] DEBUG:colcon.colcon_core.event_reactor:joined thread
[18.635s] INFO:colcon.colcon_core.shell:Creating prefix script '/home/adam/Sensor-Fusion-And-Autonomous-Racing-Cars/ros_ws/install/local_setup.ps1'
[18.639s] INFO:colcon.colcon_core.shell:Creating prefix util module '/home/adam/Sensor-Fusion-And-Autonomous-Racing-Cars/ros_ws/install/_local_setup_util_ps1.py'
[18.644s] INFO:colcon.colcon_core.shell:Creating prefix chain script '/home/adam/Sensor-Fusion-And-Autonomous-Racing-Cars/ros_ws/install/setup.ps1'
[18.843s] INFO:colcon.colcon_core.shell:Creating prefix script '/home/adam/Sensor-Fusion-And-Autonomous-Racing-Cars/ros_ws/install/local_setup.sh'
[18.846s] INFO:colcon.colcon_core.shell:Creating prefix util module '/home/adam/Sensor-Fusion-And-Autonomous-Racing-Cars/ros_ws/install/_local_setup_util_sh.py'
[18.848s] INFO:colcon.colcon_core.shell:Creating prefix chain script '/home/adam/Sensor-Fusion-And-Autonomous-Racing-Cars/ros_ws/install/setup.sh'
[19.045s] INFO:colcon.colcon_core.shell:Creating prefix script '/home/adam/Sensor-Fusion-And-Autonomous-Racing-Cars/ros_ws/install/local_setup.bash'
[19.048s] INFO:colcon.colcon_core.shell:Creating prefix chain script '/home/adam/Sensor-Fusion-And-Autonomous-Racing-Cars/ros_ws/install/setup.bash'
[19.250s] INFO:colcon.colcon_core.shell:Creating prefix script '/home/adam/Sensor-Fusion-And-Autonomous-Racing-Cars/ros_ws/install/local_setup.zsh'
[19.252s] INFO:colcon.colcon_core.shell:Creating prefix chain script '/home/adam/Sensor-Fusion-And-Autonomous-Racing-Cars/ros_ws/install/setup.zsh'
