[10.694s] DEBUG:colcon:Command line arguments: ['/usr/bin/colcon', 'build', '--packages-select', 'arc_keyboard_control']
[10.695s] DEBUG:colcon:Parsed command line arguments: Namespace(allow_overriding=[], ament_cmake_args=None, base_paths=['.'], build_base='build', catkin_cmake_args=None, catkin_skip_building_tests=False, cmake_args=None, cmake_clean_cache=False, cmake_clean_first=False, cmake_force_configure=False, cmake_target=None, cmake_target_skip_unavailable=False, continue_on_error=False, event_handlers=None, executor='parallel', ignore_user_meta=False, install_base='install', log_base=None, log_level=None, main=<bound method BuildVerb.main of <colcon_core.verb.build.BuildVerb object at 0xffffb0ff2940>>, merge_install=False, metas=['./colcon.meta'], packages_above=None, packages_above_and_dependencies=None, packages_above_depth=None, packages_end=None, packages_ignore=None, packages_ignore_regex=None, packages_select=['arc_keyboard_control'], packages_select_build_failed=False, packages_select_by_dep=None, packages_select_regex=None, packages_select_test_failures=False, packages_skip=None, packages_skip_build_finished=False, packages_skip_by_dep=None, packages_skip_regex=None, packages_skip_test_passed=False, packages_skip_up_to=None, packages_start=None, packages_up_to=None, packages_up_to_regex=None, parallel_workers=4, paths=None, symlink_install=False, test_result_base=None, verb_extension=<colcon_core.verb.build.BuildVerb object at 0xffffb0ff2940>, verb_name='build', verb_parser=<colcon_defaults.argument_parser.defaults.DefaultArgumentsDecorator object at 0xffffb0ff2610>)
[11.164s] Level 1:colcon.colcon_core.package_discovery:discover_packages(colcon_meta) check parameters
[11.165s] Level 1:colcon.colcon_core.package_discovery:discover_packages(recursive) check parameters
[11.165s] Level 1:colcon.colcon_core.package_discovery:discover_packages(ignore) check parameters
[11.165s] Level 1:colcon.colcon_core.package_discovery:discover_packages(path) check parameters
[11.165s] Level 1:colcon.colcon_core.package_discovery:discover_packages(colcon_meta) discover
[11.166s] Level 1:colcon.colcon_core.package_discovery:discover_packages(recursive) discover
[11.166s] INFO:colcon.colcon_core.package_discovery:Crawling recursively for packages in '/home/adam/Sensor-Fusion-And-Autonomous-Racing-Cars/ros_ws'
[11.166s] Level 1:colcon.colcon_core.package_identification:_identify(.) by extensions ['ignore', 'ignore_ament_install']
[11.167s] Level 1:colcon.colcon_core.package_identification:_identify(.) by extension 'ignore'
[11.167s] Level 1:colcon.colcon_core.package_identification:_identify(.) by extension 'ignore_ament_install'
[11.167s] Level 1:colcon.colcon_core.package_identification:_identify(.) by extensions ['colcon_pkg']
[11.167s] Level 1:colcon.colcon_core.package_identification:_identify(.) by extension 'colcon_pkg'
[11.167s] Level 1:colcon.colcon_core.package_identification:_identify(.) by extensions ['colcon_meta']
[11.168s] Level 1:colcon.colcon_core.package_identification:_identify(.) by extension 'colcon_meta'
[11.168s] Level 1:colcon.colcon_core.package_identification:_identify(.) by extensions ['ros']
[11.168s] Level 1:colcon.colcon_core.package_identification:_identify(.) by extension 'ros'
[11.211s] Level 1:colcon.colcon_core.package_identification:_identify(.) by extensions ['cmake', 'python']
[11.211s] Level 1:colcon.colcon_core.package_identification:_identify(.) by extension 'cmake'
[11.211s] Level 1:colcon.colcon_core.package_identification:_identify(.) by extension 'python'
[11.211s] Level 1:colcon.colcon_core.package_identification:_identify(.) by extensions ['python_setup_py']
[11.212s] Level 1:colcon.colcon_core.package_identification:_identify(.) by extension 'python_setup_py'
[11.212s] Level 1:colcon.colcon_core.package_identification:_identify(build) by extensions ['ignore', 'ignore_ament_install']
[11.213s] Level 1:colcon.colcon_core.package_identification:_identify(build) by extension 'ignore'
[11.213s] Level 1:colcon.colcon_core.package_identification:_identify(build) ignored
[11.214s] Level 1:colcon.colcon_core.package_identification:_identify(install) by extensions ['ignore', 'ignore_ament_install']
[11.214s] Level 1:colcon.colcon_core.package_identification:_identify(install) by extension 'ignore'
[11.214s] Level 1:colcon.colcon_core.package_identification:_identify(install) ignored
[11.217s] Level 1:colcon.colcon_core.package_identification:_identify(log) by extensions ['ignore', 'ignore_ament_install']
[11.218s] Level 1:colcon.colcon_core.package_identification:_identify(log) by extension 'ignore'
[11.218s] Level 1:colcon.colcon_core.package_identification:_identify(log) ignored
[11.219s] Level 1:colcon.colcon_core.package_identification:_identify(src) by extensions ['ignore', 'ignore_ament_install']
[11.219s] Level 1:colcon.colcon_core.package_identification:_identify(src) by extension 'ignore'
[11.219s] Level 1:colcon.colcon_core.package_identification:_identify(src) by extension 'ignore_ament_install'
[11.220s] Level 1:colcon.colcon_core.package_identification:_identify(src) by extensions ['colcon_pkg']
[11.220s] Level 1:colcon.colcon_core.package_identification:_identify(src) by extension 'colcon_pkg'
[11.220s] Level 1:colcon.colcon_core.package_identification:_identify(src) by extensions ['colcon_meta']
[11.220s] Level 1:colcon.colcon_core.package_identification:_identify(src) by extension 'colcon_meta'
[11.221s] Level 1:colcon.colcon_core.package_identification:_identify(src) by extensions ['ros']
[11.221s] Level 1:colcon.colcon_core.package_identification:_identify(src) by extension 'ros'
[11.221s] Level 1:colcon.colcon_core.package_identification:_identify(src) by extensions ['cmake', 'python']
[11.221s] Level 1:colcon.colcon_core.package_identification:_identify(src) by extension 'cmake'
[11.221s] Level 1:colcon.colcon_core.package_identification:_identify(src) by extension 'python'
[11.222s] Level 1:colcon.colcon_core.package_identification:_identify(src) by extensions ['python_setup_py']
[11.222s] Level 1:colcon.colcon_core.package_identification:_identify(src) by extension 'python_setup_py'
[11.222s] Level 1:colcon.colcon_core.package_identification:_identify(src/arc_keyboard_control) by extensions ['ignore', 'ignore_ament_install']
[11.223s] Level 1:colcon.colcon_core.package_identification:_identify(src/arc_keyboard_control) by extension 'ignore'
[11.223s] Level 1:colcon.colcon_core.package_identification:_identify(src/arc_keyboard_control) by extension 'ignore_ament_install'
[11.223s] Level 1:colcon.colcon_core.package_identification:_identify(src/arc_keyboard_control) by extensions ['colcon_pkg']
[11.223s] Level 1:colcon.colcon_core.package_identification:_identify(src/arc_keyboard_control) by extension 'colcon_pkg'
[11.223s] Level 1:colcon.colcon_core.package_identification:_identify(src/arc_keyboard_control) by extensions ['colcon_meta']
[11.224s] Level 1:colcon.colcon_core.package_identification:_identify(src/arc_keyboard_control) by extension 'colcon_meta'
[11.224s] Level 1:colcon.colcon_core.package_identification:_identify(src/arc_keyboard_control) by extensions ['ros']
[11.224s] Level 1:colcon.colcon_core.package_identification:_identify(src/arc_keyboard_control) by extension 'ros'
[11.233s] DEBUG:colcon.colcon_core.package_identification:Package 'src/arc_keyboard_control' with type 'ros.ament_python' and name 'arc_keyboard_control'
[11.234s] Level 1:colcon.colcon_core.package_identification:_identify(src/arc_startup) by extensions ['ignore', 'ignore_ament_install']
[11.235s] Level 1:colcon.colcon_core.package_identification:_identify(src/arc_startup) by extension 'ignore'
[11.235s] Level 1:colcon.colcon_core.package_identification:_identify(src/arc_startup) by extension 'ignore_ament_install'
[11.235s] Level 1:colcon.colcon_core.package_identification:_identify(src/arc_startup) by extensions ['colcon_pkg']
[11.235s] Level 1:colcon.colcon_core.package_identification:_identify(src/arc_startup) by extension 'colcon_pkg'
[11.235s] Level 1:colcon.colcon_core.package_identification:_identify(src/arc_startup) by extensions ['colcon_meta']
[11.235s] Level 1:colcon.colcon_core.package_identification:_identify(src/arc_startup) by extension 'colcon_meta'
[11.236s] Level 1:colcon.colcon_core.package_identification:_identify(src/arc_startup) by extensions ['ros']
[11.236s] Level 1:colcon.colcon_core.package_identification:_identify(src/arc_startup) by extension 'ros'
[11.238s] DEBUG:colcon.colcon_core.package_identification:Package 'src/arc_startup' with type 'ros.ament_python' and name 'arc_startup'
[11.238s] Level 1:colcon.colcon_core.package_identification:_identify(src/autonomous_car_control) by extensions ['ignore', 'ignore_ament_install']
[11.239s] Level 1:colcon.colcon_core.package_identification:_identify(src/autonomous_car_control) by extension 'ignore'
[11.239s] Level 1:colcon.colcon_core.package_identification:_identify(src/autonomous_car_control) by extension 'ignore_ament_install'
[11.240s] Level 1:colcon.colcon_core.package_identification:_identify(src/autonomous_car_control) by extensions ['colcon_pkg']
[11.240s] Level 1:colcon.colcon_core.package_identification:_identify(src/autonomous_car_control) by extension 'colcon_pkg'
[11.240s] Level 1:colcon.colcon_core.package_identification:_identify(src/autonomous_car_control) by extensions ['colcon_meta']
[11.241s] Level 1:colcon.colcon_core.package_identification:_identify(src/autonomous_car_control) by extension 'colcon_meta'
[11.241s] Level 1:colcon.colcon_core.package_identification:_identify(src/autonomous_car_control) by extensions ['ros']
[11.241s] Level 1:colcon.colcon_core.package_identification:_identify(src/autonomous_car_control) by extension 'ros'
[11.244s] DEBUG:colcon.colcon_core.package_identification:Package 'src/autonomous_car_control' with type 'ros.ament_python' and name 'autonomous_car_control'
[11.245s] Level 1:colcon.colcon_core.package_identification:_identify(src/build) by extensions ['ignore', 'ignore_ament_install']
[11.245s] Level 1:colcon.colcon_core.package_identification:_identify(src/build) by extension 'ignore'
[11.246s] Level 1:colcon.colcon_core.package_identification:_identify(src/build) ignored
[11.246s] Level 1:colcon.colcon_core.package_identification:_identify(src/camera_sensor) by extensions ['ignore', 'ignore_ament_install']
[11.247s] Level 1:colcon.colcon_core.package_identification:_identify(src/camera_sensor) by extension 'ignore'
[11.247s] Level 1:colcon.colcon_core.package_identification:_identify(src/camera_sensor) by extension 'ignore_ament_install'
[11.247s] Level 1:colcon.colcon_core.package_identification:_identify(src/camera_sensor) by extensions ['colcon_pkg']
[11.247s] Level 1:colcon.colcon_core.package_identification:_identify(src/camera_sensor) by extension 'colcon_pkg'
[11.247s] Level 1:colcon.colcon_core.package_identification:_identify(src/camera_sensor) by extensions ['colcon_meta']
[11.248s] Level 1:colcon.colcon_core.package_identification:_identify(src/camera_sensor) by extension 'colcon_meta'
[11.248s] Level 1:colcon.colcon_core.package_identification:_identify(src/camera_sensor) by extensions ['ros']
[11.248s] Level 1:colcon.colcon_core.package_identification:_identify(src/camera_sensor) by extension 'ros'
[11.250s] DEBUG:colcon.colcon_core.package_identification:Package 'src/camera_sensor' with type 'ros.ament_python' and name 'camera_sensor'
[11.250s] Level 1:colcon.colcon_core.package_identification:_identify(src/image_common) by extensions ['ignore', 'ignore_ament_install']
[11.251s] Level 1:colcon.colcon_core.package_identification:_identify(src/image_common) by extension 'ignore'
[11.251s] Level 1:colcon.colcon_core.package_identification:_identify(src/image_common) by extension 'ignore_ament_install'
[11.251s] Level 1:colcon.colcon_core.package_identification:_identify(src/image_common) by extensions ['colcon_pkg']
[11.251s] Level 1:colcon.colcon_core.package_identification:_identify(src/image_common) by extension 'colcon_pkg'
[11.252s] Level 1:colcon.colcon_core.package_identification:_identify(src/image_common) by extensions ['colcon_meta']
[11.252s] Level 1:colcon.colcon_core.package_identification:_identify(src/image_common) by extension 'colcon_meta'
[11.252s] Level 1:colcon.colcon_core.package_identification:_identify(src/image_common) by extensions ['ros']
[11.252s] Level 1:colcon.colcon_core.package_identification:_identify(src/image_common) by extension 'ros'
[11.252s] Level 1:colcon.colcon_core.package_identification:_identify(src/image_common) by extensions ['cmake', 'python']
[11.253s] Level 1:colcon.colcon_core.package_identification:_identify(src/image_common) by extension 'cmake'
[11.253s] Level 1:colcon.colcon_core.package_identification:_identify(src/image_common) by extension 'python'
[11.253s] Level 1:colcon.colcon_core.package_identification:_identify(src/image_common) by extensions ['python_setup_py']
[11.253s] Level 1:colcon.colcon_core.package_identification:_identify(src/image_common) by extension 'python_setup_py'
[11.254s] Level 1:colcon.colcon_core.package_identification:_identify(src/image_transport_plugins) by extensions ['ignore', 'ignore_ament_install']
[11.254s] Level 1:colcon.colcon_core.package_identification:_identify(src/image_transport_plugins) by extension 'ignore'
[11.254s] Level 1:colcon.colcon_core.package_identification:_identify(src/image_transport_plugins) by extension 'ignore_ament_install'
[11.254s] Level 1:colcon.colcon_core.package_identification:_identify(src/image_transport_plugins) by extensions ['colcon_pkg']
[11.255s] Level 1:colcon.colcon_core.package_identification:_identify(src/image_transport_plugins) by extension 'colcon_pkg'
[11.255s] Level 1:colcon.colcon_core.package_identification:_identify(src/image_transport_plugins) by extensions ['colcon_meta']
[11.255s] Level 1:colcon.colcon_core.package_identification:_identify(src/image_transport_plugins) by extension 'colcon_meta'
[11.255s] Level 1:colcon.colcon_core.package_identification:_identify(src/image_transport_plugins) by extensions ['ros']
[11.255s] Level 1:colcon.colcon_core.package_identification:_identify(src/image_transport_plugins) by extension 'ros'
[11.256s] Level 1:colcon.colcon_core.package_identification:_identify(src/image_transport_plugins) by extensions ['cmake', 'python']
[11.256s] Level 1:colcon.colcon_core.package_identification:_identify(src/image_transport_plugins) by extension 'cmake'
[11.256s] Level 1:colcon.colcon_core.package_identification:_identify(src/image_transport_plugins) by extension 'python'
[11.256s] Level 1:colcon.colcon_core.package_identification:_identify(src/image_transport_plugins) by extensions ['python_setup_py']
[11.256s] Level 1:colcon.colcon_core.package_identification:_identify(src/image_transport_plugins) by extension 'python_setup_py'
[11.257s] Level 1:colcon.colcon_core.package_identification:_identify(src/image_transport_plugins/compressed_depth_image_transport) by extensions ['ignore', 'ignore_ament_install']
[11.257s] Level 1:colcon.colcon_core.package_identification:_identify(src/image_transport_plugins/compressed_depth_image_transport) by extension 'ignore'
[11.257s] Level 1:colcon.colcon_core.package_identification:_identify(src/image_transport_plugins/compressed_depth_image_transport) by extension 'ignore_ament_install'
[11.258s] Level 1:colcon.colcon_core.package_identification:_identify(src/image_transport_plugins/compressed_depth_image_transport) by extensions ['colcon_pkg']
[11.258s] Level 1:colcon.colcon_core.package_identification:_identify(src/image_transport_plugins/compressed_depth_image_transport) by extension 'colcon_pkg'
[11.258s] Level 1:colcon.colcon_core.package_identification:_identify(src/image_transport_plugins/compressed_depth_image_transport) by extensions ['colcon_meta']
[11.258s] Level 1:colcon.colcon_core.package_identification:_identify(src/image_transport_plugins/compressed_depth_image_transport) by extension 'colcon_meta'
[11.258s] Level 1:colcon.colcon_core.package_identification:_identify(src/image_transport_plugins/compressed_depth_image_transport) by extensions ['ros']
[11.258s] Level 1:colcon.colcon_core.package_identification:_identify(src/image_transport_plugins/compressed_depth_image_transport) by extension 'ros'
[11.261s] DEBUG:colcon.colcon_core.package_identification:Package 'src/image_transport_plugins/compressed_depth_image_transport' with type 'ros.ament_cmake' and name 'compressed_depth_image_transport'
[11.262s] Level 1:colcon.colcon_core.package_identification:_identify(src/image_transport_plugins/compressed_image_transport) by extensions ['ignore', 'ignore_ament_install']
[11.262s] Level 1:colcon.colcon_core.package_identification:_identify(src/image_transport_plugins/compressed_image_transport) by extension 'ignore'
[11.263s] Level 1:colcon.colcon_core.package_identification:_identify(src/image_transport_plugins/compressed_image_transport) by extension 'ignore_ament_install'
[11.263s] Level 1:colcon.colcon_core.package_identification:_identify(src/image_transport_plugins/compressed_image_transport) by extensions ['colcon_pkg']
[11.263s] Level 1:colcon.colcon_core.package_identification:_identify(src/image_transport_plugins/compressed_image_transport) by extension 'colcon_pkg'
[11.263s] Level 1:colcon.colcon_core.package_identification:_identify(src/image_transport_plugins/compressed_image_transport) by extensions ['colcon_meta']
[11.263s] Level 1:colcon.colcon_core.package_identification:_identify(src/image_transport_plugins/compressed_image_transport) by extension 'colcon_meta'
[11.264s] Level 1:colcon.colcon_core.package_identification:_identify(src/image_transport_plugins/compressed_image_transport) by extensions ['ros']
[11.264s] Level 1:colcon.colcon_core.package_identification:_identify(src/image_transport_plugins/compressed_image_transport) by extension 'ros'
[11.266s] DEBUG:colcon.colcon_core.package_identification:Package 'src/image_transport_plugins/compressed_image_transport' with type 'ros.ament_cmake' and name 'compressed_image_transport'
[11.267s] Level 1:colcon.colcon_core.package_identification:_identify(src/image_transport_plugins/image_transport_plugins) by extensions ['ignore', 'ignore_ament_install']
[11.267s] Level 1:colcon.colcon_core.package_identification:_identify(src/image_transport_plugins/image_transport_plugins) by extension 'ignore'
[11.268s] Level 1:colcon.colcon_core.package_identification:_identify(src/image_transport_plugins/image_transport_plugins) by extension 'ignore_ament_install'
[11.268s] Level 1:colcon.colcon_core.package_identification:_identify(src/image_transport_plugins/image_transport_plugins) by extensions ['colcon_pkg']
[11.268s] Level 1:colcon.colcon_core.package_identification:_identify(src/image_transport_plugins/image_transport_plugins) by extension 'colcon_pkg'
[11.268s] Level 1:colcon.colcon_core.package_identification:_identify(src/image_transport_plugins/image_transport_plugins) by extensions ['colcon_meta']
[11.268s] Level 1:colcon.colcon_core.package_identification:_identify(src/image_transport_plugins/image_transport_plugins) by extension 'colcon_meta'
[11.269s] Level 1:colcon.colcon_core.package_identification:_identify(src/image_transport_plugins/image_transport_plugins) by extensions ['ros']
[11.269s] Level 1:colcon.colcon_core.package_identification:_identify(src/image_transport_plugins/image_transport_plugins) by extension 'ros'
[11.271s] DEBUG:colcon.colcon_core.package_identification:Package 'src/image_transport_plugins/image_transport_plugins' with type 'ros.ament_cmake' and name 'image_transport_plugins'
[11.272s] Level 1:colcon.colcon_core.package_identification:_identify(src/image_transport_plugins/theora_image_transport) by extensions ['ignore', 'ignore_ament_install']
[11.272s] Level 1:colcon.colcon_core.package_identification:_identify(src/image_transport_plugins/theora_image_transport) by extension 'ignore'
[11.273s] Level 1:colcon.colcon_core.package_identification:_identify(src/image_transport_plugins/theora_image_transport) by extension 'ignore_ament_install'
[11.273s] Level 1:colcon.colcon_core.package_identification:_identify(src/image_transport_plugins/theora_image_transport) by extensions ['colcon_pkg']
[11.273s] Level 1:colcon.colcon_core.package_identification:_identify(src/image_transport_plugins/theora_image_transport) by extension 'colcon_pkg'
[11.273s] Level 1:colcon.colcon_core.package_identification:_identify(src/image_transport_plugins/theora_image_transport) by extensions ['colcon_meta']
[11.273s] Level 1:colcon.colcon_core.package_identification:_identify(src/image_transport_plugins/theora_image_transport) by extension 'colcon_meta'
[11.274s] Level 1:colcon.colcon_core.package_identification:_identify(src/image_transport_plugins/theora_image_transport) by extensions ['ros']
[11.274s] Level 1:colcon.colcon_core.package_identification:_identify(src/image_transport_plugins/theora_image_transport) by extension 'ros'
[11.278s] DEBUG:colcon.colcon_core.package_identification:Package 'src/image_transport_plugins/theora_image_transport' with type 'ros.ament_cmake' and name 'theora_image_transport'
[11.279s] Level 1:colcon.colcon_core.package_identification:_identify(src/install) by extensions ['ignore', 'ignore_ament_install']
[11.279s] Level 1:colcon.colcon_core.package_identification:_identify(src/install) by extension 'ignore'
[11.280s] Level 1:colcon.colcon_core.package_identification:_identify(src/install) ignored
[11.281s] Level 1:colcon.colcon_core.package_identification:_identify(src/ldlidar_ros2) by extensions ['ignore', 'ignore_ament_install']
[11.281s] Level 1:colcon.colcon_core.package_identification:_identify(src/ldlidar_ros2) by extension 'ignore'
[11.281s] Level 1:colcon.colcon_core.package_identification:_identify(src/ldlidar_ros2) by extension 'ignore_ament_install'
[11.281s] Level 1:colcon.colcon_core.package_identification:_identify(src/ldlidar_ros2) by extensions ['colcon_pkg']
[11.282s] Level 1:colcon.colcon_core.package_identification:_identify(src/ldlidar_ros2) by extension 'colcon_pkg'
[11.282s] Level 1:colcon.colcon_core.package_identification:_identify(src/ldlidar_ros2) by extensions ['colcon_meta']
[11.282s] Level 1:colcon.colcon_core.package_identification:_identify(src/ldlidar_ros2) by extension 'colcon_meta'
[11.282s] Level 1:colcon.colcon_core.package_identification:_identify(src/ldlidar_ros2) by extensions ['ros']
[11.282s] Level 1:colcon.colcon_core.package_identification:_identify(src/ldlidar_ros2) by extension 'ros'
[11.285s] DEBUG:colcon.colcon_core.package_identification:Package 'src/ldlidar_ros2' with type 'ros.ament_cmake' and name 'ldlidar_ros2'
[11.286s] Level 1:colcon.colcon_core.package_identification:_identify(src/log) by extensions ['ignore', 'ignore_ament_install']
[11.286s] Level 1:colcon.colcon_core.package_identification:_identify(src/log) by extension 'ignore'
[11.286s] Level 1:colcon.colcon_core.package_identification:_identify(src/log) ignored
[11.287s] Level 1:colcon.colcon_core.package_identification:_identify(src/motor_controller) by extensions ['ignore', 'ignore_ament_install']
[11.287s] Level 1:colcon.colcon_core.package_identification:_identify(src/motor_controller) by extension 'ignore'
[11.287s] Level 1:colcon.colcon_core.package_identification:_identify(src/motor_controller) by extension 'ignore_ament_install'
[11.288s] Level 1:colcon.colcon_core.package_identification:_identify(src/motor_controller) by extensions ['colcon_pkg']
[11.288s] Level 1:colcon.colcon_core.package_identification:_identify(src/motor_controller) by extension 'colcon_pkg'
[11.288s] Level 1:colcon.colcon_core.package_identification:_identify(src/motor_controller) by extensions ['colcon_meta']
[11.288s] Level 1:colcon.colcon_core.package_identification:_identify(src/motor_controller) by extension 'colcon_meta'
[11.288s] Level 1:colcon.colcon_core.package_identification:_identify(src/motor_controller) by extensions ['ros']
[11.288s] Level 1:colcon.colcon_core.package_identification:_identify(src/motor_controller) by extension 'ros'
[11.291s] DEBUG:colcon.colcon_core.package_identification:Package 'src/motor_controller' with type 'ros.ament_python' and name 'motor_controller'
[11.291s] Level 1:colcon.colcon_core.package_identification:_identify(src/servo_controller) by extensions ['ignore', 'ignore_ament_install']
[11.292s] Level 1:colcon.colcon_core.package_identification:_identify(src/servo_controller) by extension 'ignore'
[11.292s] Level 1:colcon.colcon_core.package_identification:_identify(src/servo_controller) by extension 'ignore_ament_install'
[11.292s] Level 1:colcon.colcon_core.package_identification:_identify(src/servo_controller) by extensions ['colcon_pkg']
[11.292s] Level 1:colcon.colcon_core.package_identification:_identify(src/servo_controller) by extension 'colcon_pkg'
[11.293s] Level 1:colcon.colcon_core.package_identification:_identify(src/servo_controller) by extensions ['colcon_meta']
[11.293s] Level 1:colcon.colcon_core.package_identification:_identify(src/servo_controller) by extension 'colcon_meta'
[11.293s] Level 1:colcon.colcon_core.package_identification:_identify(src/servo_controller) by extensions ['ros']
[11.293s] Level 1:colcon.colcon_core.package_identification:_identify(src/servo_controller) by extension 'ros'
[11.295s] DEBUG:colcon.colcon_core.package_identification:Package 'src/servo_controller' with type 'ros.ament_python' and name 'servo_controller'
[11.296s] Level 1:colcon.colcon_core.package_identification:_identify(src/transport_drivers) by extensions ['ignore', 'ignore_ament_install']
[11.296s] Level 1:colcon.colcon_core.package_identification:_identify(src/transport_drivers) by extension 'ignore'
[11.297s] Level 1:colcon.colcon_core.package_identification:_identify(src/transport_drivers) by extension 'ignore_ament_install'
[11.297s] Level 1:colcon.colcon_core.package_identification:_identify(src/transport_drivers) by extensions ['colcon_pkg']
[11.297s] Level 1:colcon.colcon_core.package_identification:_identify(src/transport_drivers) by extension 'colcon_pkg'
[11.297s] Level 1:colcon.colcon_core.package_identification:_identify(src/transport_drivers) by extensions ['colcon_meta']
[11.297s] Level 1:colcon.colcon_core.package_identification:_identify(src/transport_drivers) by extension 'colcon_meta'
[11.298s] Level 1:colcon.colcon_core.package_identification:_identify(src/transport_drivers) by extensions ['ros']
[11.298s] Level 1:colcon.colcon_core.package_identification:_identify(src/transport_drivers) by extension 'ros'
[11.298s] Level 1:colcon.colcon_core.package_identification:_identify(src/transport_drivers) by extensions ['cmake', 'python']
[11.298s] Level 1:colcon.colcon_core.package_identification:_identify(src/transport_drivers) by extension 'cmake'
[11.298s] Level 1:colcon.colcon_core.package_identification:_identify(src/transport_drivers) by extension 'python'
[11.299s] Level 1:colcon.colcon_core.package_identification:_identify(src/transport_drivers) by extensions ['python_setup_py']
[11.299s] Level 1:colcon.colcon_core.package_identification:_identify(src/transport_drivers) by extension 'python_setup_py'
[11.299s] Level 1:colcon.colcon_core.package_identification:_identify(src/transport_drivers/asio_cmake_module) by extensions ['ignore', 'ignore_ament_install']
[11.300s] Level 1:colcon.colcon_core.package_identification:_identify(src/transport_drivers/asio_cmake_module) by extension 'ignore'
[11.300s] Level 1:colcon.colcon_core.package_identification:_identify(src/transport_drivers/asio_cmake_module) by extension 'ignore_ament_install'
[11.301s] Level 1:colcon.colcon_core.package_identification:_identify(src/transport_drivers/asio_cmake_module) by extensions ['colcon_pkg']
[11.301s] Level 1:colcon.colcon_core.package_identification:_identify(src/transport_drivers/asio_cmake_module) by extension 'colcon_pkg'
[11.301s] Level 1:colcon.colcon_core.package_identification:_identify(src/transport_drivers/asio_cmake_module) by extensions ['colcon_meta']
[11.301s] Level 1:colcon.colcon_core.package_identification:_identify(src/transport_drivers/asio_cmake_module) by extension 'colcon_meta'
[11.301s] Level 1:colcon.colcon_core.package_identification:_identify(src/transport_drivers/asio_cmake_module) by extensions ['ros']
[11.301s] Level 1:colcon.colcon_core.package_identification:_identify(src/transport_drivers/asio_cmake_module) by extension 'ros'
[11.303s] DEBUG:colcon.colcon_core.package_identification:Package 'src/transport_drivers/asio_cmake_module' with type 'ros.ament_cmake' and name 'asio_cmake_module'
[11.304s] Level 1:colcon.colcon_core.package_identification:_identify(src/transport_drivers/io_context) by extensions ['ignore', 'ignore_ament_install']
[11.304s] Level 1:colcon.colcon_core.package_identification:_identify(src/transport_drivers/io_context) by extension 'ignore'
[11.305s] Level 1:colcon.colcon_core.package_identification:_identify(src/transport_drivers/io_context) by extension 'ignore_ament_install'
[11.305s] Level 1:colcon.colcon_core.package_identification:_identify(src/transport_drivers/io_context) by extensions ['colcon_pkg']
[11.305s] Level 1:colcon.colcon_core.package_identification:_identify(src/transport_drivers/io_context) by extension 'colcon_pkg'
[11.305s] Level 1:colcon.colcon_core.package_identification:_identify(src/transport_drivers/io_context) by extensions ['colcon_meta']
[11.306s] Level 1:colcon.colcon_core.package_identification:_identify(src/transport_drivers/io_context) by extension 'colcon_meta'
[11.306s] Level 1:colcon.colcon_core.package_identification:_identify(src/transport_drivers/io_context) by extensions ['ros']
[11.306s] Level 1:colcon.colcon_core.package_identification:_identify(src/transport_drivers/io_context) by extension 'ros'
[11.310s] DEBUG:colcon.colcon_core.package_identification:Package 'src/transport_drivers/io_context' with type 'ros.ament_cmake' and name 'io_context'
[11.310s] Level 1:colcon.colcon_core.package_identification:_identify(src/transport_drivers/serial_driver) by extensions ['ignore', 'ignore_ament_install']
[11.311s] Level 1:colcon.colcon_core.package_identification:_identify(src/transport_drivers/serial_driver) by extension 'ignore'
[11.311s] Level 1:colcon.colcon_core.package_identification:_identify(src/transport_drivers/serial_driver) by extension 'ignore_ament_install'
[11.311s] Level 1:colcon.colcon_core.package_identification:_identify(src/transport_drivers/serial_driver) by extensions ['colcon_pkg']
[11.311s] Level 1:colcon.colcon_core.package_identification:_identify(src/transport_drivers/serial_driver) by extension 'colcon_pkg'
[11.312s] Level 1:colcon.colcon_core.package_identification:_identify(src/transport_drivers/serial_driver) by extensions ['colcon_meta']
[11.312s] Level 1:colcon.colcon_core.package_identification:_identify(src/transport_drivers/serial_driver) by extension 'colcon_meta'
[11.312s] Level 1:colcon.colcon_core.package_identification:_identify(src/transport_drivers/serial_driver) by extensions ['ros']
[11.312s] Level 1:colcon.colcon_core.package_identification:_identify(src/transport_drivers/serial_driver) by extension 'ros'
[11.316s] DEBUG:colcon.colcon_core.package_identification:Package 'src/transport_drivers/serial_driver' with type 'ros.ament_cmake' and name 'serial_driver'
[11.316s] Level 1:colcon.colcon_core.package_identification:_identify(src/transport_drivers/udp_driver) by extensions ['ignore', 'ignore_ament_install']
[11.317s] Level 1:colcon.colcon_core.package_identification:_identify(src/transport_drivers/udp_driver) by extension 'ignore'
[11.317s] Level 1:colcon.colcon_core.package_identification:_identify(src/transport_drivers/udp_driver) by extension 'ignore_ament_install'
[11.317s] Level 1:colcon.colcon_core.package_identification:_identify(src/transport_drivers/udp_driver) by extensions ['colcon_pkg']
[11.317s] Level 1:colcon.colcon_core.package_identification:_identify(src/transport_drivers/udp_driver) by extension 'colcon_pkg'
[11.318s] Level 1:colcon.colcon_core.package_identification:_identify(src/transport_drivers/udp_driver) by extensions ['colcon_meta']
[11.318s] Level 1:colcon.colcon_core.package_identification:_identify(src/transport_drivers/udp_driver) by extension 'colcon_meta'
[11.318s] Level 1:colcon.colcon_core.package_identification:_identify(src/transport_drivers/udp_driver) by extensions ['ros']
[11.318s] Level 1:colcon.colcon_core.package_identification:_identify(src/transport_drivers/udp_driver) by extension 'ros'
[11.323s] DEBUG:colcon.colcon_core.package_identification:Package 'src/transport_drivers/udp_driver' with type 'ros.ament_cmake' and name 'udp_driver'
[11.324s] Level 1:colcon.colcon_core.package_identification:_identify(src/v4l2_camera) by extensions ['ignore', 'ignore_ament_install']
[11.324s] Level 1:colcon.colcon_core.package_identification:_identify(src/v4l2_camera) by extension 'ignore'
[11.324s] Level 1:colcon.colcon_core.package_identification:_identify(src/v4l2_camera) by extension 'ignore_ament_install'
[11.325s] Level 1:colcon.colcon_core.package_identification:_identify(src/v4l2_camera) by extensions ['colcon_pkg']
[11.325s] Level 1:colcon.colcon_core.package_identification:_identify(src/v4l2_camera) by extension 'colcon_pkg'
[11.325s] Level 1:colcon.colcon_core.package_identification:_identify(src/v4l2_camera) by extensions ['colcon_meta']
[11.325s] Level 1:colcon.colcon_core.package_identification:_identify(src/v4l2_camera) by extension 'colcon_meta'
[11.326s] Level 1:colcon.colcon_core.package_identification:_identify(src/v4l2_camera) by extensions ['ros']
[11.326s] Level 1:colcon.colcon_core.package_identification:_identify(src/v4l2_camera) by extension 'ros'
[11.329s] DEBUG:colcon.colcon_core.package_identification:Package 'src/v4l2_camera' with type 'ros.ament_cmake' and name 'v4l2_camera'
[11.329s] Level 1:colcon.colcon_core.package_identification:_identify(src/vesc_driver) by extensions ['ignore', 'ignore_ament_install']
[11.330s] Level 1:colcon.colcon_core.package_identification:_identify(src/vesc_driver) by extension 'ignore'
[11.330s] Level 1:colcon.colcon_core.package_identification:_identify(src/vesc_driver) by extension 'ignore_ament_install'
[11.331s] Level 1:colcon.colcon_core.package_identification:_identify(src/vesc_driver) by extensions ['colcon_pkg']
[11.331s] Level 1:colcon.colcon_core.package_identification:_identify(src/vesc_driver) by extension 'colcon_pkg'
[11.331s] Level 1:colcon.colcon_core.package_identification:_identify(src/vesc_driver) by extensions ['colcon_meta']
[11.332s] Level 1:colcon.colcon_core.package_identification:_identify(src/vesc_driver) by extension 'colcon_meta'
[11.332s] Level 1:colcon.colcon_core.package_identification:_identify(src/vesc_driver) by extensions ['ros']
[11.332s] Level 1:colcon.colcon_core.package_identification:_identify(src/vesc_driver) by extension 'ros'
[11.333s] Level 1:colcon.colcon_core.package_identification:_identify(src/vesc_driver) by extensions ['cmake', 'python']
[11.333s] Level 1:colcon.colcon_core.package_identification:_identify(src/vesc_driver) by extension 'cmake'
[11.333s] Level 1:colcon.colcon_core.package_identification:_identify(src/vesc_driver) by extension 'python'
[11.333s] Level 1:colcon.colcon_core.package_identification:_identify(src/vesc_driver) by extensions ['python_setup_py']
[11.333s] Level 1:colcon.colcon_core.package_identification:_identify(src/vesc_driver) by extension 'python_setup_py'
[11.334s] Level 1:colcon.colcon_core.package_identification:_identify(src/vesc_driver/vesc) by extensions ['ignore', 'ignore_ament_install']
[11.335s] Level 1:colcon.colcon_core.package_identification:_identify(src/vesc_driver/vesc) by extension 'ignore'
[11.335s] Level 1:colcon.colcon_core.package_identification:_identify(src/vesc_driver/vesc) by extension 'ignore_ament_install'
[11.335s] Level 1:colcon.colcon_core.package_identification:_identify(src/vesc_driver/vesc) by extensions ['colcon_pkg']
[11.335s] Level 1:colcon.colcon_core.package_identification:_identify(src/vesc_driver/vesc) by extension 'colcon_pkg'
[11.335s] Level 1:colcon.colcon_core.package_identification:_identify(src/vesc_driver/vesc) by extensions ['colcon_meta']
[11.336s] Level 1:colcon.colcon_core.package_identification:_identify(src/vesc_driver/vesc) by extension 'colcon_meta'
[11.336s] Level 1:colcon.colcon_core.package_identification:_identify(src/vesc_driver/vesc) by extensions ['ros']
[11.336s] Level 1:colcon.colcon_core.package_identification:_identify(src/vesc_driver/vesc) by extension 'ros'
[11.338s] DEBUG:colcon.colcon_core.package_identification:Package 'src/vesc_driver/vesc' with type 'ros.ament_cmake' and name 'vesc'
[11.339s] Level 1:colcon.colcon_core.package_identification:_identify(src/vesc_driver/vesc_ackermann) by extensions ['ignore', 'ignore_ament_install']
[11.340s] Level 1:colcon.colcon_core.package_identification:_identify(src/vesc_driver/vesc_ackermann) by extension 'ignore'
[11.340s] Level 1:colcon.colcon_core.package_identification:_identify(src/vesc_driver/vesc_ackermann) by extension 'ignore_ament_install'
[11.341s] Level 1:colcon.colcon_core.package_identification:_identify(src/vesc_driver/vesc_ackermann) by extensions ['colcon_pkg']
[11.341s] Level 1:colcon.colcon_core.package_identification:_identify(src/vesc_driver/vesc_ackermann) by extension 'colcon_pkg'
[11.341s] Level 1:colcon.colcon_core.package_identification:_identify(src/vesc_driver/vesc_ackermann) by extensions ['colcon_meta']
[11.341s] Level 1:colcon.colcon_core.package_identification:_identify(src/vesc_driver/vesc_ackermann) by extension 'colcon_meta'
[11.341s] Level 1:colcon.colcon_core.package_identification:_identify(src/vesc_driver/vesc_ackermann) by extensions ['ros']
[11.341s] Level 1:colcon.colcon_core.package_identification:_identify(src/vesc_driver/vesc_ackermann) by extension 'ros'
[11.346s] DEBUG:colcon.colcon_core.package_identification:Package 'src/vesc_driver/vesc_ackermann' with type 'ros.ament_cmake' and name 'vesc_ackermann'
[11.346s] Level 1:colcon.colcon_core.package_identification:_identify(src/vesc_driver/vesc_driver) by extensions ['ignore', 'ignore_ament_install']
[11.347s] Level 1:colcon.colcon_core.package_identification:_identify(src/vesc_driver/vesc_driver) by extension 'ignore'
[11.347s] Level 1:colcon.colcon_core.package_identification:_identify(src/vesc_driver/vesc_driver) by extension 'ignore_ament_install'
[11.347s] Level 1:colcon.colcon_core.package_identification:_identify(src/vesc_driver/vesc_driver) by extensions ['colcon_pkg']
[11.347s] Level 1:colcon.colcon_core.package_identification:_identify(src/vesc_driver/vesc_driver) by extension 'colcon_pkg'
[11.347s] Level 1:colcon.colcon_core.package_identification:_identify(src/vesc_driver/vesc_driver) by extensions ['colcon_meta']
[11.348s] Level 1:colcon.colcon_core.package_identification:_identify(src/vesc_driver/vesc_driver) by extension 'colcon_meta'
[11.348s] Level 1:colcon.colcon_core.package_identification:_identify(src/vesc_driver/vesc_driver) by extensions ['ros']
[11.348s] Level 1:colcon.colcon_core.package_identification:_identify(src/vesc_driver/vesc_driver) by extension 'ros'
[11.352s] DEBUG:colcon.colcon_core.package_identification:Package 'src/vesc_driver/vesc_driver' with type 'ros.ament_cmake' and name 'vesc_driver'
[11.353s] Level 1:colcon.colcon_core.package_identification:_identify(src/vesc_driver/vesc_msgs) by extensions ['ignore', 'ignore_ament_install']
[11.353s] Level 1:colcon.colcon_core.package_identification:_identify(src/vesc_driver/vesc_msgs) by extension 'ignore'
[11.353s] Level 1:colcon.colcon_core.package_identification:_identify(src/vesc_driver/vesc_msgs) by extension 'ignore_ament_install'
[11.354s] Level 1:colcon.colcon_core.package_identification:_identify(src/vesc_driver/vesc_msgs) by extensions ['colcon_pkg']
[11.354s] Level 1:colcon.colcon_core.package_identification:_identify(src/vesc_driver/vesc_msgs) by extension 'colcon_pkg'
[11.354s] Level 1:colcon.colcon_core.package_identification:_identify(src/vesc_driver/vesc_msgs) by extensions ['colcon_meta']
[11.354s] Level 1:colcon.colcon_core.package_identification:_identify(src/vesc_driver/vesc_msgs) by extension 'colcon_meta'
[11.354s] Level 1:colcon.colcon_core.package_identification:_identify(src/vesc_driver/vesc_msgs) by extensions ['ros']
[11.354s] Level 1:colcon.colcon_core.package_identification:_identify(src/vesc_driver/vesc_msgs) by extension 'ros'
[11.357s] DEBUG:colcon.colcon_core.package_identification:Package 'src/vesc_driver/vesc_msgs' with type 'ros.ament_cmake' and name 'vesc_msgs'
[11.358s] Level 1:colcon.colcon_core.package_identification:_identify(src/vision_opencv) by extensions ['ignore', 'ignore_ament_install']
[11.358s] Level 1:colcon.colcon_core.package_identification:_identify(src/vision_opencv) by extension 'ignore'
[11.359s] Level 1:colcon.colcon_core.package_identification:_identify(src/vision_opencv) by extension 'ignore_ament_install'
[11.359s] Level 1:colcon.colcon_core.package_identification:_identify(src/vision_opencv) by extensions ['colcon_pkg']
[11.359s] Level 1:colcon.colcon_core.package_identification:_identify(src/vision_opencv) by extension 'colcon_pkg'
[11.360s] Level 1:colcon.colcon_core.package_identification:_identify(src/vision_opencv) by extensions ['colcon_meta']
[11.360s] Level 1:colcon.colcon_core.package_identification:_identify(src/vision_opencv) by extension 'colcon_meta'
[11.360s] Level 1:colcon.colcon_core.package_identification:_identify(src/vision_opencv) by extensions ['ros']
[11.360s] Level 1:colcon.colcon_core.package_identification:_identify(src/vision_opencv) by extension 'ros'
[11.361s] Level 1:colcon.colcon_core.package_identification:_identify(src/vision_opencv) by extensions ['cmake', 'python']
[11.361s] Level 1:colcon.colcon_core.package_identification:_identify(src/vision_opencv) by extension 'cmake'
[11.361s] Level 1:colcon.colcon_core.package_identification:_identify(src/vision_opencv) by extension 'python'
[11.361s] Level 1:colcon.colcon_core.package_identification:_identify(src/vision_opencv) by extensions ['python_setup_py']
[11.361s] Level 1:colcon.colcon_core.package_identification:_identify(src/vision_opencv) by extension 'python_setup_py'
[11.362s] Level 1:colcon.colcon_core.package_discovery:discover_packages(recursive) using defaults
[11.362s] Level 1:colcon.colcon_core.package_discovery:discover_packages(ignore) discover
[11.362s] Level 1:colcon.colcon_core.package_discovery:discover_packages(ignore) using defaults
[11.362s] Level 1:colcon.colcon_core.package_discovery:discover_packages(path) discover
[11.362s] Level 1:colcon.colcon_core.package_discovery:discover_packages(path) using defaults
[11.981s] INFO:colcon.colcon_core.package_selection:Skipping not selected package 'arc_startup' in 'src/arc_startup'
[11.981s] INFO:colcon.colcon_core.package_selection:Skipping not selected package 'asio_cmake_module' in 'src/transport_drivers/asio_cmake_module'
[11.982s] INFO:colcon.colcon_core.package_selection:Skipping not selected package 'autonomous_car_control' in 'src/autonomous_car_control'
[11.982s] INFO:colcon.colcon_core.package_selection:Skipping not selected package 'camera_sensor' in 'src/camera_sensor'
[11.982s] INFO:colcon.colcon_core.package_selection:Skipping not selected package 'compressed_depth_image_transport' in 'src/image_transport_plugins/compressed_depth_image_transport'
[11.982s] INFO:colcon.colcon_core.package_selection:Skipping not selected package 'compressed_image_transport' in 'src/image_transport_plugins/compressed_image_transport'
[11.982s] INFO:colcon.colcon_core.package_selection:Skipping not selected package 'ldlidar_ros2' in 'src/ldlidar_ros2'
[11.982s] INFO:colcon.colcon_core.package_selection:Skipping not selected package 'motor_controller' in 'src/motor_controller'
[11.982s] INFO:colcon.colcon_core.package_selection:Skipping not selected package 'servo_controller' in 'src/servo_controller'
[11.982s] INFO:colcon.colcon_core.package_selection:Skipping not selected package 'theora_image_transport' in 'src/image_transport_plugins/theora_image_transport'
[11.982s] INFO:colcon.colcon_core.package_selection:Skipping not selected package 'v4l2_camera' in 'src/v4l2_camera'
[11.982s] INFO:colcon.colcon_core.package_selection:Skipping not selected package 'vesc_msgs' in 'src/vesc_driver/vesc_msgs'
[11.983s] INFO:colcon.colcon_core.package_selection:Skipping not selected package 'image_transport_plugins' in 'src/image_transport_plugins/image_transport_plugins'
[11.983s] INFO:colcon.colcon_core.package_selection:Skipping not selected package 'io_context' in 'src/transport_drivers/io_context'
[11.983s] INFO:colcon.colcon_core.package_selection:Skipping not selected package 'vesc_ackermann' in 'src/vesc_driver/vesc_ackermann'
[11.983s] INFO:colcon.colcon_core.package_selection:Skipping not selected package 'serial_driver' in 'src/transport_drivers/serial_driver'
[11.983s] INFO:colcon.colcon_core.package_selection:Skipping not selected package 'udp_driver' in 'src/transport_drivers/udp_driver'
[11.983s] INFO:colcon.colcon_core.package_selection:Skipping not selected package 'vesc_driver' in 'src/vesc_driver/vesc_driver'
[11.983s] INFO:colcon.colcon_core.package_selection:Skipping not selected package 'vesc' in 'src/vesc_driver/vesc'
[12.340s] Level 1:colcon.colcon_core.package_discovery:discover_packages(prefix_path) check parameters
[12.341s] Level 1:colcon.colcon_core.package_discovery:discover_packages(prefix_path) discover
[12.711s] DEBUG:colcon.colcon_installed_package_information.package_discovery:Found 20 installed packages in /home/adam/Sensor-Fusion-And-Autonomous-Racing-Cars/ros_ws/install
[12.898s] DEBUG:colcon.colcon_installed_package_information.package_discovery:Found 263 installed packages in /opt/ros/foxy
[12.906s] Level 1:colcon.colcon_core.package_discovery:discover_packages(prefix_path) using defaults
[13.610s] Level 5:colcon.colcon_core.verb:set package 'arc_keyboard_control' build argument 'cmake_args' from command line to 'None'
[13.610s] Level 5:colcon.colcon_core.verb:set package 'arc_keyboard_control' build argument 'cmake_target' from command line to 'None'
[13.611s] Level 5:colcon.colcon_core.verb:set package 'arc_keyboard_control' build argument 'cmake_target_skip_unavailable' from command line to 'False'
[13.611s] Level 5:colcon.colcon_core.verb:set package 'arc_keyboard_control' build argument 'cmake_clean_cache' from command line to 'False'
[13.611s] Level 5:colcon.colcon_core.verb:set package 'arc_keyboard_control' build argument 'cmake_clean_first' from command line to 'False'
[13.611s] Level 5:colcon.colcon_core.verb:set package 'arc_keyboard_control' build argument 'cmake_force_configure' from command line to 'False'
[13.611s] Level 5:colcon.colcon_core.verb:set package 'arc_keyboard_control' build argument 'ament_cmake_args' from command line to 'None'
[13.611s] Level 5:colcon.colcon_core.verb:set package 'arc_keyboard_control' build argument 'catkin_cmake_args' from command line to 'None'
[13.611s] Level 5:colcon.colcon_core.verb:set package 'arc_keyboard_control' build argument 'catkin_skip_building_tests' from command line to 'False'
[13.611s] DEBUG:colcon.colcon_core.verb:Building package 'arc_keyboard_control' with the following arguments: {'ament_cmake_args': None, 'build_base': '/home/adam/Sensor-Fusion-And-Autonomous-Racing-Cars/ros_ws/build/arc_keyboard_control', 'catkin_cmake_args': None, 'catkin_skip_building_tests': False, 'cmake_args': None, 'cmake_clean_cache': False, 'cmake_clean_first': False, 'cmake_force_configure': False, 'cmake_target': None, 'cmake_target_skip_unavailable': False, 'install_base': '/home/adam/Sensor-Fusion-And-Autonomous-Racing-Cars/ros_ws/install/arc_keyboard_control', 'merge_install': False, 'path': '/home/adam/Sensor-Fusion-And-Autonomous-Racing-Cars/ros_ws/src/arc_keyboard_control', 'symlink_install': False, 'test_result_base': None}
[13.793s] INFO:colcon.colcon_core.executor:Executing jobs using 'parallel' executor
[13.979s] DEBUG:colcon.colcon_parallel_executor.executor.parallel:run_until_complete
[13.981s] INFO:colcon.colcon_ros.task.ament_python.build:Building ROS package in '/home/adam/Sensor-Fusion-And-Autonomous-Racing-Cars/ros_ws/src/arc_keyboard_control' with build type 'ament_python'
[13.981s] Level 1:colcon.colcon_core.shell:create_environment_hook('arc_keyboard_control', 'ament_prefix_path')
[14.179s] INFO:colcon.colcon_core.plugin_system:Skipping extension 'colcon_core.shell.bat': Not used on non-Windows systems
[14.180s] INFO:colcon.colcon_core.shell:Creating environment hook '/home/adam/Sensor-Fusion-And-Autonomous-Racing-Cars/ros_ws/install/arc_keyboard_control/share/arc_keyboard_control/hook/ament_prefix_path.ps1'
[14.183s] INFO:colcon.colcon_core.shell:Creating environment descriptor '/home/adam/Sensor-Fusion-And-Autonomous-Racing-Cars/ros_ws/install/arc_keyboard_control/share/arc_keyboard_control/hook/ament_prefix_path.dsv'
[14.185s] INFO:colcon.colcon_core.shell:Creating environment hook '/home/adam/Sensor-Fusion-And-Autonomous-Racing-Cars/ros_ws/install/arc_keyboard_control/share/arc_keyboard_control/hook/ament_prefix_path.sh'
[14.376s] INFO:colcon.colcon_core.shell:Skip shell extension 'powershell' for command environment: Not usable outside of PowerShell
[14.377s] DEBUG:colcon.colcon_core.shell:Skip shell extension 'dsv' for command environment
[16.114s] INFO:colcon.colcon_core.task.python.build:Building Python package in '/home/adam/Sensor-Fusion-And-Autonomous-Racing-Cars/ros_ws/src/arc_keyboard_control'
[16.308s] INFO:colcon.colcon_core.shell:Skip shell extension 'powershell' for command environment: Not usable outside of PowerShell
[16.308s] DEBUG:colcon.colcon_core.shell:Skip shell extension 'dsv' for command environment
[18.627s] DEBUG:colcon.colcon_core.event_handler.log_command:Invoking command in '/home/adam/Sensor-Fusion-And-Autonomous-Racing-Cars/ros_ws/src/arc_keyboard_control': PYTHONPATH=/home/adam/Sensor-Fusion-And-Autonomous-Racing-Cars/ros_ws/build/arc_keyboard_control/prefix_override:/home/adam/Sensor-Fusion-And-Autonomous-Racing-Cars/ros_ws/install/arc_keyboard_control/lib/python3.8/site-packages:${PYTHONPATH} /usr/bin/python3 setup.py egg_info --egg-base ../../build/arc_keyboard_control build --build-base /home/adam/Sensor-Fusion-And-Autonomous-Racing-Cars/ros_ws/build/arc_keyboard_control/build install --record /home/adam/Sensor-Fusion-And-Autonomous-Racing-Cars/ros_ws/build/arc_keyboard_control/install.log --install-scripts $base/lib/arc_keyboard_control --single-version-externally-managed
[20.011s] DEBUG:colcon.colcon_core.event_handler.log_command:Invoked command in '/home/adam/Sensor-Fusion-And-Autonomous-Racing-Cars/ros_ws/src/arc_keyboard_control' returned '0': PYTHONPATH=/home/adam/Sensor-Fusion-And-Autonomous-Racing-Cars/ros_ws/build/arc_keyboard_control/prefix_override:/home/adam/Sensor-Fusion-And-Autonomous-Racing-Cars/ros_ws/install/arc_keyboard_control/lib/python3.8/site-packages:${PYTHONPATH} /usr/bin/python3 setup.py egg_info --egg-base ../../build/arc_keyboard_control build --build-base /home/adam/Sensor-Fusion-And-Autonomous-Racing-Cars/ros_ws/build/arc_keyboard_control/build install --record /home/adam/Sensor-Fusion-And-Autonomous-Racing-Cars/ros_ws/build/arc_keyboard_control/install.log --install-scripts $base/lib/arc_keyboard_control --single-version-externally-managed
[20.277s] Level 1:colcon.colcon_core.environment:checking '/home/adam/Sensor-Fusion-And-Autonomous-Racing-Cars/ros_ws/install/arc_keyboard_control' for CMake module files
[20.279s] Level 1:colcon.colcon_core.environment:checking '/home/adam/Sensor-Fusion-And-Autonomous-Racing-Cars/ros_ws/install/arc_keyboard_control' for CMake config files
[20.283s] Level 1:colcon.colcon_core.environment:checking '/home/adam/Sensor-Fusion-And-Autonomous-Racing-Cars/ros_ws/install/arc_keyboard_control/lib'
[20.284s] Level 1:colcon.colcon_core.environment:checking '/home/adam/Sensor-Fusion-And-Autonomous-Racing-Cars/ros_ws/install/arc_keyboard_control/bin'
[20.284s] Level 1:colcon.colcon_core.environment:checking '/home/adam/Sensor-Fusion-And-Autonomous-Racing-Cars/ros_ws/install/arc_keyboard_control/lib/pkgconfig/arc_keyboard_control.pc'
[20.285s] Level 1:colcon.colcon_core.environment:checking '/home/adam/Sensor-Fusion-And-Autonomous-Racing-Cars/ros_ws/install/arc_keyboard_control/lib/python3.8/site-packages'
[20.286s] Level 1:colcon.colcon_core.shell:create_environment_hook('arc_keyboard_control', 'pythonpath')
[20.473s] INFO:colcon.colcon_core.shell:Creating environment hook '/home/adam/Sensor-Fusion-And-Autonomous-Racing-Cars/ros_ws/install/arc_keyboard_control/share/arc_keyboard_control/hook/pythonpath.ps1'
[20.475s] INFO:colcon.colcon_core.shell:Creating environment descriptor '/home/adam/Sensor-Fusion-And-Autonomous-Racing-Cars/ros_ws/install/arc_keyboard_control/share/arc_keyboard_control/hook/pythonpath.dsv'
[20.477s] INFO:colcon.colcon_core.shell:Creating environment hook '/home/adam/Sensor-Fusion-And-Autonomous-Racing-Cars/ros_ws/install/arc_keyboard_control/share/arc_keyboard_control/hook/pythonpath.sh'
[20.479s] Level 1:colcon.colcon_core.environment:checking '/home/adam/Sensor-Fusion-And-Autonomous-Racing-Cars/ros_ws/install/arc_keyboard_control/bin'
[20.480s] Level 1:colcon.colcon_core.environment:create_environment_scripts_only(arc_keyboard_control)
[20.670s] INFO:colcon.colcon_core.shell:Creating package script '/home/adam/Sensor-Fusion-And-Autonomous-Racing-Cars/ros_ws/install/arc_keyboard_control/share/arc_keyboard_control/package.ps1'
[20.674s] INFO:colcon.colcon_core.shell:Creating package descriptor '/home/adam/Sensor-Fusion-And-Autonomous-Racing-Cars/ros_ws/install/arc_keyboard_control/share/arc_keyboard_control/package.dsv'
[20.677s] INFO:colcon.colcon_core.shell:Creating package script '/home/adam/Sensor-Fusion-And-Autonomous-Racing-Cars/ros_ws/install/arc_keyboard_control/share/arc_keyboard_control/package.sh'
[20.680s] INFO:colcon.colcon_core.shell:Creating package script '/home/adam/Sensor-Fusion-And-Autonomous-Racing-Cars/ros_ws/install/arc_keyboard_control/share/arc_keyboard_control/package.bash'
[20.683s] INFO:colcon.colcon_core.shell:Creating package script '/home/adam/Sensor-Fusion-And-Autonomous-Racing-Cars/ros_ws/install/arc_keyboard_control/share/arc_keyboard_control/package.zsh'
[20.686s] Level 1:colcon.colcon_core.environment:create_file_with_runtime_dependencies(/home/adam/Sensor-Fusion-And-Autonomous-Racing-Cars/ros_ws/install/arc_keyboard_control/share/colcon-core/packages/arc_keyboard_control)
[20.688s] DEBUG:colcon.colcon_parallel_executor.executor.parallel:closing loop
[20.689s] DEBUG:colcon.colcon_parallel_executor.executor.parallel:loop closed
[20.689s] DEBUG:colcon.colcon_parallel_executor.executor.parallel:run_until_complete finished with '0'
[20.690s] DEBUG:colcon.colcon_core.event_reactor:joining thread
[20.895s] INFO:colcon.colcon_core.plugin_system:Skipping extension 'colcon_notification.desktop_notification.terminal_notifier': Not used on non-Darwin systems
[20.895s] INFO:colcon.colcon_core.plugin_system:Skipping extension 'colcon_notification.desktop_notification.win32': Not used on non-Windows systems
[20.902s] INFO:colcon.colcon_notification.desktop_notification:Sending desktop notification using 'notify2'
[20.907s] DEBUG:colcon.colcon_notification.desktop_notification.notify2:Failed to initialize notify2: org.freedesktop.DBus.Error.ServiceUnknown: The name org.freedesktop.Notifications was not provided by any .service files
[20.908s] DEBUG:colcon.colcon_core.event_reactor:joined thread
[21.103s] INFO:colcon.colcon_core.shell:Creating prefix script '/home/adam/Sensor-Fusion-And-Autonomous-Racing-Cars/ros_ws/install/local_setup.ps1'
[21.106s] INFO:colcon.colcon_core.shell:Creating prefix util module '/home/adam/Sensor-Fusion-And-Autonomous-Racing-Cars/ros_ws/install/_local_setup_util_ps1.py'
[21.111s] INFO:colcon.colcon_core.shell:Creating prefix chain script '/home/adam/Sensor-Fusion-And-Autonomous-Racing-Cars/ros_ws/install/setup.ps1'
[21.312s] INFO:colcon.colcon_core.shell:Creating prefix script '/home/adam/Sensor-Fusion-And-Autonomous-Racing-Cars/ros_ws/install/local_setup.sh'
[21.315s] INFO:colcon.colcon_core.shell:Creating prefix util module '/home/adam/Sensor-Fusion-And-Autonomous-Racing-Cars/ros_ws/install/_local_setup_util_sh.py'
[21.317s] INFO:colcon.colcon_core.shell:Creating prefix chain script '/home/adam/Sensor-Fusion-And-Autonomous-Racing-Cars/ros_ws/install/setup.sh'
[21.512s] INFO:colcon.colcon_core.shell:Creating prefix script '/home/adam/Sensor-Fusion-And-Autonomous-Racing-Cars/ros_ws/install/local_setup.bash'
[21.514s] INFO:colcon.colcon_core.shell:Creating prefix chain script '/home/adam/Sensor-Fusion-And-Autonomous-Racing-Cars/ros_ws/install/setup.bash'
[21.709s] INFO:colcon.colcon_core.shell:Creating prefix script '/home/adam/Sensor-Fusion-And-Autonomous-Racing-Cars/ros_ws/install/local_setup.zsh'
[21.711s] INFO:colcon.colcon_core.shell:Creating prefix chain script '/home/adam/Sensor-Fusion-And-Autonomous-Racing-Cars/ros_ws/install/setup.zsh'
