[32.326s] Invoking command in '/home/adam/Sensor-Fusion-And-Autonomous-Racing-Cars/ros_ws/src/camera_sensor': PYTHONPATH=/home/adam/Sensor-Fusion-And-Autonomous-Racing-Cars/ros_ws/build/camera_sensor/prefix_override:/home/adam/Sensor-Fusion-And-Autonomous-Racing-Cars/ros_ws/install/camera_sensor/lib/python3.8/site-packages:${PYTHONPATH} /usr/bin/python3 setup.py egg_info --egg-base ../../build/camera_sensor build --build-base /home/adam/Sensor-Fusion-And-Autonomous-Racing-Cars/ros_ws/build/camera_sensor/build install --record /home/adam/Sensor-Fusion-And-Autonomous-Racing-Cars/ros_ws/build/camera_sensor/install.log --install-scripts $base/lib/camera_sensor --single-version-externally-managed
[36.655s] running egg_info
[36.663s] writing ../../build/camera_sensor/camera_sensor.egg-info/PKG-INFO
[36.664s] writing dependency_links to ../../build/camera_sensor/camera_sensor.egg-info/dependency_links.txt
[36.668s] writing entry points to ../../build/camera_sensor/camera_sensor.egg-info/entry_points.txt
[36.669s] writing requirements to ../../build/camera_sensor/camera_sensor.egg-info/requires.txt
[36.670s] writing top-level names to ../../build/camera_sensor/camera_sensor.egg-info/top_level.txt
[37.124s] reading manifest file '../../build/camera_sensor/camera_sensor.egg-info/SOURCES.txt'
[37.137s] writing manifest file '../../build/camera_sensor/camera_sensor.egg-info/SOURCES.txt'
[37.144s] running build
[37.145s] running build_py
[37.166s] running install
[37.168s] running install_lib
[37.191s] running install_data
[37.198s] running install_egg_info
[37.220s] removing '/home/adam/Sensor-Fusion-And-Autonomous-Racing-Cars/ros_ws/install/camera_sensor/lib/python3.8/site-packages/camera_sensor-0.0.0-py3.8.egg-info' (and everything under it)
[37.252s] Copying ../../build/camera_sensor/camera_sensor.egg-info to /home/adam/Sensor-Fusion-And-Autonomous-Racing-Cars/ros_ws/install/camera_sensor/lib/python3.8/site-packages/camera_sensor-0.0.0-py3.8.egg-info
[37.280s] running install_scripts
[37.503s] Installing camera_node script to /home/adam/Sensor-Fusion-And-Autonomous-Racing-Cars/ros_ws/install/camera_sensor/lib/camera_sensor
[37.522s] writing list of installed files to '/home/adam/Sensor-Fusion-And-Autonomous-Racing-Cars/ros_ws/build/camera_sensor/install.log'
[42.572s] Invoked command in '/home/adam/Sensor-Fusion-And-Autonomous-Racing-Cars/ros_ws/src/camera_sensor' returned '0': PYTHONPATH=/home/adam/Sensor-Fusion-And-Autonomous-Racing-Cars/ros_ws/build/camera_sensor/prefix_override:/home/adam/Sensor-Fusion-And-Autonomous-Racing-Cars/ros_ws/install/camera_sensor/lib/python3.8/site-packages:${PYTHONPATH} /usr/bin/python3 setup.py egg_info --egg-base ../../build/camera_sensor build --build-base /home/adam/Sensor-Fusion-And-Autonomous-Racing-Cars/ros_ws/build/camera_sensor/build install --record /home/adam/Sensor-Fusion-And-Autonomous-Racing-Cars/ros_ws/build/camera_sensor/install.log --install-scripts $base/lib/camera_sensor --single-version-externally-managed
