[6.790s] Invoking command in '/home/adam/Sensor-Fusion-And-Autonomous-Racing-Cars/ros_ws/build/vesc_msgs': CMAKE_PREFIX_PATH=${CMAKE_PREFIX_PATH}:/home/adam/Sensor-Fusion-And-Autonomous-Racing-Cars/ros_ws/install/servo_controller:/home/adam/Sensor-Fusion-And-Autonomous-Racing-Cars/ros_ws/install/motor_controller:/home/adam/Sensor-Fusion-And-Autonomous-Racing-Cars/ros_ws/install/camera_sensor:/home/adam/Sensor-Fusion-And-Autonomous-Racing-Cars/ros_ws/install/arc_startup:/opt/ros/foxy /usr/bin/cmake --build /home/adam/Sensor-Fusion-And-Autonomous-Racing-Cars/ros_ws/build/vesc_msgs -- -j4 -l4
[7.810s] [  1%] Built target vesc_msgs__cpp
[7.874s] [ 12%] Built target vesc_msgs__rosidl_generator_c
[8.607s] [ 23%] Built target vesc_msgs__rosidl_typesupport_c
[8.657s] [ 34%] Built target vesc_msgs__rosidl_typesupport_cpp
[8.849s] [ 45%] Built target vesc_msgs__rosidl_typesupport_fastrtps_cpp
[8.861s] [ 56%] Built target vesc_msgs__rosidl_typesupport_introspection_cpp
[9.363s] [ 67%] Built target vesc_msgs__rosidl_typesupport_introspection_c
[9.606s] [ 78%] Built target vesc_msgs__rosidl_typesupport_fastrtps_c
[9.954s] [ 78%] Built target vesc_msgs
[10.299s] [ 80%] Built target vesc_msgs__py
[10.828s] [ 89%] Built target vesc_msgs__python
[11.579s] [ 92%] Built target vesc_msgs__rosidl_typesupport_fastrtps_c__pyext
[11.614s] [ 96%] Built target vesc_msgs__rosidl_typesupport_c__pyext
[11.708s] [100%] Built target vesc_msgs__rosidl_typesupport_introspection_c__pyext
[15.889s] Invoked command in '/home/adam/Sensor-Fusion-And-Autonomous-Racing-Cars/ros_ws/build/vesc_msgs' returned '0': CMAKE_PREFIX_PATH=${CMAKE_PREFIX_PATH}:/home/adam/Sensor-Fusion-And-Autonomous-Racing-Cars/ros_ws/install/servo_controller:/home/adam/Sensor-Fusion-And-Autonomous-Racing-Cars/ros_ws/install/motor_controller:/home/adam/Sensor-Fusion-And-Autonomous-Racing-Cars/ros_ws/install/camera_sensor:/home/adam/Sensor-Fusion-And-Autonomous-Racing-Cars/ros_ws/install/arc_startup:/opt/ros/foxy /usr/bin/cmake --build /home/adam/Sensor-Fusion-And-Autonomous-Racing-Cars/ros_ws/build/vesc_msgs -- -j4 -l4
[28.280s] Invoking command in '/home/adam/Sensor-Fusion-And-Autonomous-Racing-Cars/ros_ws/build/vesc_msgs': CMAKE_PREFIX_PATH=${CMAKE_PREFIX_PATH}:/home/adam/Sensor-Fusion-And-Autonomous-Racing-Cars/ros_ws/install/servo_controller:/home/adam/Sensor-Fusion-And-Autonomous-Racing-Cars/ros_ws/install/motor_controller:/home/adam/Sensor-Fusion-And-Autonomous-Racing-Cars/ros_ws/install/camera_sensor:/home/adam/Sensor-Fusion-And-Autonomous-Racing-Cars/ros_ws/install/arc_startup:/opt/ros/foxy /usr/bin/cmake --install /home/adam/Sensor-Fusion-And-Autonomous-Racing-Cars/ros_ws/build/vesc_msgs
[31.121s] -- Install configuration: ""
[31.129s] -- Up-to-date: /home/adam/Sensor-Fusion-And-Autonomous-Racing-Cars/ros_ws/install/vesc_msgs/share/ament_index/resource_index/rosidl_interfaces/vesc_msgs
[31.132s] -- Up-to-date: /home/adam/Sensor-Fusion-And-Autonomous-Racing-Cars/ros_ws/install/vesc_msgs/include/vesc_msgs
[31.134s] -- Up-to-date: /home/adam/Sensor-Fusion-And-Autonomous-Racing-Cars/ros_ws/install/vesc_msgs/include/vesc_msgs/msg
[31.138s] -- Up-to-date: /home/adam/Sensor-Fusion-And-Autonomous-Racing-Cars/ros_ws/install/vesc_msgs/include/vesc_msgs/msg/vesc_imu.h
[31.140s] -- Up-to-date: /home/adam/Sensor-Fusion-And-Autonomous-Racing-Cars/ros_ws/install/vesc_msgs/include/vesc_msgs/msg/vesc_state_stamped.h
[31.143s] -- Up-to-date: /home/adam/Sensor-Fusion-And-Autonomous-Racing-Cars/ros_ws/install/vesc_msgs/include/vesc_msgs/msg/vesc_state.h
[31.147s] -- Up-to-date: /home/adam/Sensor-Fusion-And-Autonomous-Racing-Cars/ros_ws/install/vesc_msgs/include/vesc_msgs/msg/detail
[31.150s] -- Up-to-date: /home/adam/Sensor-Fusion-And-Autonomous-Racing-Cars/ros_ws/install/vesc_msgs/include/vesc_msgs/msg/detail/vesc_state__type_support.h
[31.152s] -- Up-to-date: /home/adam/Sensor-Fusion-And-Autonomous-Racing-Cars/ros_ws/install/vesc_msgs/include/vesc_msgs/msg/detail/vesc_imu__struct.h
[31.169s] -- Up-to-date: /home/adam/Sensor-Fusion-And-Autonomous-Racing-Cars/ros_ws/install/vesc_msgs/include/vesc_msgs/msg/detail/vesc_imu__functions.h
[31.176s] -- Up-to-date: /home/adam/Sensor-Fusion-And-Autonomous-Racing-Cars/ros_ws/install/vesc_msgs/include/vesc_msgs/msg/detail/vesc_imu_stamped__functions.h
[31.179s] -- Up-to-date: /home/adam/Sensor-Fusion-And-Autonomous-Racing-Cars/ros_ws/install/vesc_msgs/include/vesc_msgs/msg/detail/vesc_state_stamped__type_support.h
[31.181s] -- Up-to-date: /home/adam/Sensor-Fusion-And-Autonomous-Racing-Cars/ros_ws/install/vesc_msgs/include/vesc_msgs/msg/detail/vesc_state_stamped__functions.h
[31.182s] -- Up-to-date: /home/adam/Sensor-Fusion-And-Autonomous-Racing-Cars/ros_ws/install/vesc_msgs/include/vesc_msgs/msg/detail/vesc_state__struct.h
[31.183s] -- Up-to-date: /home/adam/Sensor-Fusion-And-Autonomous-Racing-Cars/ros_ws/install/vesc_msgs/include/vesc_msgs/msg/detail/vesc_state__functions.c
[31.184s] -- Up-to-date: /home/adam/Sensor-Fusion-And-Autonomous-Racing-Cars/ros_ws/install/vesc_msgs/include/vesc_msgs/msg/detail/vesc_state__functions.h
[31.185s] -- Up-to-date: /home/adam/Sensor-Fusion-And-Autonomous-Racing-Cars/ros_ws/install/vesc_msgs/include/vesc_msgs/msg/detail/vesc_imu__functions.c
[31.185s] -- Up-to-date: /home/adam/Sensor-Fusion-And-Autonomous-Racing-Cars/ros_ws/install/vesc_msgs/include/vesc_msgs/msg/detail/vesc_imu_stamped__functions.c
[31.188s] -- Up-to-date: /home/adam/Sensor-Fusion-And-Autonomous-Racing-Cars/ros_ws/install/vesc_msgs/include/vesc_msgs/msg/detail/vesc_state_stamped__functions.c
[31.191s] -- Up-to-date: /home/adam/Sensor-Fusion-And-Autonomous-Racing-Cars/ros_ws/install/vesc_msgs/include/vesc_msgs/msg/detail/vesc_imu_stamped__struct.h
[31.196s] -- Up-to-date: /home/adam/Sensor-Fusion-And-Autonomous-Racing-Cars/ros_ws/install/vesc_msgs/include/vesc_msgs/msg/detail/vesc_imu_stamped__type_support.h
[31.210s] -- Up-to-date: /home/adam/Sensor-Fusion-And-Autonomous-Racing-Cars/ros_ws/install/vesc_msgs/include/vesc_msgs/msg/detail/vesc_imu__type_support.h
[31.212s] -- Up-to-date: /home/adam/Sensor-Fusion-And-Autonomous-Racing-Cars/ros_ws/install/vesc_msgs/include/vesc_msgs/msg/detail/vesc_state_stamped__struct.h
[31.214s] -- Up-to-date: /home/adam/Sensor-Fusion-And-Autonomous-Racing-Cars/ros_ws/install/vesc_msgs/include/vesc_msgs/msg/rosidl_generator_c__visibility_control.h
[31.215s] -- Up-to-date: /home/adam/Sensor-Fusion-And-Autonomous-Racing-Cars/ros_ws/install/vesc_msgs/include/vesc_msgs/msg/vesc_imu_stamped.h
[31.217s] -- Up-to-date: /home/adam/Sensor-Fusion-And-Autonomous-Racing-Cars/ros_ws/install/vesc_msgs/share/vesc_msgs/environment/library_path.sh
[31.219s] -- Up-to-date: /home/adam/Sensor-Fusion-And-Autonomous-Racing-Cars/ros_ws/install/vesc_msgs/share/vesc_msgs/environment/library_path.dsv
[31.222s] -- Up-to-date: /home/adam/Sensor-Fusion-And-Autonomous-Racing-Cars/ros_ws/install/vesc_msgs/lib/libvesc_msgs__rosidl_generator_c.so
[31.224s] -- Up-to-date: /home/adam/Sensor-Fusion-And-Autonomous-Racing-Cars/ros_ws/install/vesc_msgs/include/vesc_msgs
[31.226s] -- Up-to-date: /home/adam/Sensor-Fusion-And-Autonomous-Racing-Cars/ros_ws/install/vesc_msgs/include/vesc_msgs/msg
[31.227s] -- Up-to-date: /home/adam/Sensor-Fusion-And-Autonomous-Racing-Cars/ros_ws/install/vesc_msgs/include/vesc_msgs/msg/rosidl_typesupport_fastrtps_c__visibility_control.h
[31.229s] -- Up-to-date: /home/adam/Sensor-Fusion-And-Autonomous-Racing-Cars/ros_ws/install/vesc_msgs/include/vesc_msgs/msg/detail
[31.232s] -- Up-to-date: /home/adam/Sensor-Fusion-And-Autonomous-Racing-Cars/ros_ws/install/vesc_msgs/include/vesc_msgs/msg/detail/vesc_imu__rosidl_typesupport_fastrtps_c.h
[31.234s] -- Up-to-date: /home/adam/Sensor-Fusion-And-Autonomous-Racing-Cars/ros_ws/install/vesc_msgs/include/vesc_msgs/msg/detail/vesc_imu_stamped__rosidl_typesupport_fastrtps_c.h
[31.252s] -- Up-to-date: /home/adam/Sensor-Fusion-And-Autonomous-Racing-Cars/ros_ws/install/vesc_msgs/include/vesc_msgs/msg/detail/vesc_state_stamped__rosidl_typesupport_fastrtps_c.h
[31.259s] -- Up-to-date: /home/adam/Sensor-Fusion-And-Autonomous-Racing-Cars/ros_ws/install/vesc_msgs/include/vesc_msgs/msg/detail/vesc_state__rosidl_typesupport_fastrtps_c.h
[31.261s] -- Up-to-date: /home/adam/Sensor-Fusion-And-Autonomous-Racing-Cars/ros_ws/install/vesc_msgs/lib/libvesc_msgs__rosidl_typesupport_fastrtps_c.so
[31.263s] -- Up-to-date: /home/adam/Sensor-Fusion-And-Autonomous-Racing-Cars/ros_ws/install/vesc_msgs/include/vesc_msgs
[31.265s] -- Up-to-date: /home/adam/Sensor-Fusion-And-Autonomous-Racing-Cars/ros_ws/install/vesc_msgs/include/vesc_msgs/msg
[31.266s] -- Up-to-date: /home/adam/Sensor-Fusion-And-Autonomous-Racing-Cars/ros_ws/install/vesc_msgs/include/vesc_msgs/msg/rosidl_typesupport_fastrtps_cpp__visibility_control.h
[31.267s] -- Up-to-date: /home/adam/Sensor-Fusion-And-Autonomous-Racing-Cars/ros_ws/install/vesc_msgs/include/vesc_msgs/msg/detail
[31.268s] -- Up-to-date: /home/adam/Sensor-Fusion-And-Autonomous-Racing-Cars/ros_ws/install/vesc_msgs/include/vesc_msgs/msg/detail/dds_fastrtps
[31.270s] -- Up-to-date: /home/adam/Sensor-Fusion-And-Autonomous-Racing-Cars/ros_ws/install/vesc_msgs/include/vesc_msgs/msg/detail/vesc_state_stamped__rosidl_typesupport_fastrtps_cpp.hpp
[31.273s] -- Up-to-date: /home/adam/Sensor-Fusion-And-Autonomous-Racing-Cars/ros_ws/install/vesc_msgs/include/vesc_msgs/msg/detail/vesc_state__rosidl_typesupport_fastrtps_cpp.hpp
[31.274s] -- Up-to-date: /home/adam/Sensor-Fusion-And-Autonomous-Racing-Cars/ros_ws/install/vesc_msgs/include/vesc_msgs/msg/detail/vesc_imu_stamped__rosidl_typesupport_fastrtps_cpp.hpp
[31.276s] -- Up-to-date: /home/adam/Sensor-Fusion-And-Autonomous-Racing-Cars/ros_ws/install/vesc_msgs/include/vesc_msgs/msg/detail/vesc_imu__rosidl_typesupport_fastrtps_cpp.hpp
[31.277s] -- Up-to-date: /home/adam/Sensor-Fusion-And-Autonomous-Racing-Cars/ros_ws/install/vesc_msgs/lib/libvesc_msgs__rosidl_typesupport_fastrtps_cpp.so
[31.284s] -- Up-to-date: /home/adam/Sensor-Fusion-And-Autonomous-Racing-Cars/ros_ws/install/vesc_msgs/include/vesc_msgs
[31.287s] -- Up-to-date: /home/adam/Sensor-Fusion-And-Autonomous-Racing-Cars/ros_ws/install/vesc_msgs/include/vesc_msgs/msg
[31.289s] -- Up-to-date: /home/adam/Sensor-Fusion-And-Autonomous-Racing-Cars/ros_ws/install/vesc_msgs/include/vesc_msgs/msg/detail
[31.290s] -- Up-to-date: /home/adam/Sensor-Fusion-And-Autonomous-Racing-Cars/ros_ws/install/vesc_msgs/include/vesc_msgs/msg/detail/vesc_state__rosidl_typesupport_introspection_c.h
[31.292s] -- Up-to-date: /home/adam/Sensor-Fusion-And-Autonomous-Racing-Cars/ros_ws/install/vesc_msgs/include/vesc_msgs/msg/detail/vesc_state_stamped__type_support.c
[31.293s] -- Up-to-date: /home/adam/Sensor-Fusion-And-Autonomous-Racing-Cars/ros_ws/install/vesc_msgs/include/vesc_msgs/msg/detail/vesc_imu__type_support.c
[31.294s] -- Up-to-date: /home/adam/Sensor-Fusion-And-Autonomous-Racing-Cars/ros_ws/install/vesc_msgs/include/vesc_msgs/msg/detail/vesc_imu_stamped__type_support.c
[31.295s] -- Up-to-date: /home/adam/Sensor-Fusion-And-Autonomous-Racing-Cars/ros_ws/install/vesc_msgs/include/vesc_msgs/msg/detail/vesc_imu__rosidl_typesupport_introspection_c.h
[31.297s] -- Up-to-date: /home/adam/Sensor-Fusion-And-Autonomous-Racing-Cars/ros_ws/install/vesc_msgs/include/vesc_msgs/msg/detail/vesc_state_stamped__rosidl_typesupport_introspection_c.h
[31.299s] -- Up-to-date: /home/adam/Sensor-Fusion-And-Autonomous-Racing-Cars/ros_ws/install/vesc_msgs/include/vesc_msgs/msg/detail/vesc_state__type_support.c
[31.300s] -- Up-to-date: /home/adam/Sensor-Fusion-And-Autonomous-Racing-Cars/ros_ws/install/vesc_msgs/include/vesc_msgs/msg/detail/vesc_imu_stamped__rosidl_typesupport_introspection_c.h
[31.302s] -- Up-to-date: /home/adam/Sensor-Fusion-And-Autonomous-Racing-Cars/ros_ws/install/vesc_msgs/include/vesc_msgs/msg/rosidl_typesupport_introspection_c__visibility_control.h
[31.303s] -- Up-to-date: /home/adam/Sensor-Fusion-And-Autonomous-Racing-Cars/ros_ws/install/vesc_msgs/lib/libvesc_msgs__rosidl_typesupport_introspection_c.so
[31.304s] -- Up-to-date: /home/adam/Sensor-Fusion-And-Autonomous-Racing-Cars/ros_ws/install/vesc_msgs/lib/libvesc_msgs__rosidl_typesupport_c.so
[31.307s] -- Up-to-date: /home/adam/Sensor-Fusion-And-Autonomous-Racing-Cars/ros_ws/install/vesc_msgs/include/vesc_msgs
[31.319s] -- Up-to-date: /home/adam/Sensor-Fusion-And-Autonomous-Racing-Cars/ros_ws/install/vesc_msgs/include/vesc_msgs/msg
[31.320s] -- Up-to-date: /home/adam/Sensor-Fusion-And-Autonomous-Racing-Cars/ros_ws/install/vesc_msgs/include/vesc_msgs/msg/vesc_state.hpp
[31.321s] -- Up-to-date: /home/adam/Sensor-Fusion-And-Autonomous-Racing-Cars/ros_ws/install/vesc_msgs/include/vesc_msgs/msg/vesc_state_stamped.hpp
[31.322s] -- Up-to-date: /home/adam/Sensor-Fusion-And-Autonomous-Racing-Cars/ros_ws/install/vesc_msgs/include/vesc_msgs/msg/detail
[31.324s] -- Up-to-date: /home/adam/Sensor-Fusion-And-Autonomous-Racing-Cars/ros_ws/install/vesc_msgs/include/vesc_msgs/msg/detail/vesc_imu__type_support.hpp
[31.325s] -- Up-to-date: /home/adam/Sensor-Fusion-And-Autonomous-Racing-Cars/ros_ws/install/vesc_msgs/include/vesc_msgs/msg/detail/vesc_imu__struct.hpp
[31.326s] -- Up-to-date: /home/adam/Sensor-Fusion-And-Autonomous-Racing-Cars/ros_ws/install/vesc_msgs/include/vesc_msgs/msg/detail/vesc_state_stamped__builder.hpp
[31.327s] -- Up-to-date: /home/adam/Sensor-Fusion-And-Autonomous-Racing-Cars/ros_ws/install/vesc_msgs/include/vesc_msgs/msg/detail/vesc_state__builder.hpp
[31.327s] -- Up-to-date: /home/adam/Sensor-Fusion-And-Autonomous-Racing-Cars/ros_ws/install/vesc_msgs/include/vesc_msgs/msg/detail/vesc_state__type_support.hpp
[31.328s] -- Up-to-date: /home/adam/Sensor-Fusion-And-Autonomous-Racing-Cars/ros_ws/install/vesc_msgs/include/vesc_msgs/msg/detail/vesc_imu_stamped__builder.hpp
[31.338s] -- Up-to-date: /home/adam/Sensor-Fusion-And-Autonomous-Racing-Cars/ros_ws/install/vesc_msgs/include/vesc_msgs/msg/detail/vesc_imu_stamped__type_support.hpp
[31.339s] -- Up-to-date: /home/adam/Sensor-Fusion-And-Autonomous-Racing-Cars/ros_ws/install/vesc_msgs/include/vesc_msgs/msg/detail/vesc_imu__builder.hpp
[31.340s] -- Up-to-date: /home/adam/Sensor-Fusion-And-Autonomous-Racing-Cars/ros_ws/install/vesc_msgs/include/vesc_msgs/msg/detail/vesc_imu__traits.hpp
[31.341s] -- Up-to-date: /home/adam/Sensor-Fusion-And-Autonomous-Racing-Cars/ros_ws/install/vesc_msgs/include/vesc_msgs/msg/detail/vesc_imu_stamped__traits.hpp
[31.342s] -- Up-to-date: /home/adam/Sensor-Fusion-And-Autonomous-Racing-Cars/ros_ws/install/vesc_msgs/include/vesc_msgs/msg/detail/vesc_state_stamped__type_support.hpp
[31.343s] -- Up-to-date: /home/adam/Sensor-Fusion-And-Autonomous-Racing-Cars/ros_ws/install/vesc_msgs/include/vesc_msgs/msg/detail/vesc_state__traits.hpp
[31.344s] -- Up-to-date: /home/adam/Sensor-Fusion-And-Autonomous-Racing-Cars/ros_ws/install/vesc_msgs/include/vesc_msgs/msg/detail/vesc_state__struct.hpp
[31.345s] -- Up-to-date: /home/adam/Sensor-Fusion-And-Autonomous-Racing-Cars/ros_ws/install/vesc_msgs/include/vesc_msgs/msg/detail/vesc_imu_stamped__struct.hpp
[31.346s] -- Up-to-date: /home/adam/Sensor-Fusion-And-Autonomous-Racing-Cars/ros_ws/install/vesc_msgs/include/vesc_msgs/msg/detail/vesc_state_stamped__traits.hpp
[31.347s] -- Up-to-date: /home/adam/Sensor-Fusion-And-Autonomous-Racing-Cars/ros_ws/install/vesc_msgs/include/vesc_msgs/msg/detail/vesc_state_stamped__struct.hpp
[31.348s] -- Up-to-date: /home/adam/Sensor-Fusion-And-Autonomous-Racing-Cars/ros_ws/install/vesc_msgs/include/vesc_msgs/msg/vesc_imu_stamped.hpp
[31.349s] -- Up-to-date: /home/adam/Sensor-Fusion-And-Autonomous-Racing-Cars/ros_ws/install/vesc_msgs/include/vesc_msgs/msg/rosidl_generator_cpp__visibility_control.hpp
[31.350s] -- Up-to-date: /home/adam/Sensor-Fusion-And-Autonomous-Racing-Cars/ros_ws/install/vesc_msgs/include/vesc_msgs/msg/vesc_imu.hpp
[31.351s] -- Up-to-date: /home/adam/Sensor-Fusion-And-Autonomous-Racing-Cars/ros_ws/install/vesc_msgs/include/vesc_msgs
[31.352s] -- Up-to-date: /home/adam/Sensor-Fusion-And-Autonomous-Racing-Cars/ros_ws/install/vesc_msgs/include/vesc_msgs/msg
[31.353s] -- Up-to-date: /home/adam/Sensor-Fusion-And-Autonomous-Racing-Cars/ros_ws/install/vesc_msgs/include/vesc_msgs/msg/detail
[31.354s] -- Up-to-date: /home/adam/Sensor-Fusion-And-Autonomous-Racing-Cars/ros_ws/install/vesc_msgs/include/vesc_msgs/msg/detail/vesc_imu__type_support.cpp
[31.355s] -- Up-to-date: /home/adam/Sensor-Fusion-And-Autonomous-Racing-Cars/ros_ws/install/vesc_msgs/include/vesc_msgs/msg/detail/vesc_state_stamped__rosidl_typesupport_introspection_cpp.hpp
[31.356s] -- Up-to-date: /home/adam/Sensor-Fusion-And-Autonomous-Racing-Cars/ros_ws/install/vesc_msgs/include/vesc_msgs/msg/detail/vesc_imu_stamped__rosidl_typesupport_introspection_cpp.hpp
[31.358s] -- Up-to-date: /home/adam/Sensor-Fusion-And-Autonomous-Racing-Cars/ros_ws/install/vesc_msgs/include/vesc_msgs/msg/detail/vesc_imu_stamped__type_support.cpp
[31.359s] -- Up-to-date: /home/adam/Sensor-Fusion-And-Autonomous-Racing-Cars/ros_ws/install/vesc_msgs/include/vesc_msgs/msg/detail/vesc_state__rosidl_typesupport_introspection_cpp.hpp
[31.361s] -- Up-to-date: /home/adam/Sensor-Fusion-And-Autonomous-Racing-Cars/ros_ws/install/vesc_msgs/include/vesc_msgs/msg/detail/vesc_state_stamped__type_support.cpp
[31.362s] -- Up-to-date: /home/adam/Sensor-Fusion-And-Autonomous-Racing-Cars/ros_ws/install/vesc_msgs/include/vesc_msgs/msg/detail/vesc_imu__rosidl_typesupport_introspection_cpp.hpp
[31.364s] -- Up-to-date: /home/adam/Sensor-Fusion-And-Autonomous-Racing-Cars/ros_ws/install/vesc_msgs/include/vesc_msgs/msg/detail/vesc_state__type_support.cpp
[31.366s] -- Up-to-date: /home/adam/Sensor-Fusion-And-Autonomous-Racing-Cars/ros_ws/install/vesc_msgs/lib/libvesc_msgs__rosidl_typesupport_introspection_cpp.so
[31.367s] -- Up-to-date: /home/adam/Sensor-Fusion-And-Autonomous-Racing-Cars/ros_ws/install/vesc_msgs/lib/libvesc_msgs__rosidl_typesupport_cpp.so
[31.368s] -- Up-to-date: /home/adam/Sensor-Fusion-And-Autonomous-Racing-Cars/ros_ws/install/vesc_msgs/share/vesc_msgs/environment/pythonpath.sh
[31.369s] -- Up-to-date: /home/adam/Sensor-Fusion-And-Autonomous-Racing-Cars/ros_ws/install/vesc_msgs/share/vesc_msgs/environment/pythonpath.dsv
[31.371s] -- Up-to-date: /home/adam/Sensor-Fusion-And-Autonomous-Racing-Cars/ros_ws/install/vesc_msgs/lib/python3.8/site-packages/vesc_msgs/__init__.py
[31.372s] -- Up-to-date: /home/adam/Sensor-Fusion-And-Autonomous-Racing-Cars/ros_ws/install/vesc_msgs/lib/python3.8/site-packages/vesc_msgs/msg
[31.384s] -- Up-to-date: /home/adam/Sensor-Fusion-And-Autonomous-Racing-Cars/ros_ws/install/vesc_msgs/lib/python3.8/site-packages/vesc_msgs/msg/_vesc_state.py
[31.386s] -- Up-to-date: /home/adam/Sensor-Fusion-And-Autonomous-Racing-Cars/ros_ws/install/vesc_msgs/lib/python3.8/site-packages/vesc_msgs/msg/_vesc_imu_stamped_s.c
[31.387s] -- Up-to-date: /home/adam/Sensor-Fusion-And-Autonomous-Racing-Cars/ros_ws/install/vesc_msgs/lib/python3.8/site-packages/vesc_msgs/msg/_vesc_imu.py
[31.388s] -- Up-to-date: /home/adam/Sensor-Fusion-And-Autonomous-Racing-Cars/ros_ws/install/vesc_msgs/lib/python3.8/site-packages/vesc_msgs/msg/_vesc_imu_s.c
[31.390s] -- Up-to-date: /home/adam/Sensor-Fusion-And-Autonomous-Racing-Cars/ros_ws/install/vesc_msgs/lib/python3.8/site-packages/vesc_msgs/msg/_vesc_state_s.c
[31.391s] -- Up-to-date: /home/adam/Sensor-Fusion-And-Autonomous-Racing-Cars/ros_ws/install/vesc_msgs/lib/python3.8/site-packages/vesc_msgs/msg/__init__.py
[31.392s] -- Up-to-date: /home/adam/Sensor-Fusion-And-Autonomous-Racing-Cars/ros_ws/install/vesc_msgs/lib/python3.8/site-packages/vesc_msgs/msg/_vesc_imu_stamped.py
[31.395s] -- Up-to-date: /home/adam/Sensor-Fusion-And-Autonomous-Racing-Cars/ros_ws/install/vesc_msgs/lib/python3.8/site-packages/vesc_msgs/msg/_vesc_state_stamped_s.c
[31.412s] -- Up-to-date: /home/adam/Sensor-Fusion-And-Autonomous-Racing-Cars/ros_ws/install/vesc_msgs/lib/python3.8/site-packages/vesc_msgs/msg/_vesc_state_stamped.py
[31.413s] -- Up-to-date: /home/adam/Sensor-Fusion-And-Autonomous-Racing-Cars/ros_ws/install/vesc_msgs/lib/python3.8/site-packages/vesc_msgs/vesc_msgs_s__rosidl_typesupport_fastrtps_c.cpython-38-aarch64-linux-gnu.so
[31.414s] -- Up-to-date: /home/adam/Sensor-Fusion-And-Autonomous-Racing-Cars/ros_ws/install/vesc_msgs/lib/python3.8/site-packages/vesc_msgs/vesc_msgs_s__rosidl_typesupport_introspection_c.cpython-38-aarch64-linux-gnu.so
[31.420s] -- Up-to-date: /home/adam/Sensor-Fusion-And-Autonomous-Racing-Cars/ros_ws/install/vesc_msgs/lib/python3.8/site-packages/vesc_msgs/vesc_msgs_s__rosidl_typesupport_c.cpython-38-aarch64-linux-gnu.so
[31.432s] -- Up-to-date: /home/adam/Sensor-Fusion-And-Autonomous-Racing-Cars/ros_ws/install/vesc_msgs/lib/libvesc_msgs__python.so
[31.433s] -- Up-to-date: /home/adam/Sensor-Fusion-And-Autonomous-Racing-Cars/ros_ws/install/vesc_msgs/share/vesc_msgs/msg/VescState.idl
[31.434s] -- Up-to-date: /home/adam/Sensor-Fusion-And-Autonomous-Racing-Cars/ros_ws/install/vesc_msgs/share/vesc_msgs/msg/VescStateStamped.idl
[31.435s] -- Up-to-date: /home/adam/Sensor-Fusion-And-Autonomous-Racing-Cars/ros_ws/install/vesc_msgs/share/vesc_msgs/msg/VescImu.idl
[31.436s] -- Up-to-date: /home/adam/Sensor-Fusion-And-Autonomous-Racing-Cars/ros_ws/install/vesc_msgs/share/vesc_msgs/msg/VescImuStamped.idl
[31.437s] -- Up-to-date: /home/adam/Sensor-Fusion-And-Autonomous-Racing-Cars/ros_ws/install/vesc_msgs/share/vesc_msgs/msg/VescState.msg
[31.438s] -- Up-to-date: /home/adam/Sensor-Fusion-And-Autonomous-Racing-Cars/ros_ws/install/vesc_msgs/share/vesc_msgs/msg/VescStateStamped.msg
[31.439s] -- Up-to-date: /home/adam/Sensor-Fusion-And-Autonomous-Racing-Cars/ros_ws/install/vesc_msgs/share/vesc_msgs/msg/VescImu.msg
[31.440s] -- Up-to-date: /home/adam/Sensor-Fusion-And-Autonomous-Racing-Cars/ros_ws/install/vesc_msgs/share/vesc_msgs/msg/VescImuStamped.msg
[31.441s] -- Up-to-date: /home/adam/Sensor-Fusion-And-Autonomous-Racing-Cars/ros_ws/install/vesc_msgs/share/ament_index/resource_index/package_run_dependencies/vesc_msgs
[31.442s] -- Up-to-date: /home/adam/Sensor-Fusion-And-Autonomous-Racing-Cars/ros_ws/install/vesc_msgs/share/ament_index/resource_index/parent_prefix_path/vesc_msgs
[31.443s] -- Up-to-date: /home/adam/Sensor-Fusion-And-Autonomous-Racing-Cars/ros_ws/install/vesc_msgs/share/vesc_msgs/environment/ament_prefix_path.sh
[31.444s] -- Up-to-date: /home/adam/Sensor-Fusion-And-Autonomous-Racing-Cars/ros_ws/install/vesc_msgs/share/vesc_msgs/environment/ament_prefix_path.dsv
[31.445s] -- Up-to-date: /home/adam/Sensor-Fusion-And-Autonomous-Racing-Cars/ros_ws/install/vesc_msgs/share/vesc_msgs/environment/path.sh
[31.446s] -- Up-to-date: /home/adam/Sensor-Fusion-And-Autonomous-Racing-Cars/ros_ws/install/vesc_msgs/share/vesc_msgs/environment/path.dsv
[31.447s] -- Up-to-date: /home/adam/Sensor-Fusion-And-Autonomous-Racing-Cars/ros_ws/install/vesc_msgs/share/vesc_msgs/local_setup.bash
[31.448s] -- Up-to-date: /home/adam/Sensor-Fusion-And-Autonomous-Racing-Cars/ros_ws/install/vesc_msgs/share/vesc_msgs/local_setup.sh
[31.453s] -- Up-to-date: /home/adam/Sensor-Fusion-And-Autonomous-Racing-Cars/ros_ws/install/vesc_msgs/share/vesc_msgs/local_setup.zsh
[31.455s] -- Up-to-date: /home/adam/Sensor-Fusion-And-Autonomous-Racing-Cars/ros_ws/install/vesc_msgs/share/vesc_msgs/local_setup.dsv
[31.456s] -- Installing: /home/adam/Sensor-Fusion-And-Autonomous-Racing-Cars/ros_ws/install/vesc_msgs/share/vesc_msgs/package.dsv
[31.457s] -- Up-to-date: /home/adam/Sensor-Fusion-And-Autonomous-Racing-Cars/ros_ws/install/vesc_msgs/share/ament_index/resource_index/packages/vesc_msgs
[31.458s] -- Up-to-date: /home/adam/Sensor-Fusion-And-Autonomous-Racing-Cars/ros_ws/install/vesc_msgs/share/vesc_msgs/cmake/vesc_msgs__rosidl_generator_cExport.cmake
[31.459s] -- Up-to-date: /home/adam/Sensor-Fusion-And-Autonomous-Racing-Cars/ros_ws/install/vesc_msgs/share/vesc_msgs/cmake/vesc_msgs__rosidl_generator_cExport-noconfig.cmake
[31.460s] -- Up-to-date: /home/adam/Sensor-Fusion-And-Autonomous-Racing-Cars/ros_ws/install/vesc_msgs/share/vesc_msgs/cmake/vesc_msgs__rosidl_typesupport_introspection_cExport.cmake
[31.462s] -- Up-to-date: /home/adam/Sensor-Fusion-And-Autonomous-Racing-Cars/ros_ws/install/vesc_msgs/share/vesc_msgs/cmake/vesc_msgs__rosidl_typesupport_introspection_cExport-noconfig.cmake
[31.463s] -- Up-to-date: /home/adam/Sensor-Fusion-And-Autonomous-Racing-Cars/ros_ws/install/vesc_msgs/share/vesc_msgs/cmake/vesc_msgs__rosidl_typesupport_cExport.cmake
[31.464s] -- Up-to-date: /home/adam/Sensor-Fusion-And-Autonomous-Racing-Cars/ros_ws/install/vesc_msgs/share/vesc_msgs/cmake/vesc_msgs__rosidl_typesupport_cExport-noconfig.cmake
[31.468s] -- Up-to-date: /home/adam/Sensor-Fusion-And-Autonomous-Racing-Cars/ros_ws/install/vesc_msgs/share/vesc_msgs/cmake/vesc_msgs__rosidl_generator_cppExport.cmake
[31.472s] -- Up-to-date: /home/adam/Sensor-Fusion-And-Autonomous-Racing-Cars/ros_ws/install/vesc_msgs/share/vesc_msgs/cmake/vesc_msgs__rosidl_typesupport_introspection_cppExport.cmake
[31.486s] -- Up-to-date: /home/adam/Sensor-Fusion-And-Autonomous-Racing-Cars/ros_ws/install/vesc_msgs/share/vesc_msgs/cmake/vesc_msgs__rosidl_typesupport_introspection_cppExport-noconfig.cmake
[31.492s] -- Up-to-date: /home/adam/Sensor-Fusion-And-Autonomous-Racing-Cars/ros_ws/install/vesc_msgs/share/vesc_msgs/cmake/vesc_msgs__rosidl_typesupport_cppExport.cmake
[31.514s] -- Up-to-date: /home/adam/Sensor-Fusion-And-Autonomous-Racing-Cars/ros_ws/install/vesc_msgs/share/vesc_msgs/cmake/vesc_msgs__rosidl_typesupport_cppExport-noconfig.cmake
[31.515s] -- Up-to-date: /home/adam/Sensor-Fusion-And-Autonomous-Racing-Cars/ros_ws/install/vesc_msgs/share/vesc_msgs/cmake/rosidl_cmake-extras.cmake
[31.516s] -- Up-to-date: /home/adam/Sensor-Fusion-And-Autonomous-Racing-Cars/ros_ws/install/vesc_msgs/share/vesc_msgs/cmake/ament_cmake_export_dependencies-extras.cmake
[31.517s] -- Up-to-date: /home/adam/Sensor-Fusion-And-Autonomous-Racing-Cars/ros_ws/install/vesc_msgs/share/vesc_msgs/cmake/ament_cmake_export_libraries-extras.cmake
[31.534s] -- Up-to-date: /home/adam/Sensor-Fusion-And-Autonomous-Racing-Cars/ros_ws/install/vesc_msgs/share/vesc_msgs/cmake/ament_cmake_export_targets-extras.cmake
[31.537s] -- Up-to-date: /home/adam/Sensor-Fusion-And-Autonomous-Racing-Cars/ros_ws/install/vesc_msgs/share/vesc_msgs/cmake/ament_cmake_export_include_directories-extras.cmake
[31.539s] -- Up-to-date: /home/adam/Sensor-Fusion-And-Autonomous-Racing-Cars/ros_ws/install/vesc_msgs/share/vesc_msgs/cmake/rosidl_cmake_export_typesupport_libraries-extras.cmake
[31.545s] -- Up-to-date: /home/adam/Sensor-Fusion-And-Autonomous-Racing-Cars/ros_ws/install/vesc_msgs/share/vesc_msgs/cmake/rosidl_cmake_export_typesupport_targets-extras.cmake
[31.548s] -- Up-to-date: /home/adam/Sensor-Fusion-And-Autonomous-Racing-Cars/ros_ws/install/vesc_msgs/share/vesc_msgs/cmake/vesc_msgsConfig.cmake
[31.554s] -- Up-to-date: /home/adam/Sensor-Fusion-And-Autonomous-Racing-Cars/ros_ws/install/vesc_msgs/share/vesc_msgs/cmake/vesc_msgsConfig-version.cmake
[31.558s] -- Up-to-date: /home/adam/Sensor-Fusion-And-Autonomous-Racing-Cars/ros_ws/install/vesc_msgs/share/vesc_msgs/package.xml
[31.584s] Invoked command in '/home/adam/Sensor-Fusion-And-Autonomous-Racing-Cars/ros_ws/build/vesc_msgs' returned '0': CMAKE_PREFIX_PATH=${CMAKE_PREFIX_PATH}:/home/adam/Sensor-Fusion-And-Autonomous-Racing-Cars/ros_ws/install/servo_controller:/home/adam/Sensor-Fusion-And-Autonomous-Racing-Cars/ros_ws/install/motor_controller:/home/adam/Sensor-Fusion-And-Autonomous-Racing-Cars/ros_ws/install/camera_sensor:/home/adam/Sensor-Fusion-And-Autonomous-Racing-Cars/ros_ws/install/arc_startup:/opt/ros/foxy /usr/bin/cmake --install /home/adam/Sensor-Fusion-And-Autonomous-Racing-Cars/ros_ws/build/vesc_msgs
