[10.301s] Invoking command in '/home/adam/Sensor-Fusion-And-Autonomous-Racing-Cars/ros_ws/src/servo_controller': PYTHONPATH=/home/adam/Sensor-Fusion-And-Autonomous-Racing-Cars/ros_ws/build/servo_controller/prefix_override:/home/adam/Sensor-Fusion-And-Autonomous-Racing-Cars/ros_ws/install/servo_controller/lib/python3.8/site-packages:${PYTHONPATH} /usr/bin/python3 setup.py egg_info --egg-base ../../build/servo_controller build --build-base /home/adam/Sensor-Fusion-And-Autonomous-Racing-Cars/ros_ws/build/servo_controller/build install --record /home/adam/Sensor-Fusion-And-Autonomous-Racing-Cars/ros_ws/build/servo_controller/install.log --install-scripts $base/lib/servo_controller --single-version-externally-managed
[11.809s] running egg_info
[11.812s] writing ../../build/servo_controller/servo_controller.egg-info/PKG-INFO
[11.814s] writing dependency_links to ../../build/servo_controller/servo_controller.egg-info/dependency_links.txt
[11.815s] writing entry points to ../../build/servo_controller/servo_controller.egg-info/entry_points.txt
[11.816s] writing requirements to ../../build/servo_controller/servo_controller.egg-info/requires.txt
[11.817s] writing top-level names to ../../build/servo_controller/servo_controller.egg-info/top_level.txt
[12.008s] reading manifest file '../../build/servo_controller/servo_controller.egg-info/SOURCES.txt'
[12.016s] writing manifest file '../../build/servo_controller/servo_controller.egg-info/SOURCES.txt'
[12.019s] running build
[12.022s] running build_py
[12.028s] running install
[12.041s] running install_lib
[12.049s] running install_data
[12.053s] running install_egg_info
[12.072s] removing '/home/adam/Sensor-Fusion-And-Autonomous-Racing-Cars/ros_ws/install/servo_controller/lib/python3.8/site-packages/servo_controller-0.0.0-py3.8.egg-info' (and everything under it)
[12.078s] Copying ../../build/servo_controller/servo_controller.egg-info to /home/adam/Sensor-Fusion-And-Autonomous-Racing-Cars/ros_ws/install/servo_controller/lib/python3.8/site-packages/servo_controller-0.0.0-py3.8.egg-info
[12.104s] running install_scripts
[12.291s] Installing servo_node script to /home/adam/Sensor-Fusion-And-Autonomous-Racing-Cars/ros_ws/install/servo_controller/lib/servo_controller
[12.292s] writing list of installed files to '/home/adam/Sensor-Fusion-And-Autonomous-Racing-Cars/ros_ws/build/servo_controller/install.log'
[13.136s] Invoked command in '/home/adam/Sensor-Fusion-And-Autonomous-Racing-Cars/ros_ws/src/servo_controller' returned '0': PYTHONPATH=/home/adam/Sensor-Fusion-And-Autonomous-Racing-Cars/ros_ws/build/servo_controller/prefix_override:/home/adam/Sensor-Fusion-And-Autonomous-Racing-Cars/ros_ws/install/servo_controller/lib/python3.8/site-packages:${PYTHONPATH} /usr/bin/python3 setup.py egg_info --egg-base ../../build/servo_controller build --build-base /home/adam/Sensor-Fusion-And-Autonomous-Racing-Cars/ros_ws/build/servo_controller/build install --record /home/adam/Sensor-Fusion-And-Autonomous-Racing-Cars/ros_ws/build/servo_controller/install.log --install-scripts $base/lib/servo_controller --single-version-externally-managed
