[12.923s] Invoking command in '/home/adam/Sensor-Fusion-And-Autonomous-Racing-Cars/ros_ws/src/servo_controller': PYTHONPATH=/home/adam/Sensor-Fusion-And-Autonomous-Racing-Cars/ros_ws/build/servo_controller/prefix_override:/home/adam/Sensor-Fusion-And-Autonomous-Racing-Cars/ros_ws/install/servo_controller/lib/python3.8/site-packages:${PYTHONPATH} /usr/bin/python3 setup.py egg_info --egg-base ../../build/servo_controller build --build-base /home/adam/Sensor-Fusion-And-Autonomous-Racing-Cars/ros_ws/build/servo_controller/build install --record /home/adam/Sensor-Fusion-And-Autonomous-Racing-Cars/ros_ws/build/servo_controller/install.log --install-scripts $base/lib/servo_controller --single-version-externally-managed
[15.832s] running egg_info
[15.838s] writing ../../build/servo_controller/servo_controller.egg-info/PKG-INFO
[15.841s] writing dependency_links to ../../build/servo_controller/servo_controller.egg-info/dependency_links.txt
[15.842s] writing entry points to ../../build/servo_controller/servo_controller.egg-info/entry_points.txt
[15.844s] writing requirements to ../../build/servo_controller/servo_controller.egg-info/requires.txt
[15.845s] writing top-level names to ../../build/servo_controller/servo_controller.egg-info/top_level.txt
[16.213s] reading manifest file '../../build/servo_controller/servo_controller.egg-info/SOURCES.txt'
[16.224s] writing manifest file '../../build/servo_controller/servo_controller.egg-info/SOURCES.txt'
[16.225s] running build
[16.228s] running build_py
[16.229s] copying servo_controller/servo_node.py -> /home/adam/Sensor-Fusion-And-Autonomous-Racing-Cars/ros_ws/build/servo_controller/build/lib/servo_controller
[16.231s] running install
[16.238s] running install_lib
[16.248s] copying /home/adam/Sensor-Fusion-And-Autonomous-Racing-Cars/ros_ws/build/servo_controller/build/lib/servo_controller/servo_node.py -> /home/adam/Sensor-Fusion-And-Autonomous-Racing-Cars/ros_ws/install/servo_controller/lib/python3.8/site-packages/servo_controller
[16.255s] byte-compiling /home/adam/Sensor-Fusion-And-Autonomous-Racing-Cars/ros_ws/install/servo_controller/lib/python3.8/site-packages/servo_controller/servo_node.py to servo_node.cpython-38.pyc
[16.270s] running install_data
[16.275s] running install_egg_info
[16.290s] removing '/home/adam/Sensor-Fusion-And-Autonomous-Racing-Cars/ros_ws/install/servo_controller/lib/python3.8/site-packages/servo_controller-0.0.0-py3.8.egg-info' (and everything under it)
[16.294s] Copying ../../build/servo_controller/servo_controller.egg-info to /home/adam/Sensor-Fusion-And-Autonomous-Racing-Cars/ros_ws/install/servo_controller/lib/python3.8/site-packages/servo_controller-0.0.0-py3.8.egg-info
[16.312s] running install_scripts
[16.473s] Installing servo_node script to /home/adam/Sensor-Fusion-And-Autonomous-Racing-Cars/ros_ws/install/servo_controller/lib/servo_controller
[16.477s] writing list of installed files to '/home/adam/Sensor-Fusion-And-Autonomous-Racing-Cars/ros_ws/build/servo_controller/install.log'
[16.651s] Invoked command in '/home/adam/Sensor-Fusion-And-Autonomous-Racing-Cars/ros_ws/src/servo_controller' returned '0': PYTHONPATH=/home/adam/Sensor-Fusion-And-Autonomous-Racing-Cars/ros_ws/build/servo_controller/prefix_override:/home/adam/Sensor-Fusion-And-Autonomous-Racing-Cars/ros_ws/install/servo_controller/lib/python3.8/site-packages:${PYTHONPATH} /usr/bin/python3 setup.py egg_info --egg-base ../../build/servo_controller build --build-base /home/adam/Sensor-Fusion-And-Autonomous-Racing-Cars/ros_ws/build/servo_controller/build install --record /home/adam/Sensor-Fusion-And-Autonomous-Racing-Cars/ros_ws/build/servo_controller/install.log --install-scripts $base/lib/servo_controller --single-version-externally-managed
