[4.613s] Invoking command in '/home/adam/Sensor-Fusion-And-Autonomous-Racing-Cars/ros_ws/src/arc_keyboard_control': PYTHONPATH=/home/adam/Sensor-Fusion-And-Autonomous-Racing-Cars/ros_ws/build/arc_keyboard_control/prefix_override:/home/adam/Sensor-Fusion-And-Autonomous-Racing-Cars/ros_ws/install/arc_keyboard_control/lib/python3.8/site-packages:${PYTHONPATH} /usr/bin/python3 setup.py egg_info --egg-base ../../build/arc_keyboard_control build --build-base /home/adam/Sensor-Fusion-And-Autonomous-Racing-Cars/ros_ws/build/arc_keyboard_control/build install --record /home/adam/Sensor-Fusion-And-Autonomous-Racing-Cars/ros_ws/build/arc_keyboard_control/install.log --install-scripts $base/lib/arc_keyboard_control --single-version-externally-managed
[5.644s] running egg_info
[5.647s] writing ../../build/arc_keyboard_control/arc_keyboard_control.egg-info/PKG-INFO
[5.648s] writing dependency_links to ../../build/arc_keyboard_control/arc_keyboard_control.egg-info/dependency_links.txt
[5.649s] writing entry points to ../../build/arc_keyboard_control/arc_keyboard_control.egg-info/entry_points.txt
[5.650s] writing requirements to ../../build/arc_keyboard_control/arc_keyboard_control.egg-info/requires.txt
[5.651s] writing top-level names to ../../build/arc_keyboard_control/arc_keyboard_control.egg-info/top_level.txt
[5.781s] reading manifest file '../../build/arc_keyboard_control/arc_keyboard_control.egg-info/SOURCES.txt'
[5.785s] writing manifest file '../../build/arc_keyboard_control/arc_keyboard_control.egg-info/SOURCES.txt'
[5.785s] running build
[5.786s] running build_py
[5.788s] copying arc_keyboard_control/keyboard_control.py -> /home/adam/Sensor-Fusion-And-Autonomous-Racing-Cars/ros_ws/build/arc_keyboard_control/build/lib/arc_keyboard_control
[5.788s] running install
[5.791s] running install_lib
[5.796s] copying /home/adam/Sensor-Fusion-And-Autonomous-Racing-Cars/ros_ws/build/arc_keyboard_control/build/lib/arc_keyboard_control/keyboard_control.py -> /home/adam/Sensor-Fusion-And-Autonomous-Racing-Cars/ros_ws/install/arc_keyboard_control/lib/python3.8/site-packages/arc_keyboard_control
[5.799s] byte-compiling /home/adam/Sensor-Fusion-And-Autonomous-Racing-Cars/ros_ws/install/arc_keyboard_control/lib/python3.8/site-packages/arc_keyboard_control/keyboard_control.py to keyboard_control.cpython-38.pyc
[5.805s] running install_data
[5.808s] running install_egg_info
[5.814s] removing '/home/adam/Sensor-Fusion-And-Autonomous-Racing-Cars/ros_ws/install/arc_keyboard_control/lib/python3.8/site-packages/arc_keyboard_control-0.0.0-py3.8.egg-info' (and everything under it)
[5.815s] Copying ../../build/arc_keyboard_control/arc_keyboard_control.egg-info to /home/adam/Sensor-Fusion-And-Autonomous-Racing-Cars/ros_ws/install/arc_keyboard_control/lib/python3.8/site-packages/arc_keyboard_control-0.0.0-py3.8.egg-info
[5.823s] running install_scripts
[5.887s] Installing keyboard_control script to /home/adam/Sensor-Fusion-And-Autonomous-Racing-Cars/ros_ws/install/arc_keyboard_control/lib/arc_keyboard_control
[5.889s] writing list of installed files to '/home/adam/Sensor-Fusion-And-Autonomous-Racing-Cars/ros_ws/build/arc_keyboard_control/install.log'
[5.983s] Invoked command in '/home/adam/Sensor-Fusion-And-Autonomous-Racing-Cars/ros_ws/src/arc_keyboard_control' returned '0': PYTHONPATH=/home/adam/Sensor-Fusion-And-Autonomous-Racing-Cars/ros_ws/build/arc_keyboard_control/prefix_override:/home/adam/Sensor-Fusion-And-Autonomous-Racing-Cars/ros_ws/install/arc_keyboard_control/lib/python3.8/site-packages:${PYTHONPATH} /usr/bin/python3 setup.py egg_info --egg-base ../../build/arc_keyboard_control build --build-base /home/adam/Sensor-Fusion-And-Autonomous-Racing-Cars/ros_ws/build/arc_keyboard_control/build install --record /home/adam/Sensor-Fusion-And-Autonomous-Racing-Cars/ros_ws/build/arc_keyboard_control/install.log --install-scripts $base/lib/arc_keyboard_control --single-version-externally-managed
