[3.687s] Invoking command in '/home/adam/Sensor-Fusion-And-Autonomous-Racing-Cars/ros_ws/build/v4l2_camera': CMAKE_PREFIX_PATH=${CMAKE_PREFIX_PATH}:/home/adam/Sensor-Fusion-And-Autonomous-Racing-Cars/ros_ws/install/servo_controller:/home/adam/Sensor-Fusion-And-Autonomous-Racing-Cars/ros_ws/install/motor_controller:/home/adam/Sensor-Fusion-And-Autonomous-Racing-Cars/ros_ws/install/camera_sensor:/home/adam/Sensor-Fusion-And-Autonomous-Racing-Cars/ros_ws/install/arc_startup:/opt/ros/foxy /usr/bin/cmake /home/adam/Sensor-Fusion-And-Autonomous-Racing-Cars/ros_ws/src/v4l2_camera -DCMAKE_INSTALL_PREFIX=/home/adam/Sensor-Fusion-And-Autonomous-Racing-Cars/ros_ws/install/v4l2_camera
[4.757s] -- The C compiler identification is GNU 9.4.0
[5.631s] -- The CXX compiler identification is GNU 9.4.0
[5.730s] -- Check for working C compiler: /usr/bin/cc
[6.977s] -- Check for working C compiler: /usr/bin/cc -- works
[7.006s] -- Detecting C compiler ABI info
[8.268s] -- Detecting C compiler ABI info - done
[8.461s] -- Detecting C compile features
[8.468s] -- Detecting C compile features - done
[8.525s] -- Check for working CXX compiler: /usr/bin/c++
[10.091s] -- Check for working CXX compiler: /usr/bin/c++ -- works
[10.110s] -- Detecting CXX compiler ABI info
[11.479s] -- Detecting CXX compiler ABI info - done
[11.677s] -- Detecting CXX compile features
[11.682s] -- Detecting CXX compile features - done
[11.822s] -- Found ament_cmake: 0.9.12 (/opt/ros/foxy/share/ament_cmake/cmake)
[12.417s] -- Found PythonInterp: /usr/bin/python3 (found suitable version "3.8.10", minimum required is "3") 
[12.424s] -- Using PYTHON_EXECUTABLE: /usr/bin/python3
[18.104s] -- Found ament_cmake_ros: 0.9.2 (/opt/ros/foxy/share/ament_cmake_ros/cmake)
[18.415s] -- Found rclcpp: 2.4.3 (/opt/ros/foxy/share/rclcpp/cmake)
[19.829s] -- Using all available rosidl_typesupport_c: rosidl_typesupport_fastrtps_c;rosidl_typesupport_introspection_c
[20.143s] -- Found rosidl_adapter: 1.3.1 (/opt/ros/foxy/share/rosidl_adapter/cmake)
[22.835s] -- Found OpenSSL: /usr/lib/aarch64-linux-gnu/libcrypto.so (found version "1.1.1f")  
[23.747s] -- Found FastRTPS: /opt/ros/foxy/include  
[26.138s] -- Using all available rosidl_typesupport_cpp: rosidl_typesupport_fastrtps_cpp;rosidl_typesupport_introspection_cpp
[27.435s] -- Found rmw_implementation_cmake: 1.0.4 (/opt/ros/foxy/share/rmw_implementation_cmake/cmake)
[27.469s] -- Using RMW implementation 'rmw_fastrtps_cpp' as default
[27.483s] -- Looking for pthread.h
[28.722s] -- Looking for pthread.h - found
[28.735s] -- Performing Test CMAKE_HAVE_LIBC_PTHREAD
[30.408s] -- Performing Test CMAKE_HAVE_LIBC_PTHREAD - Failed
[30.413s] -- Looking for pthread_create in pthreads
[31.556s] -- Looking for pthread_create in pthreads - not found
[31.558s] -- Looking for pthread_create in pthread
[32.901s] -- Looking for pthread_create in pthread - found
[32.924s] -- Found Threads: TRUE  
[35.910s] -- Found rclcpp_components: 2.4.3 (/opt/ros/foxy/share/rclcpp_components/cmake)
[37.112s] -- Found image_transport: 2.4.0 (/opt/ros/foxy/share/image_transport/cmake)
[40.738s] -- Found camera_info_manager: 2.4.0 (/opt/ros/foxy/share/camera_info_manager/cmake)
[41.107s] -- Setting yaml-cpp_DIR to: '/opt/ros/foxy/share/yaml_cpp_vendor/cmake/../../../opt/yaml_cpp_vendor/lib/cmake/yaml-cpp'
[42.555s] -- Found ament_lint_auto: 0.9.8 (/opt/ros/foxy/share/ament_lint_auto/cmake)
[44.839s] -- Added test 'cppcheck' to perform static code analysis on C / C++ code
[44.844s] -- Configured cppcheck include dirs: $<BUILD_INTERFACE:/home/adam/Sensor-Fusion-And-Autonomous-Racing-Cars/ros_ws/src/v4l2_camera/include>
[44.846s] -- Configured cppcheck exclude dirs and/or files: 
[44.987s] -- Added test 'cpplint' to check C / C++ code against the Google style
[44.988s] -- Configured cpplint exclude dirs and/or files: 
[45.052s] -- Added test 'lint_cmake' to check CMake code style
[45.226s] -- Added test 'uncrustify' to check C / C++ code style
[45.227s] -- Configured uncrustify additional arguments: 
[45.257s] -- Added test 'xmllint' to check XML markup files
[45.407s] -- Configuring done
[46.024s] -- Generating done
[46.054s] -- Build files have been written to: /home/adam/Sensor-Fusion-And-Autonomous-Racing-Cars/ros_ws/build/v4l2_camera
[46.139s] Invoked command in '/home/adam/Sensor-Fusion-And-Autonomous-Racing-Cars/ros_ws/build/v4l2_camera' returned '0': CMAKE_PREFIX_PATH=${CMAKE_PREFIX_PATH}:/home/adam/Sensor-Fusion-And-Autonomous-Racing-Cars/ros_ws/install/servo_controller:/home/adam/Sensor-Fusion-And-Autonomous-Racing-Cars/ros_ws/install/motor_controller:/home/adam/Sensor-Fusion-And-Autonomous-Racing-Cars/ros_ws/install/camera_sensor:/home/adam/Sensor-Fusion-And-Autonomous-Racing-Cars/ros_ws/install/arc_startup:/opt/ros/foxy /usr/bin/cmake /home/adam/Sensor-Fusion-And-Autonomous-Racing-Cars/ros_ws/src/v4l2_camera -DCMAKE_INSTALL_PREFIX=/home/adam/Sensor-Fusion-And-Autonomous-Racing-Cars/ros_ws/install/v4l2_camera
[46.150s] Invoking command in '/home/adam/Sensor-Fusion-And-Autonomous-Racing-Cars/ros_ws/build/v4l2_camera': CMAKE_PREFIX_PATH=${CMAKE_PREFIX_PATH}:/home/adam/Sensor-Fusion-And-Autonomous-Racing-Cars/ros_ws/install/servo_controller:/home/adam/Sensor-Fusion-And-Autonomous-Racing-Cars/ros_ws/install/motor_controller:/home/adam/Sensor-Fusion-And-Autonomous-Racing-Cars/ros_ws/install/camera_sensor:/home/adam/Sensor-Fusion-And-Autonomous-Racing-Cars/ros_ws/install/arc_startup:/opt/ros/foxy /usr/bin/cmake --build /home/adam/Sensor-Fusion-And-Autonomous-Racing-Cars/ros_ws/build/v4l2_camera -- -j4 -l4
[47.042s] [35m[1mScanning dependencies of target v4l2_camera[0m
[48.192s] [ 14%] [32mBuilding CXX object CMakeFiles/v4l2_camera.dir/src/v4l2_camera.cpp.o[0m
[109.880s] [ 28%] [32mBuilding CXX object CMakeFiles/v4l2_camera.dir/src/v4l2_camera_device.cpp.o[0m
[145.934s] [ 42%] [32m[1mLinking CXX shared library libv4l2_camera.so[0m
[149.523s] [ 42%] Built target v4l2_camera
[149.690s] [35m[1mScanning dependencies of target v4l2_camera_compose_test[0m
[150.432s] [ 57%] [32mBuilding CXX object CMakeFiles/v4l2_camera_compose_test.dir/src/v4l2_camera_compose_test.cpp.o[0m
[203.595s] [ 71%] [32m[1mLinking CXX executable v4l2_camera_compose_test[0m
[207.634s] [ 71%] Built target v4l2_camera_compose_test
[207.806s] [35m[1mScanning dependencies of target v4l2_camera_node[0m
[208.561s] [ 85%] [32mBuilding CXX object CMakeFiles/v4l2_camera_node.dir/src/v4l2_camera_node.cpp.o[0m
[236.861s] [100%] [32m[1mLinking CXX executable v4l2_camera_node[0m
[239.746s] [100%] Built target v4l2_camera_node
[239.955s] Invoked command in '/home/adam/Sensor-Fusion-And-Autonomous-Racing-Cars/ros_ws/build/v4l2_camera' returned '0': CMAKE_PREFIX_PATH=${CMAKE_PREFIX_PATH}:/home/adam/Sensor-Fusion-And-Autonomous-Racing-Cars/ros_ws/install/servo_controller:/home/adam/Sensor-Fusion-And-Autonomous-Racing-Cars/ros_ws/install/motor_controller:/home/adam/Sensor-Fusion-And-Autonomous-Racing-Cars/ros_ws/install/camera_sensor:/home/adam/Sensor-Fusion-And-Autonomous-Racing-Cars/ros_ws/install/arc_startup:/opt/ros/foxy /usr/bin/cmake --build /home/adam/Sensor-Fusion-And-Autonomous-Racing-Cars/ros_ws/build/v4l2_camera -- -j4 -l4
[240.869s] Invoking command in '/home/adam/Sensor-Fusion-And-Autonomous-Racing-Cars/ros_ws/build/v4l2_camera': CMAKE_PREFIX_PATH=${CMAKE_PREFIX_PATH}:/home/adam/Sensor-Fusion-And-Autonomous-Racing-Cars/ros_ws/install/servo_controller:/home/adam/Sensor-Fusion-And-Autonomous-Racing-Cars/ros_ws/install/motor_controller:/home/adam/Sensor-Fusion-And-Autonomous-Racing-Cars/ros_ws/install/camera_sensor:/home/adam/Sensor-Fusion-And-Autonomous-Racing-Cars/ros_ws/install/arc_startup:/opt/ros/foxy /usr/bin/cmake --install /home/adam/Sensor-Fusion-And-Autonomous-Racing-Cars/ros_ws/build/v4l2_camera
[241.045s] -- Install configuration: ""
[241.049s] -- Installing: /home/adam/Sensor-Fusion-And-Autonomous-Racing-Cars/ros_ws/install/v4l2_camera/include
[241.052s] -- Installing: /home/adam/Sensor-Fusion-And-Autonomous-Racing-Cars/ros_ws/install/v4l2_camera/include/v4l2_camera
[241.056s] -- Installing: /home/adam/Sensor-Fusion-And-Autonomous-Racing-Cars/ros_ws/install/v4l2_camera/include/v4l2_camera/pixel_format.hpp
[241.062s] -- Installing: /home/adam/Sensor-Fusion-And-Autonomous-Racing-Cars/ros_ws/install/v4l2_camera/include/v4l2_camera/image_format.hpp
[241.067s] -- Installing: /home/adam/Sensor-Fusion-And-Autonomous-Racing-Cars/ros_ws/install/v4l2_camera/include/v4l2_camera/v4l2_camera.hpp
[241.072s] -- Installing: /home/adam/Sensor-Fusion-And-Autonomous-Racing-Cars/ros_ws/install/v4l2_camera/include/v4l2_camera/control.hpp
[241.077s] -- Installing: /home/adam/Sensor-Fusion-And-Autonomous-Racing-Cars/ros_ws/install/v4l2_camera/include/v4l2_camera/visibility_control.h
[241.082s] -- Installing: /home/adam/Sensor-Fusion-And-Autonomous-Racing-Cars/ros_ws/install/v4l2_camera/include/v4l2_camera/v4l2_camera_device.hpp
[241.087s] -- Installing: /home/adam/Sensor-Fusion-And-Autonomous-Racing-Cars/ros_ws/install/v4l2_camera/include/v4l2_camera/fourcc.hpp
[241.094s] -- Installing: /home/adam/Sensor-Fusion-And-Autonomous-Racing-Cars/ros_ws/install/v4l2_camera/lib/libv4l2_camera.so
[241.150s] -- Set runtime path of "/home/adam/Sensor-Fusion-And-Autonomous-Racing-Cars/ros_ws/install/v4l2_camera/lib/libv4l2_camera.so" to ""
[241.155s] -- Installing: /home/adam/Sensor-Fusion-And-Autonomous-Racing-Cars/ros_ws/install/v4l2_camera/lib/v4l2_camera/v4l2_camera_node
[241.166s] -- Set runtime path of "/home/adam/Sensor-Fusion-And-Autonomous-Racing-Cars/ros_ws/install/v4l2_camera/lib/v4l2_camera/v4l2_camera_node" to ""
[241.171s] -- Installing: /home/adam/Sensor-Fusion-And-Autonomous-Racing-Cars/ros_ws/install/v4l2_camera/lib/v4l2_camera/v4l2_camera_compose_test
[241.218s] -- Set runtime path of "/home/adam/Sensor-Fusion-And-Autonomous-Racing-Cars/ros_ws/install/v4l2_camera/lib/v4l2_camera/v4l2_camera_compose_test" to ""
[241.223s] -- Installing: /home/adam/Sensor-Fusion-And-Autonomous-Racing-Cars/ros_ws/install/v4l2_camera/share/v4l2_camera/environment/library_path.sh
[241.228s] -- Installing: /home/adam/Sensor-Fusion-And-Autonomous-Racing-Cars/ros_ws/install/v4l2_camera/share/v4l2_camera/environment/library_path.dsv
[241.236s] -- Installing: /home/adam/Sensor-Fusion-And-Autonomous-Racing-Cars/ros_ws/install/v4l2_camera/share/ament_index/resource_index/package_run_dependencies/v4l2_camera
[241.246s] -- Installing: /home/adam/Sensor-Fusion-And-Autonomous-Racing-Cars/ros_ws/install/v4l2_camera/share/ament_index/resource_index/parent_prefix_path/v4l2_camera
[241.252s] -- Installing: /home/adam/Sensor-Fusion-And-Autonomous-Racing-Cars/ros_ws/install/v4l2_camera/share/v4l2_camera/environment/ament_prefix_path.sh
[241.260s] -- Installing: /home/adam/Sensor-Fusion-And-Autonomous-Racing-Cars/ros_ws/install/v4l2_camera/share/v4l2_camera/environment/ament_prefix_path.dsv
[241.277s] -- Installing: /home/adam/Sensor-Fusion-And-Autonomous-Racing-Cars/ros_ws/install/v4l2_camera/share/v4l2_camera/environment/path.sh
[241.286s] -- Installing: /home/adam/Sensor-Fusion-And-Autonomous-Racing-Cars/ros_ws/install/v4l2_camera/share/v4l2_camera/environment/path.dsv
[241.291s] -- Installing: /home/adam/Sensor-Fusion-And-Autonomous-Racing-Cars/ros_ws/install/v4l2_camera/share/v4l2_camera/local_setup.bash
[241.300s] -- Installing: /home/adam/Sensor-Fusion-And-Autonomous-Racing-Cars/ros_ws/install/v4l2_camera/share/v4l2_camera/local_setup.sh
[241.306s] -- Installing: /home/adam/Sensor-Fusion-And-Autonomous-Racing-Cars/ros_ws/install/v4l2_camera/share/v4l2_camera/local_setup.zsh
[241.310s] -- Installing: /home/adam/Sensor-Fusion-And-Autonomous-Racing-Cars/ros_ws/install/v4l2_camera/share/v4l2_camera/local_setup.dsv
[241.315s] -- Installing: /home/adam/Sensor-Fusion-And-Autonomous-Racing-Cars/ros_ws/install/v4l2_camera/share/v4l2_camera/package.dsv
[241.318s] -- Installing: /home/adam/Sensor-Fusion-And-Autonomous-Racing-Cars/ros_ws/install/v4l2_camera/share/ament_index/resource_index/packages/v4l2_camera
[241.331s] -- Installing: /home/adam/Sensor-Fusion-And-Autonomous-Racing-Cars/ros_ws/install/v4l2_camera/share/ament_index/resource_index/rclcpp_components/v4l2_camera
[241.343s] -- Installing: /home/adam/Sensor-Fusion-And-Autonomous-Racing-Cars/ros_ws/install/v4l2_camera/share/v4l2_camera/cmake/export_v4l2_cameraExport.cmake
[241.352s] -- Installing: /home/adam/Sensor-Fusion-And-Autonomous-Racing-Cars/ros_ws/install/v4l2_camera/share/v4l2_camera/cmake/export_v4l2_cameraExport-noconfig.cmake
[241.355s] -- Installing: /home/adam/Sensor-Fusion-And-Autonomous-Racing-Cars/ros_ws/install/v4l2_camera/share/v4l2_camera/cmake/ament_cmake_export_include_directories-extras.cmake
[241.361s] -- Installing: /home/adam/Sensor-Fusion-And-Autonomous-Racing-Cars/ros_ws/install/v4l2_camera/share/v4l2_camera/cmake/ament_cmake_export_targets-extras.cmake
[241.369s] -- Installing: /home/adam/Sensor-Fusion-And-Autonomous-Racing-Cars/ros_ws/install/v4l2_camera/share/v4l2_camera/cmake/ament_cmake_export_libraries-extras.cmake
[241.375s] -- Installing: /home/adam/Sensor-Fusion-And-Autonomous-Racing-Cars/ros_ws/install/v4l2_camera/share/v4l2_camera/cmake/ament_cmake_export_dependencies-extras.cmake
[241.382s] -- Installing: /home/adam/Sensor-Fusion-And-Autonomous-Racing-Cars/ros_ws/install/v4l2_camera/share/v4l2_camera/cmake/v4l2_cameraConfig.cmake
[241.385s] -- Installing: /home/adam/Sensor-Fusion-And-Autonomous-Racing-Cars/ros_ws/install/v4l2_camera/share/v4l2_camera/cmake/v4l2_cameraConfig-version.cmake
[241.390s] -- Installing: /home/adam/Sensor-Fusion-And-Autonomous-Racing-Cars/ros_ws/install/v4l2_camera/share/v4l2_camera/package.xml
[241.416s] Invoked command in '/home/adam/Sensor-Fusion-And-Autonomous-Racing-Cars/ros_ws/build/v4l2_camera' returned '0': CMAKE_PREFIX_PATH=${CMAKE_PREFIX_PATH}:/home/adam/Sensor-Fusion-And-Autonomous-Racing-Cars/ros_ws/install/servo_controller:/home/adam/Sensor-Fusion-And-Autonomous-Racing-Cars/ros_ws/install/motor_controller:/home/adam/Sensor-Fusion-And-Autonomous-Racing-Cars/ros_ws/install/camera_sensor:/home/adam/Sensor-Fusion-And-Autonomous-Racing-Cars/ros_ws/install/arc_startup:/opt/ros/foxy /usr/bin/cmake --install /home/adam/Sensor-Fusion-And-Autonomous-Racing-Cars/ros_ws/build/v4l2_camera
