[27.221s] Invoking command in '/home/adam/Sensor-Fusion-And-Autonomous-Racing-Cars/ros_ws/src/camera_sensor': PYTHONPATH=/home/adam/Sensor-Fusion-And-Autonomous-Racing-Cars/ros_ws/build/camera_sensor/prefix_override:/home/adam/Sensor-Fusion-And-Autonomous-Racing-Cars/ros_ws/install/camera_sensor/lib/python3.8/site-packages:${PYTHONPATH} /usr/bin/python3 setup.py egg_info --egg-base ../../build/camera_sensor build --build-base /home/adam/Sensor-Fusion-And-Autonomous-Racing-Cars/ros_ws/build/camera_sensor/build install --record /home/adam/Sensor-Fusion-And-Autonomous-Racing-Cars/ros_ws/build/camera_sensor/install.log --install-scripts $base/lib/camera_sensor --single-version-externally-managed
[30.494s] running egg_info
[30.498s] writing ../../build/camera_sensor/camera_sensor.egg-info/PKG-INFO
[30.501s] writing dependency_links to ../../build/camera_sensor/camera_sensor.egg-info/dependency_links.txt
[30.504s] writing entry points to ../../build/camera_sensor/camera_sensor.egg-info/entry_points.txt
[30.506s] writing requirements to ../../build/camera_sensor/camera_sensor.egg-info/requires.txt
[30.507s] writing top-level names to ../../build/camera_sensor/camera_sensor.egg-info/top_level.txt
[30.882s] reading manifest file '../../build/camera_sensor/camera_sensor.egg-info/SOURCES.txt'
[30.895s] writing manifest file '../../build/camera_sensor/camera_sensor.egg-info/SOURCES.txt'
[30.896s] running build
[30.897s] running build_py
[30.900s] running install
[30.908s] running install_lib
[30.927s] running install_data
[30.932s] running install_egg_info
[30.949s] removing '/home/adam/Sensor-Fusion-And-Autonomous-Racing-Cars/ros_ws/install/camera_sensor/lib/python3.8/site-packages/camera_sensor-0.0.0-py3.8.egg-info' (and everything under it)
[30.954s] Copying ../../build/camera_sensor/camera_sensor.egg-info to /home/adam/Sensor-Fusion-And-Autonomous-Racing-Cars/ros_ws/install/camera_sensor/lib/python3.8/site-packages/camera_sensor-0.0.0-py3.8.egg-info
[30.971s] running install_scripts
[31.148s] Installing camera_node script to /home/adam/Sensor-Fusion-And-Autonomous-Racing-Cars/ros_ws/install/camera_sensor/lib/camera_sensor
[31.151s] writing list of installed files to '/home/adam/Sensor-Fusion-And-Autonomous-Racing-Cars/ros_ws/build/camera_sensor/install.log'
